running develop
running egg_info
creating my_debug_pkg.egg-info
writing my_debug_pkg.egg-info/PKG-INFO
writing dependency_links to my_debug_pkg.egg-info/dependency_links.txt
writing entry points to my_debug_pkg.egg-info/entry_points.txt
writing requirements to my_debug_pkg.egg-info/requires.txt
writing top-level names to my_debug_pkg.egg-info/top_level.txt
writing manifest file 'my_debug_pkg.egg-info/SOURCES.txt'
reading manifest file 'my_debug_pkg.egg-info/SOURCES.txt'
writing manifest file 'my_debug_pkg.egg-info/SOURCES.txt'
running build_ext
Creating /home/manuel/ros2_ws/install/my_debug_pkg/lib/python3.10/site-packages/my-debug-pkg.egg-link (link to .)
Installing env_checker script to /home/manuel/ros2_ws/install/my_debug_pkg/lib/my_debug_pkg

Installed /home/manuel/ros2_ws/build/my_debug_pkg
running symlink_data
creating /home/manuel/ros2_ws/install/my_debug_pkg/share
creating /home/manuel/ros2_ws/install/my_debug_pkg/share/ament_index
creating /home/manuel/ros2_ws/install/my_debug_pkg/share/ament_index/resource_index
creating /home/manuel/ros2_ws/install/my_debug_pkg/share/ament_index/resource_index/packages
symbolically linking /home/manuel/ros2_ws/build/my_debug_pkg/resource/my_debug_pkg -> /home/manuel/ros2_ws/install/my_debug_pkg/share/ament_index/resource_index/packages
creating /home/manuel/ros2_ws/install/my_debug_pkg/share/my_debug_pkg
symbolically linking /home/manuel/ros2_ws/build/my_debug_pkg/package.xml -> /home/manuel/ros2_ws/install/my_debug_pkg/share/my_debug_pkg
