[0.791s] Invoking command in '/home/manuel/ros2_ws/build/my_debug_pkg': PYTHONPATH=/home/manuel/ros2_ws/build/my_debug_pkg/prefix_override:/usr/lib/python3/dist-packages/colcon_core/task/python/colcon_distutils_commands:/home/manuel/ros2_ws/install/my_debug_pkg/lib/python3.10/site-packages:${PYTHONPATH} /usr/bin/python3 -W ignore:setup.py install is deprecated -W ignore:easy_install command is deprecated setup.py develop --editable --build-directory /home/manuel/ros2_ws/build/my_debug_pkg/build --no-deps symlink_data
[1.284s] running develop
[1.528s] running egg_info
[1.529s] creating my_debug_pkg.egg-info
[1.529s] writing my_debug_pkg.egg-info/PKG-INFO
[1.529s] writing dependency_links to my_debug_pkg.egg-info/dependency_links.txt
[1.529s] writing entry points to my_debug_pkg.egg-info/entry_points.txt
[1.529s] writing requirements to my_debug_pkg.egg-info/requires.txt
[1.529s] writing top-level names to my_debug_pkg.egg-info/top_level.txt
[1.529s] writing manifest file 'my_debug_pkg.egg-info/SOURCES.txt'
[1.531s] reading manifest file 'my_debug_pkg.egg-info/SOURCES.txt'
[1.532s] writing manifest file 'my_debug_pkg.egg-info/SOURCES.txt'
[1.533s] running build_ext
[1.534s] Creating /home/manuel/ros2_ws/install/my_debug_pkg/lib/python3.10/site-packages/my-debug-pkg.egg-link (link to .)
[1.535s] Installing env_checker script to /home/manuel/ros2_ws/install/my_debug_pkg/lib/my_debug_pkg
[1.535s] 
[1.535s] Installed /home/manuel/ros2_ws/build/my_debug_pkg
[1.535s] running symlink_data
[1.536s] creating /home/manuel/ros2_ws/install/my_debug_pkg/share
[1.536s] creating /home/manuel/ros2_ws/install/my_debug_pkg/share/ament_index
[1.536s] creating /home/manuel/ros2_ws/install/my_debug_pkg/share/ament_index/resource_index
[1.536s] creating /home/manuel/ros2_ws/install/my_debug_pkg/share/ament_index/resource_index/packages
[1.536s] symbolically linking /home/manuel/ros2_ws/build/my_debug_pkg/resource/my_debug_pkg -> /home/manuel/ros2_ws/install/my_debug_pkg/share/ament_index/resource_index/packages
[1.536s] creating /home/manuel/ros2_ws/install/my_debug_pkg/share/my_debug_pkg
[1.536s] symbolically linking /home/manuel/ros2_ws/build/my_debug_pkg/package.xml -> /home/manuel/ros2_ws/install/my_debug_pkg/share/my_debug_pkg
[1.583s] Invoked command in '/home/manuel/ros2_ws/build/my_debug_pkg' returned '0': PYTHONPATH=/home/manuel/ros2_ws/build/my_debug_pkg/prefix_override:/usr/lib/python3/dist-packages/colcon_core/task/python/colcon_distutils_commands:/home/manuel/ros2_ws/install/my_debug_pkg/lib/python3.10/site-packages:${PYTHONPATH} /usr/bin/python3 -W ignore:setup.py install is deprecated -W ignore:easy_install command is deprecated setup.py develop --editable --build-directory /home/manuel/ros2_ws/build/my_debug_pkg/build --no-deps symlink_data
