[0.037s] Invoking command in '/home/manuel/ros2_ws/build/joint_positions_node': CMAKE_PREFIX_PATH=/home/manuel/ros2_ws/install/dynamixel_sdk:/home/manuel/ros2_ws/install/synthetic_ball_publisher:/home/manuel/ros2_ws/install/pwm_position_node:/home/manuel/ros2_ws/install/my_cpp_pkg:/home/manuel/ros2_ws/install/joint_positions_node:/home/manuel/ros2_ws/install/ball_arm_tracker:/home/manuel/ros2_ws/install/inverse_kinematics_node:/home/manuel/ros2_ws/install/dynamixel_sdk_examples:/home/manuel/ros2_ws/install/dynamixel_sdk_custom_interfaces:/home/manuel/ros2_ws/install/dual_dynamixel_node:/home/manuel/ros2_ws/install/ball_centroid_detector:/home/manuel/ros2_ws/install/joint_plotter:/opt/ros/humble LD_LIBRARY_PATH=/home/manuel/ros2_ws/install/dynamixel_sdk/lib:/home/manuel/ros2_ws/install/joint_positions_node/lib:/home/manuel/ros2_ws/install/inverse_kinematics_node/lib:/home/manuel/ros2_ws/install/dynamixel_sdk_custom_interfaces/lib:/home/manuel/ros2_ws/install/dual_dynamixel_node/lib:/opt/ros/humble/opt/rviz_ogre_vendor/lib:/opt/ros/humble/lib/x86_64-linux-gnu:/opt/ros/humble/lib /usr/bin/cmake --build /home/manuel/ros2_ws/build/joint_positions_node -- -j12 -l12
[0.098s] [  2%] Built target joint_positions_node__cpp
[0.103s] [ 12%] Built target joint_positions_node__rosidl_generator_c
[0.107s] [ 12%] Built target ament_cmake_python_symlink_joint_positions_node
[0.150s] [ 21%] Built target joint_positions_node__rosidl_typesupport_cpp
[0.158s] [ 31%] Built target joint_positions_node__rosidl_typesupport_c
[0.162s] [ 41%] Built target joint_positions_node__rosidl_typesupport_fastrtps_c
[0.163s] [ 51%] Built target joint_positions_node__rosidl_typesupport_fastrtps_cpp
[0.165s] [ 60%] Built target joint_positions_node__rosidl_typesupport_introspection_c
[0.167s] [ 70%] Built target joint_positions_node__rosidl_typesupport_introspection_cpp
[0.195s] [ 70%] Built target joint_positions_node
[0.227s] [ 73%] Built target joint_positions_node__py
[0.229s] [ 78%] Built target joint_positions_driver
[0.258s] [ 85%] Built target joint_positions_node__rosidl_generator_py
[0.288s] [ 95%] Built target joint_positions_node__rosidl_typesupport_c__pyext
[0.289s] [ 95%] Built target joint_positions_node__rosidl_typesupport_introspection_c__pyext
[0.293s] [100%] Built target joint_positions_node__rosidl_typesupport_fastrtps_c__pyext
[0.428s] running egg_info
[0.429s] writing joint_positions_node.egg-info/PKG-INFO
[0.429s] writing dependency_links to joint_positions_node.egg-info/dependency_links.txt
[0.429s] writing top-level names to joint_positions_node.egg-info/top_level.txt
[0.432s] reading manifest file 'joint_positions_node.egg-info/SOURCES.txt'
[0.432s] writing manifest file 'joint_positions_node.egg-info/SOURCES.txt'
[0.470s] [100%] Built target ament_cmake_python_build_joint_positions_node_egg
[0.483s] Invoked command in '/home/manuel/ros2_ws/build/joint_positions_node' returned '0': CMAKE_PREFIX_PATH=/home/manuel/ros2_ws/install/dynamixel_sdk:/home/manuel/ros2_ws/install/synthetic_ball_publisher:/home/manuel/ros2_ws/install/pwm_position_node:/home/manuel/ros2_ws/install/my_cpp_pkg:/home/manuel/ros2_ws/install/joint_positions_node:/home/manuel/ros2_ws/install/ball_arm_tracker:/home/manuel/ros2_ws/install/inverse_kinematics_node:/home/manuel/ros2_ws/install/dynamixel_sdk_examples:/home/manuel/ros2_ws/install/dynamixel_sdk_custom_interfaces:/home/manuel/ros2_ws/install/dual_dynamixel_node:/home/manuel/ros2_ws/install/ball_centroid_detector:/home/manuel/ros2_ws/install/joint_plotter:/opt/ros/humble LD_LIBRARY_PATH=/home/manuel/ros2_ws/install/dynamixel_sdk/lib:/home/manuel/ros2_ws/install/joint_positions_node/lib:/home/manuel/ros2_ws/install/inverse_kinematics_node/lib:/home/manuel/ros2_ws/install/dynamixel_sdk_custom_interfaces/lib:/home/manuel/ros2_ws/install/dual_dynamixel_node/lib:/opt/ros/humble/opt/rviz_ogre_vendor/lib:/opt/ros/humble/lib/x86_64-linux-gnu:/opt/ros/humble/lib /usr/bin/cmake --build /home/manuel/ros2_ws/build/joint_positions_node -- -j12 -l12
[0.487s] Invoking command in '/home/manuel/ros2_ws/build/joint_positions_node': CMAKE_PREFIX_PATH=/home/manuel/ros2_ws/install/dynamixel_sdk:/home/manuel/ros2_ws/install/synthetic_ball_publisher:/home/manuel/ros2_ws/install/pwm_position_node:/home/manuel/ros2_ws/install/my_cpp_pkg:/home/manuel/ros2_ws/install/joint_positions_node:/home/manuel/ros2_ws/install/ball_arm_tracker:/home/manuel/ros2_ws/install/inverse_kinematics_node:/home/manuel/ros2_ws/install/dynamixel_sdk_examples:/home/manuel/ros2_ws/install/dynamixel_sdk_custom_interfaces:/home/manuel/ros2_ws/install/dual_dynamixel_node:/home/manuel/ros2_ws/install/ball_centroid_detector:/home/manuel/ros2_ws/install/joint_plotter:/opt/ros/humble LD_LIBRARY_PATH=/home/manuel/ros2_ws/install/dynamixel_sdk/lib:/home/manuel/ros2_ws/install/joint_positions_node/lib:/home/manuel/ros2_ws/install/inverse_kinematics_node/lib:/home/manuel/ros2_ws/install/dynamixel_sdk_custom_interfaces/lib:/home/manuel/ros2_ws/install/dual_dynamixel_node/lib:/opt/ros/humble/opt/rviz_ogre_vendor/lib:/opt/ros/humble/lib/x86_64-linux-gnu:/opt/ros/humble/lib /usr/bin/cmake --install /home/manuel/ros2_ws/build/joint_positions_node
[0.494s] -- Install configuration: ""
[0.495s] -- Execute custom install script
[0.496s] -- Up-to-date symlink: /home/manuel/ros2_ws/install/joint_positions_node/share/ament_index/resource_index/rosidl_interfaces/joint_positions_node
[0.496s] -- Up-to-date symlink: /home/manuel/ros2_ws/install/joint_positions_node/include/joint_positions_node/joint_positions_node/msg/detail/set_joint_degrees__functions.h
[0.496s] -- Up-to-date symlink: /home/manuel/ros2_ws/install/joint_positions_node/include/joint_positions_node/joint_positions_node/msg/detail/set_joint_degrees__struct.h
[0.497s] -- Up-to-date symlink: /home/manuel/ros2_ws/install/joint_positions_node/include/joint_positions_node/joint_positions_node/msg/detail/set_joint_degrees__type_support.h
[0.497s] -- Up-to-date symlink: /home/manuel/ros2_ws/install/joint_positions_node/include/joint_positions_node/joint_positions_node/msg/rosidl_generator_c__visibility_control.h
[0.498s] -- Up-to-date symlink: /home/manuel/ros2_ws/install/joint_positions_node/include/joint_positions_node/joint_positions_node/msg/set_joint_degrees.h
[0.498s] -- Up-to-date symlink: /home/manuel/ros2_ws/install/joint_positions_node/include/joint_positions_node/joint_positions_node/srv/detail/get_joint_degrees__functions.h
[0.499s] -- Up-to-date symlink: /home/manuel/ros2_ws/install/joint_positions_node/include/joint_positions_node/joint_positions_node/srv/detail/get_joint_degrees__struct.h
[0.499s] -- Up-to-date symlink: /home/manuel/ros2_ws/install/joint_positions_node/include/joint_positions_node/joint_positions_node/srv/detail/get_joint_degrees__type_support.h
[0.499s] -- Up-to-date symlink: /home/manuel/ros2_ws/install/joint_positions_node/include/joint_positions_node/joint_positions_node/srv/get_joint_degrees.h
[0.500s] -- Up-to-date symlink: /home/manuel/ros2_ws/install/joint_positions_node/share/joint_positions_node/environment/library_path.sh
[0.500s] -- Up-to-date symlink: /home/manuel/ros2_ws/install/joint_positions_node/share/joint_positions_node/environment/library_path.dsv
[0.501s] -- Up-to-date symlink: /home/manuel/ros2_ws/install/joint_positions_node/include/joint_positions_node/joint_positions_node/msg/detail/set_joint_degrees__rosidl_typesupport_fastrtps_c.h
[0.501s] -- Up-to-date symlink: /home/manuel/ros2_ws/install/joint_positions_node/include/joint_positions_node/joint_positions_node/msg/rosidl_typesupport_fastrtps_c__visibility_control.h
[0.501s] -- Up-to-date symlink: /home/manuel/ros2_ws/install/joint_positions_node/include/joint_positions_node/joint_positions_node/srv/detail/get_joint_degrees__rosidl_typesupport_fastrtps_c.h
[0.502s] -- Up-to-date symlink: /home/manuel/ros2_ws/install/joint_positions_node/include/joint_positions_node/joint_positions_node/msg/detail/set_joint_degrees__builder.hpp
[0.502s] -- Up-to-date symlink: /home/manuel/ros2_ws/install/joint_positions_node/include/joint_positions_node/joint_positions_node/msg/detail/set_joint_degrees__struct.hpp
[0.503s] -- Up-to-date symlink: /home/manuel/ros2_ws/install/joint_positions_node/include/joint_positions_node/joint_positions_node/msg/detail/set_joint_degrees__traits.hpp
[0.503s] -- Up-to-date symlink: /home/manuel/ros2_ws/install/joint_positions_node/include/joint_positions_node/joint_positions_node/msg/detail/set_joint_degrees__type_support.hpp
[0.503s] -- Up-to-date symlink: /home/manuel/ros2_ws/install/joint_positions_node/include/joint_positions_node/joint_positions_node/msg/rosidl_generator_cpp__visibility_control.hpp
[0.503s] -- Up-to-date symlink: /home/manuel/ros2_ws/install/joint_positions_node/include/joint_positions_node/joint_positions_node/msg/set_joint_degrees.hpp
[0.503s] -- Up-to-date symlink: /home/manuel/ros2_ws/install/joint_positions_node/include/joint_positions_node/joint_positions_node/srv/detail/get_joint_degrees__builder.hpp
[0.504s] -- Up-to-date symlink: /home/manuel/ros2_ws/install/joint_positions_node/include/joint_positions_node/joint_positions_node/srv/detail/get_joint_degrees__struct.hpp
[0.504s] -- Up-to-date symlink: /home/manuel/ros2_ws/install/joint_positions_node/include/joint_positions_node/joint_positions_node/srv/detail/get_joint_degrees__traits.hpp
[0.504s] -- Up-to-date symlink: /home/manuel/ros2_ws/install/joint_positions_node/include/joint_positions_node/joint_positions_node/srv/detail/get_joint_degrees__type_support.hpp
[0.504s] -- Up-to-date symlink: /home/manuel/ros2_ws/install/joint_positions_node/include/joint_positions_node/joint_positions_node/srv/get_joint_degrees.hpp
[0.505s] -- Up-to-date symlink: /home/manuel/ros2_ws/install/joint_positions_node/include/joint_positions_node/joint_positions_node/msg/detail/set_joint_degrees__rosidl_typesupport_fastrtps_cpp.hpp
[0.505s] -- Up-to-date symlink: /home/manuel/ros2_ws/install/joint_positions_node/include/joint_positions_node/joint_positions_node/msg/rosidl_typesupport_fastrtps_cpp__visibility_control.h
[0.505s] -- Up-to-date symlink: /home/manuel/ros2_ws/install/joint_positions_node/include/joint_positions_node/joint_positions_node/srv/detail/get_joint_degrees__rosidl_typesupport_fastrtps_cpp.hpp
[0.505s] -- Up-to-date symlink: /home/manuel/ros2_ws/install/joint_positions_node/include/joint_positions_node/joint_positions_node/msg/detail/set_joint_degrees__rosidl_typesupport_introspection_c.h
[0.506s] -- Up-to-date symlink: /home/manuel/ros2_ws/install/joint_positions_node/include/joint_positions_node/joint_positions_node/msg/rosidl_typesupport_introspection_c__visibility_control.h
[0.506s] -- Up-to-date symlink: /home/manuel/ros2_ws/install/joint_positions_node/include/joint_positions_node/joint_positions_node/srv/detail/get_joint_degrees__rosidl_typesupport_introspection_c.h
[0.506s] -- Up-to-date symlink: /home/manuel/ros2_ws/install/joint_positions_node/include/joint_positions_node/joint_positions_node/msg/detail/set_joint_degrees__rosidl_typesupport_introspection_cpp.hpp
[0.506s] -- Up-to-date symlink: /home/manuel/ros2_ws/install/joint_positions_node/include/joint_positions_node/joint_positions_node/srv/detail/get_joint_degrees__rosidl_typesupport_introspection_cpp.hpp
[0.506s] -- Up-to-date symlink: /home/manuel/ros2_ws/install/joint_positions_node/share/joint_positions_node/environment/pythonpath.sh
[0.506s] -- Up-to-date symlink: /home/manuel/ros2_ws/install/joint_positions_node/share/joint_positions_node/environment/pythonpath.dsv
[0.506s] -- Up-to-date symlink: /home/manuel/ros2_ws/install/joint_positions_node/local/lib/python3.10/dist-packages/joint_positions_node-0.0.0-py3.10.egg-info/PKG-INFO
[0.506s] -- Up-to-date symlink: /home/manuel/ros2_ws/install/joint_positions_node/local/lib/python3.10/dist-packages/joint_positions_node-0.0.0-py3.10.egg-info/SOURCES.txt
[0.506s] -- Up-to-date symlink: /home/manuel/ros2_ws/install/joint_positions_node/local/lib/python3.10/dist-packages/joint_positions_node-0.0.0-py3.10.egg-info/dependency_links.txt
[0.507s] -- Up-to-date symlink: /home/manuel/ros2_ws/install/joint_positions_node/local/lib/python3.10/dist-packages/joint_positions_node-0.0.0-py3.10.egg-info/top_level.txt
[0.507s] -- Up-to-date symlink: /home/manuel/ros2_ws/install/joint_positions_node/local/lib/python3.10/dist-packages/joint_positions_node/__init__.py
[0.507s] -- Up-to-date symlink: /home/manuel/ros2_ws/install/joint_positions_node/local/lib/python3.10/dist-packages/joint_positions_node/_joint_positions_node_s.ep.rosidl_typesupport_c.c
[0.507s] -- Up-to-date symlink: /home/manuel/ros2_ws/install/joint_positions_node/local/lib/python3.10/dist-packages/joint_positions_node/_joint_positions_node_s.ep.rosidl_typesupport_fastrtps_c.c
[0.507s] -- Up-to-date symlink: /home/manuel/ros2_ws/install/joint_positions_node/local/lib/python3.10/dist-packages/joint_positions_node/_joint_positions_node_s.ep.rosidl_typesupport_introspection_c.c
[0.507s] -- Up-to-date symlink: /home/manuel/ros2_ws/install/joint_positions_node/local/lib/python3.10/dist-packages/joint_positions_node/joint_positions_node_s__rosidl_typesupport_c.cpython-310-x86_64-linux-gnu.so
[0.507s] -- Up-to-date symlink: /home/manuel/ros2_ws/install/joint_positions_node/local/lib/python3.10/dist-packages/joint_positions_node/joint_positions_node_s__rosidl_typesupport_fastrtps_c.cpython-310-x86_64-linux-gnu.so
[0.507s] -- Up-to-date symlink: /home/manuel/ros2_ws/install/joint_positions_node/local/lib/python3.10/dist-packages/joint_positions_node/joint_positions_node_s__rosidl_typesupport_introspection_c.cpython-310-x86_64-linux-gnu.so
[0.507s] -- Up-to-date symlink: /home/manuel/ros2_ws/install/joint_positions_node/local/lib/python3.10/dist-packages/joint_positions_node/libjoint_positions_node__rosidl_generator_py.so
[0.507s] -- Up-to-date symlink: /home/manuel/ros2_ws/install/joint_positions_node/local/lib/python3.10/dist-packages/joint_positions_node/msg/__init__.py
[0.508s] -- Up-to-date symlink: /home/manuel/ros2_ws/install/joint_positions_node/local/lib/python3.10/dist-packages/joint_positions_node/msg/_set_joint_degrees.py
[0.508s] -- Up-to-date symlink: /home/manuel/ros2_ws/install/joint_positions_node/local/lib/python3.10/dist-packages/joint_positions_node/msg/_set_joint_degrees_s.c
[0.508s] -- Up-to-date symlink: /home/manuel/ros2_ws/install/joint_positions_node/local/lib/python3.10/dist-packages/joint_positions_node/srv/__init__.py
[0.508s] -- Up-to-date symlink: /home/manuel/ros2_ws/install/joint_positions_node/local/lib/python3.10/dist-packages/joint_positions_node/srv/_get_joint_degrees.py
[0.508s] -- Up-to-date symlink: /home/manuel/ros2_ws/install/joint_positions_node/local/lib/python3.10/dist-packages/joint_positions_node/srv/_get_joint_degrees_s.c
[0.508s] -- Up-to-date symlink: /home/manuel/ros2_ws/install/joint_positions_node/local/lib/python3.10/dist-packages/joint_positions_node/joint_positions_node_s__rosidl_typesupport_fastrtps_c.cpython-310-x86_64-linux-gnu.so
[0.508s] -- Up-to-date symlink: /home/manuel/ros2_ws/install/joint_positions_node/local/lib/python3.10/dist-packages/joint_positions_node/joint_positions_node_s__rosidl_typesupport_introspection_c.cpython-310-x86_64-linux-gnu.so
[0.508s] -- Up-to-date symlink: /home/manuel/ros2_ws/install/joint_positions_node/local/lib/python3.10/dist-packages/joint_positions_node/joint_positions_node_s__rosidl_typesupport_c.cpython-310-x86_64-linux-gnu.so
[0.508s] -- Up-to-date symlink: /home/manuel/ros2_ws/install/joint_positions_node/share/joint_positions_node/msg/SetJointDegrees.idl
[0.509s] -- Up-to-date symlink: /home/manuel/ros2_ws/install/joint_positions_node/share/joint_positions_node/srv/GetJointDegrees.idl
[0.509s] -- Up-to-date symlink: /home/manuel/ros2_ws/install/joint_positions_node/share/joint_positions_node/msg/SetJointDegrees.msg
[0.509s] -- Up-to-date symlink: /home/manuel/ros2_ws/install/joint_positions_node/share/joint_positions_node/srv/GetJointDegrees.srv
[0.509s] -- Up-to-date symlink: /home/manuel/ros2_ws/install/joint_positions_node/share/joint_positions_node/srv/GetJointDegrees_Request.msg
[0.509s] -- Up-to-date symlink: /home/manuel/ros2_ws/install/joint_positions_node/share/joint_positions_node/srv/GetJointDegrees_Response.msg
[0.509s] -- Up-to-date symlink: /home/manuel/ros2_ws/install/joint_positions_node/lib/joint_positions_node/joint_positions_driver
[0.509s] -- Up-to-date symlink: /home/manuel/ros2_ws/install/joint_positions_node/share/ament_index/resource_index/package_run_dependencies/joint_positions_node
[0.509s] -- Up-to-date symlink: /home/manuel/ros2_ws/install/joint_positions_node/share/ament_index/resource_index/parent_prefix_path/joint_positions_node
[0.509s] -- Up-to-date symlink: /home/manuel/ros2_ws/install/joint_positions_node/share/joint_positions_node/environment/ament_prefix_path.sh
[0.509s] -- Up-to-date symlink: /home/manuel/ros2_ws/install/joint_positions_node/share/joint_positions_node/environment/ament_prefix_path.dsv
[0.510s] -- Up-to-date symlink: /home/manuel/ros2_ws/install/joint_positions_node/share/joint_positions_node/environment/path.sh
[0.510s] -- Up-to-date symlink: /home/manuel/ros2_ws/install/joint_positions_node/share/joint_positions_node/environment/path.dsv
[0.510s] -- Up-to-date symlink: /home/manuel/ros2_ws/install/joint_positions_node/share/joint_positions_node/local_setup.bash
[0.510s] -- Up-to-date symlink: /home/manuel/ros2_ws/install/joint_positions_node/share/joint_positions_node/local_setup.sh
[0.510s] -- Up-to-date symlink: /home/manuel/ros2_ws/install/joint_positions_node/share/joint_positions_node/local_setup.zsh
[0.510s] -- Up-to-date symlink: /home/manuel/ros2_ws/install/joint_positions_node/share/joint_positions_node/local_setup.dsv
[0.510s] -- Symlinking: /home/manuel/ros2_ws/install/joint_positions_node/share/joint_positions_node/package.dsv
[0.514s] -- Up-to-date symlink: /home/manuel/ros2_ws/install/joint_positions_node/share/ament_index/resource_index/packages/joint_positions_node
[0.514s] -- Up-to-date symlink: /home/manuel/ros2_ws/install/joint_positions_node/share/joint_positions_node/cmake/rosidl_cmake-extras.cmake
[0.514s] -- Up-to-date symlink: /home/manuel/ros2_ws/install/joint_positions_node/share/joint_positions_node/cmake/ament_cmake_export_dependencies-extras.cmake
[0.515s] -- Up-to-date symlink: /home/manuel/ros2_ws/install/joint_positions_node/share/joint_positions_node/cmake/ament_cmake_export_include_directories-extras.cmake
[0.515s] -- Up-to-date symlink: /home/manuel/ros2_ws/install/joint_positions_node/share/joint_positions_node/cmake/ament_cmake_export_libraries-extras.cmake
[0.515s] -- Up-to-date symlink: /home/manuel/ros2_ws/install/joint_positions_node/share/joint_positions_node/cmake/ament_cmake_export_targets-extras.cmake
[0.515s] -- Up-to-date symlink: /home/manuel/ros2_ws/install/joint_positions_node/share/joint_positions_node/cmake/rosidl_cmake_export_typesupport_targets-extras.cmake
[0.515s] -- Up-to-date symlink: /home/manuel/ros2_ws/install/joint_positions_node/share/joint_positions_node/cmake/rosidl_cmake_export_typesupport_libraries-extras.cmake
[0.515s] -- Up-to-date symlink: /home/manuel/ros2_ws/install/joint_positions_node/share/joint_positions_node/cmake/joint_positions_nodeConfig.cmake
[0.515s] -- Up-to-date symlink: /home/manuel/ros2_ws/install/joint_positions_node/share/joint_positions_node/cmake/joint_positions_nodeConfig-version.cmake
[0.515s] -- Up-to-date symlink: /home/manuel/ros2_ws/install/joint_positions_node/share/joint_positions_node/package.xml
[0.516s] -- Up-to-date: /home/manuel/ros2_ws/install/joint_positions_node/lib/libjoint_positions_node__rosidl_generator_c.so
[0.516s] -- Up-to-date: /home/manuel/ros2_ws/install/joint_positions_node/lib/libjoint_positions_node__rosidl_typesupport_fastrtps_c.so
[0.516s] -- Up-to-date: /home/manuel/ros2_ws/install/joint_positions_node/lib/libjoint_positions_node__rosidl_typesupport_fastrtps_cpp.so
[0.516s] -- Up-to-date: /home/manuel/ros2_ws/install/joint_positions_node/lib/libjoint_positions_node__rosidl_typesupport_introspection_c.so
[0.516s] -- Up-to-date: /home/manuel/ros2_ws/install/joint_positions_node/lib/libjoint_positions_node__rosidl_typesupport_c.so
[0.516s] -- Up-to-date: /home/manuel/ros2_ws/install/joint_positions_node/lib/libjoint_positions_node__rosidl_typesupport_introspection_cpp.so
[0.517s] -- Up-to-date: /home/manuel/ros2_ws/install/joint_positions_node/lib/libjoint_positions_node__rosidl_typesupport_cpp.so
[0.550s] Listing '/home/manuel/ros2_ws/install/joint_positions_node/local/lib/python3.10/dist-packages/joint_positions_node'...
[0.550s] Listing '/home/manuel/ros2_ws/install/joint_positions_node/local/lib/python3.10/dist-packages/joint_positions_node/msg'...
[0.550s] Listing '/home/manuel/ros2_ws/install/joint_positions_node/local/lib/python3.10/dist-packages/joint_positions_node/srv'...
[0.555s] -- Up-to-date: /home/manuel/ros2_ws/install/joint_positions_node/lib/libjoint_positions_node__rosidl_generator_py.so
[0.555s] -- Up-to-date: /home/manuel/ros2_ws/install/joint_positions_node/share/joint_positions_node/cmake/export_joint_positions_node__rosidl_generator_cExport.cmake
[0.555s] -- Up-to-date: /home/manuel/ros2_ws/install/joint_positions_node/share/joint_positions_node/cmake/export_joint_positions_node__rosidl_generator_cExport-noconfig.cmake
[0.555s] -- Up-to-date: /home/manuel/ros2_ws/install/joint_positions_node/share/joint_positions_node/cmake/export_joint_positions_node__rosidl_typesupport_fastrtps_cExport.cmake
[0.555s] -- Up-to-date: /home/manuel/ros2_ws/install/joint_positions_node/share/joint_positions_node/cmake/export_joint_positions_node__rosidl_typesupport_fastrtps_cExport-noconfig.cmake
[0.555s] -- Up-to-date: /home/manuel/ros2_ws/install/joint_positions_node/share/joint_positions_node/cmake/export_joint_positions_node__rosidl_generator_cppExport.cmake
[0.556s] -- Up-to-date: /home/manuel/ros2_ws/install/joint_positions_node/share/joint_positions_node/cmake/export_joint_positions_node__rosidl_typesupport_fastrtps_cppExport.cmake
[0.556s] -- Up-to-date: /home/manuel/ros2_ws/install/joint_positions_node/share/joint_positions_node/cmake/export_joint_positions_node__rosidl_typesupport_fastrtps_cppExport-noconfig.cmake
[0.556s] -- Up-to-date: /home/manuel/ros2_ws/install/joint_positions_node/share/joint_positions_node/cmake/joint_positions_node__rosidl_typesupport_introspection_cExport.cmake
[0.556s] -- Up-to-date: /home/manuel/ros2_ws/install/joint_positions_node/share/joint_positions_node/cmake/joint_positions_node__rosidl_typesupport_introspection_cExport-noconfig.cmake
[0.556s] -- Up-to-date: /home/manuel/ros2_ws/install/joint_positions_node/share/joint_positions_node/cmake/joint_positions_node__rosidl_typesupport_cExport.cmake
[0.556s] -- Up-to-date: /home/manuel/ros2_ws/install/joint_positions_node/share/joint_positions_node/cmake/joint_positions_node__rosidl_typesupport_cExport-noconfig.cmake
[0.556s] -- Up-to-date: /home/manuel/ros2_ws/install/joint_positions_node/share/joint_positions_node/cmake/joint_positions_node__rosidl_typesupport_introspection_cppExport.cmake
[0.556s] -- Up-to-date: /home/manuel/ros2_ws/install/joint_positions_node/share/joint_positions_node/cmake/joint_positions_node__rosidl_typesupport_introspection_cppExport-noconfig.cmake
[0.556s] -- Up-to-date: /home/manuel/ros2_ws/install/joint_positions_node/share/joint_positions_node/cmake/joint_positions_node__rosidl_typesupport_cppExport.cmake
[0.556s] -- Up-to-date: /home/manuel/ros2_ws/install/joint_positions_node/share/joint_positions_node/cmake/joint_positions_node__rosidl_typesupport_cppExport-noconfig.cmake
[0.556s] -- Up-to-date: /home/manuel/ros2_ws/install/joint_positions_node/share/joint_positions_node/cmake/export_joint_positions_node__rosidl_generator_pyExport.cmake
[0.556s] -- Up-to-date: /home/manuel/ros2_ws/install/joint_positions_node/share/joint_positions_node/cmake/export_joint_positions_node__rosidl_generator_pyExport-noconfig.cmake
[0.588s] Invoked command in '/home/manuel/ros2_ws/build/joint_positions_node' returned '0': CMAKE_PREFIX_PATH=/home/manuel/ros2_ws/install/dynamixel_sdk:/home/manuel/ros2_ws/install/synthetic_ball_publisher:/home/manuel/ros2_ws/install/pwm_position_node:/home/manuel/ros2_ws/install/my_cpp_pkg:/home/manuel/ros2_ws/install/joint_positions_node:/home/manuel/ros2_ws/install/ball_arm_tracker:/home/manuel/ros2_ws/install/inverse_kinematics_node:/home/manuel/ros2_ws/install/dynamixel_sdk_examples:/home/manuel/ros2_ws/install/dynamixel_sdk_custom_interfaces:/home/manuel/ros2_ws/install/dual_dynamixel_node:/home/manuel/ros2_ws/install/ball_centroid_detector:/home/manuel/ros2_ws/install/joint_plotter:/opt/ros/humble LD_LIBRARY_PATH=/home/manuel/ros2_ws/install/dynamixel_sdk/lib:/home/manuel/ros2_ws/install/joint_positions_node/lib:/home/manuel/ros2_ws/install/inverse_kinematics_node/lib:/home/manuel/ros2_ws/install/dynamixel_sdk_custom_interfaces/lib:/home/manuel/ros2_ws/install/dual_dynamixel_node/lib:/opt/ros/humble/opt/rviz_ogre_vendor/lib:/opt/ros/humble/lib/x86_64-linux-gnu:/opt/ros/humble/lib /usr/bin/cmake --install /home/manuel/ros2_ws/build/joint_positions_node
