[0.013s] Invoking command in '/home/manuel/ros2_ws/build/joint_positions_node': CMAKE_PREFIX_PATH=/home/manuel/ros2_ws/install/dynamixel_sdk:/home/manuel/ros2_ws/install/synthetic_ball_publisher:/home/manuel/ros2_ws/install/pwm_position_node:/home/manuel/ros2_ws/install/my_cpp_pkg:/home/manuel/ros2_ws/install/joint_positions_node:/home/manuel/ros2_ws/install/ball_arm_tracker:/home/manuel/ros2_ws/install/inverse_kinematics_node:/home/manuel/ros2_ws/install/dynamixel_sdk_examples:/home/manuel/ros2_ws/install/dynamixel_sdk_custom_interfaces:/home/manuel/ros2_ws/install/dual_dynamixel_node:/home/manuel/ros2_ws/install/ball_centroid_detector:/home/manuel/ros2_ws/install/joint_plotter:/opt/ros/humble LD_LIBRARY_PATH=/home/manuel/ros2_ws/install/dynamixel_sdk/lib:/home/manuel/ros2_ws/install/joint_positions_node/lib:/home/manuel/ros2_ws/install/inverse_kinematics_node/lib:/home/manuel/ros2_ws/install/dynamixel_sdk_custom_interfaces/lib:/home/manuel/ros2_ws/install/dual_dynamixel_node/lib:/opt/ros/humble/opt/rviz_ogre_vendor/lib:/opt/ros/humble/lib/x86_64-linux-gnu:/opt/ros/humble/lib /usr/bin/cmake /home/manuel/ros2_ws/src/joint_positions_node -DAMENT_CMAKE_SYMLINK_INSTALL=1 -DCMAKE_INSTALL_PREFIX=/home/manuel/ros2_ws/install/joint_positions_node
[0.100s] -- The C compiler identification is GNU 11.4.0
[0.198s] -- The CXX compiler identification is GNU 11.4.0
[0.217s] -- Detecting C compiler ABI info
[0.370s] -- Detecting C compiler ABI info - done
[0.413s] -- Check for working C compiler: /usr/bin/cc - skipped
[0.414s] -- Detecting C compile features
[0.414s] -- Detecting C compile features - done
[0.414s] -- Detecting CXX compiler ABI info
[0.575s] -- Detecting CXX compiler ABI info - done
[0.597s] -- Check for working CXX compiler: /usr/bin/c++ - skipped
[0.598s] -- Detecting CXX compile features
[0.600s] -- Detecting CXX compile features - done
[0.602s] -- Found ament_cmake: 1.3.11 (/opt/ros/humble/share/ament_cmake/cmake)
[0.935s] -- Found Python3: /usr/bin/python3 (found version "3.10.12") found components: Interpreter 
[1.082s] -- Override CMake install command with custom implementation using symlinks instead of copying resources
[1.120s] -- Found rclcpp: 16.0.12 (/opt/ros/humble/share/rclcpp/cmake)
[1.171s] -- Found rosidl_generator_c: 3.1.6 (/opt/ros/humble/share/rosidl_generator_c/cmake)
[1.178s] -- Found rosidl_adapter: 3.1.6 (/opt/ros/humble/share/rosidl_adapter/cmake)
[1.188s] -- Found rosidl_generator_cpp: 3.1.6 (/opt/ros/humble/share/rosidl_generator_cpp/cmake)
[1.205s] -- Using all available rosidl_typesupport_c: rosidl_typesupport_fastrtps_c;rosidl_typesupport_introspection_c
[1.238s] -- Using all available rosidl_typesupport_cpp: rosidl_typesupport_fastrtps_cpp;rosidl_typesupport_introspection_cpp
[1.294s] -- Found rmw_implementation_cmake: 6.1.2 (/opt/ros/humble/share/rmw_implementation_cmake/cmake)
[1.297s] -- Found rmw_fastrtps_cpp: 6.2.7 (/opt/ros/humble/share/rmw_fastrtps_cpp/cmake)
[1.416s] -- Found OpenSSL: /usr/lib/x86_64-linux-gnu/libcrypto.so (found version "3.0.2")  
[1.456s] -- Found FastRTPS: /opt/ros/humble/include  
[1.507s] -- Using RMW implementation 'rmw_fastrtps_cpp' as default
[1.517s] -- Looking for pthread.h
[1.593s] -- Looking for pthread.h - found
[1.594s] -- Performing Test CMAKE_HAVE_LIBC_PTHREAD
[1.671s] -- Performing Test CMAKE_HAVE_LIBC_PTHREAD - Success
[1.672s] -- Found Threads: TRUE  
[1.754s] -- Found dynamixel_sdk: 3.8.3 (/home/manuel/ros2_ws/install/dynamixel_sdk/share/dynamixel_sdk/cmake)
[1.757s] -- Found rosidl_default_generators: 1.2.0 (/opt/ros/humble/share/rosidl_default_generators/cmake)
[2.129s] -- Found ament_cmake_ros: 0.10.0 (/opt/ros/humble/share/ament_cmake_ros/cmake)
[2.616s] -- Using all available rosidl_typesupport_c: rosidl_typesupport_fastrtps_c;rosidl_typesupport_introspection_c
[2.784s] -- Using all available rosidl_typesupport_cpp: rosidl_typesupport_fastrtps_cpp;rosidl_typesupport_introspection_cpp
[2.806s] -- Found PythonInterp: /usr/bin/python3 (found suitable version "3.10.12", minimum required is "3.6") 
[2.807s] -- Found python_cmake_module: 0.10.0 (/opt/ros/humble/share/python_cmake_module/cmake)
[2.835s] -- Found PythonLibs: /usr/lib/x86_64-linux-gnu/libpython3.10.so (found suitable version "3.10.12", minimum required is "3.5") 
[2.835s] -- Using PYTHON_EXECUTABLE: /usr/bin/python3
[2.835s] -- Using PYTHON_INCLUDE_DIRS: /usr/include/python3.10
[2.835s] -- Using PYTHON_LIBRARIES: /usr/lib/x86_64-linux-gnu/libpython3.10.so
[2.862s] -- Found PythonExtra: .so  
[2.943s] [0mCMake Deprecation Warning at /opt/ros/humble/share/rosidl_cmake/cmake/rosidl_target_interfaces.cmake:32 (message):
[2.943s]   Use rosidl_get_typesupport_target() and target_link_libraries() instead of
[2.944s]   rosidl_target_interfaces()
[2.944s] Call Stack (most recent call first):
[2.944s]   CMakeLists.txt:31 (rosidl_target_interfaces)
[2.944s] 
[2.944s] [0m
[2.945s] -- Found ament_lint_auto: 0.12.12 (/opt/ros/humble/share/ament_lint_auto/cmake)
[2.969s] -- Added test 'cppcheck' to perform static code analysis on C / C++ code
[2.970s] -- Configured cppcheck include dirs: 
[2.970s] -- Configured cppcheck exclude dirs and/or files: 
[2.972s] -- Added test 'lint_cmake' to check CMake code style
[2.973s] -- Added test 'uncrustify' to check C / C++ code style
[2.973s] -- Configured uncrustify additional arguments: 
[2.974s] -- Added test 'xmllint' to check XML markup files
[2.980s] -- Configuring done
[3.038s] -- Generating done
[3.057s] -- Build files have been written to: /home/manuel/ros2_ws/build/joint_positions_node
[3.075s] Invoked command in '/home/manuel/ros2_ws/build/joint_positions_node' returned '0': CMAKE_PREFIX_PATH=/home/manuel/ros2_ws/install/dynamixel_sdk:/home/manuel/ros2_ws/install/synthetic_ball_publisher:/home/manuel/ros2_ws/install/pwm_position_node:/home/manuel/ros2_ws/install/my_cpp_pkg:/home/manuel/ros2_ws/install/joint_positions_node:/home/manuel/ros2_ws/install/ball_arm_tracker:/home/manuel/ros2_ws/install/inverse_kinematics_node:/home/manuel/ros2_ws/install/dynamixel_sdk_examples:/home/manuel/ros2_ws/install/dynamixel_sdk_custom_interfaces:/home/manuel/ros2_ws/install/dual_dynamixel_node:/home/manuel/ros2_ws/install/ball_centroid_detector:/home/manuel/ros2_ws/install/joint_plotter:/opt/ros/humble LD_LIBRARY_PATH=/home/manuel/ros2_ws/install/dynamixel_sdk/lib:/home/manuel/ros2_ws/install/joint_positions_node/lib:/home/manuel/ros2_ws/install/inverse_kinematics_node/lib:/home/manuel/ros2_ws/install/dynamixel_sdk_custom_interfaces/lib:/home/manuel/ros2_ws/install/dual_dynamixel_node/lib:/opt/ros/humble/opt/rviz_ogre_vendor/lib:/opt/ros/humble/lib/x86_64-linux-gnu:/opt/ros/humble/lib /usr/bin/cmake /home/manuel/ros2_ws/src/joint_positions_node -DAMENT_CMAKE_SYMLINK_INSTALL=1 -DCMAKE_INSTALL_PREFIX=/home/manuel/ros2_ws/install/joint_positions_node
[3.077s] Invoking command in '/home/manuel/ros2_ws/build/joint_positions_node': CMAKE_PREFIX_PATH=/home/manuel/ros2_ws/install/dynamixel_sdk:/home/manuel/ros2_ws/install/synthetic_ball_publisher:/home/manuel/ros2_ws/install/pwm_position_node:/home/manuel/ros2_ws/install/my_cpp_pkg:/home/manuel/ros2_ws/install/joint_positions_node:/home/manuel/ros2_ws/install/ball_arm_tracker:/home/manuel/ros2_ws/install/inverse_kinematics_node:/home/manuel/ros2_ws/install/dynamixel_sdk_examples:/home/manuel/ros2_ws/install/dynamixel_sdk_custom_interfaces:/home/manuel/ros2_ws/install/dual_dynamixel_node:/home/manuel/ros2_ws/install/ball_centroid_detector:/home/manuel/ros2_ws/install/joint_plotter:/opt/ros/humble LD_LIBRARY_PATH=/home/manuel/ros2_ws/install/dynamixel_sdk/lib:/home/manuel/ros2_ws/install/joint_positions_node/lib:/home/manuel/ros2_ws/install/inverse_kinematics_node/lib:/home/manuel/ros2_ws/install/dynamixel_sdk_custom_interfaces/lib:/home/manuel/ros2_ws/install/dual_dynamixel_node/lib:/opt/ros/humble/opt/rviz_ogre_vendor/lib:/opt/ros/humble/lib/x86_64-linux-gnu:/opt/ros/humble/lib /usr/bin/cmake --build /home/manuel/ros2_ws/build/joint_positions_node -- -j12 -l12
[3.129s] [  2%] [34m[1mGenerating C code for ROS interfaces[0m
[3.144s] [  4%] [34m[1mGenerating C++ code for ROS interfaces[0m
[3.152s] [  4%] Built target ament_cmake_python_symlink_joint_positions_node
[3.671s] running egg_info
[3.671s] creating joint_positions_node.egg-info
[3.671s] writing joint_positions_node.egg-info/PKG-INFO
[3.671s] writing dependency_links to joint_positions_node.egg-info/dependency_links.txt
[3.672s] writing top-level names to joint_positions_node.egg-info/top_level.txt
[3.672s] writing manifest file 'joint_positions_node.egg-info/SOURCES.txt'
[3.679s] reading manifest file 'joint_positions_node.egg-info/SOURCES.txt'
[3.680s] writing manifest file 'joint_positions_node.egg-info/SOURCES.txt'
[3.775s] [  4%] Built target ament_cmake_python_build_joint_positions_node_egg
[3.883s] [  7%] [32mBuilding C object CMakeFiles/joint_positions_node__rosidl_generator_c.dir/rosidl_generator_c/joint_positions_node/msg/detail/set_joint_degrees__functions.c.o[0m
[3.894s] [  9%] [32mBuilding C object CMakeFiles/joint_positions_node__rosidl_generator_c.dir/rosidl_generator_c/joint_positions_node/srv/detail/get_joint_degrees__functions.c.o[0m
[3.900s] [  9%] Built target joint_positions_node__cpp
[3.924s] [ 12%] [34m[1mGenerating C++ introspection for ROS interfaces[0m
[3.924s] [ 14%] [34m[1mGenerating C++ type support for eProsima Fast-RTPS[0m
[3.926s] [ 17%] [34m[1mGenerating C++ type support dispatch for ROS interfaces[0m
[4.061s] [ 19%] [32m[1mLinking C shared library libjoint_positions_node__rosidl_generator_c.so[0m
[4.172s] [ 19%] Built target joint_positions_node__rosidl_generator_c
[4.206s] [ 21%] [34m[1mGenerating C type support for eProsima Fast-RTPS[0m
[4.206s] [ 24%] [34m[1mGenerating C introspection for ROS interfaces[0m
[4.219s] [ 26%] [34m[1mGenerating C type support dispatch for ROS interfaces[0m
[4.657s] [ 29%] [32mBuilding CXX object CMakeFiles/joint_positions_node__rosidl_typesupport_fastrtps_cpp.dir/rosidl_typesupport_fastrtps_cpp/joint_positions_node/srv/detail/dds_fastrtps/get_joint_degrees__type_support.cpp.o[0m
[4.664s] [ 31%] [32mBuilding CXX object CMakeFiles/joint_positions_node__rosidl_typesupport_fastrtps_cpp.dir/rosidl_typesupport_fastrtps_cpp/joint_positions_node/msg/detail/dds_fastrtps/set_joint_degrees__type_support.cpp.o[0m
[5.075s] [ 34%] [32mBuilding CXX object CMakeFiles/joint_positions_node__rosidl_typesupport_cpp.dir/rosidl_typesupport_cpp/joint_positions_node/srv/get_joint_degrees__type_support.cpp.o[0m
[5.076s] [ 36%] [32mBuilding CXX object CMakeFiles/joint_positions_node__rosidl_typesupport_cpp.dir/rosidl_typesupport_cpp/joint_positions_node/msg/set_joint_degrees__type_support.cpp.o[0m
[5.218s] [ 39%] [32mBuilding CXX object CMakeFiles/joint_positions_node__rosidl_typesupport_introspection_cpp.dir/rosidl_typesupport_introspection_cpp/joint_positions_node/msg/detail/set_joint_degrees__type_support.cpp.o[0m
[5.237s] [ 41%] [32mBuilding CXX object CMakeFiles/joint_positions_node__rosidl_typesupport_introspection_cpp.dir/rosidl_typesupport_introspection_cpp/joint_positions_node/srv/detail/get_joint_degrees__type_support.cpp.o[0m
[5.241s] [ 43%] [32mBuilding CXX object CMakeFiles/joint_positions_node__rosidl_typesupport_c.dir/rosidl_typesupport_c/joint_positions_node/msg/set_joint_degrees__type_support.cpp.o[0m
[5.251s] [ 46%] [32mBuilding CXX object CMakeFiles/joint_positions_node__rosidl_typesupport_c.dir/rosidl_typesupport_c/joint_positions_node/srv/get_joint_degrees__type_support.cpp.o[0m
[5.351s] [ 48%] [32m[1mLinking CXX shared library libjoint_positions_node__rosidl_typesupport_c.so[0m
[5.565s] [ 48%] Built target joint_positions_node__rosidl_typesupport_c
[6.031s] [ 51%] [32mBuilding C object CMakeFiles/joint_positions_node__rosidl_typesupport_introspection_c.dir/rosidl_typesupport_introspection_c/joint_positions_node/msg/detail/set_joint_degrees__type_support.c.o[0m
[6.033s] [ 53%] [32mBuilding C object CMakeFiles/joint_positions_node__rosidl_typesupport_introspection_c.dir/rosidl_typesupport_introspection_c/joint_positions_node/srv/detail/get_joint_degrees__type_support.c.o[0m
[6.113s] [ 58%] [32mBuilding CXX object CMakeFiles/joint_positions_node__rosidl_typesupport_fastrtps_c.dir/rosidl_typesupport_fastrtps_c/joint_positions_node/msg/detail/set_joint_degrees__type_support_c.cpp.o[0m
[6.118s] [ 58%] [32mBuilding CXX object CMakeFiles/joint_positions_node__rosidl_typesupport_fastrtps_c.dir/rosidl_typesupport_fastrtps_c/joint_positions_node/srv/detail/get_joint_degrees__type_support_c.cpp.o[0m
[6.146s] [ 60%] [32m[1mLinking C shared library libjoint_positions_node__rosidl_typesupport_introspection_c.so[0m
[6.201s] [ 63%] [32m[1mLinking CXX shared library libjoint_positions_node__rosidl_typesupport_cpp.so[0m
[6.216s] [ 65%] [32m[1mLinking CXX shared library libjoint_positions_node__rosidl_typesupport_fastrtps_cpp.so[0m
[6.231s] [ 65%] Built target joint_positions_node__rosidl_typesupport_introspection_c
[6.301s] [ 68%] [32m[1mLinking CXX shared library libjoint_positions_node__rosidl_typesupport_introspection_cpp.so[0m
[6.309s] [ 68%] Built target joint_positions_node__rosidl_typesupport_cpp
[6.409s] [ 68%] Built target joint_positions_node__rosidl_typesupport_fastrtps_cpp
[6.448s] [ 68%] Built target joint_positions_node__rosidl_typesupport_introspection_cpp
[6.643s] [ 70%] [32m[1mLinking CXX shared library libjoint_positions_node__rosidl_typesupport_fastrtps_c.so[0m
[6.731s] [ 70%] Built target joint_positions_node__rosidl_typesupport_fastrtps_c
[6.748s] [ 70%] Built target joint_positions_node
[6.772s] [ 73%] [32mBuilding CXX object CMakeFiles/joint_positions_driver.dir/src/joint_positions_node.cpp.o[0m
[6.773s] [ 75%] [34m[1mGenerating Python code for ROS interfaces[0m
[7.362s] [ 75%] Built target joint_positions_node__py
[7.384s] [ 78%] [32mBuilding C object CMakeFiles/joint_positions_node__rosidl_generator_py.dir/rosidl_generator_py/joint_positions_node/msg/_set_joint_degrees_s.c.o[0m
[7.384s] [ 80%] [32mBuilding C object CMakeFiles/joint_positions_node__rosidl_generator_py.dir/rosidl_generator_py/joint_positions_node/srv/_get_joint_degrees_s.c.o[0m
[7.548s] [ 82%] [32m[1mLinking C shared library rosidl_generator_py/joint_positions_node/libjoint_positions_node__rosidl_generator_py.so[0m
[7.594s] [ 82%] Built target joint_positions_node__rosidl_generator_py
[7.621s] [ 85%] [32mBuilding C object CMakeFiles/joint_positions_node__rosidl_typesupport_fastrtps_c__pyext.dir/rosidl_generator_py/joint_positions_node/_joint_positions_node_s.ep.rosidl_typesupport_fastrtps_c.c.o[0m
[7.622s] [ 87%] [32mBuilding C object CMakeFiles/joint_positions_node__rosidl_typesupport_c__pyext.dir/rosidl_generator_py/joint_positions_node/_joint_positions_node_s.ep.rosidl_typesupport_c.c.o[0m
[7.636s] [ 90%] [32mBuilding C object CMakeFiles/joint_positions_node__rosidl_typesupport_introspection_c__pyext.dir/rosidl_generator_py/joint_positions_node/_joint_positions_node_s.ep.rosidl_typesupport_introspection_c.c.o[0m
[7.800s] [ 92%] [32m[1mLinking C shared library rosidl_generator_py/joint_positions_node/joint_positions_node_s__rosidl_typesupport_c.cpython-310-x86_64-linux-gnu.so[0m
[7.850s] [ 95%] [32m[1mLinking C shared library rosidl_generator_py/joint_positions_node/joint_positions_node_s__rosidl_typesupport_fastrtps_c.cpython-310-x86_64-linux-gnu.so[0m
[7.860s] [ 97%] [32m[1mLinking C shared library rosidl_generator_py/joint_positions_node/joint_positions_node_s__rosidl_typesupport_introspection_c.cpython-310-x86_64-linux-gnu.so[0m
[7.881s] [ 97%] Built target joint_positions_node__rosidl_typesupport_c__pyext
[7.917s] [ 97%] Built target joint_positions_node__rosidl_typesupport_fastrtps_c__pyext
[7.917s] [ 97%] Built target joint_positions_node__rosidl_typesupport_introspection_c__pyext
[15.767s] [100%] [32m[1mLinking CXX executable joint_positions_driver[0m
[16.349s] [100%] Built target joint_positions_driver
[16.366s] Invoked command in '/home/manuel/ros2_ws/build/joint_positions_node' returned '0': CMAKE_PREFIX_PATH=/home/manuel/ros2_ws/install/dynamixel_sdk:/home/manuel/ros2_ws/install/synthetic_ball_publisher:/home/manuel/ros2_ws/install/pwm_position_node:/home/manuel/ros2_ws/install/my_cpp_pkg:/home/manuel/ros2_ws/install/joint_positions_node:/home/manuel/ros2_ws/install/ball_arm_tracker:/home/manuel/ros2_ws/install/inverse_kinematics_node:/home/manuel/ros2_ws/install/dynamixel_sdk_examples:/home/manuel/ros2_ws/install/dynamixel_sdk_custom_interfaces:/home/manuel/ros2_ws/install/dual_dynamixel_node:/home/manuel/ros2_ws/install/ball_centroid_detector:/home/manuel/ros2_ws/install/joint_plotter:/opt/ros/humble LD_LIBRARY_PATH=/home/manuel/ros2_ws/install/dynamixel_sdk/lib:/home/manuel/ros2_ws/install/joint_positions_node/lib:/home/manuel/ros2_ws/install/inverse_kinematics_node/lib:/home/manuel/ros2_ws/install/dynamixel_sdk_custom_interfaces/lib:/home/manuel/ros2_ws/install/dual_dynamixel_node/lib:/opt/ros/humble/opt/rviz_ogre_vendor/lib:/opt/ros/humble/lib/x86_64-linux-gnu:/opt/ros/humble/lib /usr/bin/cmake --build /home/manuel/ros2_ws/build/joint_positions_node -- -j12 -l12
[16.367s] Invoking command in '/home/manuel/ros2_ws/build/joint_positions_node': CMAKE_PREFIX_PATH=/home/manuel/ros2_ws/install/dynamixel_sdk:/home/manuel/ros2_ws/install/synthetic_ball_publisher:/home/manuel/ros2_ws/install/pwm_position_node:/home/manuel/ros2_ws/install/my_cpp_pkg:/home/manuel/ros2_ws/install/joint_positions_node:/home/manuel/ros2_ws/install/ball_arm_tracker:/home/manuel/ros2_ws/install/inverse_kinematics_node:/home/manuel/ros2_ws/install/dynamixel_sdk_examples:/home/manuel/ros2_ws/install/dynamixel_sdk_custom_interfaces:/home/manuel/ros2_ws/install/dual_dynamixel_node:/home/manuel/ros2_ws/install/ball_centroid_detector:/home/manuel/ros2_ws/install/joint_plotter:/opt/ros/humble LD_LIBRARY_PATH=/home/manuel/ros2_ws/install/dynamixel_sdk/lib:/home/manuel/ros2_ws/install/joint_positions_node/lib:/home/manuel/ros2_ws/install/inverse_kinematics_node/lib:/home/manuel/ros2_ws/install/dynamixel_sdk_custom_interfaces/lib:/home/manuel/ros2_ws/install/dual_dynamixel_node/lib:/opt/ros/humble/opt/rviz_ogre_vendor/lib:/opt/ros/humble/lib/x86_64-linux-gnu:/opt/ros/humble/lib /usr/bin/cmake --install /home/manuel/ros2_ws/build/joint_positions_node
[16.379s] -- Install configuration: ""
[16.380s] -- Execute custom install script
[16.380s] -- Symlinking: /home/manuel/ros2_ws/install/joint_positions_node/share/ament_index/resource_index/rosidl_interfaces/joint_positions_node
[16.391s] -- Symlinking: /home/manuel/ros2_ws/install/joint_positions_node/include/joint_positions_node/joint_positions_node/msg/detail/set_joint_degrees__functions.h
[16.403s] -- Symlinking: /home/manuel/ros2_ws/install/joint_positions_node/include/joint_positions_node/joint_positions_node/msg/detail/set_joint_degrees__struct.h
[16.415s] -- Symlinking: /home/manuel/ros2_ws/install/joint_positions_node/include/joint_positions_node/joint_positions_node/msg/detail/set_joint_degrees__type_support.h
[16.428s] -- Symlinking: /home/manuel/ros2_ws/install/joint_positions_node/include/joint_positions_node/joint_positions_node/msg/rosidl_generator_c__visibility_control.h
[16.436s] -- Symlinking: /home/manuel/ros2_ws/install/joint_positions_node/include/joint_positions_node/joint_positions_node/msg/set_joint_degrees.h
[16.448s] -- Symlinking: /home/manuel/ros2_ws/install/joint_positions_node/include/joint_positions_node/joint_positions_node/srv/detail/get_joint_degrees__functions.h
[16.458s] -- Symlinking: /home/manuel/ros2_ws/install/joint_positions_node/include/joint_positions_node/joint_positions_node/srv/detail/get_joint_degrees__struct.h
[16.465s] -- Symlinking: /home/manuel/ros2_ws/install/joint_positions_node/include/joint_positions_node/joint_positions_node/srv/detail/get_joint_degrees__type_support.h
[16.472s] -- Symlinking: /home/manuel/ros2_ws/install/joint_positions_node/include/joint_positions_node/joint_positions_node/srv/get_joint_degrees.h
[16.478s] -- Symlinking: /home/manuel/ros2_ws/install/joint_positions_node/share/joint_positions_node/environment/library_path.sh
[16.486s] -- Symlinking: /home/manuel/ros2_ws/install/joint_positions_node/share/joint_positions_node/environment/library_path.dsv
[16.494s] -- Symlinking: /home/manuel/ros2_ws/install/joint_positions_node/include/joint_positions_node/joint_positions_node/msg/detail/set_joint_degrees__rosidl_typesupport_fastrtps_c.h
[16.501s] -- Symlinking: /home/manuel/ros2_ws/install/joint_positions_node/include/joint_positions_node/joint_positions_node/msg/rosidl_typesupport_fastrtps_c__visibility_control.h
[16.508s] -- Symlinking: /home/manuel/ros2_ws/install/joint_positions_node/include/joint_positions_node/joint_positions_node/srv/detail/get_joint_degrees__rosidl_typesupport_fastrtps_c.h
[16.518s] -- Symlinking: /home/manuel/ros2_ws/install/joint_positions_node/include/joint_positions_node/joint_positions_node/msg/detail/set_joint_degrees__builder.hpp
[16.525s] -- Symlinking: /home/manuel/ros2_ws/install/joint_positions_node/include/joint_positions_node/joint_positions_node/msg/detail/set_joint_degrees__struct.hpp
[16.532s] -- Symlinking: /home/manuel/ros2_ws/install/joint_positions_node/include/joint_positions_node/joint_positions_node/msg/detail/set_joint_degrees__traits.hpp
[16.540s] -- Symlinking: /home/manuel/ros2_ws/install/joint_positions_node/include/joint_positions_node/joint_positions_node/msg/detail/set_joint_degrees__type_support.hpp
[16.547s] -- Symlinking: /home/manuel/ros2_ws/install/joint_positions_node/include/joint_positions_node/joint_positions_node/msg/rosidl_generator_cpp__visibility_control.hpp
[16.555s] -- Symlinking: /home/manuel/ros2_ws/install/joint_positions_node/include/joint_positions_node/joint_positions_node/msg/set_joint_degrees.hpp
[16.563s] -- Symlinking: /home/manuel/ros2_ws/install/joint_positions_node/include/joint_positions_node/joint_positions_node/srv/detail/get_joint_degrees__builder.hpp
[16.570s] -- Symlinking: /home/manuel/ros2_ws/install/joint_positions_node/include/joint_positions_node/joint_positions_node/srv/detail/get_joint_degrees__struct.hpp
[16.578s] -- Symlinking: /home/manuel/ros2_ws/install/joint_positions_node/include/joint_positions_node/joint_positions_node/srv/detail/get_joint_degrees__traits.hpp
[16.585s] -- Symlinking: /home/manuel/ros2_ws/install/joint_positions_node/include/joint_positions_node/joint_positions_node/srv/detail/get_joint_degrees__type_support.hpp
[16.593s] -- Symlinking: /home/manuel/ros2_ws/install/joint_positions_node/include/joint_positions_node/joint_positions_node/srv/get_joint_degrees.hpp
[16.602s] -- Symlinking: /home/manuel/ros2_ws/install/joint_positions_node/include/joint_positions_node/joint_positions_node/msg/detail/set_joint_degrees__rosidl_typesupport_fastrtps_cpp.hpp
[16.609s] -- Symlinking: /home/manuel/ros2_ws/install/joint_positions_node/include/joint_positions_node/joint_positions_node/msg/rosidl_typesupport_fastrtps_cpp__visibility_control.h
[16.618s] -- Symlinking: /home/manuel/ros2_ws/install/joint_positions_node/include/joint_positions_node/joint_positions_node/srv/detail/get_joint_degrees__rosidl_typesupport_fastrtps_cpp.hpp
[16.625s] -- Symlinking: /home/manuel/ros2_ws/install/joint_positions_node/include/joint_positions_node/joint_positions_node/msg/detail/set_joint_degrees__rosidl_typesupport_introspection_c.h
[16.631s] -- Symlinking: /home/manuel/ros2_ws/install/joint_positions_node/include/joint_positions_node/joint_positions_node/msg/rosidl_typesupport_introspection_c__visibility_control.h
[16.638s] -- Symlinking: /home/manuel/ros2_ws/install/joint_positions_node/include/joint_positions_node/joint_positions_node/srv/detail/get_joint_degrees__rosidl_typesupport_introspection_c.h
[16.646s] -- Symlinking: /home/manuel/ros2_ws/install/joint_positions_node/include/joint_positions_node/joint_positions_node/msg/detail/set_joint_degrees__rosidl_typesupport_introspection_cpp.hpp
[16.654s] -- Symlinking: /home/manuel/ros2_ws/install/joint_positions_node/include/joint_positions_node/joint_positions_node/srv/detail/get_joint_degrees__rosidl_typesupport_introspection_cpp.hpp
[16.663s] -- Symlinking: /home/manuel/ros2_ws/install/joint_positions_node/share/joint_positions_node/environment/pythonpath.sh
[16.673s] -- Symlinking: /home/manuel/ros2_ws/install/joint_positions_node/share/joint_positions_node/environment/pythonpath.dsv
[16.680s] -- Symlinking: /home/manuel/ros2_ws/install/joint_positions_node/local/lib/python3.10/dist-packages/joint_positions_node-0.0.0-py3.10.egg-info/PKG-INFO
[16.688s] -- Symlinking: /home/manuel/ros2_ws/install/joint_positions_node/local/lib/python3.10/dist-packages/joint_positions_node-0.0.0-py3.10.egg-info/SOURCES.txt
[16.696s] -- Symlinking: /home/manuel/ros2_ws/install/joint_positions_node/local/lib/python3.10/dist-packages/joint_positions_node-0.0.0-py3.10.egg-info/dependency_links.txt
[16.704s] -- Symlinking: /home/manuel/ros2_ws/install/joint_positions_node/local/lib/python3.10/dist-packages/joint_positions_node-0.0.0-py3.10.egg-info/top_level.txt
[16.711s] -- Symlinking: /home/manuel/ros2_ws/install/joint_positions_node/local/lib/python3.10/dist-packages/joint_positions_node/__init__.py
[16.718s] -- Symlinking: /home/manuel/ros2_ws/install/joint_positions_node/local/lib/python3.10/dist-packages/joint_positions_node/_joint_positions_node_s.ep.rosidl_typesupport_c.c
[16.725s] -- Symlinking: /home/manuel/ros2_ws/install/joint_positions_node/local/lib/python3.10/dist-packages/joint_positions_node/_joint_positions_node_s.ep.rosidl_typesupport_fastrtps_c.c
[16.732s] -- Symlinking: /home/manuel/ros2_ws/install/joint_positions_node/local/lib/python3.10/dist-packages/joint_positions_node/_joint_positions_node_s.ep.rosidl_typesupport_introspection_c.c
[16.738s] -- Symlinking: /home/manuel/ros2_ws/install/joint_positions_node/local/lib/python3.10/dist-packages/joint_positions_node/joint_positions_node_s__rosidl_typesupport_c.cpython-310-x86_64-linux-gnu.so
[16.745s] -- Symlinking: /home/manuel/ros2_ws/install/joint_positions_node/local/lib/python3.10/dist-packages/joint_positions_node/joint_positions_node_s__rosidl_typesupport_fastrtps_c.cpython-310-x86_64-linux-gnu.so
[16.752s] -- Symlinking: /home/manuel/ros2_ws/install/joint_positions_node/local/lib/python3.10/dist-packages/joint_positions_node/joint_positions_node_s__rosidl_typesupport_introspection_c.cpython-310-x86_64-linux-gnu.so
[16.759s] -- Symlinking: /home/manuel/ros2_ws/install/joint_positions_node/local/lib/python3.10/dist-packages/joint_positions_node/libjoint_positions_node__rosidl_generator_py.so
[16.766s] -- Symlinking: /home/manuel/ros2_ws/install/joint_positions_node/local/lib/python3.10/dist-packages/joint_positions_node/msg/__init__.py
[16.773s] -- Symlinking: /home/manuel/ros2_ws/install/joint_positions_node/local/lib/python3.10/dist-packages/joint_positions_node/msg/_set_joint_degrees.py
[16.780s] -- Symlinking: /home/manuel/ros2_ws/install/joint_positions_node/local/lib/python3.10/dist-packages/joint_positions_node/msg/_set_joint_degrees_s.c
[16.787s] -- Symlinking: /home/manuel/ros2_ws/install/joint_positions_node/local/lib/python3.10/dist-packages/joint_positions_node/srv/__init__.py
[16.795s] -- Symlinking: /home/manuel/ros2_ws/install/joint_positions_node/local/lib/python3.10/dist-packages/joint_positions_node/srv/_get_joint_degrees.py
[16.804s] -- Symlinking: /home/manuel/ros2_ws/install/joint_positions_node/local/lib/python3.10/dist-packages/joint_positions_node/srv/_get_joint_degrees_s.c
[16.810s] -- Up-to-date symlink: /home/manuel/ros2_ws/install/joint_positions_node/local/lib/python3.10/dist-packages/joint_positions_node/joint_positions_node_s__rosidl_typesupport_fastrtps_c.cpython-310-x86_64-linux-gnu.so
[16.810s] -- Up-to-date symlink: /home/manuel/ros2_ws/install/joint_positions_node/local/lib/python3.10/dist-packages/joint_positions_node/joint_positions_node_s__rosidl_typesupport_introspection_c.cpython-310-x86_64-linux-gnu.so
[16.810s] -- Up-to-date symlink: /home/manuel/ros2_ws/install/joint_positions_node/local/lib/python3.10/dist-packages/joint_positions_node/joint_positions_node_s__rosidl_typesupport_c.cpython-310-x86_64-linux-gnu.so
[16.811s] -- Symlinking: /home/manuel/ros2_ws/install/joint_positions_node/share/joint_positions_node/msg/SetJointDegrees.idl
[16.820s] -- Symlinking: /home/manuel/ros2_ws/install/joint_positions_node/share/joint_positions_node/srv/GetJointDegrees.idl
[16.829s] -- Symlinking: /home/manuel/ros2_ws/install/joint_positions_node/share/joint_positions_node/msg/SetJointDegrees.msg
[16.837s] -- Symlinking: /home/manuel/ros2_ws/install/joint_positions_node/share/joint_positions_node/srv/GetJointDegrees.srv
[16.844s] -- Symlinking: /home/manuel/ros2_ws/install/joint_positions_node/share/joint_positions_node/srv/GetJointDegrees_Request.msg
[16.852s] -- Symlinking: /home/manuel/ros2_ws/install/joint_positions_node/share/joint_positions_node/srv/GetJointDegrees_Response.msg
[16.859s] -- Symlinking: /home/manuel/ros2_ws/install/joint_positions_node/lib/joint_positions_node/joint_positions_driver
[16.866s] -- Symlinking: /home/manuel/ros2_ws/install/joint_positions_node/share/ament_index/resource_index/package_run_dependencies/joint_positions_node
[16.877s] -- Symlinking: /home/manuel/ros2_ws/install/joint_positions_node/share/ament_index/resource_index/parent_prefix_path/joint_positions_node
[16.886s] -- Symlinking: /home/manuel/ros2_ws/install/joint_positions_node/share/joint_positions_node/environment/ament_prefix_path.sh
[16.896s] -- Symlinking: /home/manuel/ros2_ws/install/joint_positions_node/share/joint_positions_node/environment/ament_prefix_path.dsv
[16.904s] -- Symlinking: /home/manuel/ros2_ws/install/joint_positions_node/share/joint_positions_node/environment/path.sh
[16.910s] -- Symlinking: /home/manuel/ros2_ws/install/joint_positions_node/share/joint_positions_node/environment/path.dsv
[16.918s] -- Symlinking: /home/manuel/ros2_ws/install/joint_positions_node/share/joint_positions_node/local_setup.bash
[16.924s] -- Symlinking: /home/manuel/ros2_ws/install/joint_positions_node/share/joint_positions_node/local_setup.sh
[16.931s] -- Symlinking: /home/manuel/ros2_ws/install/joint_positions_node/share/joint_positions_node/local_setup.zsh
[16.938s] -- Symlinking: /home/manuel/ros2_ws/install/joint_positions_node/share/joint_positions_node/local_setup.dsv
[16.945s] -- Symlinking: /home/manuel/ros2_ws/install/joint_positions_node/share/joint_positions_node/package.dsv
[16.952s] -- Symlinking: /home/manuel/ros2_ws/install/joint_positions_node/share/ament_index/resource_index/packages/joint_positions_node
[16.960s] -- Symlinking: /home/manuel/ros2_ws/install/joint_positions_node/share/joint_positions_node/cmake/rosidl_cmake-extras.cmake
[16.969s] -- Symlinking: /home/manuel/ros2_ws/install/joint_positions_node/share/joint_positions_node/cmake/ament_cmake_export_dependencies-extras.cmake
[16.975s] -- Symlinking: /home/manuel/ros2_ws/install/joint_positions_node/share/joint_positions_node/cmake/ament_cmake_export_include_directories-extras.cmake
[16.983s] -- Symlinking: /home/manuel/ros2_ws/install/joint_positions_node/share/joint_positions_node/cmake/ament_cmake_export_libraries-extras.cmake
[16.991s] -- Symlinking: /home/manuel/ros2_ws/install/joint_positions_node/share/joint_positions_node/cmake/ament_cmake_export_targets-extras.cmake
[16.998s] -- Symlinking: /home/manuel/ros2_ws/install/joint_positions_node/share/joint_positions_node/cmake/rosidl_cmake_export_typesupport_targets-extras.cmake
[17.005s] -- Symlinking: /home/manuel/ros2_ws/install/joint_positions_node/share/joint_positions_node/cmake/rosidl_cmake_export_typesupport_libraries-extras.cmake
[17.015s] -- Symlinking: /home/manuel/ros2_ws/install/joint_positions_node/share/joint_positions_node/cmake/joint_positions_nodeConfig.cmake
[17.022s] -- Symlinking: /home/manuel/ros2_ws/install/joint_positions_node/share/joint_positions_node/cmake/joint_positions_nodeConfig-version.cmake
[17.029s] -- Symlinking: /home/manuel/ros2_ws/install/joint_positions_node/share/joint_positions_node/package.xml
[17.037s] -- Installing: /home/manuel/ros2_ws/install/joint_positions_node/lib/libjoint_positions_node__rosidl_generator_c.so
[17.038s] -- Set runtime path of "/home/manuel/ros2_ws/install/joint_positions_node/lib/libjoint_positions_node__rosidl_generator_c.so" to ""
[17.038s] -- Installing: /home/manuel/ros2_ws/install/joint_positions_node/lib/libjoint_positions_node__rosidl_typesupport_fastrtps_c.so
[17.038s] -- Set runtime path of "/home/manuel/ros2_ws/install/joint_positions_node/lib/libjoint_positions_node__rosidl_typesupport_fastrtps_c.so" to ""
[17.038s] -- Installing: /home/manuel/ros2_ws/install/joint_positions_node/lib/libjoint_positions_node__rosidl_typesupport_fastrtps_cpp.so
[17.038s] -- Set runtime path of "/home/manuel/ros2_ws/install/joint_positions_node/lib/libjoint_positions_node__rosidl_typesupport_fastrtps_cpp.so" to ""
[17.038s] -- Installing: /home/manuel/ros2_ws/install/joint_positions_node/lib/libjoint_positions_node__rosidl_typesupport_introspection_c.so
[17.039s] -- Set runtime path of "/home/manuel/ros2_ws/install/joint_positions_node/lib/libjoint_positions_node__rosidl_typesupport_introspection_c.so" to ""
[17.039s] -- Installing: /home/manuel/ros2_ws/install/joint_positions_node/lib/libjoint_positions_node__rosidl_typesupport_c.so
[17.039s] -- Set runtime path of "/home/manuel/ros2_ws/install/joint_positions_node/lib/libjoint_positions_node__rosidl_typesupport_c.so" to ""
[17.039s] -- Installing: /home/manuel/ros2_ws/install/joint_positions_node/lib/libjoint_positions_node__rosidl_typesupport_introspection_cpp.so
[17.039s] -- Set runtime path of "/home/manuel/ros2_ws/install/joint_positions_node/lib/libjoint_positions_node__rosidl_typesupport_introspection_cpp.so" to ""
[17.039s] -- Installing: /home/manuel/ros2_ws/install/joint_positions_node/lib/libjoint_positions_node__rosidl_typesupport_cpp.so
[17.040s] -- Set runtime path of "/home/manuel/ros2_ws/install/joint_positions_node/lib/libjoint_positions_node__rosidl_typesupport_cpp.so" to ""
[17.092s] Listing '/home/manuel/ros2_ws/install/joint_positions_node/local/lib/python3.10/dist-packages/joint_positions_node'...
[17.092s] Compiling '/home/manuel/ros2_ws/install/joint_positions_node/local/lib/python3.10/dist-packages/joint_positions_node/__init__.py'...
[17.092s] Listing '/home/manuel/ros2_ws/install/joint_positions_node/local/lib/python3.10/dist-packages/joint_positions_node/msg'...
[17.092s] Compiling '/home/manuel/ros2_ws/install/joint_positions_node/local/lib/python3.10/dist-packages/joint_positions_node/msg/__init__.py'...
[17.092s] Compiling '/home/manuel/ros2_ws/install/joint_positions_node/local/lib/python3.10/dist-packages/joint_positions_node/msg/_set_joint_degrees.py'...
[17.092s] Listing '/home/manuel/ros2_ws/install/joint_positions_node/local/lib/python3.10/dist-packages/joint_positions_node/srv'...
[17.092s] Compiling '/home/manuel/ros2_ws/install/joint_positions_node/local/lib/python3.10/dist-packages/joint_positions_node/srv/__init__.py'...
[17.093s] Compiling '/home/manuel/ros2_ws/install/joint_positions_node/local/lib/python3.10/dist-packages/joint_positions_node/srv/_get_joint_degrees.py'...
[17.117s] -- Installing: /home/manuel/ros2_ws/install/joint_positions_node/lib/libjoint_positions_node__rosidl_generator_py.so
[17.117s] -- Set runtime path of "/home/manuel/ros2_ws/install/joint_positions_node/lib/libjoint_positions_node__rosidl_generator_py.so" to ""
[17.118s] -- Installing: /home/manuel/ros2_ws/install/joint_positions_node/share/joint_positions_node/cmake/export_joint_positions_node__rosidl_generator_cExport.cmake
[17.118s] -- Installing: /home/manuel/ros2_ws/install/joint_positions_node/share/joint_positions_node/cmake/export_joint_positions_node__rosidl_generator_cExport-noconfig.cmake
[17.118s] -- Installing: /home/manuel/ros2_ws/install/joint_positions_node/share/joint_positions_node/cmake/export_joint_positions_node__rosidl_typesupport_fastrtps_cExport.cmake
[17.118s] -- Installing: /home/manuel/ros2_ws/install/joint_positions_node/share/joint_positions_node/cmake/export_joint_positions_node__rosidl_typesupport_fastrtps_cExport-noconfig.cmake
[17.118s] -- Installing: /home/manuel/ros2_ws/install/joint_positions_node/share/joint_positions_node/cmake/export_joint_positions_node__rosidl_generator_cppExport.cmake
[17.118s] -- Installing: /home/manuel/ros2_ws/install/joint_positions_node/share/joint_positions_node/cmake/export_joint_positions_node__rosidl_typesupport_fastrtps_cppExport.cmake
[17.119s] -- Installing: /home/manuel/ros2_ws/install/joint_positions_node/share/joint_positions_node/cmake/export_joint_positions_node__rosidl_typesupport_fastrtps_cppExport-noconfig.cmake
[17.119s] -- Installing: /home/manuel/ros2_ws/install/joint_positions_node/share/joint_positions_node/cmake/joint_positions_node__rosidl_typesupport_introspection_cExport.cmake
[17.119s] -- Installing: /home/manuel/ros2_ws/install/joint_positions_node/share/joint_positions_node/cmake/joint_positions_node__rosidl_typesupport_introspection_cExport-noconfig.cmake
[17.119s] -- Installing: /home/manuel/ros2_ws/install/joint_positions_node/share/joint_positions_node/cmake/joint_positions_node__rosidl_typesupport_cExport.cmake
[17.119s] -- Installing: /home/manuel/ros2_ws/install/joint_positions_node/share/joint_positions_node/cmake/joint_positions_node__rosidl_typesupport_cExport-noconfig.cmake
[17.119s] -- Installing: /home/manuel/ros2_ws/install/joint_positions_node/share/joint_positions_node/cmake/joint_positions_node__rosidl_typesupport_introspection_cppExport.cmake
[17.120s] -- Installing: /home/manuel/ros2_ws/install/joint_positions_node/share/joint_positions_node/cmake/joint_positions_node__rosidl_typesupport_introspection_cppExport-noconfig.cmake
[17.120s] -- Installing: /home/manuel/ros2_ws/install/joint_positions_node/share/joint_positions_node/cmake/joint_positions_node__rosidl_typesupport_cppExport.cmake
[17.121s] -- Installing: /home/manuel/ros2_ws/install/joint_positions_node/share/joint_positions_node/cmake/joint_positions_node__rosidl_typesupport_cppExport-noconfig.cmake
[17.121s] -- Installing: /home/manuel/ros2_ws/install/joint_positions_node/share/joint_positions_node/cmake/export_joint_positions_node__rosidl_generator_pyExport.cmake
[17.121s] -- Installing: /home/manuel/ros2_ws/install/joint_positions_node/share/joint_positions_node/cmake/export_joint_positions_node__rosidl_generator_pyExport-noconfig.cmake
[17.128s] Invoked command in '/home/manuel/ros2_ws/build/joint_positions_node' returned '0': CMAKE_PREFIX_PATH=/home/manuel/ros2_ws/install/dynamixel_sdk:/home/manuel/ros2_ws/install/synthetic_ball_publisher:/home/manuel/ros2_ws/install/pwm_position_node:/home/manuel/ros2_ws/install/my_cpp_pkg:/home/manuel/ros2_ws/install/joint_positions_node:/home/manuel/ros2_ws/install/ball_arm_tracker:/home/manuel/ros2_ws/install/inverse_kinematics_node:/home/manuel/ros2_ws/install/dynamixel_sdk_examples:/home/manuel/ros2_ws/install/dynamixel_sdk_custom_interfaces:/home/manuel/ros2_ws/install/dual_dynamixel_node:/home/manuel/ros2_ws/install/ball_centroid_detector:/home/manuel/ros2_ws/install/joint_plotter:/opt/ros/humble LD_LIBRARY_PATH=/home/manuel/ros2_ws/install/dynamixel_sdk/lib:/home/manuel/ros2_ws/install/joint_positions_node/lib:/home/manuel/ros2_ws/install/inverse_kinematics_node/lib:/home/manuel/ros2_ws/install/dynamixel_sdk_custom_interfaces/lib:/home/manuel/ros2_ws/install/dual_dynamixel_node/lib:/opt/ros/humble/opt/rviz_ogre_vendor/lib:/opt/ros/humble/lib/x86_64-linux-gnu:/opt/ros/humble/lib /usr/bin/cmake --install /home/manuel/ros2_ws/build/joint_positions_node
