[0.018s] Invoking command in '/home/manuel/ros2_ws/build/my_cpp_pkg': CMAKE_PREFIX_PATH=/opt/ros/humble /usr/bin/cmake /home/manuel/ros2_ws/src/my_cpp_pkg -DCMAKE_INSTALL_PREFIX=/home/manuel/ros2_ws/install/my_cpp_pkg
[0.255s] -- Found ament_cmake: 1.3.11 (/opt/ros/humble/share/ament_cmake/cmake)
[0.256s] -- Override CMake install command with custom implementation using symlinks instead of copying resources
[0.256s] -- Found rclcpp: 16.0.12 (/opt/ros/humble/share/rclcpp/cmake)
[0.256s] -- Found rosidl_generator_c: 3.1.6 (/opt/ros/humble/share/rosidl_generator_c/cmake)
[0.256s] -- Found rosidl_adapter: 3.1.6 (/opt/ros/humble/share/rosidl_adapter/cmake)
[0.256s] -- Found rosidl_generator_cpp: 3.1.6 (/opt/ros/humble/share/rosidl_generator_cpp/cmake)
[0.256s] -- Using all available rosidl_typesupport_c: rosidl_typesupport_fastrtps_c;rosidl_typesupport_introspection_c
[0.256s] -- Using all available rosidl_typesupport_cpp: rosidl_typesupport_fastrtps_cpp;rosidl_typesupport_introspection_cpp
[0.257s] -- Found rmw_implementation_cmake: 6.1.2 (/opt/ros/humble/share/rmw_implementation_cmake/cmake)
[0.257s] -- Found rmw_fastrtps_cpp: 6.2.7 (/opt/ros/humble/share/rmw_fastrtps_cpp/cmake)
[0.312s] -- Using RMW implementation 'rmw_fastrtps_cpp' as default
[0.360s] -- Found ament_lint_auto: 0.12.12 (/opt/ros/humble/share/ament_lint_auto/cmake)
[0.420s] -- Added test 'cppcheck' to perform static code analysis on C / C++ code
[0.420s] -- Configured cppcheck include dirs: 
[0.420s] -- Configured cppcheck exclude dirs and/or files: 
[0.420s] -- Added test 'lint_cmake' to check CMake code style
[0.421s] -- Added test 'uncrustify' to check C / C++ code style
[0.421s] -- Configured uncrustify additional arguments: 
[0.421s] -- Added test 'xmllint' to check XML markup files
[0.422s] -- Configuring done
[0.430s] -- Generating done
[0.432s] -- Build files have been written to: /home/manuel/ros2_ws/build/my_cpp_pkg
[0.440s] Invoked command in '/home/manuel/ros2_ws/build/my_cpp_pkg' returned '0': CMAKE_PREFIX_PATH=/opt/ros/humble /usr/bin/cmake /home/manuel/ros2_ws/src/my_cpp_pkg -DCMAKE_INSTALL_PREFIX=/home/manuel/ros2_ws/install/my_cpp_pkg
[0.442s] Invoking command in '/home/manuel/ros2_ws/build/my_cpp_pkg': CMAKE_PREFIX_PATH=/opt/ros/humble /usr/bin/cmake --build /home/manuel/ros2_ws/build/my_cpp_pkg -- -j12 -l12
[0.473s] [35m[1mConsolidate compiler generated dependencies of target minimal_subscriber[0m
[0.485s] [100%] Built target minimal_subscriber
[0.495s] Invoked command in '/home/manuel/ros2_ws/build/my_cpp_pkg' returned '0': CMAKE_PREFIX_PATH=/opt/ros/humble /usr/bin/cmake --build /home/manuel/ros2_ws/build/my_cpp_pkg -- -j12 -l12
[0.504s] Invoking command in '/home/manuel/ros2_ws/build/my_cpp_pkg': CMAKE_PREFIX_PATH=/opt/ros/humble /usr/bin/cmake --install /home/manuel/ros2_ws/build/my_cpp_pkg
[0.511s] -- Install configuration: ""
[0.511s] -- Execute custom install script
[0.511s] -- Up-to-date symlink: /home/manuel/ros2_ws/install/my_cpp_pkg/lib/my_cpp_pkg/minimal_subscriber
[0.512s] -- Up-to-date symlink: /home/manuel/ros2_ws/install/my_cpp_pkg/share/ament_index/resource_index/package_run_dependencies/my_cpp_pkg
[0.512s] -- Up-to-date symlink: /home/manuel/ros2_ws/install/my_cpp_pkg/share/ament_index/resource_index/parent_prefix_path/my_cpp_pkg
[0.512s] -- Up-to-date symlink: /home/manuel/ros2_ws/install/my_cpp_pkg/share/my_cpp_pkg/environment/ament_prefix_path.sh
[0.512s] -- Up-to-date symlink: /home/manuel/ros2_ws/install/my_cpp_pkg/share/my_cpp_pkg/environment/ament_prefix_path.dsv
[0.512s] -- Up-to-date symlink: /home/manuel/ros2_ws/install/my_cpp_pkg/share/my_cpp_pkg/environment/path.sh
[0.512s] -- Up-to-date symlink: /home/manuel/ros2_ws/install/my_cpp_pkg/share/my_cpp_pkg/environment/path.dsv
[0.512s] -- Up-to-date symlink: /home/manuel/ros2_ws/install/my_cpp_pkg/share/my_cpp_pkg/local_setup.bash
[0.513s] -- Up-to-date symlink: /home/manuel/ros2_ws/install/my_cpp_pkg/share/my_cpp_pkg/local_setup.sh
[0.513s] -- Up-to-date symlink: /home/manuel/ros2_ws/install/my_cpp_pkg/share/my_cpp_pkg/local_setup.zsh
[0.513s] -- Up-to-date symlink: /home/manuel/ros2_ws/install/my_cpp_pkg/share/my_cpp_pkg/local_setup.dsv
[0.513s] -- Symlinking: /home/manuel/ros2_ws/install/my_cpp_pkg/share/my_cpp_pkg/package.dsv
[0.522s] -- Up-to-date symlink: /home/manuel/ros2_ws/install/my_cpp_pkg/share/ament_index/resource_index/packages/my_cpp_pkg
[0.522s] -- Up-to-date symlink: /home/manuel/ros2_ws/install/my_cpp_pkg/share/my_cpp_pkg/cmake/my_cpp_pkgConfig.cmake
[0.523s] -- Up-to-date symlink: /home/manuel/ros2_ws/install/my_cpp_pkg/share/my_cpp_pkg/cmake/my_cpp_pkgConfig-version.cmake
[0.523s] -- Up-to-date symlink: /home/manuel/ros2_ws/install/my_cpp_pkg/share/my_cpp_pkg/package.xml
[0.524s] Invoked command in '/home/manuel/ros2_ws/build/my_cpp_pkg' returned '0': CMAKE_PREFIX_PATH=/opt/ros/humble /usr/bin/cmake --install /home/manuel/ros2_ws/build/my_cpp_pkg
