[0.032s] Invoking command in '/home/manuel/MAE263C_CatcherProject/build/ball_centroid_detector': CMAKE_PREFIX_PATH=${CMAKE_PREFIX_PATH}:/home/manuel/ros2_ws/install/joint_plotter:/opt/ros/humble /usr/bin/cmake /home/manuel/MAE263C_CatcherProject/ros2_ws/src/ball_centroid_detector -DCMAKE_INSTALL_PREFIX=/home/manuel/MAE263C_CatcherProject/install/ball_centroid_detector
[0.349s] -- The C compiler identification is GNU 11.4.0
[0.349s] -- The CXX compiler identification is GNU 11.4.0
[0.349s] -- Detecting C compiler ABI info
[0.349s] -- Detecting C compiler ABI info - done
[0.349s] -- Check for working C compiler: /usr/bin/cc - skipped
[0.349s] -- Detecting C compile features
[0.349s] -- Detecting C compile features - done
[0.349s] -- Detecting CXX compiler ABI info
[0.349s] -- Detecting CXX compiler ABI info - done
[0.349s] -- Check for working CXX compiler: /usr/bin/c++ - skipped
[0.349s] -- Detecting CXX compile features
[0.350s] -- Detecting CXX compile features - done
[0.350s] -- Found ament_cmake: 1.3.11 (/opt/ros/humble/share/ament_cmake/cmake)
[0.580s] -- Found Python3: /usr/bin/python3 (found version "3.10.12") found components: Interpreter 
[0.742s] -- Found rclcpp: 16.0.12 (/opt/ros/humble/share/rclcpp/cmake)
[0.815s] -- Found rosidl_generator_c: 3.1.6 (/opt/ros/humble/share/rosidl_generator_c/cmake)
[0.822s] -- Found rosidl_adapter: 3.1.6 (/opt/ros/humble/share/rosidl_adapter/cmake)
[0.832s] -- Found rosidl_generator_cpp: 3.1.6 (/opt/ros/humble/share/rosidl_generator_cpp/cmake)
[0.849s] -- Using all available rosidl_typesupport_c: rosidl_typesupport_fastrtps_c;rosidl_typesupport_introspection_c
[0.882s] -- Using all available rosidl_typesupport_cpp: rosidl_typesupport_fastrtps_cpp;rosidl_typesupport_introspection_cpp
[0.941s] -- Found rmw_implementation_cmake: 6.1.2 (/opt/ros/humble/share/rmw_implementation_cmake/cmake)
[0.946s] -- Found rmw_fastrtps_cpp: 6.2.7 (/opt/ros/humble/share/rmw_fastrtps_cpp/cmake)
[1.071s] -- Found OpenSSL: /usr/lib/x86_64-linux-gnu/libcrypto.so (found version "3.0.2")  
[1.124s] -- Found FastRTPS: /opt/ros/humble/include  
[1.222s] -- Using RMW implementation 'rmw_fastrtps_cpp' as default
[1.254s] -- Looking for pthread.h
[1.503s] -- Looking for pthread.h - found
[1.503s] -- Performing Test CMAKE_HAVE_LIBC_PTHREAD
[1.720s] -- Performing Test CMAKE_HAVE_LIBC_PTHREAD - Success
[1.721s] -- Found Threads: TRUE  
[1.847s] -- Found sensor_msgs: 4.8.0 (/opt/ros/humble/share/sensor_msgs/cmake)
[1.908s] -- Found cv_bridge: 3.2.1 (/opt/ros/humble/share/cv_bridge/cmake)
[1.934s] -- Found image_transport: 3.1.11 (/opt/ros/humble/share/image_transport/cmake)
[1.983s] -- Found OpenCV: /usr (found version "4.5.4") 
[1.989s] -- Found ament_lint_auto: 0.12.12 (/opt/ros/humble/share/ament_lint_auto/cmake)
[2.131s] -- Added test 'cppcheck' to perform static code analysis on C / C++ code
[2.131s] -- Configured cppcheck include dirs: 
[2.132s] -- Configured cppcheck exclude dirs and/or files: 
[2.132s] -- Added test 'lint_cmake' to check CMake code style
[2.133s] -- Added test 'uncrustify' to check C / C++ code style
[2.134s] -- Configured uncrustify additional arguments: 
[2.134s] -- Added test 'xmllint' to check XML markup files
[2.136s] -- Configuring done
[2.155s] -- Generating done
[2.161s] -- Build files have been written to: /home/manuel/MAE263C_CatcherProject/build/ball_centroid_detector
