-- Found ament_cmake: 1.3.11 (/opt/ros/humble/share/ament_cmake/cmake)
-- Override CMake install command with custom implementation using symlinks instead of copying resources
-- Found rclcpp: 16.0.12 (/opt/ros/humble/share/rclcpp/cmake)
-- Found rosidl_generator_c: 3.1.6 (/opt/ros/humble/share/rosidl_generator_c/cmake)
-- Found rosidl_adapter: 3.1.6 (/opt/ros/humble/share/rosidl_adapter/cmake)
-- Found rosidl_generator_cpp: 3.1.6 (/opt/ros/humble/share/rosidl_generator_cpp/cmake)
-- Using all available rosidl_typesupport_c: rosidl_typesupport_fastrtps_c;rosidl_typesupport_introspection_c
-- Using all available rosidl_typesupport_cpp: rosidl_typesupport_fastrtps_cpp;rosidl_typesupport_introspection_cpp
-- Found rmw_implementation_cmake: 6.1.2 (/opt/ros/humble/share/rmw_implementation_cmake/cmake)
-- Found rmw_fastrtps_cpp: 6.2.7 (/opt/ros/humble/share/rmw_fastrtps_cpp/cmake)
-- Using RMW implementation 'rmw_fastrtps_cpp' as default
-- Found dynamixel_sdk: 3.8.3 (/home/manuel/ros2_ws/install/dynamixel_sdk/share/dynamixel_sdk/cmake)
-- Found inverse_kinematics_node: 0.0.0 (/home/manuel/ros2_ws/install/inverse_kinematics_node/share/inverse_kinematics_node/cmake)
-- Configuring done
-- Generating done
-- Build files have been written to: /home/manuel/ros2_ws/build/pwm_position_node
[35m[1mConsolidate compiler generated dependencies of target pwm_position_node[0m
[100%] Built target pwm_position_node
-- Install configuration: ""
-- Execute custom install script
-- Up-to-date symlink: /home/manuel/ros2_ws/install/pwm_position_node/lib/pwm_position_node/pwm_position_node
-- Up-to-date symlink: /home/manuel/ros2_ws/install/pwm_position_node/share/ament_index/resource_index/package_run_dependencies/pwm_position_node
-- Up-to-date symlink: /home/manuel/ros2_ws/install/pwm_position_node/share/ament_index/resource_index/parent_prefix_path/pwm_position_node
-- Up-to-date symlink: /home/manuel/ros2_ws/install/pwm_position_node/share/pwm_position_node/environment/ament_prefix_path.sh
-- Up-to-date symlink: /home/manuel/ros2_ws/install/pwm_position_node/share/pwm_position_node/environment/ament_prefix_path.dsv
-- Up-to-date symlink: /home/manuel/ros2_ws/install/pwm_position_node/share/pwm_position_node/environment/path.sh
-- Up-to-date symlink: /home/manuel/ros2_ws/install/pwm_position_node/share/pwm_position_node/environment/path.dsv
-- Up-to-date symlink: /home/manuel/ros2_ws/install/pwm_position_node/share/pwm_position_node/local_setup.bash
-- Up-to-date symlink: /home/manuel/ros2_ws/install/pwm_position_node/share/pwm_position_node/local_setup.sh
-- Up-to-date symlink: /home/manuel/ros2_ws/install/pwm_position_node/share/pwm_position_node/local_setup.zsh
-- Up-to-date symlink: /home/manuel/ros2_ws/install/pwm_position_node/share/pwm_position_node/local_setup.dsv
-- Symlinking: /home/manuel/ros2_ws/install/pwm_position_node/share/pwm_position_node/package.dsv
-- Up-to-date symlink: /home/manuel/ros2_ws/install/pwm_position_node/share/ament_index/resource_index/packages/pwm_position_node
-- Up-to-date symlink: /home/manuel/ros2_ws/install/pwm_position_node/share/pwm_position_node/cmake/pwm_position_nodeConfig.cmake
-- Up-to-date symlink: /home/manuel/ros2_ws/install/pwm_position_node/share/pwm_position_node/cmake/pwm_position_nodeConfig-version.cmake
-- Up-to-date symlink: /home/manuel/ros2_ws/install/pwm_position_node/share/pwm_position_node/package.xml
