[0.212s] Invoking command in '/home/manuel/ros2_ws/build/pwm_position_node': AMENT_PREFIX_PATH=/home/manuel/ros2_ws/install/inverse_kinematics_node:/home/manuel/ros2_ws/install/dynamixel_sdk:${AMENT_PREFIX_PATH} CMAKE_PREFIX_PATH=/home/manuel/ros2_ws/install/inverse_kinematics_node:/home/manuel/ros2_ws/install/dynamixel_sdk:/opt/ros/humble LD_LIBRARY_PATH=/home/manuel/ros2_ws/install/inverse_kinematics_node/lib:/home/manuel/ros2_ws/install/dynamixel_sdk/lib:${LD_LIBRARY_PATH} PYTHONPATH=/home/manuel/ros2_ws/install/inverse_kinematics_node/local/lib/python3.10/dist-packages:/home/manuel/ros2_ws/install/dynamixel_sdk/local/lib/python3.10/dist-packages:${PYTHONPATH} /usr/bin/cmake /home/manuel/ros2_ws/src/pwm_position_node -DCMAKE_INSTALL_PREFIX=/home/manuel/ros2_ws/install/pwm_position_node
[0.222s] -- Found ament_cmake: 1.3.11 (/opt/ros/humble/share/ament_cmake/cmake)
[0.324s] -- Override CMake install command with custom implementation using symlinks instead of copying resources
[0.330s] -- Found rclcpp: 16.0.12 (/opt/ros/humble/share/rclcpp/cmake)
[0.353s] -- Found rosidl_generator_c: 3.1.6 (/opt/ros/humble/share/rosidl_generator_c/cmake)
[0.355s] -- Found rosidl_adapter: 3.1.6 (/opt/ros/humble/share/rosidl_adapter/cmake)
[0.360s] -- Found rosidl_generator_cpp: 3.1.6 (/opt/ros/humble/share/rosidl_generator_cpp/cmake)
[0.368s] -- Using all available rosidl_typesupport_c: rosidl_typesupport_fastrtps_c;rosidl_typesupport_introspection_c
[0.379s] -- Using all available rosidl_typesupport_cpp: rosidl_typesupport_fastrtps_cpp;rosidl_typesupport_introspection_cpp
[0.406s] -- Found rmw_implementation_cmake: 6.1.2 (/opt/ros/humble/share/rmw_implementation_cmake/cmake)
[0.408s] -- Found rmw_fastrtps_cpp: 6.2.7 (/opt/ros/humble/share/rmw_fastrtps_cpp/cmake)
[0.491s] -- Using RMW implementation 'rmw_fastrtps_cpp' as default
[0.539s] -- Found dynamixel_sdk: 3.8.3 (/home/manuel/ros2_ws/install/dynamixel_sdk/share/dynamixel_sdk/cmake)
[0.539s] -- Found inverse_kinematics_node: 0.0.0 (/home/manuel/ros2_ws/install/inverse_kinematics_node/share/inverse_kinematics_node/cmake)
[0.603s] -- Configuring done
[0.610s] -- Generating done
[0.612s] -- Build files have been written to: /home/manuel/ros2_ws/build/pwm_position_node
[0.618s] Invoked command in '/home/manuel/ros2_ws/build/pwm_position_node' returned '0': AMENT_PREFIX_PATH=/home/manuel/ros2_ws/install/inverse_kinematics_node:/home/manuel/ros2_ws/install/dynamixel_sdk:${AMENT_PREFIX_PATH} CMAKE_PREFIX_PATH=/home/manuel/ros2_ws/install/inverse_kinematics_node:/home/manuel/ros2_ws/install/dynamixel_sdk:/opt/ros/humble LD_LIBRARY_PATH=/home/manuel/ros2_ws/install/inverse_kinematics_node/lib:/home/manuel/ros2_ws/install/dynamixel_sdk/lib:${LD_LIBRARY_PATH} PYTHONPATH=/home/manuel/ros2_ws/install/inverse_kinematics_node/local/lib/python3.10/dist-packages:/home/manuel/ros2_ws/install/dynamixel_sdk/local/lib/python3.10/dist-packages:${PYTHONPATH} /usr/bin/cmake /home/manuel/ros2_ws/src/pwm_position_node -DCMAKE_INSTALL_PREFIX=/home/manuel/ros2_ws/install/pwm_position_node
[0.619s] Invoking command in '/home/manuel/ros2_ws/build/pwm_position_node': AMENT_PREFIX_PATH=/home/manuel/ros2_ws/install/inverse_kinematics_node:/home/manuel/ros2_ws/install/dynamixel_sdk:${AMENT_PREFIX_PATH} CMAKE_PREFIX_PATH=/home/manuel/ros2_ws/install/inverse_kinematics_node:/home/manuel/ros2_ws/install/dynamixel_sdk:/opt/ros/humble LD_LIBRARY_PATH=/home/manuel/ros2_ws/install/inverse_kinematics_node/lib:/home/manuel/ros2_ws/install/dynamixel_sdk/lib:${LD_LIBRARY_PATH} PYTHONPATH=/home/manuel/ros2_ws/install/inverse_kinematics_node/local/lib/python3.10/dist-packages:/home/manuel/ros2_ws/install/dynamixel_sdk/local/lib/python3.10/dist-packages:${PYTHONPATH} /usr/bin/cmake --build /home/manuel/ros2_ws/build/pwm_position_node -- -j12 -l12
[0.648s] [35m[1mConsolidate compiler generated dependencies of target pwm_position_node[0m
[0.661s] [100%] Built target pwm_position_node
[0.669s] Invoked command in '/home/manuel/ros2_ws/build/pwm_position_node' returned '0': AMENT_PREFIX_PATH=/home/manuel/ros2_ws/install/inverse_kinematics_node:/home/manuel/ros2_ws/install/dynamixel_sdk:${AMENT_PREFIX_PATH} CMAKE_PREFIX_PATH=/home/manuel/ros2_ws/install/inverse_kinematics_node:/home/manuel/ros2_ws/install/dynamixel_sdk:/opt/ros/humble LD_LIBRARY_PATH=/home/manuel/ros2_ws/install/inverse_kinematics_node/lib:/home/manuel/ros2_ws/install/dynamixel_sdk/lib:${LD_LIBRARY_PATH} PYTHONPATH=/home/manuel/ros2_ws/install/inverse_kinematics_node/local/lib/python3.10/dist-packages:/home/manuel/ros2_ws/install/dynamixel_sdk/local/lib/python3.10/dist-packages:${PYTHONPATH} /usr/bin/cmake --build /home/manuel/ros2_ws/build/pwm_position_node -- -j12 -l12
[0.671s] Invoking command in '/home/manuel/ros2_ws/build/pwm_position_node': AMENT_PREFIX_PATH=/home/manuel/ros2_ws/install/inverse_kinematics_node:/home/manuel/ros2_ws/install/dynamixel_sdk:${AMENT_PREFIX_PATH} CMAKE_PREFIX_PATH=/home/manuel/ros2_ws/install/inverse_kinematics_node:/home/manuel/ros2_ws/install/dynamixel_sdk:/opt/ros/humble LD_LIBRARY_PATH=/home/manuel/ros2_ws/install/inverse_kinematics_node/lib:/home/manuel/ros2_ws/install/dynamixel_sdk/lib:${LD_LIBRARY_PATH} PYTHONPATH=/home/manuel/ros2_ws/install/inverse_kinematics_node/local/lib/python3.10/dist-packages:/home/manuel/ros2_ws/install/dynamixel_sdk/local/lib/python3.10/dist-packages:${PYTHONPATH} /usr/bin/cmake --install /home/manuel/ros2_ws/build/pwm_position_node
[0.676s] -- Install configuration: ""
[0.676s] -- Execute custom install script
[0.676s] -- Up-to-date symlink: /home/manuel/ros2_ws/install/pwm_position_node/lib/pwm_position_node/pwm_position_node
[0.677s] -- Up-to-date symlink: /home/manuel/ros2_ws/install/pwm_position_node/share/ament_index/resource_index/package_run_dependencies/pwm_position_node
[0.677s] -- Up-to-date symlink: /home/manuel/ros2_ws/install/pwm_position_node/share/ament_index/resource_index/parent_prefix_path/pwm_position_node
[0.677s] -- Up-to-date symlink: /home/manuel/ros2_ws/install/pwm_position_node/share/pwm_position_node/environment/ament_prefix_path.sh
[0.677s] -- Up-to-date symlink: /home/manuel/ros2_ws/install/pwm_position_node/share/pwm_position_node/environment/ament_prefix_path.dsv
[0.677s] -- Up-to-date symlink: /home/manuel/ros2_ws/install/pwm_position_node/share/pwm_position_node/environment/path.sh
[0.677s] -- Up-to-date symlink: /home/manuel/ros2_ws/install/pwm_position_node/share/pwm_position_node/environment/path.dsv
[0.677s] -- Up-to-date symlink: /home/manuel/ros2_ws/install/pwm_position_node/share/pwm_position_node/local_setup.bash
[0.677s] -- Up-to-date symlink: /home/manuel/ros2_ws/install/pwm_position_node/share/pwm_position_node/local_setup.sh
[0.678s] -- Up-to-date symlink: /home/manuel/ros2_ws/install/pwm_position_node/share/pwm_position_node/local_setup.zsh
[0.678s] -- Up-to-date symlink: /home/manuel/ros2_ws/install/pwm_position_node/share/pwm_position_node/local_setup.dsv
[0.678s] -- Symlinking: /home/manuel/ros2_ws/install/pwm_position_node/share/pwm_position_node/package.dsv
[0.684s] -- Up-to-date symlink: /home/manuel/ros2_ws/install/pwm_position_node/share/ament_index/resource_index/packages/pwm_position_node
[0.684s] -- Up-to-date symlink: /home/manuel/ros2_ws/install/pwm_position_node/share/pwm_position_node/cmake/pwm_position_nodeConfig.cmake
[0.685s] -- Up-to-date symlink: /home/manuel/ros2_ws/install/pwm_position_node/share/pwm_position_node/cmake/pwm_position_nodeConfig-version.cmake
[0.685s] -- Up-to-date symlink: /home/manuel/ros2_ws/install/pwm_position_node/share/pwm_position_node/package.xml
[0.687s] Invoked command in '/home/manuel/ros2_ws/build/pwm_position_node' returned '0': AMENT_PREFIX_PATH=/home/manuel/ros2_ws/install/inverse_kinematics_node:/home/manuel/ros2_ws/install/dynamixel_sdk:${AMENT_PREFIX_PATH} CMAKE_PREFIX_PATH=/home/manuel/ros2_ws/install/inverse_kinematics_node:/home/manuel/ros2_ws/install/dynamixel_sdk:/opt/ros/humble LD_LIBRARY_PATH=/home/manuel/ros2_ws/install/inverse_kinematics_node/lib:/home/manuel/ros2_ws/install/dynamixel_sdk/lib:${LD_LIBRARY_PATH} PYTHONPATH=/home/manuel/ros2_ws/install/inverse_kinematics_node/local/lib/python3.10/dist-packages:/home/manuel/ros2_ws/install/dynamixel_sdk/local/lib/python3.10/dist-packages:${PYTHONPATH} /usr/bin/cmake --install /home/manuel/ros2_ws/build/pwm_position_node
