-- The C compiler identification is GNU 11.4.0
-- The CXX compiler identification is GNU 11.4.0
-- Detecting C compiler ABI info
-- Detecting C compiler ABI info - done
-- Check for working C compiler: /usr/bin/cc - skipped
-- Detecting C compile features
-- Detecting C compile features - done
-- Detecting CXX compiler ABI info
-- Detecting CXX compiler ABI info - done
-- Check for working CXX compiler: /usr/bin/c++ - skipped
-- Detecting CXX compile features
-- Detecting CXX compile features - done
-- Found ament_cmake: 1.3.11 (/opt/ros/humble/share/ament_cmake/cmake)
-- Found Python3: /usr/bin/python3 (found version "3.10.12") found components: Interpreter 
-- Override CMake install command with custom implementation using symlinks instead of copying resources
-- Found rclcpp: 16.0.12 (/opt/ros/humble/share/rclcpp/cmake)
-- Found rosidl_generator_c: 3.1.6 (/opt/ros/humble/share/rosidl_generator_c/cmake)
-- Found rosidl_adapter: 3.1.6 (/opt/ros/humble/share/rosidl_adapter/cmake)
-- Found rosidl_generator_cpp: 3.1.6 (/opt/ros/humble/share/rosidl_generator_cpp/cmake)
-- Using all available rosidl_typesupport_c: rosidl_typesupport_fastrtps_c;rosidl_typesupport_introspection_c
-- Using all available rosidl_typesupport_cpp: rosidl_typesupport_fastrtps_cpp;rosidl_typesupport_introspection_cpp
-- Found rmw_implementation_cmake: 6.1.2 (/opt/ros/humble/share/rmw_implementation_cmake/cmake)
-- Found rmw_fastrtps_cpp: 6.2.7 (/opt/ros/humble/share/rmw_fastrtps_cpp/cmake)
-- Found OpenSSL: /usr/lib/x86_64-linux-gnu/libcrypto.so (found version "3.0.2")  
-- Found FastRTPS: /opt/ros/humble/include  
-- Using RMW implementation 'rmw_fastrtps_cpp' as default
-- Looking for pthread.h
-- Looking for pthread.h - found
-- Performing Test CMAKE_HAVE_LIBC_PTHREAD
-- Performing Test CMAKE_HAVE_LIBC_PTHREAD - Success
-- Found Threads: TRUE  
-- Found sensor_msgs: 4.8.0 (/opt/ros/humble/share/sensor_msgs/cmake)
-- Found cv_bridge: 3.2.1 (/opt/ros/humble/share/cv_bridge/cmake)
-- Found image_transport: 3.1.11 (/opt/ros/humble/share/image_transport/cmake)
-- Found OpenCV: /usr (found version "4.5.4") 
-- Found ament_lint_auto: 0.12.12 (/opt/ros/humble/share/ament_lint_auto/cmake)
-- Added test 'cppcheck' to perform static code analysis on C / C++ code
-- Configured cppcheck include dirs: 
-- Configured cppcheck exclude dirs and/or files: 
-- Added test 'lint_cmake' to check CMake code style
-- Added test 'uncrustify' to check C / C++ code style
-- Configured uncrustify additional arguments: 
-- Added test 'xmllint' to check XML markup files
-- Configuring done
-- Generating done
-- Build files have been written to: /home/manuel/ros2_ws/build/ball_centroid_detector
[ 50%] [32mBuilding CXX object CMakeFiles/ball_detector.dir/src/detector.cpp.o[0m
[100%] [32m[1mLinking CXX executable ball_detector[0m
[100%] Built target ball_detector
-- Install configuration: ""
-- Execute custom install script
-- Symlinking: /home/manuel/ros2_ws/install/ball_centroid_detector/lib/ball_centroid_detector/ball_detector
-- Symlinking: /home/manuel/ros2_ws/install/ball_centroid_detector/share/ament_index/resource_index/package_run_dependencies/ball_centroid_detector
-- Symlinking: /home/manuel/ros2_ws/install/ball_centroid_detector/share/ament_index/resource_index/parent_prefix_path/ball_centroid_detector
-- Symlinking: /home/manuel/ros2_ws/install/ball_centroid_detector/share/ball_centroid_detector/environment/ament_prefix_path.sh
-- Symlinking: /home/manuel/ros2_ws/install/ball_centroid_detector/share/ball_centroid_detector/environment/ament_prefix_path.dsv
-- Symlinking: /home/manuel/ros2_ws/install/ball_centroid_detector/share/ball_centroid_detector/environment/path.sh
-- Symlinking: /home/manuel/ros2_ws/install/ball_centroid_detector/share/ball_centroid_detector/environment/path.dsv
-- Symlinking: /home/manuel/ros2_ws/install/ball_centroid_detector/share/ball_centroid_detector/local_setup.bash
-- Symlinking: /home/manuel/ros2_ws/install/ball_centroid_detector/share/ball_centroid_detector/local_setup.sh
-- Symlinking: /home/manuel/ros2_ws/install/ball_centroid_detector/share/ball_centroid_detector/local_setup.zsh
-- Symlinking: /home/manuel/ros2_ws/install/ball_centroid_detector/share/ball_centroid_detector/local_setup.dsv
-- Symlinking: /home/manuel/ros2_ws/install/ball_centroid_detector/share/ball_centroid_detector/package.dsv
-- Symlinking: /home/manuel/ros2_ws/install/ball_centroid_detector/share/ament_index/resource_index/packages/ball_centroid_detector
-- Symlinking: /home/manuel/ros2_ws/install/ball_centroid_detector/share/ball_centroid_detector/cmake/ball_centroid_detectorConfig.cmake
-- Symlinking: /home/manuel/ros2_ws/install/ball_centroid_detector/share/ball_centroid_detector/cmake/ball_centroid_detectorConfig-version.cmake
-- Symlinking: /home/manuel/ros2_ws/install/ball_centroid_detector/share/ball_centroid_detector/package.xml
