[0.269s] Invoking command in '/home/manuel/ros2_ws/build/synthetic_ball_publisher': CMAKE_PREFIX_PATH=${CMAKE_PREFIX_PATH}:/home/manuel/ros2_ws/install/joint_plotter:/opt/ros/humble /usr/bin/cmake --build /home/manuel/ros2_ws/build/synthetic_ball_publisher -- -j12 -l12
[0.319s] [100%] Built target ball_pub
[0.343s] Invoked command in '/home/manuel/ros2_ws/build/synthetic_ball_publisher' returned '0': CMAKE_PREFIX_PATH=${CMAKE_PREFIX_PATH}:/home/manuel/ros2_ws/install/joint_plotter:/opt/ros/humble /usr/bin/cmake --build /home/manuel/ros2_ws/build/synthetic_ball_publisher -- -j12 -l12
[0.346s] Invoking command in '/home/manuel/ros2_ws/build/synthetic_ball_publisher': CMAKE_PREFIX_PATH=${CMAKE_PREFIX_PATH}:/home/manuel/ros2_ws/install/joint_plotter:/opt/ros/humble /usr/bin/cmake --install /home/manuel/ros2_ws/build/synthetic_ball_publisher
[0.353s] -- Install configuration: ""
[0.353s] -- Execute custom install script
[0.354s] -- Up-to-date symlink: /home/manuel/ros2_ws/install/synthetic_ball_publisher/lib/synthetic_ball_publisher/ball_pub
[0.354s] -- Up-to-date symlink: /home/manuel/ros2_ws/install/synthetic_ball_publisher/share/ament_index/resource_index/package_run_dependencies/synthetic_ball_publisher
[0.354s] -- Up-to-date symlink: /home/manuel/ros2_ws/install/synthetic_ball_publisher/share/ament_index/resource_index/parent_prefix_path/synthetic_ball_publisher
[0.354s] -- Up-to-date symlink: /home/manuel/ros2_ws/install/synthetic_ball_publisher/share/synthetic_ball_publisher/environment/ament_prefix_path.sh
[0.354s] -- Up-to-date symlink: /home/manuel/ros2_ws/install/synthetic_ball_publisher/share/synthetic_ball_publisher/environment/ament_prefix_path.dsv
[0.354s] -- Up-to-date symlink: /home/manuel/ros2_ws/install/synthetic_ball_publisher/share/synthetic_ball_publisher/environment/path.sh
[0.354s] -- Up-to-date symlink: /home/manuel/ros2_ws/install/synthetic_ball_publisher/share/synthetic_ball_publisher/environment/path.dsv
[0.354s] -- Up-to-date symlink: /home/manuel/ros2_ws/install/synthetic_ball_publisher/share/synthetic_ball_publisher/local_setup.bash
[0.355s] -- Up-to-date symlink: /home/manuel/ros2_ws/install/synthetic_ball_publisher/share/synthetic_ball_publisher/local_setup.sh
[0.355s] -- Up-to-date symlink: /home/manuel/ros2_ws/install/synthetic_ball_publisher/share/synthetic_ball_publisher/local_setup.zsh
[0.355s] -- Up-to-date symlink: /home/manuel/ros2_ws/install/synthetic_ball_publisher/share/synthetic_ball_publisher/local_setup.dsv
[0.355s] -- Symlinking: /home/manuel/ros2_ws/install/synthetic_ball_publisher/share/synthetic_ball_publisher/package.dsv
[0.363s] -- Up-to-date symlink: /home/manuel/ros2_ws/install/synthetic_ball_publisher/share/ament_index/resource_index/packages/synthetic_ball_publisher
[0.365s] -- Up-to-date symlink: /home/manuel/ros2_ws/install/synthetic_ball_publisher/share/synthetic_ball_publisher/cmake/synthetic_ball_publisherConfig.cmake
[0.365s] -- Up-to-date symlink: /home/manuel/ros2_ws/install/synthetic_ball_publisher/share/synthetic_ball_publisher/cmake/synthetic_ball_publisherConfig-version.cmake
[0.365s] -- Up-to-date symlink: /home/manuel/ros2_ws/install/synthetic_ball_publisher/share/synthetic_ball_publisher/package.xml
[0.369s] Invoked command in '/home/manuel/ros2_ws/build/synthetic_ball_publisher' returned '0': CMAKE_PREFIX_PATH=${CMAKE_PREFIX_PATH}:/home/manuel/ros2_ws/install/joint_plotter:/opt/ros/humble /usr/bin/cmake --install /home/manuel/ros2_ws/build/synthetic_ball_publisher
