[0.023s] Invoking command in '/home/manuel/ros2_ws/build/dynamixel_sdk': CMAKE_PREFIX_PATH=${CMAKE_PREFIX_PATH}:/home/manuel/ros2_ws/install/joint_plotter:/opt/ros/humble /usr/bin/cmake /home/manuel/ros2_ws/src/DynamixelSDK/ros/dynamixel_sdk -DAMENT_CMAKE_SYMLINK_INSTALL=1 -DCMAKE_INSTALL_PREFIX=/home/manuel/ros2_ws/install/dynamixel_sdk
[0.308s] -- The C compiler identification is GNU 11.4.0
[0.308s] -- The CXX compiler identification is GNU 11.4.0
[0.308s] -- Detecting C compiler ABI info
[0.308s] -- Detecting C compiler ABI info - done
[0.308s] -- Check for working C compiler: /usr/bin/cc - skipped
[0.309s] -- Detecting C compile features
[0.309s] -- Detecting C compile features - done
[0.309s] -- Detecting CXX compiler ABI info
[0.310s] -- Detecting CXX compiler ABI info - done
[0.310s] -- Check for working CXX compiler: /usr/bin/c++ - skipped
[0.310s] -- Detecting CXX compile features
[0.310s] -- Detecting CXX compile features - done
[0.310s] -- Found ament_cmake: 1.3.11 (/opt/ros/humble/share/ament_cmake/cmake)
[0.519s] -- Found Python3: /usr/bin/python3 (found version "3.10.12") found components: Interpreter 
[0.635s] -- Override CMake install command with custom implementation using symlinks instead of copying resources
[0.869s] -- Configuring done
[0.875s] -- Generating done
[0.877s] -- Build files have been written to: /home/manuel/ros2_ws/build/dynamixel_sdk
[0.881s] Invoked command in '/home/manuel/ros2_ws/build/dynamixel_sdk' returned '0': CMAKE_PREFIX_PATH=${CMAKE_PREFIX_PATH}:/home/manuel/ros2_ws/install/joint_plotter:/opt/ros/humble /usr/bin/cmake /home/manuel/ros2_ws/src/DynamixelSDK/ros/dynamixel_sdk -DAMENT_CMAKE_SYMLINK_INSTALL=1 -DCMAKE_INSTALL_PREFIX=/home/manuel/ros2_ws/install/dynamixel_sdk
[0.883s] Invoking command in '/home/manuel/ros2_ws/build/dynamixel_sdk': CMAKE_PREFIX_PATH=${CMAKE_PREFIX_PATH}:/home/manuel/ros2_ws/install/joint_plotter:/opt/ros/humble /usr/bin/cmake --build /home/manuel/ros2_ws/build/dynamixel_sdk -- -j12 -l12
[0.925s] [  7%] [32mBuilding CXX object CMakeFiles/dynamixel_sdk.dir/src/dynamixel_sdk/group_sync_read.cpp.o[0m
[0.926s] [ 15%] [32mBuilding CXX object CMakeFiles/dynamixel_sdk.dir/src/dynamixel_sdk/protocol2_packet_handler.cpp.o[0m
[0.926s] [ 23%] [32mBuilding CXX object CMakeFiles/dynamixel_sdk.dir/src/dynamixel_sdk/group_sync_write.cpp.o[0m
[0.926s] [ 30%] [32mBuilding CXX object CMakeFiles/dynamixel_sdk.dir/src/dynamixel_sdk/protocol1_packet_handler.cpp.o[0m
[0.927s] [ 46%] [32mBuilding CXX object CMakeFiles/dynamixel_sdk.dir/src/dynamixel_sdk/packet_handler.cpp.o[0m
[0.927s] [ 46%] [32mBuilding CXX object CMakeFiles/dynamixel_sdk.dir/src/dynamixel_sdk/group_bulk_write.cpp.o[0m
[0.932s] [ 53%] [32mBuilding CXX object CMakeFiles/dynamixel_sdk.dir/src/dynamixel_sdk/group_fast_bulk_read.cpp.o[0m
[0.936s] [ 61%] [32mBuilding CXX object CMakeFiles/dynamixel_sdk.dir/src/dynamixel_sdk/group_fast_sync_read.cpp.o[0m
[0.937s] [ 69%] [32mBuilding CXX object CMakeFiles/dynamixel_sdk.dir/src/dynamixel_sdk/group_handler.cpp.o[0m
[0.937s] [ 76%] [32mBuilding CXX object CMakeFiles/dynamixel_sdk.dir/src/dynamixel_sdk/group_bulk_read.cpp.o[0m
[0.938s] [ 84%] [32mBuilding CXX object CMakeFiles/dynamixel_sdk.dir/src/dynamixel_sdk/port_handler.cpp.o[0m
[0.938s] [ 84%] Built target ament_cmake_python_symlink_dynamixel_sdk
[1.013s] [ 92%] [32mBuilding CXX object CMakeFiles/dynamixel_sdk.dir/src/dynamixel_sdk/port_handler_linux.cpp.o[0m
[1.357s] running egg_info
[1.359s] creating dynamixel_sdk.egg-info
[1.359s] writing dynamixel_sdk.egg-info/PKG-INFO
[1.359s] writing dependency_links to dynamixel_sdk.egg-info/dependency_links.txt
[1.359s] writing top-level names to dynamixel_sdk.egg-info/top_level.txt
[1.360s] writing manifest file 'dynamixel_sdk.egg-info/SOURCES.txt'
[1.365s] reading manifest file 'dynamixel_sdk.egg-info/SOURCES.txt'
[1.369s] writing manifest file 'dynamixel_sdk.egg-info/SOURCES.txt'
[1.413s] [ 92%] Built target ament_cmake_python_build_dynamixel_sdk_egg
[1.720s] [100%] [32m[1mLinking CXX shared library libdynamixel_sdk.so[0m
[1.810s] [100%] Built target dynamixel_sdk
[1.820s] Invoked command in '/home/manuel/ros2_ws/build/dynamixel_sdk' returned '0': CMAKE_PREFIX_PATH=${CMAKE_PREFIX_PATH}:/home/manuel/ros2_ws/install/joint_plotter:/opt/ros/humble /usr/bin/cmake --build /home/manuel/ros2_ws/build/dynamixel_sdk -- -j12 -l12
[1.829s] Invoking command in '/home/manuel/ros2_ws/build/dynamixel_sdk': CMAKE_PREFIX_PATH=${CMAKE_PREFIX_PATH}:/home/manuel/ros2_ws/install/joint_plotter:/opt/ros/humble /usr/bin/cmake --install /home/manuel/ros2_ws/build/dynamixel_sdk
[1.837s] -- Install configuration: ""
[1.837s] -- Execute custom install script
[1.838s] -- Symlinking: /home/manuel/ros2_ws/install/dynamixel_sdk/include//dynamixel_sdk/dynamixel_sdk.h
[1.846s] -- Symlinking: /home/manuel/ros2_ws/install/dynamixel_sdk/include//dynamixel_sdk/group_bulk_read.h
[1.853s] -- Symlinking: /home/manuel/ros2_ws/install/dynamixel_sdk/include//dynamixel_sdk/group_bulk_write.h
[1.861s] -- Symlinking: /home/manuel/ros2_ws/install/dynamixel_sdk/include//dynamixel_sdk/group_fast_bulk_read.h
[1.869s] -- Symlinking: /home/manuel/ros2_ws/install/dynamixel_sdk/include//dynamixel_sdk/group_fast_sync_read.h
[1.878s] -- Symlinking: /home/manuel/ros2_ws/install/dynamixel_sdk/include//dynamixel_sdk/group_handler.h
[1.886s] -- Symlinking: /home/manuel/ros2_ws/install/dynamixel_sdk/include//dynamixel_sdk/group_sync_read.h
[1.895s] -- Symlinking: /home/manuel/ros2_ws/install/dynamixel_sdk/include//dynamixel_sdk/group_sync_write.h
[1.905s] -- Symlinking: /home/manuel/ros2_ws/install/dynamixel_sdk/include//dynamixel_sdk/packet_handler.h
[1.916s] -- Symlinking: /home/manuel/ros2_ws/install/dynamixel_sdk/include//dynamixel_sdk/port_handler.h
[1.929s] -- Symlinking: /home/manuel/ros2_ws/install/dynamixel_sdk/include//dynamixel_sdk/port_handler_arduino.h
[1.945s] -- Symlinking: /home/manuel/ros2_ws/install/dynamixel_sdk/include//dynamixel_sdk/port_handler_linux.h
[1.958s] -- Symlinking: /home/manuel/ros2_ws/install/dynamixel_sdk/include//dynamixel_sdk/port_handler_mac.h
[1.971s] -- Symlinking: /home/manuel/ros2_ws/install/dynamixel_sdk/include//dynamixel_sdk/port_handler_windows.h
[1.984s] -- Symlinking: /home/manuel/ros2_ws/install/dynamixel_sdk/include//dynamixel_sdk/protocol1_packet_handler.h
[1.994s] -- Symlinking: /home/manuel/ros2_ws/install/dynamixel_sdk/include//dynamixel_sdk/protocol2_packet_handler.h
[2.008s] -- Symlinking: /home/manuel/ros2_ws/install/dynamixel_sdk/lib/libdynamixel_sdk.so
[2.020s] -- Symlinking: /home/manuel/ros2_ws/install/dynamixel_sdk/share/dynamixel_sdk/environment/pythonpath.sh
[2.030s] -- Symlinking: /home/manuel/ros2_ws/install/dynamixel_sdk/share/dynamixel_sdk/environment/pythonpath.dsv
[2.044s] -- Symlinking: /home/manuel/ros2_ws/install/dynamixel_sdk/local/lib/python3.10/dist-packages/dynamixel_sdk-3.8.3-py3.10.egg-info/PKG-INFO
[2.056s] -- Symlinking: /home/manuel/ros2_ws/install/dynamixel_sdk/local/lib/python3.10/dist-packages/dynamixel_sdk-3.8.3-py3.10.egg-info/SOURCES.txt
[2.069s] -- Symlinking: /home/manuel/ros2_ws/install/dynamixel_sdk/local/lib/python3.10/dist-packages/dynamixel_sdk-3.8.3-py3.10.egg-info/dependency_links.txt
[2.080s] -- Symlinking: /home/manuel/ros2_ws/install/dynamixel_sdk/local/lib/python3.10/dist-packages/dynamixel_sdk-3.8.3-py3.10.egg-info/top_level.txt
[2.092s] -- Symlinking: /home/manuel/ros2_ws/install/dynamixel_sdk/local/lib/python3.10/dist-packages/dynamixel_sdk/__init__.py
[2.102s] -- Symlinking: /home/manuel/ros2_ws/install/dynamixel_sdk/local/lib/python3.10/dist-packages/dynamixel_sdk/group_bulk_read.cpp
[2.110s] -- Symlinking: /home/manuel/ros2_ws/install/dynamixel_sdk/local/lib/python3.10/dist-packages/dynamixel_sdk/group_bulk_read.py
[2.117s] -- Symlinking: /home/manuel/ros2_ws/install/dynamixel_sdk/local/lib/python3.10/dist-packages/dynamixel_sdk/group_bulk_write.cpp
[2.125s] -- Symlinking: /home/manuel/ros2_ws/install/dynamixel_sdk/local/lib/python3.10/dist-packages/dynamixel_sdk/group_bulk_write.py
[2.133s] -- Symlinking: /home/manuel/ros2_ws/install/dynamixel_sdk/local/lib/python3.10/dist-packages/dynamixel_sdk/group_fast_bulk_read.cpp
[2.141s] -- Symlinking: /home/manuel/ros2_ws/install/dynamixel_sdk/local/lib/python3.10/dist-packages/dynamixel_sdk/group_fast_sync_read.cpp
[2.152s] -- Symlinking: /home/manuel/ros2_ws/install/dynamixel_sdk/local/lib/python3.10/dist-packages/dynamixel_sdk/group_handler.cpp
[2.159s] -- Symlinking: /home/manuel/ros2_ws/install/dynamixel_sdk/local/lib/python3.10/dist-packages/dynamixel_sdk/group_sync_read.cpp
[2.168s] -- Symlinking: /home/manuel/ros2_ws/install/dynamixel_sdk/local/lib/python3.10/dist-packages/dynamixel_sdk/group_sync_read.py
[2.177s] -- Symlinking: /home/manuel/ros2_ws/install/dynamixel_sdk/local/lib/python3.10/dist-packages/dynamixel_sdk/group_sync_write.cpp
[2.188s] -- Symlinking: /home/manuel/ros2_ws/install/dynamixel_sdk/local/lib/python3.10/dist-packages/dynamixel_sdk/group_sync_write.py
[2.199s] -- Symlinking: /home/manuel/ros2_ws/install/dynamixel_sdk/local/lib/python3.10/dist-packages/dynamixel_sdk/packet_handler.cpp
[2.209s] -- Symlinking: /home/manuel/ros2_ws/install/dynamixel_sdk/local/lib/python3.10/dist-packages/dynamixel_sdk/packet_handler.py
[2.222s] -- Symlinking: /home/manuel/ros2_ws/install/dynamixel_sdk/local/lib/python3.10/dist-packages/dynamixel_sdk/port_handler.cpp
[2.233s] -- Symlinking: /home/manuel/ros2_ws/install/dynamixel_sdk/local/lib/python3.10/dist-packages/dynamixel_sdk/port_handler.py
[2.246s] -- Symlinking: /home/manuel/ros2_ws/install/dynamixel_sdk/local/lib/python3.10/dist-packages/dynamixel_sdk/port_handler_arduino.cpp
[2.257s] -- Symlinking: /home/manuel/ros2_ws/install/dynamixel_sdk/local/lib/python3.10/dist-packages/dynamixel_sdk/port_handler_linux.cpp
[2.270s] -- Symlinking: /home/manuel/ros2_ws/install/dynamixel_sdk/local/lib/python3.10/dist-packages/dynamixel_sdk/port_handler_mac.cpp
[2.281s] -- Symlinking: /home/manuel/ros2_ws/install/dynamixel_sdk/local/lib/python3.10/dist-packages/dynamixel_sdk/port_handler_windows.cpp
[2.292s] -- Symlinking: /home/manuel/ros2_ws/install/dynamixel_sdk/local/lib/python3.10/dist-packages/dynamixel_sdk/protocol1_packet_handler.cpp
[2.305s] -- Symlinking: /home/manuel/ros2_ws/install/dynamixel_sdk/local/lib/python3.10/dist-packages/dynamixel_sdk/protocol1_packet_handler.py
[2.318s] -- Symlinking: /home/manuel/ros2_ws/install/dynamixel_sdk/local/lib/python3.10/dist-packages/dynamixel_sdk/protocol2_packet_handler.cpp
[2.328s] -- Symlinking: /home/manuel/ros2_ws/install/dynamixel_sdk/local/lib/python3.10/dist-packages/dynamixel_sdk/protocol2_packet_handler.py
[2.343s] -- Symlinking: /home/manuel/ros2_ws/install/dynamixel_sdk/local/lib/python3.10/dist-packages/dynamixel_sdk/robotis_def.py
[2.356s] -- Symlinking: /home/manuel/ros2_ws/install/dynamixel_sdk/share/dynamixel_sdk/environment/library_path.sh
[2.370s] -- Symlinking: /home/manuel/ros2_ws/install/dynamixel_sdk/share/dynamixel_sdk/environment/library_path.dsv
[2.387s] -- Symlinking: /home/manuel/ros2_ws/install/dynamixel_sdk/share/ament_index/resource_index/package_run_dependencies/dynamixel_sdk
[2.399s] -- Symlinking: /home/manuel/ros2_ws/install/dynamixel_sdk/share/ament_index/resource_index/parent_prefix_path/dynamixel_sdk
[2.409s] -- Symlinking: /home/manuel/ros2_ws/install/dynamixel_sdk/share/dynamixel_sdk/environment/ament_prefix_path.sh
[2.422s] -- Symlinking: /home/manuel/ros2_ws/install/dynamixel_sdk/share/dynamixel_sdk/environment/ament_prefix_path.dsv
[2.432s] -- Symlinking: /home/manuel/ros2_ws/install/dynamixel_sdk/share/dynamixel_sdk/environment/path.sh
[2.446s] -- Symlinking: /home/manuel/ros2_ws/install/dynamixel_sdk/share/dynamixel_sdk/environment/path.dsv
[2.458s] -- Symlinking: /home/manuel/ros2_ws/install/dynamixel_sdk/share/dynamixel_sdk/local_setup.bash
[2.471s] -- Symlinking: /home/manuel/ros2_ws/install/dynamixel_sdk/share/dynamixel_sdk/local_setup.sh
[2.484s] -- Symlinking: /home/manuel/ros2_ws/install/dynamixel_sdk/share/dynamixel_sdk/local_setup.zsh
[2.502s] -- Symlinking: /home/manuel/ros2_ws/install/dynamixel_sdk/share/dynamixel_sdk/local_setup.dsv
[2.516s] -- Symlinking: /home/manuel/ros2_ws/install/dynamixel_sdk/share/dynamixel_sdk/package.dsv
[2.527s] -- Symlinking: /home/manuel/ros2_ws/install/dynamixel_sdk/share/ament_index/resource_index/packages/dynamixel_sdk
[2.544s] -- Symlinking: /home/manuel/ros2_ws/install/dynamixel_sdk/share/dynamixel_sdk/cmake/ament_cmake_export_include_directories-extras.cmake
[2.561s] -- Symlinking: /home/manuel/ros2_ws/install/dynamixel_sdk/share/dynamixel_sdk/cmake/ament_cmake_export_libraries-extras.cmake
[2.579s] -- Symlinking: /home/manuel/ros2_ws/install/dynamixel_sdk/share/dynamixel_sdk/cmake/dynamixel_sdkConfig.cmake
[2.597s] -- Symlinking: /home/manuel/ros2_ws/install/dynamixel_sdk/share/dynamixel_sdk/cmake/dynamixel_sdkConfig-version.cmake
[2.615s] -- Symlinking: /home/manuel/ros2_ws/install/dynamixel_sdk/share/dynamixel_sdk/package.xml
[2.746s] Listing '/home/manuel/ros2_ws/install/dynamixel_sdk/local/lib/python3.10/dist-packages/dynamixel_sdk'...
[2.747s] Compiling '/home/manuel/ros2_ws/install/dynamixel_sdk/local/lib/python3.10/dist-packages/dynamixel_sdk/__init__.py'...
[2.747s] Compiling '/home/manuel/ros2_ws/install/dynamixel_sdk/local/lib/python3.10/dist-packages/dynamixel_sdk/group_bulk_read.py'...
[2.748s] Compiling '/home/manuel/ros2_ws/install/dynamixel_sdk/local/lib/python3.10/dist-packages/dynamixel_sdk/group_bulk_write.py'...
[2.748s] Compiling '/home/manuel/ros2_ws/install/dynamixel_sdk/local/lib/python3.10/dist-packages/dynamixel_sdk/group_sync_read.py'...
[2.748s] Compiling '/home/manuel/ros2_ws/install/dynamixel_sdk/local/lib/python3.10/dist-packages/dynamixel_sdk/group_sync_write.py'...
[2.748s] Compiling '/home/manuel/ros2_ws/install/dynamixel_sdk/local/lib/python3.10/dist-packages/dynamixel_sdk/packet_handler.py'...
[2.748s] Compiling '/home/manuel/ros2_ws/install/dynamixel_sdk/local/lib/python3.10/dist-packages/dynamixel_sdk/port_handler.py'...
[2.748s] Compiling '/home/manuel/ros2_ws/install/dynamixel_sdk/local/lib/python3.10/dist-packages/dynamixel_sdk/protocol1_packet_handler.py'...
[2.748s] Compiling '/home/manuel/ros2_ws/install/dynamixel_sdk/local/lib/python3.10/dist-packages/dynamixel_sdk/protocol2_packet_handler.py'...
[2.748s] Compiling '/home/manuel/ros2_ws/install/dynamixel_sdk/local/lib/python3.10/dist-packages/dynamixel_sdk/robotis_def.py'...
[2.771s] Invoked command in '/home/manuel/ros2_ws/build/dynamixel_sdk' returned '0': CMAKE_PREFIX_PATH=${CMAKE_PREFIX_PATH}:/home/manuel/ros2_ws/install/joint_plotter:/opt/ros/humble /usr/bin/cmake --install /home/manuel/ros2_ws/build/dynamixel_sdk
