[0.126s] DEBUG:colcon:Command line arguments: ['/usr/bin/colcon', 'build', '--packages-select', 'pwm_position_node']
[0.126s] DEBUG:colcon:Parsed command line arguments: Namespace(log_base=None, log_level=None, verb_name='build', build_base='build', install_base='install', merge_install=False, symlink_install=False, test_result_base=None, continue_on_error=False, executor='parallel', parallel_workers=24, event_handlers=None, ignore_user_meta=False, metas=['./colcon.meta'], base_paths=['.'], packages_ignore=None, packages_ignore_regex=None, paths=None, packages_up_to=None, packages_up_to_regex=None, packages_above=None, packages_above_and_dependencies=None, packages_above_depth=None, packages_select_by_dep=None, packages_skip_by_dep=None, packages_skip_up_to=None, packages_select_build_failed=False, packages_skip_build_finished=False, packages_select_test_failures=False, packages_skip_test_passed=False, packages_select=['pwm_position_node'], packages_skip=None, packages_select_regex=None, packages_skip_regex=None, packages_start=None, packages_end=None, allow_overriding=[], cmake_args=None, cmake_target=None, cmake_target_skip_unavailable=False, cmake_clean_cache=False, cmake_clean_first=False, cmake_force_configure=False, ament_cmake_args=None, catkin_cmake_args=None, catkin_skip_building_tests=False, verb_parser=<colcon_defaults.argument_parser.defaults.DefaultArgumentsDecorator object at 0x7f8f23d87dc0>, verb_extension=<colcon_core.verb.build.BuildVerb object at 0x7f8f23d878b0>, main=<bound method BuildVerb.main of <colcon_core.verb.build.BuildVerb object at 0x7f8f23d878b0>>)
[0.334s] Level 1:colcon.colcon_core.package_discovery:discover_packages(colcon_meta) check parameters
[0.335s] Level 1:colcon.colcon_core.package_discovery:discover_packages(recursive) check parameters
[0.335s] Level 1:colcon.colcon_core.package_discovery:discover_packages(ignore) check parameters
[0.335s] Level 1:colcon.colcon_core.package_discovery:discover_packages(path) check parameters
[0.335s] Level 1:colcon.colcon_core.package_discovery:discover_packages(colcon_meta) discover
[0.335s] Level 1:colcon.colcon_core.package_discovery:discover_packages(recursive) discover
[0.335s] INFO:colcon.colcon_core.package_discovery:Crawling recursively for packages in '/workspaces/ros2_ws/src'
[0.336s] Level 1:colcon.colcon_core.package_identification:_identify(.) by extensions ['ignore', 'ignore_ament_install']
[0.336s] Level 1:colcon.colcon_core.package_identification:_identify(.) by extension 'ignore'
[0.336s] Level 1:colcon.colcon_core.package_identification:_identify(.) by extension 'ignore_ament_install'
[0.337s] Level 1:colcon.colcon_core.package_identification:_identify(.) by extensions ['colcon_pkg']
[0.337s] Level 1:colcon.colcon_core.package_identification:_identify(.) by extension 'colcon_pkg'
[0.337s] Level 1:colcon.colcon_core.package_identification:_identify(.) by extensions ['colcon_meta']
[0.337s] Level 1:colcon.colcon_core.package_identification:_identify(.) by extension 'colcon_meta'
[0.337s] Level 1:colcon.colcon_core.package_identification:_identify(.) by extensions ['ros']
[0.337s] Level 1:colcon.colcon_core.package_identification:_identify(.) by extension 'ros'
[0.348s] Level 1:colcon.colcon_core.package_identification:_identify(.) by extensions ['cmake', 'python']
[0.348s] Level 1:colcon.colcon_core.package_identification:_identify(.) by extension 'cmake'
[0.348s] Level 1:colcon.colcon_core.package_identification:_identify(.) by extension 'python'
[0.348s] Level 1:colcon.colcon_core.package_identification:_identify(.) by extensions ['python_setup_py']
[0.348s] Level 1:colcon.colcon_core.package_identification:_identify(.) by extension 'python_setup_py'
[0.350s] Level 1:colcon.colcon_core.package_identification:_identify(DynamixelSDK) by extensions ['ignore', 'ignore_ament_install']
[0.350s] Level 1:colcon.colcon_core.package_identification:_identify(DynamixelSDK) by extension 'ignore'
[0.350s] Level 1:colcon.colcon_core.package_identification:_identify(DynamixelSDK) by extension 'ignore_ament_install'
[0.351s] Level 1:colcon.colcon_core.package_identification:_identify(DynamixelSDK) by extensions ['colcon_pkg']
[0.351s] Level 1:colcon.colcon_core.package_identification:_identify(DynamixelSDK) by extension 'colcon_pkg'
[0.351s] Level 1:colcon.colcon_core.package_identification:_identify(DynamixelSDK) by extensions ['colcon_meta']
[0.351s] Level 1:colcon.colcon_core.package_identification:_identify(DynamixelSDK) by extension 'colcon_meta'
[0.352s] Level 1:colcon.colcon_core.package_identification:_identify(DynamixelSDK) by extensions ['ros']
[0.352s] Level 1:colcon.colcon_core.package_identification:_identify(DynamixelSDK) by extension 'ros'
[0.353s] Level 1:colcon.colcon_core.package_identification:_identify(DynamixelSDK) by extensions ['cmake', 'python']
[0.353s] Level 1:colcon.colcon_core.package_identification:_identify(DynamixelSDK) by extension 'cmake'
[0.353s] Level 1:colcon.colcon_core.package_identification:_identify(DynamixelSDK) by extension 'python'
[0.354s] Level 1:colcon.colcon_core.package_identification:_identify(DynamixelSDK) by extensions ['python_setup_py']
[0.354s] Level 1:colcon.colcon_core.package_identification:_identify(DynamixelSDK) by extension 'python_setup_py'
[0.355s] Level 1:colcon.colcon_core.package_identification:_identify(adaptive_joint_control) by extensions ['ignore', 'ignore_ament_install']
[0.355s] Level 1:colcon.colcon_core.package_identification:_identify(adaptive_joint_control) by extension 'ignore'
[0.356s] Level 1:colcon.colcon_core.package_identification:_identify(adaptive_joint_control) by extension 'ignore_ament_install'
[0.356s] Level 1:colcon.colcon_core.package_identification:_identify(adaptive_joint_control) by extensions ['colcon_pkg']
[0.356s] Level 1:colcon.colcon_core.package_identification:_identify(adaptive_joint_control) by extension 'colcon_pkg'
[0.357s] Level 1:colcon.colcon_core.package_identification:_identify(adaptive_joint_control) by extensions ['colcon_meta']
[0.357s] Level 1:colcon.colcon_core.package_identification:_identify(adaptive_joint_control) by extension 'colcon_meta'
[0.357s] Level 1:colcon.colcon_core.package_identification:_identify(adaptive_joint_control) by extensions ['ros']
[0.357s] Level 1:colcon.colcon_core.package_identification:_identify(adaptive_joint_control) by extension 'ros'
[0.364s] DEBUG:colcon.colcon_core.package_identification:Package 'adaptive_joint_control' with type 'ros.ament_cmake' and name 'adaptive_joint_control'
[0.365s] Level 1:colcon.colcon_core.package_identification:_identify(adaptive_operational_control) by extensions ['ignore', 'ignore_ament_install']
[0.365s] Level 1:colcon.colcon_core.package_identification:_identify(adaptive_operational_control) by extension 'ignore'
[0.365s] Level 1:colcon.colcon_core.package_identification:_identify(adaptive_operational_control) by extension 'ignore_ament_install'
[0.366s] Level 1:colcon.colcon_core.package_identification:_identify(adaptive_operational_control) by extensions ['colcon_pkg']
[0.366s] Level 1:colcon.colcon_core.package_identification:_identify(adaptive_operational_control) by extension 'colcon_pkg'
[0.366s] Level 1:colcon.colcon_core.package_identification:_identify(adaptive_operational_control) by extensions ['colcon_meta']
[0.366s] Level 1:colcon.colcon_core.package_identification:_identify(adaptive_operational_control) by extension 'colcon_meta'
[0.367s] Level 1:colcon.colcon_core.package_identification:_identify(adaptive_operational_control) by extensions ['ros']
[0.367s] Level 1:colcon.colcon_core.package_identification:_identify(adaptive_operational_control) by extension 'ros'
[0.371s] DEBUG:colcon.colcon_core.package_identification:Package 'adaptive_operational_control' with type 'ros.ament_cmake' and name 'adaptive_operational_control'
[0.372s] Level 1:colcon.colcon_core.package_identification:_identify(ball_arm_tracker) by extensions ['ignore', 'ignore_ament_install']
[0.372s] Level 1:colcon.colcon_core.package_identification:_identify(ball_arm_tracker) by extension 'ignore'
[0.372s] Level 1:colcon.colcon_core.package_identification:_identify(ball_arm_tracker) by extension 'ignore_ament_install'
[0.373s] Level 1:colcon.colcon_core.package_identification:_identify(ball_arm_tracker) by extensions ['colcon_pkg']
[0.373s] Level 1:colcon.colcon_core.package_identification:_identify(ball_arm_tracker) by extension 'colcon_pkg'
[0.374s] Level 1:colcon.colcon_core.package_identification:_identify(ball_arm_tracker) by extensions ['colcon_meta']
[0.374s] Level 1:colcon.colcon_core.package_identification:_identify(ball_arm_tracker) by extension 'colcon_meta'
[0.374s] Level 1:colcon.colcon_core.package_identification:_identify(ball_arm_tracker) by extensions ['ros']
[0.375s] Level 1:colcon.colcon_core.package_identification:_identify(ball_arm_tracker) by extension 'ros'
[0.379s] DEBUG:colcon.colcon_core.package_identification:Package 'ball_arm_tracker' with type 'ros.ament_cmake' and name 'ball_arm_tracker'
[0.381s] Level 1:colcon.colcon_core.package_identification:_identify(ball_centroid_detector) by extensions ['ignore', 'ignore_ament_install']
[0.381s] Level 1:colcon.colcon_core.package_identification:_identify(ball_centroid_detector) by extension 'ignore'
[0.381s] Level 1:colcon.colcon_core.package_identification:_identify(ball_centroid_detector) by extension 'ignore_ament_install'
[0.382s] Level 1:colcon.colcon_core.package_identification:_identify(ball_centroid_detector) by extensions ['colcon_pkg']
[0.382s] Level 1:colcon.colcon_core.package_identification:_identify(ball_centroid_detector) by extension 'colcon_pkg'
[0.382s] Level 1:colcon.colcon_core.package_identification:_identify(ball_centroid_detector) by extensions ['colcon_meta']
[0.382s] Level 1:colcon.colcon_core.package_identification:_identify(ball_centroid_detector) by extension 'colcon_meta'
[0.383s] Level 1:colcon.colcon_core.package_identification:_identify(ball_centroid_detector) by extensions ['ros']
[0.383s] Level 1:colcon.colcon_core.package_identification:_identify(ball_centroid_detector) by extension 'ros'
[0.387s] DEBUG:colcon.colcon_core.package_identification:Package 'ball_centroid_detector' with type 'ros.ament_cmake' and name 'ball_centroid_detector'
[0.388s] Level 1:colcon.colcon_core.package_identification:_identify(ball_detector) by extensions ['ignore', 'ignore_ament_install']
[0.388s] Level 1:colcon.colcon_core.package_identification:_identify(ball_detector) by extension 'ignore'
[0.389s] Level 1:colcon.colcon_core.package_identification:_identify(ball_detector) by extension 'ignore_ament_install'
[0.389s] Level 1:colcon.colcon_core.package_identification:_identify(ball_detector) by extensions ['colcon_pkg']
[0.389s] Level 1:colcon.colcon_core.package_identification:_identify(ball_detector) by extension 'colcon_pkg'
[0.390s] Level 1:colcon.colcon_core.package_identification:_identify(ball_detector) by extensions ['colcon_meta']
[0.390s] Level 1:colcon.colcon_core.package_identification:_identify(ball_detector) by extension 'colcon_meta'
[0.390s] Level 1:colcon.colcon_core.package_identification:_identify(ball_detector) by extensions ['ros']
[0.390s] Level 1:colcon.colcon_core.package_identification:_identify(ball_detector) by extension 'ros'
[0.394s] DEBUG:colcon.colcon_core.package_identification:Package 'ball_detector' with type 'ros.ament_cmake' and name 'ball_detector'
[0.395s] Level 1:colcon.colcon_core.package_identification:_identify(ball_predictor_node) by extensions ['ignore', 'ignore_ament_install']
[0.395s] Level 1:colcon.colcon_core.package_identification:_identify(ball_predictor_node) by extension 'ignore'
[0.396s] Level 1:colcon.colcon_core.package_identification:_identify(ball_predictor_node) by extension 'ignore_ament_install'
[0.396s] Level 1:colcon.colcon_core.package_identification:_identify(ball_predictor_node) by extensions ['colcon_pkg']
[0.396s] Level 1:colcon.colcon_core.package_identification:_identify(ball_predictor_node) by extension 'colcon_pkg'
[0.397s] Level 1:colcon.colcon_core.package_identification:_identify(ball_predictor_node) by extensions ['colcon_meta']
[0.397s] Level 1:colcon.colcon_core.package_identification:_identify(ball_predictor_node) by extension 'colcon_meta'
[0.397s] Level 1:colcon.colcon_core.package_identification:_identify(ball_predictor_node) by extensions ['ros']
[0.397s] Level 1:colcon.colcon_core.package_identification:_identify(ball_predictor_node) by extension 'ros'
[0.401s] DEBUG:colcon.colcon_core.package_identification:Package 'ball_predictor_node' with type 'ros.catkin' and name 'ball_predictor_node'
[0.402s] Level 1:colcon.colcon_core.package_identification:_identify(build) by extensions ['ignore', 'ignore_ament_install']
[0.402s] Level 1:colcon.colcon_core.package_identification:_identify(build) by extension 'ignore'
[0.403s] Level 1:colcon.colcon_core.package_identification:_identify(build) ignored
[0.404s] Level 1:colcon.colcon_core.package_identification:_identify(control_common) by extensions ['ignore', 'ignore_ament_install']
[0.404s] Level 1:colcon.colcon_core.package_identification:_identify(control_common) by extension 'ignore'
[0.404s] Level 1:colcon.colcon_core.package_identification:_identify(control_common) by extension 'ignore_ament_install'
[0.405s] Level 1:colcon.colcon_core.package_identification:_identify(control_common) by extensions ['colcon_pkg']
[0.405s] Level 1:colcon.colcon_core.package_identification:_identify(control_common) by extension 'colcon_pkg'
[0.405s] Level 1:colcon.colcon_core.package_identification:_identify(control_common) by extensions ['colcon_meta']
[0.405s] Level 1:colcon.colcon_core.package_identification:_identify(control_common) by extension 'colcon_meta'
[0.405s] Level 1:colcon.colcon_core.package_identification:_identify(control_common) by extensions ['ros']
[0.405s] Level 1:colcon.colcon_core.package_identification:_identify(control_common) by extension 'ros'
[0.410s] DEBUG:colcon.colcon_core.package_identification:Package 'control_common' with type 'ros.ament_cmake' and name 'control_common'
[0.412s] Level 1:colcon.colcon_core.package_identification:_identify(controller_node) by extensions ['ignore', 'ignore_ament_install']
[0.412s] Level 1:colcon.colcon_core.package_identification:_identify(controller_node) by extension 'ignore'
[0.413s] Level 1:colcon.colcon_core.package_identification:_identify(controller_node) by extension 'ignore_ament_install'
[0.414s] Level 1:colcon.colcon_core.package_identification:_identify(controller_node) by extensions ['colcon_pkg']
[0.414s] Level 1:colcon.colcon_core.package_identification:_identify(controller_node) by extension 'colcon_pkg'
[0.415s] Level 1:colcon.colcon_core.package_identification:_identify(controller_node) by extensions ['colcon_meta']
[0.415s] Level 1:colcon.colcon_core.package_identification:_identify(controller_node) by extension 'colcon_meta'
[0.415s] Level 1:colcon.colcon_core.package_identification:_identify(controller_node) by extensions ['ros']
[0.415s] Level 1:colcon.colcon_core.package_identification:_identify(controller_node) by extension 'ros'
[0.420s] DEBUG:colcon.colcon_core.package_identification:Package 'controller_node' with type 'ros.ament_cmake' and name 'controller_node'
[0.422s] Level 1:colcon.colcon_core.package_identification:_identify(cpp_test) by extensions ['ignore', 'ignore_ament_install']
[0.422s] Level 1:colcon.colcon_core.package_identification:_identify(cpp_test) by extension 'ignore'
[0.422s] Level 1:colcon.colcon_core.package_identification:_identify(cpp_test) by extension 'ignore_ament_install'
[0.423s] Level 1:colcon.colcon_core.package_identification:_identify(cpp_test) by extensions ['colcon_pkg']
[0.423s] Level 1:colcon.colcon_core.package_identification:_identify(cpp_test) by extension 'colcon_pkg'
[0.423s] Level 1:colcon.colcon_core.package_identification:_identify(cpp_test) by extensions ['colcon_meta']
[0.424s] Level 1:colcon.colcon_core.package_identification:_identify(cpp_test) by extension 'colcon_meta'
[0.424s] Level 1:colcon.colcon_core.package_identification:_identify(cpp_test) by extensions ['ros']
[0.424s] Level 1:colcon.colcon_core.package_identification:_identify(cpp_test) by extension 'ros'
[0.429s] DEBUG:colcon.colcon_core.package_identification:Package 'cpp_test' with type 'ros.ament_cmake' and name 'cpp_test'
[0.430s] Level 1:colcon.colcon_core.package_identification:_identify(dual_dynamixel_node) by extensions ['ignore', 'ignore_ament_install']
[0.430s] Level 1:colcon.colcon_core.package_identification:_identify(dual_dynamixel_node) by extension 'ignore'
[0.430s] Level 1:colcon.colcon_core.package_identification:_identify(dual_dynamixel_node) by extension 'ignore_ament_install'
[0.431s] Level 1:colcon.colcon_core.package_identification:_identify(dual_dynamixel_node) by extensions ['colcon_pkg']
[0.431s] Level 1:colcon.colcon_core.package_identification:_identify(dual_dynamixel_node) by extension 'colcon_pkg'
[0.431s] Level 1:colcon.colcon_core.package_identification:_identify(dual_dynamixel_node) by extensions ['colcon_meta']
[0.431s] Level 1:colcon.colcon_core.package_identification:_identify(dual_dynamixel_node) by extension 'colcon_meta'
[0.431s] Level 1:colcon.colcon_core.package_identification:_identify(dual_dynamixel_node) by extensions ['ros']
[0.431s] Level 1:colcon.colcon_core.package_identification:_identify(dual_dynamixel_node) by extension 'ros'
[0.435s] DEBUG:colcon.colcon_core.package_identification:Package 'dual_dynamixel_node' with type 'ros.ament_cmake' and name 'dual_dynamixel_node'
[0.436s] Level 1:colcon.colcon_core.package_identification:_identify(evaluator_node) by extensions ['ignore', 'ignore_ament_install']
[0.437s] Level 1:colcon.colcon_core.package_identification:_identify(evaluator_node) by extension 'ignore'
[0.437s] Level 1:colcon.colcon_core.package_identification:_identify(evaluator_node) by extension 'ignore_ament_install'
[0.438s] Level 1:colcon.colcon_core.package_identification:_identify(evaluator_node) by extensions ['colcon_pkg']
[0.438s] Level 1:colcon.colcon_core.package_identification:_identify(evaluator_node) by extension 'colcon_pkg'
[0.439s] Level 1:colcon.colcon_core.package_identification:_identify(evaluator_node) by extensions ['colcon_meta']
[0.439s] Level 1:colcon.colcon_core.package_identification:_identify(evaluator_node) by extension 'colcon_meta'
[0.440s] Level 1:colcon.colcon_core.package_identification:_identify(evaluator_node) by extensions ['ros']
[0.440s] Level 1:colcon.colcon_core.package_identification:_identify(evaluator_node) by extension 'ros'
[0.448s] DEBUG:colcon.colcon_core.package_identification:Package 'evaluator_node' with type 'ros.ament_python' and name 'evaluator_node'
[0.450s] Level 1:colcon.colcon_core.package_identification:_identify(idc_node) by extensions ['ignore', 'ignore_ament_install']
[0.450s] Level 1:colcon.colcon_core.package_identification:_identify(idc_node) by extension 'ignore'
[0.451s] Level 1:colcon.colcon_core.package_identification:_identify(idc_node) by extension 'ignore_ament_install'
[0.452s] Level 1:colcon.colcon_core.package_identification:_identify(idc_node) by extensions ['colcon_pkg']
[0.452s] Level 1:colcon.colcon_core.package_identification:_identify(idc_node) by extension 'colcon_pkg'
[0.453s] Level 1:colcon.colcon_core.package_identification:_identify(idc_node) by extensions ['colcon_meta']
[0.453s] Level 1:colcon.colcon_core.package_identification:_identify(idc_node) by extension 'colcon_meta'
[0.454s] Level 1:colcon.colcon_core.package_identification:_identify(idc_node) by extensions ['ros']
[0.454s] Level 1:colcon.colcon_core.package_identification:_identify(idc_node) by extension 'ros'
[0.463s] DEBUG:colcon.colcon_core.package_identification:Package 'idc_node' with type 'ros.ament_cmake' and name 'idc_node'
[0.465s] Level 1:colcon.colcon_core.package_identification:_identify(install) by extensions ['ignore', 'ignore_ament_install']
[0.465s] Level 1:colcon.colcon_core.package_identification:_identify(install) by extension 'ignore'
[0.466s] Level 1:colcon.colcon_core.package_identification:_identify(install) ignored
[0.468s] Level 1:colcon.colcon_core.package_identification:_identify(inverse_kinematics_node) by extensions ['ignore', 'ignore_ament_install']
[0.469s] Level 1:colcon.colcon_core.package_identification:_identify(inverse_kinematics_node) by extension 'ignore'
[0.469s] Level 1:colcon.colcon_core.package_identification:_identify(inverse_kinematics_node) by extension 'ignore_ament_install'
[0.471s] Level 1:colcon.colcon_core.package_identification:_identify(inverse_kinematics_node) by extensions ['colcon_pkg']
[0.471s] Level 1:colcon.colcon_core.package_identification:_identify(inverse_kinematics_node) by extension 'colcon_pkg'
[0.472s] Level 1:colcon.colcon_core.package_identification:_identify(inverse_kinematics_node) by extensions ['colcon_meta']
[0.472s] Level 1:colcon.colcon_core.package_identification:_identify(inverse_kinematics_node) by extension 'colcon_meta'
[0.473s] Level 1:colcon.colcon_core.package_identification:_identify(inverse_kinematics_node) by extensions ['ros']
[0.473s] Level 1:colcon.colcon_core.package_identification:_identify(inverse_kinematics_node) by extension 'ros'
[0.482s] DEBUG:colcon.colcon_core.package_identification:Package 'inverse_kinematics_node' with type 'ros.ament_cmake' and name 'inverse_kinematics_node'
[0.484s] Level 1:colcon.colcon_core.package_identification:_identify(joint_plotter) by extensions ['ignore', 'ignore_ament_install']
[0.484s] Level 1:colcon.colcon_core.package_identification:_identify(joint_plotter) by extension 'ignore'
[0.485s] Level 1:colcon.colcon_core.package_identification:_identify(joint_plotter) by extension 'ignore_ament_install'
[0.486s] Level 1:colcon.colcon_core.package_identification:_identify(joint_plotter) by extensions ['colcon_pkg']
[0.487s] Level 1:colcon.colcon_core.package_identification:_identify(joint_plotter) by extension 'colcon_pkg'
[0.487s] Level 1:colcon.colcon_core.package_identification:_identify(joint_plotter) by extensions ['colcon_meta']
[0.488s] Level 1:colcon.colcon_core.package_identification:_identify(joint_plotter) by extension 'colcon_meta'
[0.488s] Level 1:colcon.colcon_core.package_identification:_identify(joint_plotter) by extensions ['ros']
[0.488s] Level 1:colcon.colcon_core.package_identification:_identify(joint_plotter) by extension 'ros'
[0.494s] DEBUG:colcon.colcon_core.package_identification:Package 'joint_plotter' with type 'ros.ament_python' and name 'joint_plotter'
[0.496s] Level 1:colcon.colcon_core.package_identification:_identify(joint_positions_node) by extensions ['ignore', 'ignore_ament_install']
[0.496s] Level 1:colcon.colcon_core.package_identification:_identify(joint_positions_node) by extension 'ignore'
[0.497s] Level 1:colcon.colcon_core.package_identification:_identify(joint_positions_node) by extension 'ignore_ament_install'
[0.498s] Level 1:colcon.colcon_core.package_identification:_identify(joint_positions_node) by extensions ['colcon_pkg']
[0.498s] Level 1:colcon.colcon_core.package_identification:_identify(joint_positions_node) by extension 'colcon_pkg'
[0.499s] Level 1:colcon.colcon_core.package_identification:_identify(joint_positions_node) by extensions ['colcon_meta']
[0.499s] Level 1:colcon.colcon_core.package_identification:_identify(joint_positions_node) by extension 'colcon_meta'
[0.500s] Level 1:colcon.colcon_core.package_identification:_identify(joint_positions_node) by extensions ['ros']
[0.500s] Level 1:colcon.colcon_core.package_identification:_identify(joint_positions_node) by extension 'ros'
[0.508s] DEBUG:colcon.colcon_core.package_identification:Package 'joint_positions_node' with type 'ros.ament_cmake' and name 'joint_positions_node'
[0.510s] Level 1:colcon.colcon_core.package_identification:_identify(joint_space_idc) by extensions ['ignore', 'ignore_ament_install']
[0.510s] Level 1:colcon.colcon_core.package_identification:_identify(joint_space_idc) by extension 'ignore'
[0.511s] Level 1:colcon.colcon_core.package_identification:_identify(joint_space_idc) by extension 'ignore_ament_install'
[0.512s] Level 1:colcon.colcon_core.package_identification:_identify(joint_space_idc) by extensions ['colcon_pkg']
[0.512s] Level 1:colcon.colcon_core.package_identification:_identify(joint_space_idc) by extension 'colcon_pkg'
[0.513s] Level 1:colcon.colcon_core.package_identification:_identify(joint_space_idc) by extensions ['colcon_meta']
[0.513s] Level 1:colcon.colcon_core.package_identification:_identify(joint_space_idc) by extension 'colcon_meta'
[0.513s] Level 1:colcon.colcon_core.package_identification:_identify(joint_space_idc) by extensions ['ros']
[0.513s] Level 1:colcon.colcon_core.package_identification:_identify(joint_space_idc) by extension 'ros'
[0.521s] DEBUG:colcon.colcon_core.package_identification:Package 'joint_space_idc' with type 'ros.ament_cmake' and name 'joint_space_idc'
[0.523s] Level 1:colcon.colcon_core.package_identification:_identify(log) by extensions ['ignore', 'ignore_ament_install']
[0.524s] Level 1:colcon.colcon_core.package_identification:_identify(log) by extension 'ignore'
[0.524s] Level 1:colcon.colcon_core.package_identification:_identify(log) ignored
[0.526s] Level 1:colcon.colcon_core.package_identification:_identify(my_cpp_pkg) by extensions ['ignore', 'ignore_ament_install']
[0.526s] Level 1:colcon.colcon_core.package_identification:_identify(my_cpp_pkg) by extension 'ignore'
[0.527s] Level 1:colcon.colcon_core.package_identification:_identify(my_cpp_pkg) by extension 'ignore_ament_install'
[0.528s] Level 1:colcon.colcon_core.package_identification:_identify(my_cpp_pkg) by extensions ['colcon_pkg']
[0.528s] Level 1:colcon.colcon_core.package_identification:_identify(my_cpp_pkg) by extension 'colcon_pkg'
[0.529s] Level 1:colcon.colcon_core.package_identification:_identify(my_cpp_pkg) by extensions ['colcon_meta']
[0.529s] Level 1:colcon.colcon_core.package_identification:_identify(my_cpp_pkg) by extension 'colcon_meta'
[0.530s] Level 1:colcon.colcon_core.package_identification:_identify(my_cpp_pkg) by extensions ['ros']
[0.530s] Level 1:colcon.colcon_core.package_identification:_identify(my_cpp_pkg) by extension 'ros'
[0.536s] DEBUG:colcon.colcon_core.package_identification:Package 'my_cpp_pkg' with type 'ros.ament_cmake' and name 'my_cpp_pkg'
[0.538s] Level 1:colcon.colcon_core.package_identification:_identify(my_debug_pkg) by extensions ['ignore', 'ignore_ament_install']
[0.538s] Level 1:colcon.colcon_core.package_identification:_identify(my_debug_pkg) by extension 'ignore'
[0.540s] Level 1:colcon.colcon_core.package_identification:_identify(my_debug_pkg) by extension 'ignore_ament_install'
[0.541s] Level 1:colcon.colcon_core.package_identification:_identify(my_debug_pkg) by extensions ['colcon_pkg']
[0.541s] Level 1:colcon.colcon_core.package_identification:_identify(my_debug_pkg) by extension 'colcon_pkg'
[0.542s] Level 1:colcon.colcon_core.package_identification:_identify(my_debug_pkg) by extensions ['colcon_meta']
[0.542s] Level 1:colcon.colcon_core.package_identification:_identify(my_debug_pkg) by extension 'colcon_meta'
[0.542s] Level 1:colcon.colcon_core.package_identification:_identify(my_debug_pkg) by extensions ['ros']
[0.542s] Level 1:colcon.colcon_core.package_identification:_identify(my_debug_pkg) by extension 'ros'
[0.551s] DEBUG:colcon.colcon_core.package_identification:Failed to parse potential ROS package manifest in'my_debug_pkg': Error(s) in package 'my_debug_pkg/package.xml':
The manifest contains invalid XML:
XML or text declaration not at start of entity: line 2, column 0
[0.552s] Level 1:colcon.colcon_core.package_identification:_identify(my_debug_pkg) by extensions ['cmake', 'python']
[0.552s] Level 1:colcon.colcon_core.package_identification:_identify(my_debug_pkg) by extension 'cmake'
[0.552s] Level 1:colcon.colcon_core.package_identification:_identify(my_debug_pkg) by extension 'python'
[0.555s] DEBUG:colcon.colcon_core.package_identification:Python package in 'my_debug_pkg' passes arguments to the setup() function which requires a different identification extension than 'python'
[0.555s] Level 1:colcon.colcon_core.package_identification:_identify(my_debug_pkg) by extensions ['python_setup_py']
[0.555s] Level 1:colcon.colcon_core.package_identification:_identify(my_debug_pkg) by extension 'python_setup_py'
[0.718s] DEBUG:colcon.colcon_core.package_identification:Package 'my_debug_pkg' with type 'python' and name 'my_debug_pkg'
[0.721s] Level 1:colcon.colcon_core.package_identification:_identify(pwm_position_node) by extensions ['ignore', 'ignore_ament_install']
[0.721s] Level 1:colcon.colcon_core.package_identification:_identify(pwm_position_node) by extension 'ignore'
[0.722s] Level 1:colcon.colcon_core.package_identification:_identify(pwm_position_node) by extension 'ignore_ament_install'
[0.722s] Level 1:colcon.colcon_core.package_identification:_identify(pwm_position_node) by extensions ['colcon_pkg']
[0.723s] Level 1:colcon.colcon_core.package_identification:_identify(pwm_position_node) by extension 'colcon_pkg'
[0.723s] Level 1:colcon.colcon_core.package_identification:_identify(pwm_position_node) by extensions ['colcon_meta']
[0.723s] Level 1:colcon.colcon_core.package_identification:_identify(pwm_position_node) by extension 'colcon_meta'
[0.725s] Level 1:colcon.colcon_core.package_identification:_identify(pwm_position_node) by extensions ['ros']
[0.726s] Level 1:colcon.colcon_core.package_identification:_identify(pwm_position_node) by extension 'ros'
[0.737s] DEBUG:colcon.colcon_core.package_identification:Package 'pwm_position_node' with type 'ros.ament_cmake' and name 'pwm_position_node'
[0.739s] Level 1:colcon.colcon_core.package_identification:_identify(robot_desc) by extensions ['ignore', 'ignore_ament_install']
[0.739s] Level 1:colcon.colcon_core.package_identification:_identify(robot_desc) by extension 'ignore'
[0.741s] Level 1:colcon.colcon_core.package_identification:_identify(robot_desc) by extension 'ignore_ament_install'
[0.742s] Level 1:colcon.colcon_core.package_identification:_identify(robot_desc) by extensions ['colcon_pkg']
[0.742s] Level 1:colcon.colcon_core.package_identification:_identify(robot_desc) by extension 'colcon_pkg'
[0.743s] Level 1:colcon.colcon_core.package_identification:_identify(robot_desc) by extensions ['colcon_meta']
[0.743s] Level 1:colcon.colcon_core.package_identification:_identify(robot_desc) by extension 'colcon_meta'
[0.744s] Level 1:colcon.colcon_core.package_identification:_identify(robot_desc) by extensions ['ros']
[0.744s] Level 1:colcon.colcon_core.package_identification:_identify(robot_desc) by extension 'ros'
[0.751s] DEBUG:colcon.colcon_core.package_identification:Package 'robot_desc' with type 'ros.ament_cmake' and name 'robot_desc'
[0.752s] Level 1:colcon.colcon_core.package_identification:_identify(robust_adaptive_joint_control) by extensions ['ignore', 'ignore_ament_install']
[0.752s] Level 1:colcon.colcon_core.package_identification:_identify(robust_adaptive_joint_control) by extension 'ignore'
[0.753s] Level 1:colcon.colcon_core.package_identification:_identify(robust_adaptive_joint_control) by extension 'ignore_ament_install'
[0.754s] Level 1:colcon.colcon_core.package_identification:_identify(robust_adaptive_joint_control) by extensions ['colcon_pkg']
[0.754s] Level 1:colcon.colcon_core.package_identification:_identify(robust_adaptive_joint_control) by extension 'colcon_pkg'
[0.754s] Level 1:colcon.colcon_core.package_identification:_identify(robust_adaptive_joint_control) by extensions ['colcon_meta']
[0.754s] Level 1:colcon.colcon_core.package_identification:_identify(robust_adaptive_joint_control) by extension 'colcon_meta'
[0.755s] Level 1:colcon.colcon_core.package_identification:_identify(robust_adaptive_joint_control) by extensions ['ros']
[0.755s] Level 1:colcon.colcon_core.package_identification:_identify(robust_adaptive_joint_control) by extension 'ros'
[0.761s] DEBUG:colcon.colcon_core.package_identification:Package 'robust_adaptive_joint_control' with type 'ros.ament_cmake' and name 'robust_adaptive_joint_control'
[0.763s] Level 1:colcon.colcon_core.package_identification:_identify(robust_adaptive_operational_control) by extensions ['ignore', 'ignore_ament_install']
[0.763s] Level 1:colcon.colcon_core.package_identification:_identify(robust_adaptive_operational_control) by extension 'ignore'
[0.763s] Level 1:colcon.colcon_core.package_identification:_identify(robust_adaptive_operational_control) by extension 'ignore_ament_install'
[0.764s] Level 1:colcon.colcon_core.package_identification:_identify(robust_adaptive_operational_control) by extensions ['colcon_pkg']
[0.764s] Level 1:colcon.colcon_core.package_identification:_identify(robust_adaptive_operational_control) by extension 'colcon_pkg'
[0.765s] Level 1:colcon.colcon_core.package_identification:_identify(robust_adaptive_operational_control) by extensions ['colcon_meta']
[0.765s] Level 1:colcon.colcon_core.package_identification:_identify(robust_adaptive_operational_control) by extension 'colcon_meta'
[0.765s] Level 1:colcon.colcon_core.package_identification:_identify(robust_adaptive_operational_control) by extensions ['ros']
[0.765s] Level 1:colcon.colcon_core.package_identification:_identify(robust_adaptive_operational_control) by extension 'ros'
[0.771s] DEBUG:colcon.colcon_core.package_identification:Package 'robust_adaptive_operational_control' with type 'ros.ament_cmake' and name 'robust_adaptive_operational_control'
[0.772s] Level 1:colcon.colcon_core.package_identification:_identify(robust_joint_control) by extensions ['ignore', 'ignore_ament_install']
[0.772s] Level 1:colcon.colcon_core.package_identification:_identify(robust_joint_control) by extension 'ignore'
[0.773s] Level 1:colcon.colcon_core.package_identification:_identify(robust_joint_control) by extension 'ignore_ament_install'
[0.774s] Level 1:colcon.colcon_core.package_identification:_identify(robust_joint_control) by extensions ['colcon_pkg']
[0.774s] Level 1:colcon.colcon_core.package_identification:_identify(robust_joint_control) by extension 'colcon_pkg'
[0.775s] Level 1:colcon.colcon_core.package_identification:_identify(robust_joint_control) by extensions ['colcon_meta']
[0.775s] Level 1:colcon.colcon_core.package_identification:_identify(robust_joint_control) by extension 'colcon_meta'
[0.775s] Level 1:colcon.colcon_core.package_identification:_identify(robust_joint_control) by extensions ['ros']
[0.775s] Level 1:colcon.colcon_core.package_identification:_identify(robust_joint_control) by extension 'ros'
[0.781s] DEBUG:colcon.colcon_core.package_identification:Package 'robust_joint_control' with type 'ros.ament_cmake' and name 'robust_joint_control'
[0.782s] Level 1:colcon.colcon_core.package_identification:_identify(robust_operational_control) by extensions ['ignore', 'ignore_ament_install']
[0.782s] Level 1:colcon.colcon_core.package_identification:_identify(robust_operational_control) by extension 'ignore'
[0.783s] Level 1:colcon.colcon_core.package_identification:_identify(robust_operational_control) by extension 'ignore_ament_install'
[0.783s] Level 1:colcon.colcon_core.package_identification:_identify(robust_operational_control) by extensions ['colcon_pkg']
[0.784s] Level 1:colcon.colcon_core.package_identification:_identify(robust_operational_control) by extension 'colcon_pkg'
[0.784s] Level 1:colcon.colcon_core.package_identification:_identify(robust_operational_control) by extensions ['colcon_meta']
[0.784s] Level 1:colcon.colcon_core.package_identification:_identify(robust_operational_control) by extension 'colcon_meta'
[0.785s] Level 1:colcon.colcon_core.package_identification:_identify(robust_operational_control) by extensions ['ros']
[0.785s] Level 1:colcon.colcon_core.package_identification:_identify(robust_operational_control) by extension 'ros'
[0.791s] DEBUG:colcon.colcon_core.package_identification:Package 'robust_operational_control' with type 'ros.ament_cmake' and name 'robust_operational_control'
[0.793s] Level 1:colcon.colcon_core.package_identification:_identify(synthetic_ball_publisher) by extensions ['ignore', 'ignore_ament_install']
[0.793s] Level 1:colcon.colcon_core.package_identification:_identify(synthetic_ball_publisher) by extension 'ignore'
[0.793s] Level 1:colcon.colcon_core.package_identification:_identify(synthetic_ball_publisher) by extension 'ignore_ament_install'
[0.794s] Level 1:colcon.colcon_core.package_identification:_identify(synthetic_ball_publisher) by extensions ['colcon_pkg']
[0.794s] Level 1:colcon.colcon_core.package_identification:_identify(synthetic_ball_publisher) by extension 'colcon_pkg'
[0.795s] Level 1:colcon.colcon_core.package_identification:_identify(synthetic_ball_publisher) by extensions ['colcon_meta']
[0.795s] Level 1:colcon.colcon_core.package_identification:_identify(synthetic_ball_publisher) by extension 'colcon_meta'
[0.795s] Level 1:colcon.colcon_core.package_identification:_identify(synthetic_ball_publisher) by extensions ['ros']
[0.795s] Level 1:colcon.colcon_core.package_identification:_identify(synthetic_ball_publisher) by extension 'ros'
[0.801s] DEBUG:colcon.colcon_core.package_identification:Package 'synthetic_ball_publisher' with type 'ros.ament_cmake' and name 'synthetic_ball_publisher'
[0.802s] Level 1:colcon.colcon_core.package_identification:_identify(vision_common) by extensions ['ignore', 'ignore_ament_install']
[0.802s] Level 1:colcon.colcon_core.package_identification:_identify(vision_common) by extension 'ignore'
[0.803s] Level 1:colcon.colcon_core.package_identification:_identify(vision_common) by extension 'ignore_ament_install'
[0.804s] Level 1:colcon.colcon_core.package_identification:_identify(vision_common) by extensions ['colcon_pkg']
[0.804s] Level 1:colcon.colcon_core.package_identification:_identify(vision_common) by extension 'colcon_pkg'
[0.804s] Level 1:colcon.colcon_core.package_identification:_identify(vision_common) by extensions ['colcon_meta']
[0.804s] Level 1:colcon.colcon_core.package_identification:_identify(vision_common) by extension 'colcon_meta'
[0.805s] Level 1:colcon.colcon_core.package_identification:_identify(vision_common) by extensions ['ros']
[0.805s] Level 1:colcon.colcon_core.package_identification:_identify(vision_common) by extension 'ros'
[0.810s] DEBUG:colcon.colcon_core.package_identification:Package 'vision_common' with type 'ros.ament_cmake' and name 'vision_common'
[0.811s] Level 1:colcon.colcon_core.package_discovery:discover_packages(recursive) using defaults
[0.811s] Level 1:colcon.colcon_core.package_discovery:discover_packages(ignore) discover
[0.811s] Level 1:colcon.colcon_core.package_discovery:discover_packages(ignore) using defaults
[0.811s] Level 1:colcon.colcon_core.package_discovery:discover_packages(path) discover
[0.811s] Level 1:colcon.colcon_core.package_discovery:discover_packages(path) using defaults
[0.860s] INFO:colcon.colcon_core.package_selection:Skipping not selected package 'ball_detector' in 'ball_detector'
[0.860s] INFO:colcon.colcon_core.package_selection:Skipping not selected package 'control_common' in 'control_common'
[0.860s] INFO:colcon.colcon_core.package_selection:Skipping not selected package 'cpp_test' in 'cpp_test'
[0.860s] INFO:colcon.colcon_core.package_selection:Skipping not selected package 'dual_dynamixel_node' in 'dual_dynamixel_node'
[0.860s] INFO:colcon.colcon_core.package_selection:Skipping not selected package 'evaluator_node' in 'evaluator_node'
[0.861s] INFO:colcon.colcon_core.package_selection:Skipping not selected package 'joint_positions_node' in 'joint_positions_node'
[0.861s] INFO:colcon.colcon_core.package_selection:Skipping not selected package 'my_cpp_pkg' in 'my_cpp_pkg'
[0.861s] INFO:colcon.colcon_core.package_selection:Skipping not selected package 'my_debug_pkg' in 'my_debug_pkg'
[0.861s] INFO:colcon.colcon_core.package_selection:Skipping not selected package 'robot_desc' in 'robot_desc'
[0.861s] INFO:colcon.colcon_core.package_selection:Skipping not selected package 'synthetic_ball_publisher' in 'synthetic_ball_publisher'
[0.861s] INFO:colcon.colcon_core.package_selection:Skipping not selected package 'vision_common' in 'vision_common'
[0.861s] INFO:colcon.colcon_core.package_selection:Skipping not selected package 'adaptive_joint_control' in 'adaptive_joint_control'
[0.861s] INFO:colcon.colcon_core.package_selection:Skipping not selected package 'adaptive_operational_control' in 'adaptive_operational_control'
[0.861s] INFO:colcon.colcon_core.package_selection:Skipping not selected package 'ball_centroid_detector' in 'ball_centroid_detector'
[0.861s] INFO:colcon.colcon_core.package_selection:Skipping not selected package 'ball_predictor_node' in 'ball_predictor_node'
[0.861s] INFO:colcon.colcon_core.package_selection:Skipping not selected package 'controller_node' in 'controller_node'
[0.861s] INFO:colcon.colcon_core.package_selection:Skipping not selected package 'inverse_kinematics_node' in 'inverse_kinematics_node'
[0.862s] INFO:colcon.colcon_core.package_selection:Skipping not selected package 'joint_space_idc' in 'joint_space_idc'
[0.862s] INFO:colcon.colcon_core.package_selection:Skipping not selected package 'robust_adaptive_joint_control' in 'robust_adaptive_joint_control'
[0.862s] INFO:colcon.colcon_core.package_selection:Skipping not selected package 'robust_adaptive_operational_control' in 'robust_adaptive_operational_control'
[0.862s] INFO:colcon.colcon_core.package_selection:Skipping not selected package 'robust_joint_control' in 'robust_joint_control'
[0.862s] INFO:colcon.colcon_core.package_selection:Skipping not selected package 'robust_operational_control' in 'robust_operational_control'
[0.862s] INFO:colcon.colcon_core.package_selection:Skipping not selected package 'ball_arm_tracker' in 'ball_arm_tracker'
[0.862s] INFO:colcon.colcon_core.package_selection:Skipping not selected package 'idc_node' in 'idc_node'
[0.862s] INFO:colcon.colcon_core.package_selection:Skipping not selected package 'joint_plotter' in 'joint_plotter'
[0.863s] Level 1:colcon.colcon_core.package_discovery:discover_packages(prefix_path) check parameters
[0.863s] Level 1:colcon.colcon_core.package_discovery:discover_packages(prefix_path) discover
[0.866s] DEBUG:colcon.colcon_installed_package_information.package_discovery:Found 290 installed packages in /opt/ros/humble
[0.867s] Level 1:colcon.colcon_core.package_discovery:discover_packages(prefix_path) using defaults
[0.893s] Level 5:colcon.colcon_core.verb:set package 'pwm_position_node' build argument 'cmake_args' from command line to 'None'
[0.893s] Level 5:colcon.colcon_core.verb:set package 'pwm_position_node' build argument 'cmake_target' from command line to 'None'
[0.893s] Level 5:colcon.colcon_core.verb:set package 'pwm_position_node' build argument 'cmake_target_skip_unavailable' from command line to 'False'
[0.894s] Level 5:colcon.colcon_core.verb:set package 'pwm_position_node' build argument 'cmake_clean_cache' from command line to 'False'
[0.894s] Level 5:colcon.colcon_core.verb:set package 'pwm_position_node' build argument 'cmake_clean_first' from command line to 'False'
[0.894s] Level 5:colcon.colcon_core.verb:set package 'pwm_position_node' build argument 'cmake_force_configure' from command line to 'False'
[0.894s] Level 5:colcon.colcon_core.verb:set package 'pwm_position_node' build argument 'ament_cmake_args' from command line to 'None'
[0.894s] Level 5:colcon.colcon_core.verb:set package 'pwm_position_node' build argument 'catkin_cmake_args' from command line to 'None'
[0.894s] Level 5:colcon.colcon_core.verb:set package 'pwm_position_node' build argument 'catkin_skip_building_tests' from command line to 'False'
[0.894s] DEBUG:colcon.colcon_core.verb:Building package 'pwm_position_node' with the following arguments: {'ament_cmake_args': None, 'build_base': '/workspaces/ros2_ws/src/build/pwm_position_node', 'catkin_cmake_args': None, 'catkin_skip_building_tests': False, 'cmake_args': None, 'cmake_clean_cache': False, 'cmake_clean_first': False, 'cmake_force_configure': False, 'cmake_target': None, 'cmake_target_skip_unavailable': False, 'install_base': '/workspaces/ros2_ws/src/install/pwm_position_node', 'merge_install': False, 'path': '/workspaces/ros2_ws/src/pwm_position_node', 'symlink_install': False, 'test_result_base': None}
[0.894s] INFO:colcon.colcon_core.executor:Executing jobs using 'parallel' executor
[0.895s] DEBUG:colcon.colcon_parallel_executor.executor.parallel:run_until_complete
[0.895s] INFO:colcon.colcon_ros.task.ament_cmake.build:Building ROS package in '/workspaces/ros2_ws/src/pwm_position_node' with build type 'ament_cmake'
[0.896s] INFO:colcon.colcon_cmake.task.cmake.build:Building CMake package in '/workspaces/ros2_ws/src/pwm_position_node'
[0.901s] INFO:colcon.colcon_core.plugin_system:Skipping extension 'colcon_core.shell.bat': Not used on non-Windows systems
[0.902s] INFO:colcon.colcon_core.shell:Skip shell extension 'powershell' for command environment: Not usable outside of PowerShell
[0.902s] DEBUG:colcon.colcon_core.shell:Skip shell extension 'dsv' for command environment
[0.904s] ERROR:colcon.colcon_cmake.task.cmake.build:Failed to find the following files:
- /workspaces/ros2_ws/src/install/control_common/share/control_common/package.sh
- /workspaces/ros2_ws/src/install/inverse_kinematics_node/share/inverse_kinematics_node/package.sh
- /workspaces/ros2_ws/src/install/idc_node/share/idc_node/package.sh
Check that the following packages have been built:
- control_common
- inverse_kinematics_node
- idc_node
[0.904s] Level 1:colcon.colcon_core.environment:create_environment_scripts_only(pwm_position_node)
[0.909s] Level 1:colcon.colcon_core.environment:checking '/workspaces/ros2_ws/src/install/pwm_position_node' for CMake module files
[0.915s] Level 1:colcon.colcon_core.environment:checking '/workspaces/ros2_ws/src/install/pwm_position_node' for CMake config files
[0.916s] Level 1:colcon.colcon_core.environment:checking '/workspaces/ros2_ws/src/install/pwm_position_node/bin'
[0.916s] Level 1:colcon.colcon_core.environment:checking '/workspaces/ros2_ws/src/install/pwm_position_node/lib/pkgconfig/pwm_position_node.pc'
[0.917s] Level 1:colcon.colcon_core.environment:checking '/workspaces/ros2_ws/src/install/pwm_position_node/lib/python3.10/site-packages'
[0.917s] Level 1:colcon.colcon_core.environment:checking '/workspaces/ros2_ws/src/install/pwm_position_node/bin'
[0.918s] INFO:colcon.colcon_core.shell:Creating package script '/workspaces/ros2_ws/src/install/pwm_position_node/share/pwm_position_node/package.ps1'
[0.925s] INFO:colcon.colcon_core.shell:Creating package descriptor '/workspaces/ros2_ws/src/install/pwm_position_node/share/pwm_position_node/package.dsv'
[0.930s] INFO:colcon.colcon_core.shell:Creating package script '/workspaces/ros2_ws/src/install/pwm_position_node/share/pwm_position_node/package.sh'
[0.935s] INFO:colcon.colcon_core.shell:Creating package script '/workspaces/ros2_ws/src/install/pwm_position_node/share/pwm_position_node/package.bash'
[0.941s] INFO:colcon.colcon_core.shell:Creating package script '/workspaces/ros2_ws/src/install/pwm_position_node/share/pwm_position_node/package.zsh'
[0.946s] Level 1:colcon.colcon_core.environment:create_file_with_runtime_dependencies(/workspaces/ros2_ws/src/install/pwm_position_node/share/colcon-core/packages/pwm_position_node)
[0.961s] DEBUG:colcon.colcon_parallel_executor.executor.parallel:closing loop
[0.961s] DEBUG:colcon.colcon_parallel_executor.executor.parallel:loop closed
[0.961s] DEBUG:colcon.colcon_parallel_executor.executor.parallel:run_until_complete finished with '1'
[0.961s] DEBUG:colcon.colcon_core.event_reactor:joining thread
[0.972s] INFO:colcon.colcon_core.plugin_system:Skipping extension 'colcon_notification.desktop_notification.terminal_notifier': Not used on non-Darwin systems
[0.972s] INFO:colcon.colcon_core.plugin_system:Skipping extension 'colcon_notification.desktop_notification.win32': Not used on non-Windows systems
[0.972s] INFO:colcon.colcon_notification.desktop_notification:Sending desktop notification using 'notify2'
[3.014s] DEBUG:colcon.colcon_notification.desktop_notification.notify2:Failed to initialize notify2: org.freedesktop.DBus.Error.Spawn.ExecFailed: /usr/bin/dbus-launch terminated abnormally with the following error: Autolaunch error: X11 initialization failed.

[3.014s] DEBUG:colcon.colcon_core.event_reactor:joined thread
[3.015s] INFO:colcon.colcon_core.shell:Creating prefix script '/workspaces/ros2_ws/src/install/local_setup.ps1'
[3.019s] INFO:colcon.colcon_core.shell:Creating prefix util module '/workspaces/ros2_ws/src/install/_local_setup_util_ps1.py'
[3.022s] INFO:colcon.colcon_core.shell:Creating prefix chain script '/workspaces/ros2_ws/src/install/setup.ps1'
[3.025s] INFO:colcon.colcon_core.shell:Creating prefix script '/workspaces/ros2_ws/src/install/local_setup.sh'
[3.028s] INFO:colcon.colcon_core.shell:Creating prefix util module '/workspaces/ros2_ws/src/install/_local_setup_util_sh.py'
[3.031s] INFO:colcon.colcon_core.shell:Creating prefix chain script '/workspaces/ros2_ws/src/install/setup.sh'
[3.034s] INFO:colcon.colcon_core.shell:Creating prefix script '/workspaces/ros2_ws/src/install/local_setup.bash'
[3.037s] INFO:colcon.colcon_core.shell:Creating prefix chain script '/workspaces/ros2_ws/src/install/setup.bash'
[3.040s] INFO:colcon.colcon_core.shell:Creating prefix script '/workspaces/ros2_ws/src/install/local_setup.zsh'
[3.043s] INFO:colcon.colcon_core.shell:Creating prefix chain script '/workspaces/ros2_ws/src/install/setup.zsh'
