[0.012s] Invoking command in '/home/manuel/ros2_ws/build/dual_dynamixel_node': AMENT_PREFIX_PATH=/home/manuel/ros2_ws/install/dynamixel_sdk:${AMENT_PREFIX_PATH} CMAKE_PREFIX_PATH=/home/manuel/ros2_ws/install/dynamixel_sdk:/opt/ros/humble LD_LIBRARY_PATH=/home/manuel/ros2_ws/install/dynamixel_sdk/lib:${LD_LIBRARY_PATH} PYTHONPATH=/home/manuel/ros2_ws/install/dynamixel_sdk/local/lib/python3.10/dist-packages:${PYTHONPATH} /usr/bin/cmake /home/manuel/ros2_ws/src/dual_dynamixel_node -DCMAKE_INSTALL_PREFIX=/home/manuel/ros2_ws/install/dual_dynamixel_node
[0.021s] -- Found ament_cmake: 1.3.11 (/opt/ros/humble/share/ament_cmake/cmake)
[0.136s] -- Override CMake install command with custom implementation using symlinks instead of copying resources
[0.142s] -- Found rclcpp: 16.0.12 (/opt/ros/humble/share/rclcpp/cmake)
[0.169s] -- Found rosidl_generator_c: 3.1.6 (/opt/ros/humble/share/rosidl_generator_c/cmake)
[0.172s] -- Found rosidl_adapter: 3.1.6 (/opt/ros/humble/share/rosidl_adapter/cmake)
[0.177s] -- Found rosidl_generator_cpp: 3.1.6 (/opt/ros/humble/share/rosidl_generator_cpp/cmake)
[0.186s] -- Using all available rosidl_typesupport_c: rosidl_typesupport_fastrtps_c;rosidl_typesupport_introspection_c
[0.198s] -- Using all available rosidl_typesupport_cpp: rosidl_typesupport_fastrtps_cpp;rosidl_typesupport_introspection_cpp
[0.227s] -- Found rmw_implementation_cmake: 6.1.2 (/opt/ros/humble/share/rmw_implementation_cmake/cmake)
[0.229s] -- Found rmw_fastrtps_cpp: 6.2.7 (/opt/ros/humble/share/rmw_fastrtps_cpp/cmake)
[0.316s] -- Using RMW implementation 'rmw_fastrtps_cpp' as default
[0.364s] -- Found dynamixel_sdk: 3.8.3 (/home/manuel/ros2_ws/install/dynamixel_sdk/share/dynamixel_sdk/cmake)
[0.365s] -- Found rosidl_default_generators: 1.2.0 (/opt/ros/humble/share/rosidl_default_generators/cmake)
[0.645s] -- Found ament_cmake_ros: 0.10.0 (/opt/ros/humble/share/ament_cmake_ros/cmake)
[1.012s] -- Using all available rosidl_typesupport_c: rosidl_typesupport_fastrtps_c;rosidl_typesupport_introspection_c
[1.144s] -- Using all available rosidl_typesupport_cpp: rosidl_typesupport_fastrtps_cpp;rosidl_typesupport_introspection_cpp
[1.165s] -- Found python_cmake_module: 0.10.0 (/opt/ros/humble/share/python_cmake_module/cmake)
[1.184s] -- Using PYTHON_EXECUTABLE: /usr/bin/python3
[1.184s] -- Using PYTHON_INCLUDE_DIRS: /usr/include/python3.10
[1.184s] -- Using PYTHON_LIBRARIES: /usr/lib/x86_64-linux-gnu/libpython3.10.so
[1.209s] [0mCMake Deprecation Warning at /opt/ros/humble/share/rosidl_cmake/cmake/rosidl_target_interfaces.cmake:32 (message):
[1.209s]   Use rosidl_get_typesupport_target() and target_link_libraries() instead of
[1.209s]   rosidl_target_interfaces()
[1.209s] Call Stack (most recent call first):
[1.209s]   CMakeLists.txt:36 (rosidl_target_interfaces)
[1.209s] 
[1.209s] [0m
[1.209s] -- Found ament_lint_auto: 0.12.12 (/opt/ros/humble/share/ament_lint_auto/cmake)
[1.218s] -- Added test 'cppcheck' to perform static code analysis on C / C++ code
[1.218s] -- Configured cppcheck include dirs: 
[1.218s] -- Configured cppcheck exclude dirs and/or files: 
[1.219s] -- Added test 'lint_cmake' to check CMake code style
[1.219s] -- Added test 'uncrustify' to check C / C++ code style
[1.220s] -- Configured uncrustify additional arguments: 
[1.220s] -- Added test 'xmllint' to check XML markup files
[1.222s] -- Configuring done
[1.255s] -- Generating done
[1.267s] -- Build files have been written to: /home/manuel/ros2_ws/build/dual_dynamixel_node
[1.279s] Invoked command in '/home/manuel/ros2_ws/build/dual_dynamixel_node' returned '0': AMENT_PREFIX_PATH=/home/manuel/ros2_ws/install/dynamixel_sdk:${AMENT_PREFIX_PATH} CMAKE_PREFIX_PATH=/home/manuel/ros2_ws/install/dynamixel_sdk:/opt/ros/humble LD_LIBRARY_PATH=/home/manuel/ros2_ws/install/dynamixel_sdk/lib:${LD_LIBRARY_PATH} PYTHONPATH=/home/manuel/ros2_ws/install/dynamixel_sdk/local/lib/python3.10/dist-packages:${PYTHONPATH} /usr/bin/cmake /home/manuel/ros2_ws/src/dual_dynamixel_node -DCMAKE_INSTALL_PREFIX=/home/manuel/ros2_ws/install/dual_dynamixel_node
[1.280s] Invoking command in '/home/manuel/ros2_ws/build/dual_dynamixel_node': AMENT_PREFIX_PATH=/home/manuel/ros2_ws/install/dynamixel_sdk:${AMENT_PREFIX_PATH} CMAKE_PREFIX_PATH=/home/manuel/ros2_ws/install/dynamixel_sdk:/opt/ros/humble LD_LIBRARY_PATH=/home/manuel/ros2_ws/install/dynamixel_sdk/lib:${LD_LIBRARY_PATH} PYTHONPATH=/home/manuel/ros2_ws/install/dynamixel_sdk/local/lib/python3.10/dist-packages:${PYTHONPATH} /usr/bin/cmake --build /home/manuel/ros2_ws/build/dual_dynamixel_node -- -j12 -l12
[1.313s] [35m[1mConsolidate compiler generated dependencies of target dual_dynamixel_node__rosidl_generator_c[0m
[1.320s] [  2%] Built target dual_dynamixel_node__cpp
[1.327s] [ 12%] Built target dual_dynamixel_node__rosidl_generator_c
[1.330s] [ 12%] Built target ament_cmake_python_symlink_dual_dynamixel_node
[1.332s] [35m[1mConsolidate compiler generated dependencies of target dual_dynamixel_node__rosidl_typesupport_cpp[0m
[1.332s] [35m[1mConsolidate compiler generated dependencies of target dual_dynamixel_node__rosidl_typesupport_introspection_cpp[0m
[1.333s] [35m[1mConsolidate compiler generated dependencies of target dual_dynamixel_node__rosidl_typesupport_fastrtps_cpp[0m
[1.342s] [35m[1mConsolidate compiler generated dependencies of target dual_dynamixel_node__rosidl_typesupport_introspection_c[0m
[1.342s] [35m[1mConsolidate compiler generated dependencies of target dual_dynamixel_node__rosidl_typesupport_fastrtps_c[0m
[1.344s] [35m[1mConsolidate compiler generated dependencies of target dual_dynamixel_node__rosidl_typesupport_c[0m
[1.347s] [ 21%] Built target dual_dynamixel_node__rosidl_typesupport_introspection_cpp
[1.353s] [ 31%] Built target dual_dynamixel_node__rosidl_typesupport_fastrtps_cpp
[1.353s] [ 41%] Built target dual_dynamixel_node__rosidl_typesupport_cpp
[1.362s] [ 51%] Built target dual_dynamixel_node__rosidl_typesupport_introspection_c
[1.362s] [ 60%] Built target dual_dynamixel_node__rosidl_typesupport_fastrtps_c
[1.363s] [ 70%] Built target dual_dynamixel_node__rosidl_typesupport_c
[1.382s] [ 70%] Built target dual_dynamixel_node
[1.396s] [35m[1mConsolidate compiler generated dependencies of target dual_read_write_node[0m
[1.406s] [ 73%] Built target dual_dynamixel_node__py
[1.414s] [ 78%] Built target dual_read_write_node
[1.414s] [35m[1mConsolidate compiler generated dependencies of target dual_dynamixel_node__rosidl_generator_py[0m
[1.425s] [ 85%] Built target dual_dynamixel_node__rosidl_generator_py
[1.434s] [35m[1mConsolidate compiler generated dependencies of target dual_dynamixel_node__rosidl_typesupport_introspection_c__pyext[0m
[1.434s] [35m[1mConsolidate compiler generated dependencies of target dual_dynamixel_node__rosidl_typesupport_c__pyext[0m
[1.435s] [35m[1mConsolidate compiler generated dependencies of target dual_dynamixel_node__rosidl_typesupport_fastrtps_c__pyext[0m
[1.449s] [ 90%] Built target dual_dynamixel_node__rosidl_typesupport_introspection_c__pyext
[1.449s] [ 95%] Built target dual_dynamixel_node__rosidl_typesupport_fastrtps_c__pyext
[1.450s] [100%] Built target dual_dynamixel_node__rosidl_typesupport_c__pyext
[1.576s] running egg_info
[1.577s] writing dual_dynamixel_node.egg-info/PKG-INFO
[1.577s] writing dependency_links to dual_dynamixel_node.egg-info/dependency_links.txt
[1.577s] writing top-level names to dual_dynamixel_node.egg-info/top_level.txt
[1.579s] reading manifest file 'dual_dynamixel_node.egg-info/SOURCES.txt'
[1.579s] writing manifest file 'dual_dynamixel_node.egg-info/SOURCES.txt'
[1.602s] [100%] Built target ament_cmake_python_build_dual_dynamixel_node_egg
[1.611s] Invoked command in '/home/manuel/ros2_ws/build/dual_dynamixel_node' returned '0': AMENT_PREFIX_PATH=/home/manuel/ros2_ws/install/dynamixel_sdk:${AMENT_PREFIX_PATH} CMAKE_PREFIX_PATH=/home/manuel/ros2_ws/install/dynamixel_sdk:/opt/ros/humble LD_LIBRARY_PATH=/home/manuel/ros2_ws/install/dynamixel_sdk/lib:${LD_LIBRARY_PATH} PYTHONPATH=/home/manuel/ros2_ws/install/dynamixel_sdk/local/lib/python3.10/dist-packages:${PYTHONPATH} /usr/bin/cmake --build /home/manuel/ros2_ws/build/dual_dynamixel_node -- -j12 -l12
[1.613s] Invoking command in '/home/manuel/ros2_ws/build/dual_dynamixel_node': AMENT_PREFIX_PATH=/home/manuel/ros2_ws/install/dynamixel_sdk:${AMENT_PREFIX_PATH} CMAKE_PREFIX_PATH=/home/manuel/ros2_ws/install/dynamixel_sdk:/opt/ros/humble LD_LIBRARY_PATH=/home/manuel/ros2_ws/install/dynamixel_sdk/lib:${LD_LIBRARY_PATH} PYTHONPATH=/home/manuel/ros2_ws/install/dynamixel_sdk/local/lib/python3.10/dist-packages:${PYTHONPATH} /usr/bin/cmake --install /home/manuel/ros2_ws/build/dual_dynamixel_node
[1.618s] -- Install configuration: ""
[1.619s] -- Execute custom install script
[1.619s] -- Up-to-date symlink: /home/manuel/ros2_ws/install/dual_dynamixel_node/share/ament_index/resource_index/rosidl_interfaces/dual_dynamixel_node
[1.619s] -- Up-to-date symlink: /home/manuel/ros2_ws/install/dual_dynamixel_node/include/dual_dynamixel_node/dual_dynamixel_node/msg/detail/set_positions__functions.h
[1.620s] -- Up-to-date symlink: /home/manuel/ros2_ws/install/dual_dynamixel_node/include/dual_dynamixel_node/dual_dynamixel_node/msg/detail/set_positions__struct.h
[1.620s] -- Up-to-date symlink: /home/manuel/ros2_ws/install/dual_dynamixel_node/include/dual_dynamixel_node/dual_dynamixel_node/msg/detail/set_positions__type_support.h
[1.620s] -- Up-to-date symlink: /home/manuel/ros2_ws/install/dual_dynamixel_node/include/dual_dynamixel_node/dual_dynamixel_node/msg/rosidl_generator_c__visibility_control.h
[1.620s] -- Up-to-date symlink: /home/manuel/ros2_ws/install/dual_dynamixel_node/include/dual_dynamixel_node/dual_dynamixel_node/msg/set_positions.h
[1.620s] -- Up-to-date symlink: /home/manuel/ros2_ws/install/dual_dynamixel_node/include/dual_dynamixel_node/dual_dynamixel_node/srv/detail/get_positions__functions.h
[1.621s] -- Up-to-date symlink: /home/manuel/ros2_ws/install/dual_dynamixel_node/include/dual_dynamixel_node/dual_dynamixel_node/srv/detail/get_positions__struct.h
[1.621s] -- Up-to-date symlink: /home/manuel/ros2_ws/install/dual_dynamixel_node/include/dual_dynamixel_node/dual_dynamixel_node/srv/detail/get_positions__type_support.h
[1.621s] -- Up-to-date symlink: /home/manuel/ros2_ws/install/dual_dynamixel_node/include/dual_dynamixel_node/dual_dynamixel_node/srv/get_positions.h
[1.621s] -- Up-to-date symlink: /home/manuel/ros2_ws/install/dual_dynamixel_node/share/dual_dynamixel_node/environment/library_path.sh
[1.621s] -- Up-to-date symlink: /home/manuel/ros2_ws/install/dual_dynamixel_node/share/dual_dynamixel_node/environment/library_path.dsv
[1.621s] -- Up-to-date symlink: /home/manuel/ros2_ws/install/dual_dynamixel_node/include/dual_dynamixel_node/dual_dynamixel_node/msg/detail/set_positions__rosidl_typesupport_fastrtps_c.h
[1.621s] -- Up-to-date symlink: /home/manuel/ros2_ws/install/dual_dynamixel_node/include/dual_dynamixel_node/dual_dynamixel_node/msg/rosidl_typesupport_fastrtps_c__visibility_control.h
[1.621s] -- Up-to-date symlink: /home/manuel/ros2_ws/install/dual_dynamixel_node/include/dual_dynamixel_node/dual_dynamixel_node/srv/detail/get_positions__rosidl_typesupport_fastrtps_c.h
[1.621s] -- Up-to-date symlink: /home/manuel/ros2_ws/install/dual_dynamixel_node/include/dual_dynamixel_node/dual_dynamixel_node/msg/detail/set_positions__builder.hpp
[1.621s] -- Up-to-date symlink: /home/manuel/ros2_ws/install/dual_dynamixel_node/include/dual_dynamixel_node/dual_dynamixel_node/msg/detail/set_positions__struct.hpp
[1.621s] -- Up-to-date symlink: /home/manuel/ros2_ws/install/dual_dynamixel_node/include/dual_dynamixel_node/dual_dynamixel_node/msg/detail/set_positions__traits.hpp
[1.622s] -- Up-to-date symlink: /home/manuel/ros2_ws/install/dual_dynamixel_node/include/dual_dynamixel_node/dual_dynamixel_node/msg/detail/set_positions__type_support.hpp
[1.622s] -- Up-to-date symlink: /home/manuel/ros2_ws/install/dual_dynamixel_node/include/dual_dynamixel_node/dual_dynamixel_node/msg/rosidl_generator_cpp__visibility_control.hpp
[1.622s] -- Up-to-date symlink: /home/manuel/ros2_ws/install/dual_dynamixel_node/include/dual_dynamixel_node/dual_dynamixel_node/msg/set_positions.hpp
[1.622s] -- Up-to-date symlink: /home/manuel/ros2_ws/install/dual_dynamixel_node/include/dual_dynamixel_node/dual_dynamixel_node/srv/detail/get_positions__builder.hpp
[1.622s] -- Up-to-date symlink: /home/manuel/ros2_ws/install/dual_dynamixel_node/include/dual_dynamixel_node/dual_dynamixel_node/srv/detail/get_positions__struct.hpp
[1.622s] -- Up-to-date symlink: /home/manuel/ros2_ws/install/dual_dynamixel_node/include/dual_dynamixel_node/dual_dynamixel_node/srv/detail/get_positions__traits.hpp
[1.622s] -- Up-to-date symlink: /home/manuel/ros2_ws/install/dual_dynamixel_node/include/dual_dynamixel_node/dual_dynamixel_node/srv/detail/get_positions__type_support.hpp
[1.622s] -- Up-to-date symlink: /home/manuel/ros2_ws/install/dual_dynamixel_node/include/dual_dynamixel_node/dual_dynamixel_node/srv/get_positions.hpp
[1.623s] -- Up-to-date symlink: /home/manuel/ros2_ws/install/dual_dynamixel_node/include/dual_dynamixel_node/dual_dynamixel_node/msg/detail/set_positions__rosidl_typesupport_fastrtps_cpp.hpp
[1.623s] -- Up-to-date symlink: /home/manuel/ros2_ws/install/dual_dynamixel_node/include/dual_dynamixel_node/dual_dynamixel_node/msg/rosidl_typesupport_fastrtps_cpp__visibility_control.h
[1.623s] -- Up-to-date symlink: /home/manuel/ros2_ws/install/dual_dynamixel_node/include/dual_dynamixel_node/dual_dynamixel_node/srv/detail/get_positions__rosidl_typesupport_fastrtps_cpp.hpp
[1.624s] -- Up-to-date symlink: /home/manuel/ros2_ws/install/dual_dynamixel_node/include/dual_dynamixel_node/dual_dynamixel_node/msg/detail/set_positions__rosidl_typesupport_introspection_c.h
[1.624s] -- Up-to-date symlink: /home/manuel/ros2_ws/install/dual_dynamixel_node/include/dual_dynamixel_node/dual_dynamixel_node/msg/rosidl_typesupport_introspection_c__visibility_control.h
[1.624s] -- Up-to-date symlink: /home/manuel/ros2_ws/install/dual_dynamixel_node/include/dual_dynamixel_node/dual_dynamixel_node/srv/detail/get_positions__rosidl_typesupport_introspection_c.h
[1.624s] -- Up-to-date symlink: /home/manuel/ros2_ws/install/dual_dynamixel_node/include/dual_dynamixel_node/dual_dynamixel_node/msg/detail/set_positions__rosidl_typesupport_introspection_cpp.hpp
[1.624s] -- Up-to-date symlink: /home/manuel/ros2_ws/install/dual_dynamixel_node/include/dual_dynamixel_node/dual_dynamixel_node/srv/detail/get_positions__rosidl_typesupport_introspection_cpp.hpp
[1.624s] -- Up-to-date symlink: /home/manuel/ros2_ws/install/dual_dynamixel_node/share/dual_dynamixel_node/environment/pythonpath.sh
[1.624s] -- Up-to-date symlink: /home/manuel/ros2_ws/install/dual_dynamixel_node/share/dual_dynamixel_node/environment/pythonpath.dsv
[1.624s] -- Up-to-date symlink: /home/manuel/ros2_ws/install/dual_dynamixel_node/local/lib/python3.10/dist-packages/dual_dynamixel_node-0.0.0-py3.10.egg-info/PKG-INFO
[1.625s] -- Up-to-date symlink: /home/manuel/ros2_ws/install/dual_dynamixel_node/local/lib/python3.10/dist-packages/dual_dynamixel_node-0.0.0-py3.10.egg-info/SOURCES.txt
[1.625s] -- Up-to-date symlink: /home/manuel/ros2_ws/install/dual_dynamixel_node/local/lib/python3.10/dist-packages/dual_dynamixel_node-0.0.0-py3.10.egg-info/dependency_links.txt
[1.626s] -- Up-to-date symlink: /home/manuel/ros2_ws/install/dual_dynamixel_node/local/lib/python3.10/dist-packages/dual_dynamixel_node-0.0.0-py3.10.egg-info/top_level.txt
[1.627s] -- Up-to-date symlink: /home/manuel/ros2_ws/install/dual_dynamixel_node/local/lib/python3.10/dist-packages/dual_dynamixel_node/__init__.py
[1.627s] -- Up-to-date symlink: /home/manuel/ros2_ws/install/dual_dynamixel_node/local/lib/python3.10/dist-packages/dual_dynamixel_node/_dual_dynamixel_node_s.ep.rosidl_typesupport_c.c
[1.627s] -- Up-to-date symlink: /home/manuel/ros2_ws/install/dual_dynamixel_node/local/lib/python3.10/dist-packages/dual_dynamixel_node/_dual_dynamixel_node_s.ep.rosidl_typesupport_fastrtps_c.c
[1.627s] -- Up-to-date symlink: /home/manuel/ros2_ws/install/dual_dynamixel_node/local/lib/python3.10/dist-packages/dual_dynamixel_node/_dual_dynamixel_node_s.ep.rosidl_typesupport_introspection_c.c
[1.627s] -- Up-to-date symlink: /home/manuel/ros2_ws/install/dual_dynamixel_node/local/lib/python3.10/dist-packages/dual_dynamixel_node/dual_dynamixel_node_s__rosidl_typesupport_c.cpython-310-x86_64-linux-gnu.so
[1.627s] -- Up-to-date symlink: /home/manuel/ros2_ws/install/dual_dynamixel_node/local/lib/python3.10/dist-packages/dual_dynamixel_node/dual_dynamixel_node_s__rosidl_typesupport_fastrtps_c.cpython-310-x86_64-linux-gnu.so
[1.627s] -- Up-to-date symlink: /home/manuel/ros2_ws/install/dual_dynamixel_node/local/lib/python3.10/dist-packages/dual_dynamixel_node/dual_dynamixel_node_s__rosidl_typesupport_introspection_c.cpython-310-x86_64-linux-gnu.so
[1.627s] -- Up-to-date symlink: /home/manuel/ros2_ws/install/dual_dynamixel_node/local/lib/python3.10/dist-packages/dual_dynamixel_node/libdual_dynamixel_node__rosidl_generator_py.so
[1.627s] -- Up-to-date symlink: /home/manuel/ros2_ws/install/dual_dynamixel_node/local/lib/python3.10/dist-packages/dual_dynamixel_node/msg/__init__.py
[1.627s] -- Up-to-date symlink: /home/manuel/ros2_ws/install/dual_dynamixel_node/local/lib/python3.10/dist-packages/dual_dynamixel_node/msg/_set_positions.py
[1.627s] -- Up-to-date symlink: /home/manuel/ros2_ws/install/dual_dynamixel_node/local/lib/python3.10/dist-packages/dual_dynamixel_node/msg/_set_positions_s.c
[1.627s] -- Up-to-date symlink: /home/manuel/ros2_ws/install/dual_dynamixel_node/local/lib/python3.10/dist-packages/dual_dynamixel_node/srv/__init__.py
[1.628s] -- Up-to-date symlink: /home/manuel/ros2_ws/install/dual_dynamixel_node/local/lib/python3.10/dist-packages/dual_dynamixel_node/srv/_get_positions.py
[1.628s] -- Up-to-date symlink: /home/manuel/ros2_ws/install/dual_dynamixel_node/local/lib/python3.10/dist-packages/dual_dynamixel_node/srv/_get_positions_s.c
[1.628s] -- Up-to-date symlink: /home/manuel/ros2_ws/install/dual_dynamixel_node/local/lib/python3.10/dist-packages/dual_dynamixel_node/dual_dynamixel_node_s__rosidl_typesupport_fastrtps_c.cpython-310-x86_64-linux-gnu.so
[1.628s] -- Up-to-date symlink: /home/manuel/ros2_ws/install/dual_dynamixel_node/local/lib/python3.10/dist-packages/dual_dynamixel_node/dual_dynamixel_node_s__rosidl_typesupport_introspection_c.cpython-310-x86_64-linux-gnu.so
[1.628s] -- Up-to-date symlink: /home/manuel/ros2_ws/install/dual_dynamixel_node/local/lib/python3.10/dist-packages/dual_dynamixel_node/dual_dynamixel_node_s__rosidl_typesupport_c.cpython-310-x86_64-linux-gnu.so
[1.628s] -- Up-to-date symlink: /home/manuel/ros2_ws/install/dual_dynamixel_node/share/dual_dynamixel_node/msg/SetPositions.idl
[1.628s] -- Up-to-date symlink: /home/manuel/ros2_ws/install/dual_dynamixel_node/share/dual_dynamixel_node/srv/GetPositions.idl
[1.628s] -- Up-to-date symlink: /home/manuel/ros2_ws/install/dual_dynamixel_node/share/dual_dynamixel_node/msg/SetPositions.msg
[1.628s] -- Up-to-date symlink: /home/manuel/ros2_ws/install/dual_dynamixel_node/share/dual_dynamixel_node/srv/GetPositions.srv
[1.628s] -- Up-to-date symlink: /home/manuel/ros2_ws/install/dual_dynamixel_node/share/dual_dynamixel_node/srv/GetPositions_Request.msg
[1.628s] -- Up-to-date symlink: /home/manuel/ros2_ws/install/dual_dynamixel_node/share/dual_dynamixel_node/srv/GetPositions_Response.msg
[1.628s] -- Up-to-date symlink: /home/manuel/ros2_ws/install/dual_dynamixel_node/lib/dual_dynamixel_node/dual_read_write_node
[1.629s] -- Up-to-date symlink: /home/manuel/ros2_ws/install/dual_dynamixel_node/share/ament_index/resource_index/package_run_dependencies/dual_dynamixel_node
[1.629s] -- Up-to-date symlink: /home/manuel/ros2_ws/install/dual_dynamixel_node/share/ament_index/resource_index/parent_prefix_path/dual_dynamixel_node
[1.629s] -- Up-to-date symlink: /home/manuel/ros2_ws/install/dual_dynamixel_node/share/dual_dynamixel_node/environment/ament_prefix_path.sh
[1.629s] -- Up-to-date symlink: /home/manuel/ros2_ws/install/dual_dynamixel_node/share/dual_dynamixel_node/environment/ament_prefix_path.dsv
[1.629s] -- Up-to-date symlink: /home/manuel/ros2_ws/install/dual_dynamixel_node/share/dual_dynamixel_node/environment/path.sh
[1.629s] -- Up-to-date symlink: /home/manuel/ros2_ws/install/dual_dynamixel_node/share/dual_dynamixel_node/environment/path.dsv
[1.629s] -- Up-to-date symlink: /home/manuel/ros2_ws/install/dual_dynamixel_node/share/dual_dynamixel_node/local_setup.bash
[1.630s] -- Up-to-date symlink: /home/manuel/ros2_ws/install/dual_dynamixel_node/share/dual_dynamixel_node/local_setup.sh
[1.630s] -- Up-to-date symlink: /home/manuel/ros2_ws/install/dual_dynamixel_node/share/dual_dynamixel_node/local_setup.zsh
[1.630s] -- Up-to-date symlink: /home/manuel/ros2_ws/install/dual_dynamixel_node/share/dual_dynamixel_node/local_setup.dsv
[1.630s] -- Symlinking: /home/manuel/ros2_ws/install/dual_dynamixel_node/share/dual_dynamixel_node/package.dsv
[1.638s] -- Up-to-date symlink: /home/manuel/ros2_ws/install/dual_dynamixel_node/share/ament_index/resource_index/packages/dual_dynamixel_node
[1.638s] -- Up-to-date symlink: /home/manuel/ros2_ws/install/dual_dynamixel_node/share/dual_dynamixel_node/cmake/rosidl_cmake-extras.cmake
[1.638s] -- Up-to-date symlink: /home/manuel/ros2_ws/install/dual_dynamixel_node/share/dual_dynamixel_node/cmake/ament_cmake_export_dependencies-extras.cmake
[1.638s] -- Up-to-date symlink: /home/manuel/ros2_ws/install/dual_dynamixel_node/share/dual_dynamixel_node/cmake/ament_cmake_export_include_directories-extras.cmake
[1.638s] -- Up-to-date symlink: /home/manuel/ros2_ws/install/dual_dynamixel_node/share/dual_dynamixel_node/cmake/ament_cmake_export_libraries-extras.cmake
[1.638s] -- Up-to-date symlink: /home/manuel/ros2_ws/install/dual_dynamixel_node/share/dual_dynamixel_node/cmake/ament_cmake_export_targets-extras.cmake
[1.638s] -- Up-to-date symlink: /home/manuel/ros2_ws/install/dual_dynamixel_node/share/dual_dynamixel_node/cmake/rosidl_cmake_export_typesupport_targets-extras.cmake
[1.639s] -- Up-to-date symlink: /home/manuel/ros2_ws/install/dual_dynamixel_node/share/dual_dynamixel_node/cmake/rosidl_cmake_export_typesupport_libraries-extras.cmake
[1.639s] -- Up-to-date symlink: /home/manuel/ros2_ws/install/dual_dynamixel_node/share/dual_dynamixel_node/cmake/dual_dynamixel_nodeConfig.cmake
[1.639s] -- Up-to-date symlink: /home/manuel/ros2_ws/install/dual_dynamixel_node/share/dual_dynamixel_node/cmake/dual_dynamixel_nodeConfig-version.cmake
[1.639s] -- Up-to-date symlink: /home/manuel/ros2_ws/install/dual_dynamixel_node/share/dual_dynamixel_node/package.xml
[1.639s] -- Up-to-date: /home/manuel/ros2_ws/install/dual_dynamixel_node/lib/libdual_dynamixel_node__rosidl_generator_c.so
[1.639s] -- Up-to-date: /home/manuel/ros2_ws/install/dual_dynamixel_node/lib/libdual_dynamixel_node__rosidl_typesupport_fastrtps_c.so
[1.639s] -- Up-to-date: /home/manuel/ros2_ws/install/dual_dynamixel_node/lib/libdual_dynamixel_node__rosidl_typesupport_fastrtps_cpp.so
[1.640s] -- Up-to-date: /home/manuel/ros2_ws/install/dual_dynamixel_node/lib/libdual_dynamixel_node__rosidl_typesupport_introspection_c.so
[1.640s] -- Up-to-date: /home/manuel/ros2_ws/install/dual_dynamixel_node/lib/libdual_dynamixel_node__rosidl_typesupport_c.so
[1.640s] -- Up-to-date: /home/manuel/ros2_ws/install/dual_dynamixel_node/lib/libdual_dynamixel_node__rosidl_typesupport_introspection_cpp.so
[1.640s] -- Up-to-date: /home/manuel/ros2_ws/install/dual_dynamixel_node/lib/libdual_dynamixel_node__rosidl_typesupport_cpp.so
[1.669s] Listing '/home/manuel/ros2_ws/install/dual_dynamixel_node/local/lib/python3.10/dist-packages/dual_dynamixel_node'...
[1.669s] Compiling '/home/manuel/ros2_ws/install/dual_dynamixel_node/local/lib/python3.10/dist-packages/dual_dynamixel_node/__init__.py'...
[1.669s] Listing '/home/manuel/ros2_ws/install/dual_dynamixel_node/local/lib/python3.10/dist-packages/dual_dynamixel_node/msg'...
[1.669s] Listing '/home/manuel/ros2_ws/install/dual_dynamixel_node/local/lib/python3.10/dist-packages/dual_dynamixel_node/srv'...
[1.673s] -- Up-to-date: /home/manuel/ros2_ws/install/dual_dynamixel_node/lib/libdual_dynamixel_node__rosidl_generator_py.so
[1.674s] -- Up-to-date: /home/manuel/ros2_ws/install/dual_dynamixel_node/share/dual_dynamixel_node/cmake/export_dual_dynamixel_node__rosidl_generator_cExport.cmake
[1.674s] -- Up-to-date: /home/manuel/ros2_ws/install/dual_dynamixel_node/share/dual_dynamixel_node/cmake/export_dual_dynamixel_node__rosidl_generator_cExport-noconfig.cmake
[1.674s] -- Up-to-date: /home/manuel/ros2_ws/install/dual_dynamixel_node/share/dual_dynamixel_node/cmake/export_dual_dynamixel_node__rosidl_typesupport_fastrtps_cExport.cmake
[1.674s] -- Up-to-date: /home/manuel/ros2_ws/install/dual_dynamixel_node/share/dual_dynamixel_node/cmake/export_dual_dynamixel_node__rosidl_typesupport_fastrtps_cExport-noconfig.cmake
[1.674s] -- Up-to-date: /home/manuel/ros2_ws/install/dual_dynamixel_node/share/dual_dynamixel_node/cmake/export_dual_dynamixel_node__rosidl_generator_cppExport.cmake
[1.674s] -- Up-to-date: /home/manuel/ros2_ws/install/dual_dynamixel_node/share/dual_dynamixel_node/cmake/export_dual_dynamixel_node__rosidl_typesupport_fastrtps_cppExport.cmake
[1.674s] -- Up-to-date: /home/manuel/ros2_ws/install/dual_dynamixel_node/share/dual_dynamixel_node/cmake/export_dual_dynamixel_node__rosidl_typesupport_fastrtps_cppExport-noconfig.cmake
[1.675s] -- Up-to-date: /home/manuel/ros2_ws/install/dual_dynamixel_node/share/dual_dynamixel_node/cmake/dual_dynamixel_node__rosidl_typesupport_introspection_cExport.cmake
[1.675s] -- Up-to-date: /home/manuel/ros2_ws/install/dual_dynamixel_node/share/dual_dynamixel_node/cmake/dual_dynamixel_node__rosidl_typesupport_introspection_cExport-noconfig.cmake
[1.675s] -- Up-to-date: /home/manuel/ros2_ws/install/dual_dynamixel_node/share/dual_dynamixel_node/cmake/dual_dynamixel_node__rosidl_typesupport_cExport.cmake
[1.675s] -- Up-to-date: /home/manuel/ros2_ws/install/dual_dynamixel_node/share/dual_dynamixel_node/cmake/dual_dynamixel_node__rosidl_typesupport_cExport-noconfig.cmake
[1.675s] -- Up-to-date: /home/manuel/ros2_ws/install/dual_dynamixel_node/share/dual_dynamixel_node/cmake/dual_dynamixel_node__rosidl_typesupport_introspection_cppExport.cmake
[1.675s] -- Up-to-date: /home/manuel/ros2_ws/install/dual_dynamixel_node/share/dual_dynamixel_node/cmake/dual_dynamixel_node__rosidl_typesupport_introspection_cppExport-noconfig.cmake
[1.675s] -- Up-to-date: /home/manuel/ros2_ws/install/dual_dynamixel_node/share/dual_dynamixel_node/cmake/dual_dynamixel_node__rosidl_typesupport_cppExport.cmake
[1.675s] -- Up-to-date: /home/manuel/ros2_ws/install/dual_dynamixel_node/share/dual_dynamixel_node/cmake/dual_dynamixel_node__rosidl_typesupport_cppExport-noconfig.cmake
[1.675s] -- Up-to-date: /home/manuel/ros2_ws/install/dual_dynamixel_node/share/dual_dynamixel_node/cmake/export_dual_dynamixel_node__rosidl_generator_pyExport.cmake
[1.676s] -- Up-to-date: /home/manuel/ros2_ws/install/dual_dynamixel_node/share/dual_dynamixel_node/cmake/export_dual_dynamixel_node__rosidl_generator_pyExport-noconfig.cmake
[1.678s] Invoked command in '/home/manuel/ros2_ws/build/dual_dynamixel_node' returned '0': AMENT_PREFIX_PATH=/home/manuel/ros2_ws/install/dynamixel_sdk:${AMENT_PREFIX_PATH} CMAKE_PREFIX_PATH=/home/manuel/ros2_ws/install/dynamixel_sdk:/opt/ros/humble LD_LIBRARY_PATH=/home/manuel/ros2_ws/install/dynamixel_sdk/lib:${LD_LIBRARY_PATH} PYTHONPATH=/home/manuel/ros2_ws/install/dynamixel_sdk/local/lib/python3.10/dist-packages:${PYTHONPATH} /usr/bin/cmake --install /home/manuel/ros2_ws/build/dual_dynamixel_node
