[0.530s] DEBUG:colcon:Command line arguments: ['/usr/bin/colcon', 'build']
[0.531s] DEBUG:colcon:Parsed command line arguments: Namespace(log_base=None, log_level=None, verb_name='build', build_base='build', install_base='install', merge_install=False, symlink_install=False, test_result_base=None, continue_on_error=False, executor='parallel', parallel_workers=4, event_handlers=None, ignore_user_meta=False, metas=['./colcon.meta'], base_paths=['.'], packages_ignore=None, packages_ignore_regex=None, paths=None, packages_up_to=None, packages_up_to_regex=None, packages_above=None, packages_above_and_dependencies=None, packages_above_depth=None, packages_select_by_dep=None, packages_skip_by_dep=None, packages_skip_up_to=None, packages_select_build_failed=False, packages_skip_build_finished=False, packages_select_test_failures=False, packages_skip_test_passed=False, packages_select=None, packages_skip=None, packages_select_regex=None, packages_skip_regex=None, packages_start=None, packages_end=None, allow_overriding=[], cmake_args=None, cmake_target=None, cmake_target_skip_unavailable=False, cmake_clean_cache=False, cmake_clean_first=False, cmake_force_configure=False, ament_cmake_args=None, catkin_cmake_args=None, catkin_skip_building_tests=False, verb_parser=<colcon_defaults.argument_parser.defaults.DefaultArgumentsDecorator object at 0xffff99956e30>, verb_extension=<colcon_core.verb.build.BuildVerb object at 0xffff99a902e0>, main=<bound method BuildVerb.main of <colcon_core.verb.build.BuildVerb object at 0xffff99a902e0>>)
[1.327s] Level 1:colcon.colcon_core.package_discovery:discover_packages(colcon_meta) check parameters
[1.327s] Level 1:colcon.colcon_core.package_discovery:discover_packages(recursive) check parameters
[1.327s] Level 1:colcon.colcon_core.package_discovery:discover_packages(ignore) check parameters
[1.327s] Level 1:colcon.colcon_core.package_discovery:discover_packages(path) check parameters
[1.327s] Level 1:colcon.colcon_core.package_discovery:discover_packages(colcon_meta) discover
[1.328s] Level 1:colcon.colcon_core.package_discovery:discover_packages(recursive) discover
[1.328s] INFO:colcon.colcon_core.package_discovery:Crawling recursively for packages in '/home/manuel/ros2_ws/src'
[1.328s] Level 1:colcon.colcon_core.package_identification:_identify(.) by extensions ['ignore', 'ignore_ament_install']
[1.329s] Level 1:colcon.colcon_core.package_identification:_identify(.) by extension 'ignore'
[1.329s] Level 1:colcon.colcon_core.package_identification:_identify(.) by extension 'ignore_ament_install'
[1.329s] Level 1:colcon.colcon_core.package_identification:_identify(.) by extensions ['colcon_pkg']
[1.329s] Level 1:colcon.colcon_core.package_identification:_identify(.) by extension 'colcon_pkg'
[1.329s] Level 1:colcon.colcon_core.package_identification:_identify(.) by extensions ['colcon_meta']
[1.330s] Level 1:colcon.colcon_core.package_identification:_identify(.) by extension 'colcon_meta'
[1.330s] Level 1:colcon.colcon_core.package_identification:_identify(.) by extensions ['ros']
[1.330s] Level 1:colcon.colcon_core.package_identification:_identify(.) by extension 'ros'
[1.387s] Level 1:colcon.colcon_core.package_identification:_identify(.) by extensions ['cmake', 'python']
[1.388s] Level 1:colcon.colcon_core.package_identification:_identify(.) by extension 'cmake'
[1.388s] Level 1:colcon.colcon_core.package_identification:_identify(.) by extension 'python'
[1.388s] Level 1:colcon.colcon_core.package_identification:_identify(.) by extensions ['python_setup_py']
[1.388s] Level 1:colcon.colcon_core.package_identification:_identify(.) by extension 'python_setup_py'
[1.389s] Level 1:colcon.colcon_core.package_identification:_identify(build) by extensions ['ignore', 'ignore_ament_install']
[1.389s] Level 1:colcon.colcon_core.package_identification:_identify(build) by extension 'ignore'
[1.389s] Level 1:colcon.colcon_core.package_identification:_identify(build) ignored
[1.390s] Level 1:colcon.colcon_core.package_identification:_identify(install) by extensions ['ignore', 'ignore_ament_install']
[1.390s] Level 1:colcon.colcon_core.package_identification:_identify(install) by extension 'ignore'
[1.391s] Level 1:colcon.colcon_core.package_identification:_identify(install) ignored
[1.391s] Level 1:colcon.colcon_core.package_identification:_identify(log) by extensions ['ignore', 'ignore_ament_install']
[1.391s] Level 1:colcon.colcon_core.package_identification:_identify(log) by extension 'ignore'
[1.391s] Level 1:colcon.colcon_core.package_identification:_identify(log) ignored
[1.392s] Level 1:colcon.colcon_core.package_identification:_identify(my_cpp_pkg) by extensions ['ignore', 'ignore_ament_install']
[1.392s] Level 1:colcon.colcon_core.package_identification:_identify(my_cpp_pkg) by extension 'ignore'
[1.392s] Level 1:colcon.colcon_core.package_identification:_identify(my_cpp_pkg) by extension 'ignore_ament_install'
[1.393s] Level 1:colcon.colcon_core.package_identification:_identify(my_cpp_pkg) by extensions ['colcon_pkg']
[1.393s] Level 1:colcon.colcon_core.package_identification:_identify(my_cpp_pkg) by extension 'colcon_pkg'
[1.393s] Level 1:colcon.colcon_core.package_identification:_identify(my_cpp_pkg) by extensions ['colcon_meta']
[1.393s] Level 1:colcon.colcon_core.package_identification:_identify(my_cpp_pkg) by extension 'colcon_meta'
[1.393s] Level 1:colcon.colcon_core.package_identification:_identify(my_cpp_pkg) by extensions ['ros']
[1.393s] Level 1:colcon.colcon_core.package_identification:_identify(my_cpp_pkg) by extension 'ros'
[1.403s] DEBUG:colcon.colcon_core.package_identification:Package 'my_cpp_pkg' with type 'ros.ament_cmake' and name 'my_cpp_pkg'
[1.403s] Level 1:colcon.colcon_core.package_discovery:discover_packages(recursive) using defaults
[1.403s] Level 1:colcon.colcon_core.package_discovery:discover_packages(ignore) discover
[1.403s] Level 1:colcon.colcon_core.package_discovery:discover_packages(ignore) using defaults
[1.403s] Level 1:colcon.colcon_core.package_discovery:discover_packages(path) discover
[1.403s] Level 1:colcon.colcon_core.package_discovery:discover_packages(path) using defaults
[1.489s] Level 1:colcon.colcon_core.package_discovery:discover_packages(prefix_path) check parameters
[1.489s] Level 1:colcon.colcon_core.package_discovery:discover_packages(prefix_path) discover
[1.499s] DEBUG:colcon.colcon_installed_package_information.package_discovery:Found 1 installed packages in /home/manuel/ros2_ws/src/install
[1.508s] DEBUG:colcon.colcon_installed_package_information.package_discovery:Found 271 installed packages in /opt/ros/humble
[1.515s] Level 1:colcon.colcon_core.package_discovery:discover_packages(prefix_path) using defaults
[1.725s] Level 5:colcon.colcon_core.verb:set package 'my_cpp_pkg' build argument 'cmake_args' from command line to 'None'
[1.725s] Level 5:colcon.colcon_core.verb:set package 'my_cpp_pkg' build argument 'cmake_target' from command line to 'None'
[1.725s] Level 5:colcon.colcon_core.verb:set package 'my_cpp_pkg' build argument 'cmake_target_skip_unavailable' from command line to 'False'
[1.725s] Level 5:colcon.colcon_core.verb:set package 'my_cpp_pkg' build argument 'cmake_clean_cache' from command line to 'False'
[1.726s] Level 5:colcon.colcon_core.verb:set package 'my_cpp_pkg' build argument 'cmake_clean_first' from command line to 'False'
[1.726s] Level 5:colcon.colcon_core.verb:set package 'my_cpp_pkg' build argument 'cmake_force_configure' from command line to 'False'
[1.726s] Level 5:colcon.colcon_core.verb:set package 'my_cpp_pkg' build argument 'ament_cmake_args' from command line to 'None'
[1.726s] Level 5:colcon.colcon_core.verb:set package 'my_cpp_pkg' build argument 'catkin_cmake_args' from command line to 'None'
[1.726s] Level 5:colcon.colcon_core.verb:set package 'my_cpp_pkg' build argument 'catkin_skip_building_tests' from command line to 'False'
[1.726s] DEBUG:colcon.colcon_core.verb:Building package 'my_cpp_pkg' with the following arguments: {'ament_cmake_args': None, 'build_base': '/home/manuel/ros2_ws/src/build/my_cpp_pkg', 'catkin_cmake_args': None, 'catkin_skip_building_tests': False, 'cmake_args': None, 'cmake_clean_cache': False, 'cmake_clean_first': False, 'cmake_force_configure': False, 'cmake_target': None, 'cmake_target_skip_unavailable': False, 'install_base': '/home/manuel/ros2_ws/src/install/my_cpp_pkg', 'merge_install': False, 'path': '/home/manuel/ros2_ws/src/my_cpp_pkg', 'symlink_install': False, 'test_result_base': None}
[1.727s] INFO:colcon.colcon_core.executor:Executing jobs using 'parallel' executor
[1.730s] DEBUG:colcon.colcon_parallel_executor.executor.parallel:run_until_complete
[1.731s] INFO:colcon.colcon_ros.task.ament_cmake.build:Building ROS package in '/home/manuel/ros2_ws/src/my_cpp_pkg' with build type 'ament_cmake'
[1.732s] INFO:colcon.colcon_cmake.task.cmake.build:Building CMake package in '/home/manuel/ros2_ws/src/my_cpp_pkg'
[1.744s] INFO:colcon.colcon_core.plugin_system:Skipping extension 'colcon_core.shell.bat': Not used on non-Windows systems
[1.746s] INFO:colcon.colcon_core.shell:Skip shell extension 'powershell' for command environment: Not usable outside of PowerShell
[1.746s] DEBUG:colcon.colcon_core.shell:Skip shell extension 'dsv' for command environment
[1.793s] DEBUG:colcon.colcon_core.event_handler.log_command:Invoking command in '/home/manuel/ros2_ws/src/build/my_cpp_pkg': CMAKE_PREFIX_PATH=${CMAKE_PREFIX_PATH}:/opt/ros/humble /usr/bin/cmake /home/manuel/ros2_ws/src/my_cpp_pkg -DCMAKE_INSTALL_PREFIX=/home/manuel/ros2_ws/src/install/my_cpp_pkg
[4.840s] DEBUG:colcon.colcon_core.event_handler.log_command:Invoked command in '/home/manuel/ros2_ws/src/build/my_cpp_pkg' returned '0': CMAKE_PREFIX_PATH=${CMAKE_PREFIX_PATH}:/opt/ros/humble /usr/bin/cmake /home/manuel/ros2_ws/src/my_cpp_pkg -DCMAKE_INSTALL_PREFIX=/home/manuel/ros2_ws/src/install/my_cpp_pkg
[4.853s] DEBUG:colcon.colcon_core.event_handler.log_command:Invoking command in '/home/manuel/ros2_ws/src/build/my_cpp_pkg': CMAKE_PREFIX_PATH=${CMAKE_PREFIX_PATH}:/opt/ros/humble /usr/bin/cmake --build /home/manuel/ros2_ws/src/build/my_cpp_pkg -- -j4 -l4
[18.054s] DEBUG:colcon.colcon_core.event_handler.log_command:Invoked command in '/home/manuel/ros2_ws/src/build/my_cpp_pkg' returned '2': CMAKE_PREFIX_PATH=${CMAKE_PREFIX_PATH}:/opt/ros/humble /usr/bin/cmake --build /home/manuel/ros2_ws/src/build/my_cpp_pkg -- -j4 -l4
[18.058s] Level 1:colcon.colcon_core.environment:create_environment_scripts_only(my_cpp_pkg)
[18.071s] Level 1:colcon.colcon_core.environment:checking '/home/manuel/ros2_ws/src/install/my_cpp_pkg' for CMake module files
[18.074s] Level 1:colcon.colcon_core.environment:checking '/home/manuel/ros2_ws/src/install/my_cpp_pkg' for CMake config files
[18.076s] Level 1:colcon.colcon_core.shell:create_environment_hook('my_cpp_pkg', 'cmake_prefix_path')
[18.077s] INFO:colcon.colcon_core.shell:Creating environment hook '/home/manuel/ros2_ws/src/install/my_cpp_pkg/share/my_cpp_pkg/hook/cmake_prefix_path.ps1'
[18.080s] INFO:colcon.colcon_core.shell:Creating environment descriptor '/home/manuel/ros2_ws/src/install/my_cpp_pkg/share/my_cpp_pkg/hook/cmake_prefix_path.dsv'
[18.082s] INFO:colcon.colcon_core.shell:Creating environment hook '/home/manuel/ros2_ws/src/install/my_cpp_pkg/share/my_cpp_pkg/hook/cmake_prefix_path.sh'
[18.086s] Level 1:colcon.colcon_core.environment:checking '/home/manuel/ros2_ws/src/install/my_cpp_pkg/bin'
[18.086s] Level 1:colcon.colcon_core.environment:checking '/home/manuel/ros2_ws/src/install/my_cpp_pkg/lib/pkgconfig/my_cpp_pkg.pc'
[18.088s] Level 1:colcon.colcon_core.environment:checking '/home/manuel/ros2_ws/src/install/my_cpp_pkg/lib/python3.10/site-packages'
[18.089s] Level 1:colcon.colcon_core.environment:checking '/home/manuel/ros2_ws/src/install/my_cpp_pkg/bin'
[18.090s] INFO:colcon.colcon_core.shell:Creating package script '/home/manuel/ros2_ws/src/install/my_cpp_pkg/share/my_cpp_pkg/package.ps1'
[18.094s] INFO:colcon.colcon_core.shell:Creating package descriptor '/home/manuel/ros2_ws/src/install/my_cpp_pkg/share/my_cpp_pkg/package.dsv'
[18.098s] INFO:colcon.colcon_core.shell:Creating package script '/home/manuel/ros2_ws/src/install/my_cpp_pkg/share/my_cpp_pkg/package.sh'
[18.102s] INFO:colcon.colcon_core.shell:Creating package script '/home/manuel/ros2_ws/src/install/my_cpp_pkg/share/my_cpp_pkg/package.bash'
[18.106s] INFO:colcon.colcon_core.shell:Creating package script '/home/manuel/ros2_ws/src/install/my_cpp_pkg/share/my_cpp_pkg/package.zsh'
[18.114s] Level 1:colcon.colcon_core.environment:create_file_with_runtime_dependencies(/home/manuel/ros2_ws/src/install/my_cpp_pkg/share/colcon-core/packages/my_cpp_pkg)
[18.127s] DEBUG:colcon.colcon_parallel_executor.executor.parallel:closing loop
[18.128s] DEBUG:colcon.colcon_parallel_executor.executor.parallel:loop closed
[18.128s] DEBUG:colcon.colcon_parallel_executor.executor.parallel:run_until_complete finished with '2'
[18.129s] DEBUG:colcon.colcon_core.event_reactor:joining thread
[18.157s] INFO:colcon.colcon_core.plugin_system:Skipping extension 'colcon_notification.desktop_notification.terminal_notifier': Not used on non-Darwin systems
[18.158s] INFO:colcon.colcon_core.plugin_system:Skipping extension 'colcon_notification.desktop_notification.win32': Not used on non-Windows systems
[18.158s] INFO:colcon.colcon_notification.desktop_notification:Sending desktop notification using 'notify2'
[18.227s] DEBUG:colcon.colcon_core.event_reactor:joined thread
[18.228s] INFO:colcon.colcon_core.shell:Creating prefix script '/home/manuel/ros2_ws/src/install/local_setup.ps1'
[18.233s] INFO:colcon.colcon_core.shell:Creating prefix util module '/home/manuel/ros2_ws/src/install/_local_setup_util_ps1.py'
[18.241s] INFO:colcon.colcon_core.shell:Creating prefix chain script '/home/manuel/ros2_ws/src/install/setup.ps1'
[18.248s] INFO:colcon.colcon_core.shell:Creating prefix script '/home/manuel/ros2_ws/src/install/local_setup.sh'
[18.252s] INFO:colcon.colcon_core.shell:Creating prefix util module '/home/manuel/ros2_ws/src/install/_local_setup_util_sh.py'
[18.255s] INFO:colcon.colcon_core.shell:Creating prefix chain script '/home/manuel/ros2_ws/src/install/setup.sh'
[18.262s] INFO:colcon.colcon_core.shell:Creating prefix script '/home/manuel/ros2_ws/src/install/local_setup.bash'
[18.265s] INFO:colcon.colcon_core.shell:Creating prefix chain script '/home/manuel/ros2_ws/src/install/setup.bash'
[18.271s] INFO:colcon.colcon_core.shell:Creating prefix script '/home/manuel/ros2_ws/src/install/local_setup.zsh'
[18.273s] INFO:colcon.colcon_core.shell:Creating prefix chain script '/home/manuel/ros2_ws/src/install/setup.zsh'
