[01m[K/home/manuel/ros2_ws/src/my_cpp_pkg/src/main.cpp:13:16:[m[K [01;35m[Kwarning: [m[Kmissing terminating " character
   13 |         : Node([01;35m[K"[m[Kminimal_subscriber)
      |                [01;35m[K^[m[K
[01m[K/home/manuel/ros2_ws/src/my_cpp_pkg/src/main.cpp:13:16:[m[K [01;31m[Kerror: [m[Kmissing terminating " character
   13 |         : Node([01;31m[K"minimal_subscriber)[m[K
      |                [01;31m[K^~~~~~~~~~~~~~~~~~~~[m[K
[01m[K/home/manuel/ros2_ws/src/my_cpp_pkg/src/main.cpp:[m[K In constructor ‘[01m[KMinimalSubscriber::MinimalSubscriber()[m[K’:
[01m[K/home/manuel/ros2_ws/src/my_cpp_pkg/src/main.cpp:15:17:[m[K [01;31m[Kerror: [m[K‘[01m[Ksubscription_[m[K’ was not declared in this scope; did you mean ‘[01m[Krmw_subscription_t[m[K’?
   15 |                 [01;31m[Ksubscription_[m[K = this->create_subscription<std_msgs::String>(
      |                 [01;31m[K^~~~~~~~~~~~~[m[K
      |                 [32m[Krmw_subscription_t[m[K
[01m[K/home/manuel/ros2_ws/src/my_cpp_pkg/src/main.cpp:15:69:[m[K [01;31m[Kerror: [m[K‘[01m[KString[m[K’ is not a member of ‘[01m[Kstd_msgs[m[K’; did you mean ‘[01m[Kstd_msgs::msg::String[m[K’?
   15 |                 subscription_ = this->create_subscription<std_msgs::[01;31m[KString[m[K>(
      |                                                                     [01;31m[K^~~~~~[m[K
In file included from [01m[K/opt/ros/humble/include/std_msgs/std_msgs/msg/string.hpp:7[m[K,
                 from [01m[K/home/manuel/ros2_ws/src/my_cpp_pkg/src/main.cpp:5[m[K:
[01m[K/opt/ros/humble/include/std_msgs/std_msgs/msg/detail/string__struct.hpp:122:7:[m[K [01;36m[Knote: [m[K‘[01m[Kstd_msgs::msg::String[m[K’ declared here
  122 | using [01;36m[KString[m[K =
      |       [01;36m[K^~~~~~[m[K
[01m[K/home/manuel/ros2_ws/src/my_cpp_pkg/src/main.cpp:18:63:[m[K [01;31m[Kerror: [m[K‘[01m[Ktopic_callback[m[K’ is not a member of ‘[01m[KMinimalSubscriber[m[K’
   18 |                                 std::bind(&MinimalSubscriber::[01;31m[Ktopic_callback[m[K, this, _1));
      |                                                               [01;31m[K^~~~~~~~~~~~~~[m[K
[01m[K/home/manuel/ros2_ws/src/my_cpp_pkg/src/main.cpp:18:89:[m[K [01;31m[Kerror: [m[Kexpected ‘[01m[K}[m[K’ before ‘[01m[K;[m[K’ token
   18 |                                 std::bind(&MinimalSubscriber::topic_callback, this, _1))[01;31m[K;[m[K
      |                                                                                         [01;31m[K^[m[K
[01m[K/home/manuel/ros2_ws/src/my_cpp_pkg/src/main.cpp:14:9:[m[K [01;36m[Knote: [m[Kto match this ‘[01m[K{[m[K’
   14 |         [01;36m[K{[m[K
      |         [01;36m[K^[m[K
[01m[K/home/manuel/ros2_ws/src/my_cpp_pkg/src/main.cpp:18:89:[m[K [01;31m[Kerror: [m[Kexpected ‘[01m[K)[m[K’ before ‘[01m[K;[m[K’ token
   18 |                                 std::bind(&MinimalSubscriber::topic_callback, this, _1))[01;31m[K;[m[K
      |                                                                                         [01;31m[K^[m[K
[01m[K/home/manuel/ros2_ws/src/my_cpp_pkg/src/main.cpp:13:15:[m[K [01;36m[Knote: [m[Kto match this ‘[01m[K([m[K’
   13 |         : Node[01;36m[K([m[K"minimal_subscriber)
      |               [01;36m[K^[m[K
[01m[K/home/manuel/ros2_ws/src/my_cpp_pkg/src/main.cpp:18:89:[m[K [01;31m[Kerror: [m[Kno matching function for call to ‘[01m[Krclcpp::Node::Node()[m[K’
   18 |                                 std::bind(&MinimalSubscriber::topic_callback, this, _1))[01;31m[K;[m[K
      |                                                                                         [01;31m[K^[m[K
In file included from [01m[K/opt/ros/humble/include/rclcpp/rclcpp/executors/single_threaded_executor.hpp:28[m[K,
                 from [01m[K/opt/ros/humble/include/rclcpp/rclcpp/executors.hpp:22[m[K,
                 from [01m[K/opt/ros/humble/include/rclcpp/rclcpp/rclcpp.hpp:155[m[K,
                 from [01m[K/home/manuel/ros2_ws/src/my_cpp_pkg/src/main.cpp:4[m[K:
[01m[K/opt/ros/humble/include/rclcpp/rclcpp/node.hpp:1294:3:[m[K [01;36m[Knote: [m[Kcandidate: ‘[01m[Krclcpp::Node::Node(const rclcpp::Node&, const string&)[m[K’
 1294 |   [01;36m[KNode[m[K(
      |   [01;36m[K^~~~[m[K
[01m[K/opt/ros/humble/include/rclcpp/rclcpp/node.hpp:1294:3:[m[K [01;36m[Knote: [m[K  candidate expects 2 arguments, 0 provided
[01m[K/opt/ros/humble/include/rclcpp/rclcpp/node.hpp:101:12:[m[K [01;36m[Knote: [m[Kcandidate: ‘[01m[Krclcpp::Node::Node(const string&, const string&, const rclcpp::NodeOptions&)[m[K’
  101 |   explicit [01;36m[KNode[m[K(
      |            [01;36m[K^~~~[m[K
[01m[K/opt/ros/humble/include/rclcpp/rclcpp/node.hpp:101:12:[m[K [01;36m[Knote: [m[K  candidate expects 3 arguments, 0 provided
[01m[K/opt/ros/humble/include/rclcpp/rclcpp/node.hpp:89:12:[m[K [01;36m[Knote: [m[Kcandidate: ‘[01m[Krclcpp::Node::Node(const string&, const rclcpp::NodeOptions&)[m[K’
   89 |   explicit [01;36m[KNode[m[K(
      |            [01;36m[K^~~~[m[K
[01m[K/opt/ros/humble/include/rclcpp/rclcpp/node.hpp:89:12:[m[K [01;36m[Knote: [m[K  candidate expects 2 arguments, 0 provided
[01m[K/home/manuel/ros2_ws/src/my_cpp_pkg/src/main.cpp:18:89:[m[K [01;31m[Kerror: [m[Kexpected ‘[01m[K{[m[K’ before ‘[01m[K;[m[K’ token
   18 |                                 std::bind(&MinimalSubscriber::topic_callback, this, _1))[01;31m[K;[m[K
      |                                                                                         [01;31m[K^[m[K
gmake[2]: *** [CMakeFiles/minimal_subscriber.dir/build.make:76: CMakeFiles/minimal_subscriber.dir/src/main.cpp.o] Error 1
gmake[1]: *** [CMakeFiles/Makefile2:137: CMakeFiles/minimal_subscriber.dir/all] Error 2
gmake: *** [Makefile:146: all] Error 2
