[  2%] Built target joint_positions_node__cpp
[ 12%] Built target joint_positions_node__rosidl_generator_c
[ 12%] Built target ament_cmake_python_symlink_joint_positions_node
[ 21%] Built target joint_positions_node__rosidl_typesupport_introspection_cpp
[ 31%] Built target joint_positions_node__rosidl_typesupport_cpp
[ 41%] Built target joint_positions_node__rosidl_typesupport_c
[ 51%] Built target joint_positions_node__rosidl_typesupport_fastrtps_cpp
[ 70%] Built target joint_positions_node__rosidl_typesupport_introspection_c
[ 70%] Built target joint_positions_node__rosidl_typesupport_fastrtps_c
[ 70%] Built target joint_positions_node
[ 73%] Built target joint_positions_node__py
[ 78%] Built target joint_positions_driver
[ 85%] Built target joint_positions_node__rosidl_generator_py
[ 90%] Built target joint_positions_node__rosidl_typesupport_fastrtps_c__pyext
[ 95%] Built target joint_positions_node__rosidl_typesupport_introspection_c__pyext
[100%] Built target joint_positions_node__rosidl_typesupport_c__pyext
running egg_info
writing joint_positions_node.egg-info/PKG-INFO
writing dependency_links to joint_positions_node.egg-info/dependency_links.txt
writing top-level names to joint_positions_node.egg-info/top_level.txt
reading manifest file 'joint_positions_node.egg-info/SOURCES.txt'
writing manifest file 'joint_positions_node.egg-info/SOURCES.txt'
[100%] Built target ament_cmake_python_build_joint_positions_node_egg
-- Install configuration: ""
-- Execute custom install script
-- Up-to-date symlink: /home/manuel/ros2_ws/install/joint_positions_node/share/ament_index/resource_index/rosidl_interfaces/joint_positions_node
-- Up-to-date symlink: /home/manuel/ros2_ws/install/joint_positions_node/include/joint_positions_node/joint_positions_node/msg/detail/set_joint_degrees__functions.h
-- Up-to-date symlink: /home/manuel/ros2_ws/install/joint_positions_node/include/joint_positions_node/joint_positions_node/msg/detail/set_joint_degrees__struct.h
-- Up-to-date symlink: /home/manuel/ros2_ws/install/joint_positions_node/include/joint_positions_node/joint_positions_node/msg/detail/set_joint_degrees__type_support.h
-- Up-to-date symlink: /home/manuel/ros2_ws/install/joint_positions_node/include/joint_positions_node/joint_positions_node/msg/rosidl_generator_c__visibility_control.h
-- Up-to-date symlink: /home/manuel/ros2_ws/install/joint_positions_node/include/joint_positions_node/joint_positions_node/msg/set_joint_degrees.h
-- Up-to-date symlink: /home/manuel/ros2_ws/install/joint_positions_node/include/joint_positions_node/joint_positions_node/srv/detail/get_joint_degrees__functions.h
-- Up-to-date symlink: /home/manuel/ros2_ws/install/joint_positions_node/include/joint_positions_node/joint_positions_node/srv/detail/get_joint_degrees__struct.h
-- Up-to-date symlink: /home/manuel/ros2_ws/install/joint_positions_node/include/joint_positions_node/joint_positions_node/srv/detail/get_joint_degrees__type_support.h
-- Up-to-date symlink: /home/manuel/ros2_ws/install/joint_positions_node/include/joint_positions_node/joint_positions_node/srv/get_joint_degrees.h
-- Up-to-date symlink: /home/manuel/ros2_ws/install/joint_positions_node/share/joint_positions_node/environment/library_path.sh
-- Up-to-date symlink: /home/manuel/ros2_ws/install/joint_positions_node/share/joint_positions_node/environment/library_path.dsv
-- Up-to-date symlink: /home/manuel/ros2_ws/install/joint_positions_node/include/joint_positions_node/joint_positions_node/msg/detail/set_joint_degrees__rosidl_typesupport_fastrtps_c.h
-- Up-to-date symlink: /home/manuel/ros2_ws/install/joint_positions_node/include/joint_positions_node/joint_positions_node/msg/rosidl_typesupport_fastrtps_c__visibility_control.h
-- Up-to-date symlink: /home/manuel/ros2_ws/install/joint_positions_node/include/joint_positions_node/joint_positions_node/srv/detail/get_joint_degrees__rosidl_typesupport_fastrtps_c.h
-- Up-to-date symlink: /home/manuel/ros2_ws/install/joint_positions_node/include/joint_positions_node/joint_positions_node/msg/detail/set_joint_degrees__builder.hpp
-- Up-to-date symlink: /home/manuel/ros2_ws/install/joint_positions_node/include/joint_positions_node/joint_positions_node/msg/detail/set_joint_degrees__struct.hpp
-- Up-to-date symlink: /home/manuel/ros2_ws/install/joint_positions_node/include/joint_positions_node/joint_positions_node/msg/detail/set_joint_degrees__traits.hpp
-- Up-to-date symlink: /home/manuel/ros2_ws/install/joint_positions_node/include/joint_positions_node/joint_positions_node/msg/detail/set_joint_degrees__type_support.hpp
-- Up-to-date symlink: /home/manuel/ros2_ws/install/joint_positions_node/include/joint_positions_node/joint_positions_node/msg/rosidl_generator_cpp__visibility_control.hpp
-- Up-to-date symlink: /home/manuel/ros2_ws/install/joint_positions_node/include/joint_positions_node/joint_positions_node/msg/set_joint_degrees.hpp
-- Up-to-date symlink: /home/manuel/ros2_ws/install/joint_positions_node/include/joint_positions_node/joint_positions_node/srv/detail/get_joint_degrees__builder.hpp
-- Up-to-date symlink: /home/manuel/ros2_ws/install/joint_positions_node/include/joint_positions_node/joint_positions_node/srv/detail/get_joint_degrees__struct.hpp
-- Up-to-date symlink: /home/manuel/ros2_ws/install/joint_positions_node/include/joint_positions_node/joint_positions_node/srv/detail/get_joint_degrees__traits.hpp
-- Up-to-date symlink: /home/manuel/ros2_ws/install/joint_positions_node/include/joint_positions_node/joint_positions_node/srv/detail/get_joint_degrees__type_support.hpp
-- Up-to-date symlink: /home/manuel/ros2_ws/install/joint_positions_node/include/joint_positions_node/joint_positions_node/srv/get_joint_degrees.hpp
-- Up-to-date symlink: /home/manuel/ros2_ws/install/joint_positions_node/include/joint_positions_node/joint_positions_node/msg/detail/set_joint_degrees__rosidl_typesupport_fastrtps_cpp.hpp
-- Up-to-date symlink: /home/manuel/ros2_ws/install/joint_positions_node/include/joint_positions_node/joint_positions_node/msg/rosidl_typesupport_fastrtps_cpp__visibility_control.h
-- Up-to-date symlink: /home/manuel/ros2_ws/install/joint_positions_node/include/joint_positions_node/joint_positions_node/srv/detail/get_joint_degrees__rosidl_typesupport_fastrtps_cpp.hpp
-- Up-to-date symlink: /home/manuel/ros2_ws/install/joint_positions_node/include/joint_positions_node/joint_positions_node/msg/detail/set_joint_degrees__rosidl_typesupport_introspection_c.h
-- Up-to-date symlink: /home/manuel/ros2_ws/install/joint_positions_node/include/joint_positions_node/joint_positions_node/msg/rosidl_typesupport_introspection_c__visibility_control.h
-- Up-to-date symlink: /home/manuel/ros2_ws/install/joint_positions_node/include/joint_positions_node/joint_positions_node/srv/detail/get_joint_degrees__rosidl_typesupport_introspection_c.h
-- Up-to-date symlink: /home/manuel/ros2_ws/install/joint_positions_node/include/joint_positions_node/joint_positions_node/msg/detail/set_joint_degrees__rosidl_typesupport_introspection_cpp.hpp
-- Up-to-date symlink: /home/manuel/ros2_ws/install/joint_positions_node/include/joint_positions_node/joint_positions_node/srv/detail/get_joint_degrees__rosidl_typesupport_introspection_cpp.hpp
-- Up-to-date symlink: /home/manuel/ros2_ws/install/joint_positions_node/share/joint_positions_node/environment/pythonpath.sh
-- Up-to-date symlink: /home/manuel/ros2_ws/install/joint_positions_node/share/joint_positions_node/environment/pythonpath.dsv
-- Up-to-date symlink: /home/manuel/ros2_ws/install/joint_positions_node/local/lib/python3.10/dist-packages/joint_positions_node-0.0.0-py3.10.egg-info/PKG-INFO
-- Up-to-date symlink: /home/manuel/ros2_ws/install/joint_positions_node/local/lib/python3.10/dist-packages/joint_positions_node-0.0.0-py3.10.egg-info/SOURCES.txt
-- Up-to-date symlink: /home/manuel/ros2_ws/install/joint_positions_node/local/lib/python3.10/dist-packages/joint_positions_node-0.0.0-py3.10.egg-info/dependency_links.txt
-- Up-to-date symlink: /home/manuel/ros2_ws/install/joint_positions_node/local/lib/python3.10/dist-packages/joint_positions_node-0.0.0-py3.10.egg-info/top_level.txt
-- Up-to-date symlink: /home/manuel/ros2_ws/install/joint_positions_node/local/lib/python3.10/dist-packages/joint_positions_node/__init__.py
-- Up-to-date symlink: /home/manuel/ros2_ws/install/joint_positions_node/local/lib/python3.10/dist-packages/joint_positions_node/_joint_positions_node_s.ep.rosidl_typesupport_c.c
-- Up-to-date symlink: /home/manuel/ros2_ws/install/joint_positions_node/local/lib/python3.10/dist-packages/joint_positions_node/_joint_positions_node_s.ep.rosidl_typesupport_fastrtps_c.c
-- Up-to-date symlink: /home/manuel/ros2_ws/install/joint_positions_node/local/lib/python3.10/dist-packages/joint_positions_node/_joint_positions_node_s.ep.rosidl_typesupport_introspection_c.c
-- Up-to-date symlink: /home/manuel/ros2_ws/install/joint_positions_node/local/lib/python3.10/dist-packages/joint_positions_node/joint_positions_node_s__rosidl_typesupport_c.cpython-310-x86_64-linux-gnu.so
-- Up-to-date symlink: /home/manuel/ros2_ws/install/joint_positions_node/local/lib/python3.10/dist-packages/joint_positions_node/joint_positions_node_s__rosidl_typesupport_fastrtps_c.cpython-310-x86_64-linux-gnu.so
-- Up-to-date symlink: /home/manuel/ros2_ws/install/joint_positions_node/local/lib/python3.10/dist-packages/joint_positions_node/joint_positions_node_s__rosidl_typesupport_introspection_c.cpython-310-x86_64-linux-gnu.so
-- Up-to-date symlink: /home/manuel/ros2_ws/install/joint_positions_node/local/lib/python3.10/dist-packages/joint_positions_node/libjoint_positions_node__rosidl_generator_py.so
-- Up-to-date symlink: /home/manuel/ros2_ws/install/joint_positions_node/local/lib/python3.10/dist-packages/joint_positions_node/msg/__init__.py
-- Up-to-date symlink: /home/manuel/ros2_ws/install/joint_positions_node/local/lib/python3.10/dist-packages/joint_positions_node/msg/_set_joint_degrees.py
-- Up-to-date symlink: /home/manuel/ros2_ws/install/joint_positions_node/local/lib/python3.10/dist-packages/joint_positions_node/msg/_set_joint_degrees_s.c
-- Up-to-date symlink: /home/manuel/ros2_ws/install/joint_positions_node/local/lib/python3.10/dist-packages/joint_positions_node/srv/__init__.py
-- Up-to-date symlink: /home/manuel/ros2_ws/install/joint_positions_node/local/lib/python3.10/dist-packages/joint_positions_node/srv/_get_joint_degrees.py
-- Up-to-date symlink: /home/manuel/ros2_ws/install/joint_positions_node/local/lib/python3.10/dist-packages/joint_positions_node/srv/_get_joint_degrees_s.c
-- Up-to-date symlink: /home/manuel/ros2_ws/install/joint_positions_node/local/lib/python3.10/dist-packages/joint_positions_node/joint_positions_node_s__rosidl_typesupport_fastrtps_c.cpython-310-x86_64-linux-gnu.so
-- Up-to-date symlink: /home/manuel/ros2_ws/install/joint_positions_node/local/lib/python3.10/dist-packages/joint_positions_node/joint_positions_node_s__rosidl_typesupport_introspection_c.cpython-310-x86_64-linux-gnu.so
-- Up-to-date symlink: /home/manuel/ros2_ws/install/joint_positions_node/local/lib/python3.10/dist-packages/joint_positions_node/joint_positions_node_s__rosidl_typesupport_c.cpython-310-x86_64-linux-gnu.so
-- Up-to-date symlink: /home/manuel/ros2_ws/install/joint_positions_node/share/joint_positions_node/msg/SetJointDegrees.idl
-- Up-to-date symlink: /home/manuel/ros2_ws/install/joint_positions_node/share/joint_positions_node/srv/GetJointDegrees.idl
-- Up-to-date symlink: /home/manuel/ros2_ws/install/joint_positions_node/share/joint_positions_node/msg/SetJointDegrees.msg
-- Up-to-date symlink: /home/manuel/ros2_ws/install/joint_positions_node/share/joint_positions_node/srv/GetJointDegrees.srv
-- Up-to-date symlink: /home/manuel/ros2_ws/install/joint_positions_node/share/joint_positions_node/srv/GetJointDegrees_Request.msg
-- Up-to-date symlink: /home/manuel/ros2_ws/install/joint_positions_node/share/joint_positions_node/srv/GetJointDegrees_Response.msg
-- Up-to-date symlink: /home/manuel/ros2_ws/install/joint_positions_node/lib/joint_positions_node/joint_positions_driver
-- Up-to-date symlink: /home/manuel/ros2_ws/install/joint_positions_node/share/ament_index/resource_index/package_run_dependencies/joint_positions_node
-- Up-to-date symlink: /home/manuel/ros2_ws/install/joint_positions_node/share/ament_index/resource_index/parent_prefix_path/joint_positions_node
-- Up-to-date symlink: /home/manuel/ros2_ws/install/joint_positions_node/share/joint_positions_node/environment/ament_prefix_path.sh
-- Up-to-date symlink: /home/manuel/ros2_ws/install/joint_positions_node/share/joint_positions_node/environment/ament_prefix_path.dsv
-- Up-to-date symlink: /home/manuel/ros2_ws/install/joint_positions_node/share/joint_positions_node/environment/path.sh
-- Up-to-date symlink: /home/manuel/ros2_ws/install/joint_positions_node/share/joint_positions_node/environment/path.dsv
-- Up-to-date symlink: /home/manuel/ros2_ws/install/joint_positions_node/share/joint_positions_node/local_setup.bash
-- Up-to-date symlink: /home/manuel/ros2_ws/install/joint_positions_node/share/joint_positions_node/local_setup.sh
-- Up-to-date symlink: /home/manuel/ros2_ws/install/joint_positions_node/share/joint_positions_node/local_setup.zsh
-- Up-to-date symlink: /home/manuel/ros2_ws/install/joint_positions_node/share/joint_positions_node/local_setup.dsv
-- Symlinking: /home/manuel/ros2_ws/install/joint_positions_node/share/joint_positions_node/package.dsv
-- Up-to-date symlink: /home/manuel/ros2_ws/install/joint_positions_node/share/ament_index/resource_index/packages/joint_positions_node
-- Up-to-date symlink: /home/manuel/ros2_ws/install/joint_positions_node/share/joint_positions_node/cmake/rosidl_cmake-extras.cmake
-- Up-to-date symlink: /home/manuel/ros2_ws/install/joint_positions_node/share/joint_positions_node/cmake/ament_cmake_export_dependencies-extras.cmake
-- Up-to-date symlink: /home/manuel/ros2_ws/install/joint_positions_node/share/joint_positions_node/cmake/ament_cmake_export_include_directories-extras.cmake
-- Up-to-date symlink: /home/manuel/ros2_ws/install/joint_positions_node/share/joint_positions_node/cmake/ament_cmake_export_libraries-extras.cmake
-- Up-to-date symlink: /home/manuel/ros2_ws/install/joint_positions_node/share/joint_positions_node/cmake/ament_cmake_export_targets-extras.cmake
-- Up-to-date symlink: /home/manuel/ros2_ws/install/joint_positions_node/share/joint_positions_node/cmake/rosidl_cmake_export_typesupport_targets-extras.cmake
-- Up-to-date symlink: /home/manuel/ros2_ws/install/joint_positions_node/share/joint_positions_node/cmake/rosidl_cmake_export_typesupport_libraries-extras.cmake
-- Up-to-date symlink: /home/manuel/ros2_ws/install/joint_positions_node/share/joint_positions_node/cmake/joint_positions_nodeConfig.cmake
-- Up-to-date symlink: /home/manuel/ros2_ws/install/joint_positions_node/share/joint_positions_node/cmake/joint_positions_nodeConfig-version.cmake
-- Up-to-date symlink: /home/manuel/ros2_ws/install/joint_positions_node/share/joint_positions_node/package.xml
-- Up-to-date: /home/manuel/ros2_ws/install/joint_positions_node/lib/libjoint_positions_node__rosidl_generator_c.so
-- Up-to-date: /home/manuel/ros2_ws/install/joint_positions_node/lib/libjoint_positions_node__rosidl_typesupport_fastrtps_c.so
-- Up-to-date: /home/manuel/ros2_ws/install/joint_positions_node/lib/libjoint_positions_node__rosidl_typesupport_fastrtps_cpp.so
-- Up-to-date: /home/manuel/ros2_ws/install/joint_positions_node/lib/libjoint_positions_node__rosidl_typesupport_introspection_c.so
-- Up-to-date: /home/manuel/ros2_ws/install/joint_positions_node/lib/libjoint_positions_node__rosidl_typesupport_c.so
-- Up-to-date: /home/manuel/ros2_ws/install/joint_positions_node/lib/libjoint_positions_node__rosidl_typesupport_introspection_cpp.so
-- Up-to-date: /home/manuel/ros2_ws/install/joint_positions_node/lib/libjoint_positions_node__rosidl_typesupport_cpp.so
Listing '/home/manuel/ros2_ws/install/joint_positions_node/local/lib/python3.10/dist-packages/joint_positions_node'...
Listing '/home/manuel/ros2_ws/install/joint_positions_node/local/lib/python3.10/dist-packages/joint_positions_node/msg'...
Listing '/home/manuel/ros2_ws/install/joint_positions_node/local/lib/python3.10/dist-packages/joint_positions_node/srv'...
-- Up-to-date: /home/manuel/ros2_ws/install/joint_positions_node/lib/libjoint_positions_node__rosidl_generator_py.so
-- Up-to-date: /home/manuel/ros2_ws/install/joint_positions_node/share/joint_positions_node/cmake/export_joint_positions_node__rosidl_generator_cExport.cmake
-- Up-to-date: /home/manuel/ros2_ws/install/joint_positions_node/share/joint_positions_node/cmake/export_joint_positions_node__rosidl_generator_cExport-noconfig.cmake
-- Up-to-date: /home/manuel/ros2_ws/install/joint_positions_node/share/joint_positions_node/cmake/export_joint_positions_node__rosidl_typesupport_fastrtps_cExport.cmake
-- Up-to-date: /home/manuel/ros2_ws/install/joint_positions_node/share/joint_positions_node/cmake/export_joint_positions_node__rosidl_typesupport_fastrtps_cExport-noconfig.cmake
-- Up-to-date: /home/manuel/ros2_ws/install/joint_positions_node/share/joint_positions_node/cmake/export_joint_positions_node__rosidl_generator_cppExport.cmake
-- Up-to-date: /home/manuel/ros2_ws/install/joint_positions_node/share/joint_positions_node/cmake/export_joint_positions_node__rosidl_typesupport_fastrtps_cppExport.cmake
-- Up-to-date: /home/manuel/ros2_ws/install/joint_positions_node/share/joint_positions_node/cmake/export_joint_positions_node__rosidl_typesupport_fastrtps_cppExport-noconfig.cmake
-- Up-to-date: /home/manuel/ros2_ws/install/joint_positions_node/share/joint_positions_node/cmake/joint_positions_node__rosidl_typesupport_introspection_cExport.cmake
-- Up-to-date: /home/manuel/ros2_ws/install/joint_positions_node/share/joint_positions_node/cmake/joint_positions_node__rosidl_typesupport_introspection_cExport-noconfig.cmake
-- Up-to-date: /home/manuel/ros2_ws/install/joint_positions_node/share/joint_positions_node/cmake/joint_positions_node__rosidl_typesupport_cExport.cmake
-- Up-to-date: /home/manuel/ros2_ws/install/joint_positions_node/share/joint_positions_node/cmake/joint_positions_node__rosidl_typesupport_cExport-noconfig.cmake
-- Up-to-date: /home/manuel/ros2_ws/install/joint_positions_node/share/joint_positions_node/cmake/joint_positions_node__rosidl_typesupport_introspection_cppExport.cmake
-- Up-to-date: /home/manuel/ros2_ws/install/joint_positions_node/share/joint_positions_node/cmake/joint_positions_node__rosidl_typesupport_introspection_cppExport-noconfig.cmake
-- Up-to-date: /home/manuel/ros2_ws/install/joint_positions_node/share/joint_positions_node/cmake/joint_positions_node__rosidl_typesupport_cppExport.cmake
-- Up-to-date: /home/manuel/ros2_ws/install/joint_positions_node/share/joint_positions_node/cmake/joint_positions_node__rosidl_typesupport_cppExport-noconfig.cmake
-- Up-to-date: /home/manuel/ros2_ws/install/joint_positions_node/share/joint_positions_node/cmake/export_joint_positions_node__rosidl_generator_pyExport.cmake
-- Up-to-date: /home/manuel/ros2_ws/install/joint_positions_node/share/joint_positions_node/cmake/export_joint_positions_node__rosidl_generator_pyExport-noconfig.cmake
