[0.027s] Invoking command in '/home/manuel/ros2_ws/build/dynamixel_sdk': CMAKE_PREFIX_PATH=${CMAKE_PREFIX_PATH}:/home/manuel/ros2_ws/install/joint_plotter:/opt/ros/humble /usr/bin/cmake --build /home/manuel/ros2_ws/build/dynamixel_sdk -- -j12 -l12
[0.293s] [100%] Built target dynamixel_sdk
[0.294s] [100%] Built target ament_cmake_python_symlink_dynamixel_sdk
[0.328s] running egg_info
[0.328s] writing dynamixel_sdk.egg-info/PKG-INFO
[0.328s] writing dependency_links to dynamixel_sdk.egg-info/dependency_links.txt
[0.329s] writing top-level names to dynamixel_sdk.egg-info/top_level.txt
[0.331s] reading manifest file 'dynamixel_sdk.egg-info/SOURCES.txt'
[0.331s] writing manifest file 'dynamixel_sdk.egg-info/SOURCES.txt'
[0.367s] [100%] Built target ament_cmake_python_build_dynamixel_sdk_egg
[0.377s] Invoked command in '/home/manuel/ros2_ws/build/dynamixel_sdk' returned '0': CMAKE_PREFIX_PATH=${CMAKE_PREFIX_PATH}:/home/manuel/ros2_ws/install/joint_plotter:/opt/ros/humble /usr/bin/cmake --build /home/manuel/ros2_ws/build/dynamixel_sdk -- -j12 -l12
[0.378s] Invoking command in '/home/manuel/ros2_ws/build/dynamixel_sdk': CMAKE_PREFIX_PATH=${CMAKE_PREFIX_PATH}:/home/manuel/ros2_ws/install/joint_plotter:/opt/ros/humble /usr/bin/cmake --install /home/manuel/ros2_ws/build/dynamixel_sdk
[0.384s] -- Install configuration: ""
[0.384s] -- Execute custom install script
[0.385s] -- Up-to-date symlink: /home/manuel/ros2_ws/install/dynamixel_sdk/include//dynamixel_sdk/dynamixel_sdk.h
[0.385s] -- Up-to-date symlink: /home/manuel/ros2_ws/install/dynamixel_sdk/include//dynamixel_sdk/group_bulk_read.h
[0.385s] -- Up-to-date symlink: /home/manuel/ros2_ws/install/dynamixel_sdk/include//dynamixel_sdk/group_bulk_write.h
[0.386s] -- Up-to-date symlink: /home/manuel/ros2_ws/install/dynamixel_sdk/include//dynamixel_sdk/group_fast_bulk_read.h
[0.386s] -- Up-to-date symlink: /home/manuel/ros2_ws/install/dynamixel_sdk/include//dynamixel_sdk/group_fast_sync_read.h
[0.386s] -- Up-to-date symlink: /home/manuel/ros2_ws/install/dynamixel_sdk/include//dynamixel_sdk/group_handler.h
[0.386s] -- Up-to-date symlink: /home/manuel/ros2_ws/install/dynamixel_sdk/include//dynamixel_sdk/group_sync_read.h
[0.386s] -- Up-to-date symlink: /home/manuel/ros2_ws/install/dynamixel_sdk/include//dynamixel_sdk/group_sync_write.h
[0.386s] -- Up-to-date symlink: /home/manuel/ros2_ws/install/dynamixel_sdk/include//dynamixel_sdk/packet_handler.h
[0.386s] -- Up-to-date symlink: /home/manuel/ros2_ws/install/dynamixel_sdk/include//dynamixel_sdk/port_handler.h
[0.386s] -- Up-to-date symlink: /home/manuel/ros2_ws/install/dynamixel_sdk/include//dynamixel_sdk/port_handler_arduino.h
[0.386s] -- Up-to-date symlink: /home/manuel/ros2_ws/install/dynamixel_sdk/include//dynamixel_sdk/port_handler_linux.h
[0.387s] -- Up-to-date symlink: /home/manuel/ros2_ws/install/dynamixel_sdk/include//dynamixel_sdk/port_handler_mac.h
[0.387s] -- Up-to-date symlink: /home/manuel/ros2_ws/install/dynamixel_sdk/include//dynamixel_sdk/port_handler_windows.h
[0.387s] -- Up-to-date symlink: /home/manuel/ros2_ws/install/dynamixel_sdk/include//dynamixel_sdk/protocol1_packet_handler.h
[0.387s] -- Up-to-date symlink: /home/manuel/ros2_ws/install/dynamixel_sdk/include//dynamixel_sdk/protocol2_packet_handler.h
[0.387s] -- Up-to-date symlink: /home/manuel/ros2_ws/install/dynamixel_sdk/lib/libdynamixel_sdk.so
[0.387s] -- Up-to-date symlink: /home/manuel/ros2_ws/install/dynamixel_sdk/share/dynamixel_sdk/environment/pythonpath.sh
[0.387s] -- Up-to-date symlink: /home/manuel/ros2_ws/install/dynamixel_sdk/share/dynamixel_sdk/environment/pythonpath.dsv
[0.387s] -- Up-to-date symlink: /home/manuel/ros2_ws/install/dynamixel_sdk/local/lib/python3.10/dist-packages/dynamixel_sdk-3.8.3-py3.10.egg-info/PKG-INFO
[0.387s] -- Up-to-date symlink: /home/manuel/ros2_ws/install/dynamixel_sdk/local/lib/python3.10/dist-packages/dynamixel_sdk-3.8.3-py3.10.egg-info/SOURCES.txt
[0.388s] -- Up-to-date symlink: /home/manuel/ros2_ws/install/dynamixel_sdk/local/lib/python3.10/dist-packages/dynamixel_sdk-3.8.3-py3.10.egg-info/dependency_links.txt
[0.388s] -- Up-to-date symlink: /home/manuel/ros2_ws/install/dynamixel_sdk/local/lib/python3.10/dist-packages/dynamixel_sdk-3.8.3-py3.10.egg-info/top_level.txt
[0.390s] -- Up-to-date symlink: /home/manuel/ros2_ws/install/dynamixel_sdk/local/lib/python3.10/dist-packages/dynamixel_sdk/__init__.py
[0.390s] -- Up-to-date symlink: /home/manuel/ros2_ws/install/dynamixel_sdk/local/lib/python3.10/dist-packages/dynamixel_sdk/group_bulk_read.cpp
[0.390s] -- Up-to-date symlink: /home/manuel/ros2_ws/install/dynamixel_sdk/local/lib/python3.10/dist-packages/dynamixel_sdk/group_bulk_read.py
[0.391s] -- Up-to-date symlink: /home/manuel/ros2_ws/install/dynamixel_sdk/local/lib/python3.10/dist-packages/dynamixel_sdk/group_bulk_write.cpp
[0.392s] -- Up-to-date symlink: /home/manuel/ros2_ws/install/dynamixel_sdk/local/lib/python3.10/dist-packages/dynamixel_sdk/group_bulk_write.py
[0.392s] -- Up-to-date symlink: /home/manuel/ros2_ws/install/dynamixel_sdk/local/lib/python3.10/dist-packages/dynamixel_sdk/group_fast_bulk_read.cpp
[0.392s] -- Up-to-date symlink: /home/manuel/ros2_ws/install/dynamixel_sdk/local/lib/python3.10/dist-packages/dynamixel_sdk/group_fast_sync_read.cpp
[0.392s] -- Up-to-date symlink: /home/manuel/ros2_ws/install/dynamixel_sdk/local/lib/python3.10/dist-packages/dynamixel_sdk/group_handler.cpp
[0.393s] -- Up-to-date symlink: /home/manuel/ros2_ws/install/dynamixel_sdk/local/lib/python3.10/dist-packages/dynamixel_sdk/group_sync_read.cpp
[0.393s] -- Up-to-date symlink: /home/manuel/ros2_ws/install/dynamixel_sdk/local/lib/python3.10/dist-packages/dynamixel_sdk/group_sync_read.py
[0.393s] -- Up-to-date symlink: /home/manuel/ros2_ws/install/dynamixel_sdk/local/lib/python3.10/dist-packages/dynamixel_sdk/group_sync_write.cpp
[0.394s] -- Up-to-date symlink: /home/manuel/ros2_ws/install/dynamixel_sdk/local/lib/python3.10/dist-packages/dynamixel_sdk/group_sync_write.py
[0.395s] -- Up-to-date symlink: /home/manuel/ros2_ws/install/dynamixel_sdk/local/lib/python3.10/dist-packages/dynamixel_sdk/packet_handler.cpp
[0.396s] -- Up-to-date symlink: /home/manuel/ros2_ws/install/dynamixel_sdk/local/lib/python3.10/dist-packages/dynamixel_sdk/packet_handler.py
[0.396s] -- Up-to-date symlink: /home/manuel/ros2_ws/install/dynamixel_sdk/local/lib/python3.10/dist-packages/dynamixel_sdk/port_handler.cpp
[0.396s] -- Up-to-date symlink: /home/manuel/ros2_ws/install/dynamixel_sdk/local/lib/python3.10/dist-packages/dynamixel_sdk/port_handler.py
[0.397s] -- Up-to-date symlink: /home/manuel/ros2_ws/install/dynamixel_sdk/local/lib/python3.10/dist-packages/dynamixel_sdk/port_handler_arduino.cpp
[0.397s] -- Up-to-date symlink: /home/manuel/ros2_ws/install/dynamixel_sdk/local/lib/python3.10/dist-packages/dynamixel_sdk/port_handler_linux.cpp
[0.397s] -- Up-to-date symlink: /home/manuel/ros2_ws/install/dynamixel_sdk/local/lib/python3.10/dist-packages/dynamixel_sdk/port_handler_mac.cpp
[0.398s] -- Up-to-date symlink: /home/manuel/ros2_ws/install/dynamixel_sdk/local/lib/python3.10/dist-packages/dynamixel_sdk/port_handler_windows.cpp
[0.398s] -- Up-to-date symlink: /home/manuel/ros2_ws/install/dynamixel_sdk/local/lib/python3.10/dist-packages/dynamixel_sdk/protocol1_packet_handler.cpp
[0.398s] -- Up-to-date symlink: /home/manuel/ros2_ws/install/dynamixel_sdk/local/lib/python3.10/dist-packages/dynamixel_sdk/protocol1_packet_handler.py
[0.399s] -- Up-to-date symlink: /home/manuel/ros2_ws/install/dynamixel_sdk/local/lib/python3.10/dist-packages/dynamixel_sdk/protocol2_packet_handler.cpp
[0.400s] -- Up-to-date symlink: /home/manuel/ros2_ws/install/dynamixel_sdk/local/lib/python3.10/dist-packages/dynamixel_sdk/protocol2_packet_handler.py
[0.400s] -- Up-to-date symlink: /home/manuel/ros2_ws/install/dynamixel_sdk/local/lib/python3.10/dist-packages/dynamixel_sdk/robotis_def.py
[0.400s] -- Up-to-date symlink: /home/manuel/ros2_ws/install/dynamixel_sdk/share/dynamixel_sdk/environment/library_path.sh
[0.400s] -- Up-to-date symlink: /home/manuel/ros2_ws/install/dynamixel_sdk/share/dynamixel_sdk/environment/library_path.dsv
[0.400s] -- Up-to-date symlink: /home/manuel/ros2_ws/install/dynamixel_sdk/share/ament_index/resource_index/package_run_dependencies/dynamixel_sdk
[0.400s] -- Up-to-date symlink: /home/manuel/ros2_ws/install/dynamixel_sdk/share/ament_index/resource_index/parent_prefix_path/dynamixel_sdk
[0.401s] -- Up-to-date symlink: /home/manuel/ros2_ws/install/dynamixel_sdk/share/dynamixel_sdk/environment/ament_prefix_path.sh
[0.401s] -- Up-to-date symlink: /home/manuel/ros2_ws/install/dynamixel_sdk/share/dynamixel_sdk/environment/ament_prefix_path.dsv
[0.401s] -- Up-to-date symlink: /home/manuel/ros2_ws/install/dynamixel_sdk/share/dynamixel_sdk/environment/path.sh
[0.401s] -- Up-to-date symlink: /home/manuel/ros2_ws/install/dynamixel_sdk/share/dynamixel_sdk/environment/path.dsv
[0.402s] -- Up-to-date symlink: /home/manuel/ros2_ws/install/dynamixel_sdk/share/dynamixel_sdk/local_setup.bash
[0.402s] -- Up-to-date symlink: /home/manuel/ros2_ws/install/dynamixel_sdk/share/dynamixel_sdk/local_setup.sh
[0.402s] -- Up-to-date symlink: /home/manuel/ros2_ws/install/dynamixel_sdk/share/dynamixel_sdk/local_setup.zsh
[0.402s] -- Up-to-date symlink: /home/manuel/ros2_ws/install/dynamixel_sdk/share/dynamixel_sdk/local_setup.dsv
[0.402s] -- Symlinking: /home/manuel/ros2_ws/install/dynamixel_sdk/share/dynamixel_sdk/package.dsv
[0.402s] -- Up-to-date symlink: /home/manuel/ros2_ws/install/dynamixel_sdk/share/ament_index/resource_index/packages/dynamixel_sdk
[0.403s] -- Up-to-date symlink: /home/manuel/ros2_ws/install/dynamixel_sdk/share/dynamixel_sdk/cmake/ament_cmake_export_include_directories-extras.cmake
[0.403s] -- Up-to-date symlink: /home/manuel/ros2_ws/install/dynamixel_sdk/share/dynamixel_sdk/cmake/ament_cmake_export_libraries-extras.cmake
[0.404s] -- Up-to-date symlink: /home/manuel/ros2_ws/install/dynamixel_sdk/share/dynamixel_sdk/cmake/dynamixel_sdkConfig.cmake
[0.405s] -- Up-to-date symlink: /home/manuel/ros2_ws/install/dynamixel_sdk/share/dynamixel_sdk/cmake/dynamixel_sdkConfig-version.cmake
[0.406s] -- Up-to-date symlink: /home/manuel/ros2_ws/install/dynamixel_sdk/share/dynamixel_sdk/package.xml
[0.438s] Listing '/home/manuel/ros2_ws/install/dynamixel_sdk/local/lib/python3.10/dist-packages/dynamixel_sdk'...
[0.447s] Invoked command in '/home/manuel/ros2_ws/build/dynamixel_sdk' returned '0': CMAKE_PREFIX_PATH=${CMAKE_PREFIX_PATH}:/home/manuel/ros2_ws/install/joint_plotter:/opt/ros/humble /usr/bin/cmake --install /home/manuel/ros2_ws/build/dynamixel_sdk
