[0.011s] Invoking command in '/home/manuel/ros2_ws/build/ball_centroid_detector': CMAKE_PREFIX_PATH=${CMAKE_PREFIX_PATH}:/home/manuel/ros2_ws/install/joint_plotter:/opt/ros/humble /usr/bin/cmake --build /home/manuel/ros2_ws/build/ball_centroid_detector -- -j12 -l12
[0.050s] [35m[1mConsolidate compiler generated dependencies of target ball_detector[0m
[0.066s] [ 50%] [32mBuilding CXX object CMakeFiles/ball_detector.dir/src/detector.cpp.o[0m
[9.050s] [100%] [32m[1mLinking CXX executable ball_detector[0m
[9.684s] [100%] Built target ball_detector
[9.695s] Invoked command in '/home/manuel/ros2_ws/build/ball_centroid_detector' returned '0': CMAKE_PREFIX_PATH=${CMAKE_PREFIX_PATH}:/home/manuel/ros2_ws/install/joint_plotter:/opt/ros/humble /usr/bin/cmake --build /home/manuel/ros2_ws/build/ball_centroid_detector -- -j12 -l12
[9.704s] Invoking command in '/home/manuel/ros2_ws/build/ball_centroid_detector': CMAKE_PREFIX_PATH=${CMAKE_PREFIX_PATH}:/home/manuel/ros2_ws/install/joint_plotter:/opt/ros/humble /usr/bin/cmake --install /home/manuel/ros2_ws/build/ball_centroid_detector
[9.711s] -- Install configuration: ""
[9.712s] -- Execute custom install script
[9.712s] -- Up-to-date symlink: /home/manuel/ros2_ws/install/ball_centroid_detector/lib/ball_centroid_detector/ball_detector
[9.712s] -- Up-to-date symlink: /home/manuel/ros2_ws/install/ball_centroid_detector/share/ament_index/resource_index/package_run_dependencies/ball_centroid_detector
[9.713s] -- Up-to-date symlink: /home/manuel/ros2_ws/install/ball_centroid_detector/share/ament_index/resource_index/parent_prefix_path/ball_centroid_detector
[9.713s] -- Up-to-date symlink: /home/manuel/ros2_ws/install/ball_centroid_detector/share/ball_centroid_detector/environment/ament_prefix_path.sh
[9.713s] -- Up-to-date symlink: /home/manuel/ros2_ws/install/ball_centroid_detector/share/ball_centroid_detector/environment/ament_prefix_path.dsv
[9.713s] -- Up-to-date symlink: /home/manuel/ros2_ws/install/ball_centroid_detector/share/ball_centroid_detector/environment/path.sh
[9.714s] -- Up-to-date symlink: /home/manuel/ros2_ws/install/ball_centroid_detector/share/ball_centroid_detector/environment/path.dsv
[9.714s] -- Up-to-date symlink: /home/manuel/ros2_ws/install/ball_centroid_detector/share/ball_centroid_detector/local_setup.bash
[9.714s] -- Up-to-date symlink: /home/manuel/ros2_ws/install/ball_centroid_detector/share/ball_centroid_detector/local_setup.sh
[9.714s] -- Up-to-date symlink: /home/manuel/ros2_ws/install/ball_centroid_detector/share/ball_centroid_detector/local_setup.zsh
[9.714s] -- Up-to-date symlink: /home/manuel/ros2_ws/install/ball_centroid_detector/share/ball_centroid_detector/local_setup.dsv
[9.714s] -- Symlinking: /home/manuel/ros2_ws/install/ball_centroid_detector/share/ball_centroid_detector/package.dsv
[9.723s] -- Up-to-date symlink: /home/manuel/ros2_ws/install/ball_centroid_detector/share/ament_index/resource_index/packages/ball_centroid_detector
[9.723s] -- Up-to-date symlink: /home/manuel/ros2_ws/install/ball_centroid_detector/share/ball_centroid_detector/cmake/ball_centroid_detectorConfig.cmake
[9.724s] -- Up-to-date symlink: /home/manuel/ros2_ws/install/ball_centroid_detector/share/ball_centroid_detector/cmake/ball_centroid_detectorConfig-version.cmake
[9.724s] -- Up-to-date symlink: /home/manuel/ros2_ws/install/ball_centroid_detector/share/ball_centroid_detector/package.xml
[9.726s] Invoked command in '/home/manuel/ros2_ws/build/ball_centroid_detector' returned '0': CMAKE_PREFIX_PATH=${CMAKE_PREFIX_PATH}:/home/manuel/ros2_ws/install/joint_plotter:/opt/ros/humble /usr/bin/cmake --install /home/manuel/ros2_ws/build/ball_centroid_detector
