[0.493s] Invoking command in '/home/manuel/ros2_ws/src/joint_plotter': AMENT_PREFIX_PATH=/home/manuel/ros2_ws/install/inverse_kinematics_node:/home/manuel/ros2_ws/install/dynamixel_sdk:${AMENT_PREFIX_PATH} CMAKE_PREFIX_PATH=/home/manuel/ros2_ws/install/inverse_kinematics_node:/home/manuel/ros2_ws/install/dynamixel_sdk LD_LIBRARY_PATH=/home/manuel/ros2_ws/install/inverse_kinematics_node/lib:/home/manuel/ros2_ws/install/dynamixel_sdk/lib:${LD_LIBRARY_PATH} PYTHONPATH=/home/manuel/ros2_ws/build/joint_plotter/prefix_override:/usr/lib/python3/dist-packages/colcon_core/task/python/colcon_distutils_commands:/home/manuel/ros2_ws/install/joint_plotter/lib/python3.10/site-packages:/home/manuel/ros2_ws/install/inverse_kinematics_node/local/lib/python3.10/dist-packages:/home/manuel/ros2_ws/install/dynamixel_sdk/local/lib/python3.10/dist-packages:${PYTHONPATH} /usr/bin/python3 -W ignore:setup.py install is deprecated -W ignore:easy_install command is deprecated setup.py egg_info --egg-base ../../build/joint_plotter build --build-base /home/manuel/ros2_ws/build/joint_plotter/build install --record /home/manuel/ros2_ws/build/joint_plotter/install.log --single-version-externally-managed
[0.677s] running egg_info
[0.678s] writing ../../build/joint_plotter/joint_plotter.egg-info/PKG-INFO
[0.678s] writing dependency_links to ../../build/joint_plotter/joint_plotter.egg-info/dependency_links.txt
[0.678s] writing entry points to ../../build/joint_plotter/joint_plotter.egg-info/entry_points.txt
[0.678s] writing requirements to ../../build/joint_plotter/joint_plotter.egg-info/requires.txt
[0.678s] writing top-level names to ../../build/joint_plotter/joint_plotter.egg-info/top_level.txt
[0.680s] reading manifest file '../../build/joint_plotter/joint_plotter.egg-info/SOURCES.txt'
[0.680s] writing manifest file '../../build/joint_plotter/joint_plotter.egg-info/SOURCES.txt'
[0.680s] running build
[0.680s] running build_py
[0.681s] running install
[0.681s] running install_lib
[0.682s] running install_egg_info
[0.683s] removing '/home/manuel/ros2_ws/install/joint_plotter/lib/python3.10/site-packages/joint_plotter-0.0.1-py3.10.egg-info' (and everything under it)
[0.683s] Copying ../../build/joint_plotter/joint_plotter.egg-info to /home/manuel/ros2_ws/install/joint_plotter/lib/python3.10/site-packages/joint_plotter-0.0.1-py3.10.egg-info
[0.684s] running install_scripts
[0.701s] Installing joint_plotter script to /home/manuel/ros2_ws/install/joint_plotter/lib/joint_plotter
[0.701s] writing list of installed files to '/home/manuel/ros2_ws/build/joint_plotter/install.log'
[0.718s] Invoked command in '/home/manuel/ros2_ws/src/joint_plotter' returned '0': AMENT_PREFIX_PATH=/home/manuel/ros2_ws/install/inverse_kinematics_node:/home/manuel/ros2_ws/install/dynamixel_sdk:${AMENT_PREFIX_PATH} CMAKE_PREFIX_PATH=/home/manuel/ros2_ws/install/inverse_kinematics_node:/home/manuel/ros2_ws/install/dynamixel_sdk LD_LIBRARY_PATH=/home/manuel/ros2_ws/install/inverse_kinematics_node/lib:/home/manuel/ros2_ws/install/dynamixel_sdk/lib:${LD_LIBRARY_PATH} PYTHONPATH=/home/manuel/ros2_ws/build/joint_plotter/prefix_override:/usr/lib/python3/dist-packages/colcon_core/task/python/colcon_distutils_commands:/home/manuel/ros2_ws/install/joint_plotter/lib/python3.10/site-packages:/home/manuel/ros2_ws/install/inverse_kinematics_node/local/lib/python3.10/dist-packages:/home/manuel/ros2_ws/install/dynamixel_sdk/local/lib/python3.10/dist-packages:${PYTHONPATH} /usr/bin/python3 -W ignore:setup.py install is deprecated -W ignore:easy_install command is deprecated setup.py egg_info --egg-base ../../build/joint_plotter build --build-base /home/manuel/ros2_ws/build/joint_plotter/build install --record /home/manuel/ros2_ws/build/joint_plotter/install.log --single-version-externally-managed
