[0.015s] Invoking command in '/home/manuel/ros2_ws/src/build/my_cpp_pkg': CMAKE_PREFIX_PATH=/opt/ros/humble /usr/bin/cmake --build /home/manuel/ros2_ws/src/build/my_cpp_pkg -- -j12 -l12
[0.039s] -- Found ament_cmake: 1.3.11 (/opt/ros/humble/share/ament_cmake/cmake)
[0.178s] -- Override CMake install command with custom implementation using symlinks instead of copying resources
[0.186s] -- Found rclcpp: 16.0.12 (/opt/ros/humble/share/rclcpp/cmake)
[0.204s] [33mCMake Warning at /opt/ros/humble/share/rcutils/cmake/ament_cmake_export_libraries-extras.cmake:116 (message):
[0.204s]   Package 'rcutils' exports library 'dl' which couldn't be found
[0.204s] Call Stack (most recent call first):
[0.204s]   /opt/ros/humble/share/rcutils/cmake/rcutilsConfig.cmake:41 (include)
[0.204s]   /opt/ros/humble/share/rosidl_runtime_c/cmake/ament_cmake_export_dependencies-extras.cmake:21 (find_package)
[0.204s]   /opt/ros/humble/share/rosidl_runtime_c/cmake/rosidl_runtime_cConfig.cmake:41 (include)
[0.204s]   /opt/ros/humble/share/builtin_interfaces/cmake/ament_cmake_export_dependencies-extras.cmake:21 (find_package)
[0.204s]   /opt/ros/humble/share/builtin_interfaces/cmake/builtin_interfacesConfig.cmake:41 (include)
[0.204s]   /opt/ros/humble/share/libstatistics_collector/cmake/ament_cmake_export_dependencies-extras.cmake:21 (find_package)
[0.204s]   /opt/ros/humble/share/libstatistics_collector/cmake/libstatistics_collectorConfig.cmake:41 (include)
[0.204s]   /opt/ros/humble/share/rclcpp/cmake/ament_cmake_export_dependencies-extras.cmake:21 (find_package)
[0.204s]   /opt/ros/humble/share/rclcpp/cmake/rclcppConfig.cmake:41 (include)
[0.204s]   CMakeLists.txt:10 (find_package)
[0.205s] 
[0.205s] [0m
[0.213s] -- Found rosidl_generator_c: 3.1.6 (/opt/ros/humble/share/rosidl_generator_c/cmake)
[0.216s] -- Found rosidl_adapter: 3.1.6 (/opt/ros/humble/share/rosidl_adapter/cmake)
[0.222s] -- Found rosidl_generator_cpp: 3.1.6 (/opt/ros/humble/share/rosidl_generator_cpp/cmake)
[0.233s] -- Using all available rosidl_typesupport_c: rosidl_typesupport_fastrtps_c;rosidl_typesupport_introspection_c
[0.254s] -- Using all available rosidl_typesupport_cpp: rosidl_typesupport_fastrtps_cpp;rosidl_typesupport_introspection_cpp
[0.290s] -- Found rmw_implementation_cmake: 6.1.2 (/opt/ros/humble/share/rmw_implementation_cmake/cmake)
[0.291s] -- Found rmw_fastrtps_cpp: 6.2.7 (/opt/ros/humble/share/rmw_fastrtps_cpp/cmake)
[0.358s] -- Using RMW implementation 'rmw_fastrtps_cpp' as default
[0.363s] [31mCMake Error at /opt/ros/humble/share/rcl_logging_spdlog/cmake/ament_cmake_export_dependencies-extras.cmake:21 (find_package):
[0.363s]   By not providing "Findspdlog.cmake" in CMAKE_MODULE_PATH this project has
[0.363s]   asked CMake to find a package configuration file provided by "spdlog", but
[0.363s]   CMake did not find one.
[0.364s] 
[0.364s]   Could not find a package configuration file provided by "spdlog" with any
[0.364s]   of the following names:
[0.364s] 
[0.364s]     spdlogConfig.cmake
[0.364s]     spdlog-config.cmake
[0.364s] 
[0.364s]   Add the installation prefix of "spdlog" to CMAKE_PREFIX_PATH or set
[0.364s]   "spdlog_DIR" to a directory containing one of the above files.  If "spdlog"
[0.364s]   provides a separate development package or SDK, be sure it has been
[0.364s]   installed.
[0.364s] Call Stack (most recent call first):
[0.364s]   /opt/ros/humble/share/rcl_logging_spdlog/cmake/rcl_logging_spdlogConfig.cmake:41 (include)
[0.364s]   /opt/ros/humble/share/rcl/cmake/ament_cmake_export_dependencies-extras.cmake:21 (find_package)
[0.364s]   /opt/ros/humble/share/rcl/cmake/rclConfig.cmake:41 (include)
[0.364s]   /opt/ros/humble/share/libstatistics_collector/cmake/ament_cmake_export_dependencies-extras.cmake:21 (find_package)
[0.365s]   /opt/ros/humble/share/libstatistics_collector/cmake/libstatistics_collectorConfig.cmake:41 (include)
[0.365s]   /opt/ros/humble/share/rclcpp/cmake/ament_cmake_export_dependencies-extras.cmake:21 (find_package)
[0.365s]   /opt/ros/humble/share/rclcpp/cmake/rclcppConfig.cmake:41 (include)
[0.365s]   CMakeLists.txt:10 (find_package)
[0.365s] 
[0.365s] [0m
[0.365s] -- Configuring incomplete, errors occurred!
[0.365s] See also "/home/manuel/ros2_ws/src/build/my_cpp_pkg/CMakeFiles/CMakeOutput.log".
[0.369s] gmake: *** [Makefile:267: cmake_check_build_system] Error 1
[0.371s] Invoked command in '/home/manuel/ros2_ws/src/build/my_cpp_pkg' returned '2': CMAKE_PREFIX_PATH=/opt/ros/humble /usr/bin/cmake --build /home/manuel/ros2_ws/src/build/my_cpp_pkg -- -j12 -l12
