running develop
Removing /home/manuel/ros2_ws/install/joint_plotter/lib/python3.10/site-packages/joint-plotter.egg-link (link to .)
running egg_info
writing ../../build/joint_plotter/joint_plotter.egg-info/PKG-INFO
writing dependency_links to ../../build/joint_plotter/joint_plotter.egg-info/dependency_links.txt
writing entry points to ../../build/joint_plotter/joint_plotter.egg-info/entry_points.txt
writing requirements to ../../build/joint_plotter/joint_plotter.egg-info/requires.txt
writing top-level names to ../../build/joint_plotter/joint_plotter.egg-info/top_level.txt
reading manifest file '../../build/joint_plotter/joint_plotter.egg-info/SOURCES.txt'
writing manifest file '../../build/joint_plotter/joint_plotter.egg-info/SOURCES.txt'
running build
running build_py
creating /home/manuel/ros2_ws/build/joint_plotter/build
creating /home/manuel/ros2_ws/build/joint_plotter/build/lib
creating /home/manuel/ros2_ws/build/joint_plotter/build/lib/joint_plotter
copying joint_plotter/joint_plotter.py -> /home/manuel/ros2_ws/build/joint_plotter/build/lib/joint_plotter
copying joint_plotter/__init__.py -> /home/manuel/ros2_ws/build/joint_plotter/build/lib/joint_plotter
running install
running install_lib
creating /home/manuel/ros2_ws/install/joint_plotter/lib/python3.10/site-packages/joint_plotter
copying /home/manuel/ros2_ws/build/joint_plotter/build/lib/joint_plotter/joint_plotter.py -> /home/manuel/ros2_ws/install/joint_plotter/lib/python3.10/site-packages/joint_plotter
copying /home/manuel/ros2_ws/build/joint_plotter/build/lib/joint_plotter/__init__.py -> /home/manuel/ros2_ws/install/joint_plotter/lib/python3.10/site-packages/joint_plotter
byte-compiling /home/manuel/ros2_ws/install/joint_plotter/lib/python3.10/site-packages/joint_plotter/joint_plotter.py to joint_plotter.cpython-310.pyc
byte-compiling /home/manuel/ros2_ws/install/joint_plotter/lib/python3.10/site-packages/joint_plotter/__init__.py to __init__.cpython-310.pyc
running install_egg_info
Copying ../../build/joint_plotter/joint_plotter.egg-info to /home/manuel/ros2_ws/install/joint_plotter/lib/python3.10/site-packages/joint_plotter-0.0.1-py3.10.egg-info
running install_scripts
Installing joint_plotter script to /home/manuel/ros2_ws/install/joint_plotter/lib/joint_plotter
writing list of installed files to '/home/manuel/ros2_ws/build/joint_plotter/install.log'
