[0.511s] Invoking command in '/home/manuel/ros2_ws/build/joint_plotter': AMENT_PREFIX_PATH=/home/manuel/ros2_ws/install/inverse_kinematics_node:/home/manuel/ros2_ws/install/dynamixel_sdk:${AMENT_PREFIX_PATH} CMAKE_PREFIX_PATH=/home/manuel/ros2_ws/install/inverse_kinematics_node:/home/manuel/ros2_ws/install/dynamixel_sdk LD_LIBRARY_PATH=/home/manuel/ros2_ws/install/inverse_kinematics_node/lib:/home/manuel/ros2_ws/install/dynamixel_sdk/lib:${LD_LIBRARY_PATH} PYTHONPATH=/home/manuel/ros2_ws/build/joint_plotter/prefix_override:/usr/lib/python3/dist-packages/colcon_core/task/python/colcon_distutils_commands:/home/manuel/ros2_ws/install/joint_plotter/lib/python3.10/site-packages:/home/manuel/ros2_ws/install/inverse_kinematics_node/local/lib/python3.10/dist-packages:/home/manuel/ros2_ws/install/dynamixel_sdk/local/lib/python3.10/dist-packages:${PYTHONPATH} /usr/bin/python3 -W ignore:setup.py install is deprecated -W ignore:easy_install command is deprecated setup.py develop --uninstall --editable --build-directory /home/manuel/ros2_ws/build/joint_plotter/build
[0.721s] running develop
[0.842s] Removing /home/manuel/ros2_ws/install/joint_plotter/lib/python3.10/site-packages/joint-plotter.egg-link (link to .)
[0.868s] Invoked command in '/home/manuel/ros2_ws/build/joint_plotter' returned '0': AMENT_PREFIX_PATH=/home/manuel/ros2_ws/install/inverse_kinematics_node:/home/manuel/ros2_ws/install/dynamixel_sdk:${AMENT_PREFIX_PATH} CMAKE_PREFIX_PATH=/home/manuel/ros2_ws/install/inverse_kinematics_node:/home/manuel/ros2_ws/install/dynamixel_sdk LD_LIBRARY_PATH=/home/manuel/ros2_ws/install/inverse_kinematics_node/lib:/home/manuel/ros2_ws/install/dynamixel_sdk/lib:${LD_LIBRARY_PATH} PYTHONPATH=/home/manuel/ros2_ws/build/joint_plotter/prefix_override:/usr/lib/python3/dist-packages/colcon_core/task/python/colcon_distutils_commands:/home/manuel/ros2_ws/install/joint_plotter/lib/python3.10/site-packages:/home/manuel/ros2_ws/install/inverse_kinematics_node/local/lib/python3.10/dist-packages:/home/manuel/ros2_ws/install/dynamixel_sdk/local/lib/python3.10/dist-packages:${PYTHONPATH} /usr/bin/python3 -W ignore:setup.py install is deprecated -W ignore:easy_install command is deprecated setup.py develop --uninstall --editable --build-directory /home/manuel/ros2_ws/build/joint_plotter/build
[0.869s] Invoking command in '/home/manuel/ros2_ws/src/joint_plotter': AMENT_PREFIX_PATH=/home/manuel/ros2_ws/install/inverse_kinematics_node:/home/manuel/ros2_ws/install/dynamixel_sdk:${AMENT_PREFIX_PATH} CMAKE_PREFIX_PATH=/home/manuel/ros2_ws/install/inverse_kinematics_node:/home/manuel/ros2_ws/install/dynamixel_sdk LD_LIBRARY_PATH=/home/manuel/ros2_ws/install/inverse_kinematics_node/lib:/home/manuel/ros2_ws/install/dynamixel_sdk/lib:${LD_LIBRARY_PATH} PYTHONPATH=/home/manuel/ros2_ws/build/joint_plotter/prefix_override:/usr/lib/python3/dist-packages/colcon_core/task/python/colcon_distutils_commands:/home/manuel/ros2_ws/install/joint_plotter/lib/python3.10/site-packages:/home/manuel/ros2_ws/install/inverse_kinematics_node/local/lib/python3.10/dist-packages:/home/manuel/ros2_ws/install/dynamixel_sdk/local/lib/python3.10/dist-packages:${PYTHONPATH} /usr/bin/python3 -W ignore:setup.py install is deprecated -W ignore:easy_install command is deprecated setup.py egg_info --egg-base ../../build/joint_plotter build --build-base /home/manuel/ros2_ws/build/joint_plotter/build install --record /home/manuel/ros2_ws/build/joint_plotter/install.log --single-version-externally-managed
[1.070s] running egg_info
[1.070s] writing ../../build/joint_plotter/joint_plotter.egg-info/PKG-INFO
[1.070s] writing dependency_links to ../../build/joint_plotter/joint_plotter.egg-info/dependency_links.txt
[1.070s] writing entry points to ../../build/joint_plotter/joint_plotter.egg-info/entry_points.txt
[1.071s] writing requirements to ../../build/joint_plotter/joint_plotter.egg-info/requires.txt
[1.071s] writing top-level names to ../../build/joint_plotter/joint_plotter.egg-info/top_level.txt
[1.072s] reading manifest file '../../build/joint_plotter/joint_plotter.egg-info/SOURCES.txt'
[1.072s] writing manifest file '../../build/joint_plotter/joint_plotter.egg-info/SOURCES.txt'
[1.073s] running build
[1.073s] running build_py
[1.073s] creating /home/manuel/ros2_ws/build/joint_plotter/build
[1.073s] creating /home/manuel/ros2_ws/build/joint_plotter/build/lib
[1.073s] creating /home/manuel/ros2_ws/build/joint_plotter/build/lib/joint_plotter
[1.073s] copying joint_plotter/joint_plotter.py -> /home/manuel/ros2_ws/build/joint_plotter/build/lib/joint_plotter
[1.073s] copying joint_plotter/__init__.py -> /home/manuel/ros2_ws/build/joint_plotter/build/lib/joint_plotter
[1.073s] running install
[1.073s] running install_lib
[1.074s] creating /home/manuel/ros2_ws/install/joint_plotter/lib/python3.10/site-packages/joint_plotter
[1.074s] copying /home/manuel/ros2_ws/build/joint_plotter/build/lib/joint_plotter/joint_plotter.py -> /home/manuel/ros2_ws/install/joint_plotter/lib/python3.10/site-packages/joint_plotter
[1.074s] copying /home/manuel/ros2_ws/build/joint_plotter/build/lib/joint_plotter/__init__.py -> /home/manuel/ros2_ws/install/joint_plotter/lib/python3.10/site-packages/joint_plotter
[1.074s] byte-compiling /home/manuel/ros2_ws/install/joint_plotter/lib/python3.10/site-packages/joint_plotter/joint_plotter.py to joint_plotter.cpython-310.pyc
[1.075s] byte-compiling /home/manuel/ros2_ws/install/joint_plotter/lib/python3.10/site-packages/joint_plotter/__init__.py to __init__.cpython-310.pyc
[1.075s] running install_egg_info
[1.077s] Copying ../../build/joint_plotter/joint_plotter.egg-info to /home/manuel/ros2_ws/install/joint_plotter/lib/python3.10/site-packages/joint_plotter-0.0.1-py3.10.egg-info
[1.077s] running install_scripts
[1.093s] Installing joint_plotter script to /home/manuel/ros2_ws/install/joint_plotter/lib/joint_plotter
[1.093s] writing list of installed files to '/home/manuel/ros2_ws/build/joint_plotter/install.log'
[1.110s] Invoked command in '/home/manuel/ros2_ws/src/joint_plotter' returned '0': AMENT_PREFIX_PATH=/home/manuel/ros2_ws/install/inverse_kinematics_node:/home/manuel/ros2_ws/install/dynamixel_sdk:${AMENT_PREFIX_PATH} CMAKE_PREFIX_PATH=/home/manuel/ros2_ws/install/inverse_kinematics_node:/home/manuel/ros2_ws/install/dynamixel_sdk LD_LIBRARY_PATH=/home/manuel/ros2_ws/install/inverse_kinematics_node/lib:/home/manuel/ros2_ws/install/dynamixel_sdk/lib:${LD_LIBRARY_PATH} PYTHONPATH=/home/manuel/ros2_ws/build/joint_plotter/prefix_override:/usr/lib/python3/dist-packages/colcon_core/task/python/colcon_distutils_commands:/home/manuel/ros2_ws/install/joint_plotter/lib/python3.10/site-packages:/home/manuel/ros2_ws/install/inverse_kinematics_node/local/lib/python3.10/dist-packages:/home/manuel/ros2_ws/install/dynamixel_sdk/local/lib/python3.10/dist-packages:${PYTHONPATH} /usr/bin/python3 -W ignore:setup.py install is deprecated -W ignore:easy_install command is deprecated setup.py egg_info --egg-base ../../build/joint_plotter build --build-base /home/manuel/ros2_ws/build/joint_plotter/build install --record /home/manuel/ros2_ws/build/joint_plotter/install.log --single-version-externally-managed
