[0.629s] Invoking command in '/home/manuel/ros2_ws/src/joint_plotter': CMAKE_PREFIX_PATH=/home/manuel/ros2_ws/install/inverse_kinematics_node:/home/manuel/ros2_ws/install/dynamixel_sdk:/home/manuel/ros2_ws/install/synthetic_ball_publisher:/home/manuel/ros2_ws/install/pwm_position_node:/home/manuel/ros2_ws/install/my_cpp_pkg:/home/manuel/ros2_ws/install/joint_positions_node:/home/manuel/ros2_ws/install/ball_arm_tracker:/home/manuel/ros2_ws/install/dynamixel_sdk_examples:/home/manuel/ros2_ws/install/dynamixel_sdk_custom_interfaces:/home/manuel/ros2_ws/install/dual_dynamixel_node:/home/manuel/ros2_ws/install/ball_centroid_detector LD_LIBRARY_PATH=/home/manuel/ros2_ws/install/inverse_kinematics_node/lib:/home/manuel/ros2_ws/install/dynamixel_sdk/lib:/home/manuel/ros2_ws/install/joint_positions_node/lib:/home/manuel/ros2_ws/install/dynamixel_sdk_custom_interfaces/lib:/home/manuel/ros2_ws/install/dual_dynamixel_node/lib:/opt/ros/humble/opt/rviz_ogre_vendor/lib:/opt/ros/humble/lib/x86_64-linux-gnu:/opt/ros/humble/lib PYTHONPATH=/home/manuel/ros2_ws/build/joint_plotter/prefix_override:/usr/lib/python3/dist-packages/colcon_core/task/python/colcon_distutils_commands:/home/manuel/ros2_ws/install/joint_plotter/lib/python3.10/site-packages:${PYTHONPATH} /usr/bin/python3 -W ignore:setup.py install is deprecated -W ignore:easy_install command is deprecated setup.py egg_info --egg-base ../../build/joint_plotter build --build-base /home/manuel/ros2_ws/build/joint_plotter/build install --record /home/manuel/ros2_ws/build/joint_plotter/install.log --single-version-externally-managed
[0.852s] running egg_info
[0.853s] writing ../../build/joint_plotter/joint_plotter.egg-info/PKG-INFO
[0.853s] writing dependency_links to ../../build/joint_plotter/joint_plotter.egg-info/dependency_links.txt
[0.853s] writing entry points to ../../build/joint_plotter/joint_plotter.egg-info/entry_points.txt
[0.854s] writing requirements to ../../build/joint_plotter/joint_plotter.egg-info/requires.txt
[0.854s] writing top-level names to ../../build/joint_plotter/joint_plotter.egg-info/top_level.txt
[0.855s] reading manifest file '../../build/joint_plotter/joint_plotter.egg-info/SOURCES.txt'
[0.856s] writing manifest file '../../build/joint_plotter/joint_plotter.egg-info/SOURCES.txt'
[0.856s] running build
[0.857s] running build_py
[0.857s] running install
[0.857s] running install_lib
[0.858s] running install_egg_info
[0.860s] removing '/home/manuel/ros2_ws/install/joint_plotter/lib/python3.10/site-packages/joint_plotter-0.0.1-py3.10.egg-info' (and everything under it)
[0.860s] Copying ../../build/joint_plotter/joint_plotter.egg-info to /home/manuel/ros2_ws/install/joint_plotter/lib/python3.10/site-packages/joint_plotter-0.0.1-py3.10.egg-info
[0.861s] running install_scripts
[0.883s] Installing joint_plotter script to /home/manuel/ros2_ws/install/joint_plotter/lib/joint_plotter
[0.883s] writing list of installed files to '/home/manuel/ros2_ws/build/joint_plotter/install.log'
[0.908s] Invoked command in '/home/manuel/ros2_ws/src/joint_plotter' returned '0': CMAKE_PREFIX_PATH=/home/manuel/ros2_ws/install/inverse_kinematics_node:/home/manuel/ros2_ws/install/dynamixel_sdk:/home/manuel/ros2_ws/install/synthetic_ball_publisher:/home/manuel/ros2_ws/install/pwm_position_node:/home/manuel/ros2_ws/install/my_cpp_pkg:/home/manuel/ros2_ws/install/joint_positions_node:/home/manuel/ros2_ws/install/ball_arm_tracker:/home/manuel/ros2_ws/install/dynamixel_sdk_examples:/home/manuel/ros2_ws/install/dynamixel_sdk_custom_interfaces:/home/manuel/ros2_ws/install/dual_dynamixel_node:/home/manuel/ros2_ws/install/ball_centroid_detector LD_LIBRARY_PATH=/home/manuel/ros2_ws/install/inverse_kinematics_node/lib:/home/manuel/ros2_ws/install/dynamixel_sdk/lib:/home/manuel/ros2_ws/install/joint_positions_node/lib:/home/manuel/ros2_ws/install/dynamixel_sdk_custom_interfaces/lib:/home/manuel/ros2_ws/install/dual_dynamixel_node/lib:/opt/ros/humble/opt/rviz_ogre_vendor/lib:/opt/ros/humble/lib/x86_64-linux-gnu:/opt/ros/humble/lib PYTHONPATH=/home/manuel/ros2_ws/build/joint_plotter/prefix_override:/usr/lib/python3/dist-packages/colcon_core/task/python/colcon_distutils_commands:/home/manuel/ros2_ws/install/joint_plotter/lib/python3.10/site-packages:${PYTHONPATH} /usr/bin/python3 -W ignore:setup.py install is deprecated -W ignore:easy_install command is deprecated setup.py egg_info --egg-base ../../build/joint_plotter build --build-base /home/manuel/ros2_ws/build/joint_plotter/build install --record /home/manuel/ros2_ws/build/joint_plotter/install.log --single-version-externally-managed
