[0.848s] Invoking command in '/home/manuel/ros2_ws/src/my_debug_pkg': PYTHONPATH=/home/manuel/ros2_ws/build/my_debug_pkg/prefix_override:/usr/lib/python3/dist-packages/colcon_core/task/python/colcon_distutils_commands:/home/manuel/ros2_ws/install/my_debug_pkg/lib/python3.10/site-packages:${PYTHONPATH} /usr/bin/python3 -W ignore:setup.py install is deprecated -W ignore:easy_install command is deprecated setup.py egg_info --egg-base ../../build/my_debug_pkg build --build-base /home/manuel/ros2_ws/build/my_debug_pkg/build install --record /home/manuel/ros2_ws/build/my_debug_pkg/install.log --single-version-externally-managed install_data
[1.114s] running egg_info
[1.115s] writing ../../build/my_debug_pkg/my_debug_pkg.egg-info/PKG-INFO
[1.115s] writing dependency_links to ../../build/my_debug_pkg/my_debug_pkg.egg-info/dependency_links.txt
[1.116s] writing entry points to ../../build/my_debug_pkg/my_debug_pkg.egg-info/entry_points.txt
[1.116s] writing requirements to ../../build/my_debug_pkg/my_debug_pkg.egg-info/requires.txt
[1.116s] writing top-level names to ../../build/my_debug_pkg/my_debug_pkg.egg-info/top_level.txt
[1.118s] reading manifest file '../../build/my_debug_pkg/my_debug_pkg.egg-info/SOURCES.txt'
[1.118s] writing manifest file '../../build/my_debug_pkg/my_debug_pkg.egg-info/SOURCES.txt'
[1.119s] running build
[1.119s] running build_py
[1.119s] running install
[1.120s] running install_lib
[1.122s] running install_data
[1.122s] running install_egg_info
[1.126s] removing '/home/manuel/ros2_ws/install/my_debug_pkg/lib/python3.10/site-packages/my_debug_pkg-0.0.0-py3.10.egg-info' (and everything under it)
[1.127s] Copying ../../build/my_debug_pkg/my_debug_pkg.egg-info to /home/manuel/ros2_ws/install/my_debug_pkg/lib/python3.10/site-packages/my_debug_pkg-0.0.0-py3.10.egg-info
[1.129s] running install_scripts
[1.164s] Installing env_checker script to /home/manuel/ros2_ws/install/my_debug_pkg/lib/my_debug_pkg
[1.164s] writing list of installed files to '/home/manuel/ros2_ws/build/my_debug_pkg/install.log'
[1.447s] Invoked command in '/home/manuel/ros2_ws/src/my_debug_pkg' returned '0': PYTHONPATH=/home/manuel/ros2_ws/build/my_debug_pkg/prefix_override:/usr/lib/python3/dist-packages/colcon_core/task/python/colcon_distutils_commands:/home/manuel/ros2_ws/install/my_debug_pkg/lib/python3.10/site-packages:${PYTHONPATH} /usr/bin/python3 -W ignore:setup.py install is deprecated -W ignore:easy_install command is deprecated setup.py egg_info --egg-base ../../build/my_debug_pkg build --build-base /home/manuel/ros2_ws/build/my_debug_pkg/build install --record /home/manuel/ros2_ws/build/my_debug_pkg/install.log --single-version-externally-managed install_data
