[0.015s] Invoking command in '/home/manuel/ros2_ws/build/ball_centroid_detector': CMAKE_PREFIX_PATH=/opt/ros/humble /usr/bin/cmake --build /home/manuel/ros2_ws/build/ball_centroid_detector -- -j12 -l12
[0.249s] [100%] Built target ball_detector
[0.249s] Invoked command in '/home/manuel/ros2_ws/build/ball_centroid_detector' returned '0': CMAKE_PREFIX_PATH=/opt/ros/humble /usr/bin/cmake --build /home/manuel/ros2_ws/build/ball_centroid_detector -- -j12 -l12
[0.257s] Invoking command in '/home/manuel/ros2_ws/build/ball_centroid_detector': CMAKE_PREFIX_PATH=/opt/ros/humble /usr/bin/cmake --install /home/manuel/ros2_ws/build/ball_centroid_detector
[0.263s] -- Install configuration: ""
[0.263s] -- Execute custom install script
[0.263s] -- Up-to-date symlink: /home/manuel/ros2_ws/install/ball_centroid_detector/lib/ball_centroid_detector/ball_detector
[0.264s] -- Up-to-date symlink: /home/manuel/ros2_ws/install/ball_centroid_detector/share/ament_index/resource_index/package_run_dependencies/ball_centroid_detector
[0.264s] -- Up-to-date symlink: /home/manuel/ros2_ws/install/ball_centroid_detector/share/ament_index/resource_index/parent_prefix_path/ball_centroid_detector
[0.264s] -- Up-to-date symlink: /home/manuel/ros2_ws/install/ball_centroid_detector/share/ball_centroid_detector/environment/ament_prefix_path.sh
[0.264s] -- Up-to-date symlink: /home/manuel/ros2_ws/install/ball_centroid_detector/share/ball_centroid_detector/environment/ament_prefix_path.dsv
[0.264s] -- Up-to-date symlink: /home/manuel/ros2_ws/install/ball_centroid_detector/share/ball_centroid_detector/environment/path.sh
[0.264s] -- Up-to-date symlink: /home/manuel/ros2_ws/install/ball_centroid_detector/share/ball_centroid_detector/environment/path.dsv
[0.264s] -- Up-to-date symlink: /home/manuel/ros2_ws/install/ball_centroid_detector/share/ball_centroid_detector/local_setup.bash
[0.264s] -- Up-to-date symlink: /home/manuel/ros2_ws/install/ball_centroid_detector/share/ball_centroid_detector/local_setup.sh
[0.265s] -- Up-to-date symlink: /home/manuel/ros2_ws/install/ball_centroid_detector/share/ball_centroid_detector/local_setup.zsh
[0.265s] -- Up-to-date symlink: /home/manuel/ros2_ws/install/ball_centroid_detector/share/ball_centroid_detector/local_setup.dsv
[0.265s] -- Symlinking: /home/manuel/ros2_ws/install/ball_centroid_detector/share/ball_centroid_detector/package.dsv
[0.272s] -- Up-to-date symlink: /home/manuel/ros2_ws/install/ball_centroid_detector/share/ament_index/resource_index/packages/ball_centroid_detector
[0.272s] -- Up-to-date symlink: /home/manuel/ros2_ws/install/ball_centroid_detector/share/ball_centroid_detector/cmake/ball_centroid_detectorConfig.cmake
[0.272s] -- Up-to-date symlink: /home/manuel/ros2_ws/install/ball_centroid_detector/share/ball_centroid_detector/cmake/ball_centroid_detectorConfig-version.cmake
[0.272s] -- Up-to-date symlink: /home/manuel/ros2_ws/install/ball_centroid_detector/share/ball_centroid_detector/package.xml
[0.274s] Invoked command in '/home/manuel/ros2_ws/build/ball_centroid_detector' returned '0': CMAKE_PREFIX_PATH=/opt/ros/humble /usr/bin/cmake --install /home/manuel/ros2_ws/build/ball_centroid_detector
