[0.253s] Invoking command in '/home/manuel/ros2_ws/build/synthetic_ball_publisher': CMAKE_PREFIX_PATH=/opt/ros/humble /usr/bin/cmake /home/manuel/ros2_ws/src/synthetic_ball_publisher -DCMAKE_INSTALL_PREFIX=/home/manuel/ros2_ws/install/synthetic_ball_publisher
[0.262s] -- Found ament_cmake: 1.3.11 (/opt/ros/humble/share/ament_cmake/cmake)
[0.397s] -- Override CMake install command with custom implementation using symlinks instead of copying resources
[0.407s] -- Found rclcpp: 16.0.12 (/opt/ros/humble/share/rclcpp/cmake)
[0.440s] -- Found rosidl_generator_c: 3.1.6 (/opt/ros/humble/share/rosidl_generator_c/cmake)
[0.442s] -- Found rosidl_adapter: 3.1.6 (/opt/ros/humble/share/rosidl_adapter/cmake)
[0.447s] -- Found rosidl_generator_cpp: 3.1.6 (/opt/ros/humble/share/rosidl_generator_cpp/cmake)
[0.456s] -- Using all available rosidl_typesupport_c: rosidl_typesupport_fastrtps_c;rosidl_typesupport_introspection_c
[0.468s] -- Using all available rosidl_typesupport_cpp: rosidl_typesupport_fastrtps_cpp;rosidl_typesupport_introspection_cpp
[0.502s] -- Found rmw_implementation_cmake: 6.1.2 (/opt/ros/humble/share/rmw_implementation_cmake/cmake)
[0.504s] -- Found rmw_fastrtps_cpp: 6.2.7 (/opt/ros/humble/share/rmw_fastrtps_cpp/cmake)
[0.605s] -- Using RMW implementation 'rmw_fastrtps_cpp' as default
[0.654s] -- Found sensor_msgs: 4.8.0 (/opt/ros/humble/share/sensor_msgs/cmake)
[0.687s] -- Found cv_bridge: 3.2.1 (/opt/ros/humble/share/cv_bridge/cmake)
[0.702s] -- Found image_transport: 3.1.11 (/opt/ros/humble/share/image_transport/cmake)
[0.725s] -- Found ament_lint_auto: 0.12.12 (/opt/ros/humble/share/ament_lint_auto/cmake)
[0.789s] -- Added test 'cppcheck' to perform static code analysis on C / C++ code
[0.789s] -- Configured cppcheck include dirs: 
[0.789s] -- Configured cppcheck exclude dirs and/or files: 
[0.789s] -- Added test 'lint_cmake' to check CMake code style
[0.790s] -- Added test 'uncrustify' to check C / C++ code style
[0.790s] -- Configured uncrustify additional arguments: 
[0.790s] -- Added test 'xmllint' to check XML markup files
[0.791s] -- Configuring done
[0.804s] -- Generating done
[0.808s] -- Build files have been written to: /home/manuel/ros2_ws/build/synthetic_ball_publisher
[0.816s] Invoked command in '/home/manuel/ros2_ws/build/synthetic_ball_publisher' returned '0': CMAKE_PREFIX_PATH=/opt/ros/humble /usr/bin/cmake /home/manuel/ros2_ws/src/synthetic_ball_publisher -DCMAKE_INSTALL_PREFIX=/home/manuel/ros2_ws/install/synthetic_ball_publisher
[0.818s] Invoking command in '/home/manuel/ros2_ws/build/synthetic_ball_publisher': CMAKE_PREFIX_PATH=/opt/ros/humble /usr/bin/cmake --build /home/manuel/ros2_ws/build/synthetic_ball_publisher -- -j12 -l12
[0.851s] [35m[1mConsolidate compiler generated dependencies of target ball_pub[0m
[0.865s] [100%] Built target ball_pub
[0.874s] Invoked command in '/home/manuel/ros2_ws/build/synthetic_ball_publisher' returned '0': CMAKE_PREFIX_PATH=/opt/ros/humble /usr/bin/cmake --build /home/manuel/ros2_ws/build/synthetic_ball_publisher -- -j12 -l12
[0.875s] Invoking command in '/home/manuel/ros2_ws/build/synthetic_ball_publisher': CMAKE_PREFIX_PATH=/opt/ros/humble /usr/bin/cmake --install /home/manuel/ros2_ws/build/synthetic_ball_publisher
[0.881s] -- Install configuration: ""
[0.882s] -- Execute custom install script
[0.882s] -- Up-to-date symlink: /home/manuel/ros2_ws/install/synthetic_ball_publisher/lib/synthetic_ball_publisher/ball_pub
[0.882s] -- Up-to-date symlink: /home/manuel/ros2_ws/install/synthetic_ball_publisher/share/ament_index/resource_index/package_run_dependencies/synthetic_ball_publisher
[0.882s] -- Up-to-date symlink: /home/manuel/ros2_ws/install/synthetic_ball_publisher/share/ament_index/resource_index/parent_prefix_path/synthetic_ball_publisher
[0.882s] -- Up-to-date symlink: /home/manuel/ros2_ws/install/synthetic_ball_publisher/share/synthetic_ball_publisher/environment/ament_prefix_path.sh
[0.883s] -- Up-to-date symlink: /home/manuel/ros2_ws/install/synthetic_ball_publisher/share/synthetic_ball_publisher/environment/ament_prefix_path.dsv
[0.883s] -- Up-to-date symlink: /home/manuel/ros2_ws/install/synthetic_ball_publisher/share/synthetic_ball_publisher/environment/path.sh
[0.883s] -- Up-to-date symlink: /home/manuel/ros2_ws/install/synthetic_ball_publisher/share/synthetic_ball_publisher/environment/path.dsv
[0.883s] -- Up-to-date symlink: /home/manuel/ros2_ws/install/synthetic_ball_publisher/share/synthetic_ball_publisher/local_setup.bash
[0.883s] -- Up-to-date symlink: /home/manuel/ros2_ws/install/synthetic_ball_publisher/share/synthetic_ball_publisher/local_setup.sh
[0.883s] -- Up-to-date symlink: /home/manuel/ros2_ws/install/synthetic_ball_publisher/share/synthetic_ball_publisher/local_setup.zsh
[0.883s] -- Up-to-date symlink: /home/manuel/ros2_ws/install/synthetic_ball_publisher/share/synthetic_ball_publisher/local_setup.dsv
[0.883s] -- Symlinking: /home/manuel/ros2_ws/install/synthetic_ball_publisher/share/synthetic_ball_publisher/package.dsv
[0.890s] -- Up-to-date symlink: /home/manuel/ros2_ws/install/synthetic_ball_publisher/share/ament_index/resource_index/packages/synthetic_ball_publisher
[0.891s] -- Up-to-date symlink: /home/manuel/ros2_ws/install/synthetic_ball_publisher/share/synthetic_ball_publisher/cmake/synthetic_ball_publisherConfig.cmake
[0.891s] -- Up-to-date symlink: /home/manuel/ros2_ws/install/synthetic_ball_publisher/share/synthetic_ball_publisher/cmake/synthetic_ball_publisherConfig-version.cmake
[0.891s] -- Up-to-date symlink: /home/manuel/ros2_ws/install/synthetic_ball_publisher/share/synthetic_ball_publisher/package.xml
[0.893s] Invoked command in '/home/manuel/ros2_ws/build/synthetic_ball_publisher' returned '0': CMAKE_PREFIX_PATH=/opt/ros/humble /usr/bin/cmake --install /home/manuel/ros2_ws/build/synthetic_ball_publisher
