[0.021s] Invoking command in '/home/manuel/ros2_ws/build/inverse_kinematics_node': CMAKE_PREFIX_PATH=/home/manuel/ros2_ws/install/dynamixel_sdk:/home/manuel/ros2_ws/install/synthetic_ball_publisher:/home/manuel/ros2_ws/install/pwm_position_node:/home/manuel/ros2_ws/install/my_cpp_pkg:/home/manuel/ros2_ws/install/joint_positions_node:/home/manuel/ros2_ws/install/ball_arm_tracker:/home/manuel/ros2_ws/install/inverse_kinematics_node:/home/manuel/ros2_ws/install/dynamixel_sdk_examples:/home/manuel/ros2_ws/install/dynamixel_sdk_custom_interfaces:/home/manuel/ros2_ws/install/dual_dynamixel_node:/home/manuel/ros2_ws/install/ball_centroid_detector:/home/manuel/ros2_ws/install/joint_plotter:/opt/ros/humble LD_LIBRARY_PATH=/home/manuel/ros2_ws/install/dynamixel_sdk/lib:/home/manuel/ros2_ws/install/joint_positions_node/lib:/home/manuel/ros2_ws/install/inverse_kinematics_node/lib:/home/manuel/ros2_ws/install/dynamixel_sdk_custom_interfaces/lib:/home/manuel/ros2_ws/install/dual_dynamixel_node/lib:/opt/ros/humble/opt/rviz_ogre_vendor/lib:/opt/ros/humble/lib/x86_64-linux-gnu:/opt/ros/humble/lib /usr/bin/cmake /home/manuel/ros2_ws/src/inverse_kinematics_node -DAMENT_CMAKE_SYMLINK_INSTALL=1 -DCMAKE_INSTALL_PREFIX=/home/manuel/ros2_ws/install/inverse_kinematics_node
[0.105s] -- The C compiler identification is GNU 11.4.0
[0.201s] -- The CXX compiler identification is GNU 11.4.0
[0.213s] -- Detecting C compiler ABI info
[0.373s] -- Detecting C compiler ABI info - done
[0.392s] -- Check for working C compiler: /usr/bin/cc - skipped
[0.393s] -- Detecting C compile features
[0.394s] -- Detecting C compile features - done
[0.398s] -- Detecting CXX compiler ABI info
[0.590s] -- Detecting CXX compiler ABI info - done
[0.612s] -- Check for working CXX compiler: /usr/bin/c++ - skipped
[0.613s] -- Detecting CXX compile features
[0.613s] -- Detecting CXX compile features - done
[0.619s] -- Found ament_cmake: 1.3.11 (/opt/ros/humble/share/ament_cmake/cmake)
[0.899s] -- Found Python3: /usr/bin/python3 (found version "3.10.12") found components: Interpreter 
[1.047s] -- Override CMake install command with custom implementation using symlinks instead of copying resources
[1.088s] -- Found rclcpp: 16.0.12 (/opt/ros/humble/share/rclcpp/cmake)
[1.153s] -- Found rosidl_generator_c: 3.1.6 (/opt/ros/humble/share/rosidl_generator_c/cmake)
[1.162s] -- Found rosidl_adapter: 3.1.6 (/opt/ros/humble/share/rosidl_adapter/cmake)
[1.177s] -- Found rosidl_generator_cpp: 3.1.6 (/opt/ros/humble/share/rosidl_generator_cpp/cmake)
[1.199s] -- Using all available rosidl_typesupport_c: rosidl_typesupport_fastrtps_c;rosidl_typesupport_introspection_c
[1.230s] -- Using all available rosidl_typesupport_cpp: rosidl_typesupport_fastrtps_cpp;rosidl_typesupport_introspection_cpp
[1.310s] -- Found rmw_implementation_cmake: 6.1.2 (/opt/ros/humble/share/rmw_implementation_cmake/cmake)
[1.315s] -- Found rmw_fastrtps_cpp: 6.2.7 (/opt/ros/humble/share/rmw_fastrtps_cpp/cmake)
[1.443s] -- Found OpenSSL: /usr/lib/x86_64-linux-gnu/libcrypto.so (found version "3.0.2")  
[1.483s] -- Found FastRTPS: /opt/ros/humble/include  
[1.533s] -- Using RMW implementation 'rmw_fastrtps_cpp' as default
[1.543s] -- Looking for pthread.h
[1.611s] -- Looking for pthread.h - found
[1.611s] -- Performing Test CMAKE_HAVE_LIBC_PTHREAD
[1.691s] -- Performing Test CMAKE_HAVE_LIBC_PTHREAD - Success
[1.691s] -- Found Threads: TRUE  
[1.738s] -- Found dynamixel_sdk: 3.8.3 (/home/manuel/ros2_ws/install/dynamixel_sdk/share/dynamixel_sdk/cmake)
[1.740s] -- Found rosidl_default_generators: 1.2.0 (/opt/ros/humble/share/rosidl_default_generators/cmake)
[2.081s] -- Found ament_cmake_ros: 0.10.0 (/opt/ros/humble/share/ament_cmake_ros/cmake)
[2.547s] -- Using all available rosidl_typesupport_c: rosidl_typesupport_fastrtps_c;rosidl_typesupport_introspection_c
[2.703s] -- Using all available rosidl_typesupport_cpp: rosidl_typesupport_fastrtps_cpp;rosidl_typesupport_introspection_cpp
[2.726s] -- Found PythonInterp: /usr/bin/python3 (found suitable version "3.10.12", minimum required is "3.6") 
[2.727s] -- Found python_cmake_module: 0.10.0 (/opt/ros/humble/share/python_cmake_module/cmake)
[2.752s] -- Found PythonLibs: /usr/lib/x86_64-linux-gnu/libpython3.10.so (found suitable version "3.10.12", minimum required is "3.5") 
[2.752s] -- Using PYTHON_EXECUTABLE: /usr/bin/python3
[2.753s] -- Using PYTHON_INCLUDE_DIRS: /usr/include/python3.10
[2.753s] -- Using PYTHON_LIBRARIES: /usr/lib/x86_64-linux-gnu/libpython3.10.so
[2.773s] -- Found PythonExtra: .so  
[2.842s] [0mCMake Deprecation Warning at /opt/ros/humble/share/rosidl_cmake/cmake/rosidl_target_interfaces.cmake:32 (message):
[2.842s]   Use rosidl_get_typesupport_target() and target_link_libraries() instead of
[2.842s]   rosidl_target_interfaces()
[2.842s] Call Stack (most recent call first):
[2.842s]   CMakeLists.txt:28 (rosidl_target_interfaces)
[2.842s] 
[2.843s] [0m
[2.843s] -- Found ament_lint_auto: 0.12.12 (/opt/ros/humble/share/ament_lint_auto/cmake)
[2.861s] -- Added test 'cppcheck' to perform static code analysis on C / C++ code
[2.862s] -- Configured cppcheck include dirs: 
[2.862s] -- Configured cppcheck exclude dirs and/or files: 
[2.862s] -- Added test 'lint_cmake' to check CMake code style
[2.863s] -- Added test 'uncrustify' to check C / C++ code style
[2.863s] -- Configured uncrustify additional arguments: 
[2.864s] -- Added test 'xmllint' to check XML markup files
[2.867s] -- Configuring done
[2.902s] -- Generating done
[2.915s] -- Build files have been written to: /home/manuel/ros2_ws/build/inverse_kinematics_node
[2.929s] Invoked command in '/home/manuel/ros2_ws/build/inverse_kinematics_node' returned '0': CMAKE_PREFIX_PATH=/home/manuel/ros2_ws/install/dynamixel_sdk:/home/manuel/ros2_ws/install/synthetic_ball_publisher:/home/manuel/ros2_ws/install/pwm_position_node:/home/manuel/ros2_ws/install/my_cpp_pkg:/home/manuel/ros2_ws/install/joint_positions_node:/home/manuel/ros2_ws/install/ball_arm_tracker:/home/manuel/ros2_ws/install/inverse_kinematics_node:/home/manuel/ros2_ws/install/dynamixel_sdk_examples:/home/manuel/ros2_ws/install/dynamixel_sdk_custom_interfaces:/home/manuel/ros2_ws/install/dual_dynamixel_node:/home/manuel/ros2_ws/install/ball_centroid_detector:/home/manuel/ros2_ws/install/joint_plotter:/opt/ros/humble LD_LIBRARY_PATH=/home/manuel/ros2_ws/install/dynamixel_sdk/lib:/home/manuel/ros2_ws/install/joint_positions_node/lib:/home/manuel/ros2_ws/install/inverse_kinematics_node/lib:/home/manuel/ros2_ws/install/dynamixel_sdk_custom_interfaces/lib:/home/manuel/ros2_ws/install/dual_dynamixel_node/lib:/opt/ros/humble/opt/rviz_ogre_vendor/lib:/opt/ros/humble/lib/x86_64-linux-gnu:/opt/ros/humble/lib /usr/bin/cmake /home/manuel/ros2_ws/src/inverse_kinematics_node -DAMENT_CMAKE_SYMLINK_INSTALL=1 -DCMAKE_INSTALL_PREFIX=/home/manuel/ros2_ws/install/inverse_kinematics_node
[2.930s] Invoking command in '/home/manuel/ros2_ws/build/inverse_kinematics_node': CMAKE_PREFIX_PATH=/home/manuel/ros2_ws/install/dynamixel_sdk:/home/manuel/ros2_ws/install/synthetic_ball_publisher:/home/manuel/ros2_ws/install/pwm_position_node:/home/manuel/ros2_ws/install/my_cpp_pkg:/home/manuel/ros2_ws/install/joint_positions_node:/home/manuel/ros2_ws/install/ball_arm_tracker:/home/manuel/ros2_ws/install/inverse_kinematics_node:/home/manuel/ros2_ws/install/dynamixel_sdk_examples:/home/manuel/ros2_ws/install/dynamixel_sdk_custom_interfaces:/home/manuel/ros2_ws/install/dual_dynamixel_node:/home/manuel/ros2_ws/install/ball_centroid_detector:/home/manuel/ros2_ws/install/joint_plotter:/opt/ros/humble LD_LIBRARY_PATH=/home/manuel/ros2_ws/install/dynamixel_sdk/lib:/home/manuel/ros2_ws/install/joint_positions_node/lib:/home/manuel/ros2_ws/install/inverse_kinematics_node/lib:/home/manuel/ros2_ws/install/dynamixel_sdk_custom_interfaces/lib:/home/manuel/ros2_ws/install/dual_dynamixel_node/lib:/opt/ros/humble/opt/rviz_ogre_vendor/lib:/opt/ros/humble/lib/x86_64-linux-gnu:/opt/ros/humble/lib /usr/bin/cmake --build /home/manuel/ros2_ws/build/inverse_kinematics_node -- -j12 -l12
[2.971s] [  2%] [34m[1mGenerating C code for ROS interfaces[0m
[2.978s] [  4%] [34m[1mGenerating C++ code for ROS interfaces[0m
[2.993s] [  4%] Built target ament_cmake_python_symlink_inverse_kinematics_node
[3.383s] running egg_info
[3.384s] creating inverse_kinematics_node.egg-info
[3.385s] writing inverse_kinematics_node.egg-info/PKG-INFO
[3.385s] writing dependency_links to inverse_kinematics_node.egg-info/dependency_links.txt
[3.386s] writing top-level names to inverse_kinematics_node.egg-info/top_level.txt
[3.386s] writing manifest file 'inverse_kinematics_node.egg-info/SOURCES.txt'
[3.388s] reading manifest file 'inverse_kinematics_node.egg-info/SOURCES.txt'
[3.389s] writing manifest file 'inverse_kinematics_node.egg-info/SOURCES.txt'
[3.466s] [  4%] Built target ament_cmake_python_build_inverse_kinematics_node_egg
[3.498s] [  4%] Built target inverse_kinematics_node__cpp
[3.518s] [  7%] [34m[1mGenerating C++ type support for eProsima Fast-RTPS[0m
[3.521s] [  9%] [34m[1mGenerating C++ introspection for ROS interfaces[0m
[3.525s] [ 12%] [34m[1mGenerating C++ type support dispatch for ROS interfaces[0m
[3.681s] [ 14%] [32mBuilding C object CMakeFiles/inverse_kinematics_node__rosidl_generator_c.dir/rosidl_generator_c/inverse_kinematics_node/srv/detail/get_xy__functions.c.o[0m
[3.681s] [ 17%] [32mBuilding C object CMakeFiles/inverse_kinematics_node__rosidl_generator_c.dir/rosidl_generator_c/inverse_kinematics_node/msg/detail/set_xy__functions.c.o[0m
[3.796s] [ 19%] [32m[1mLinking C shared library libinverse_kinematics_node__rosidl_generator_c.so[0m
[3.886s] [ 19%] Built target inverse_kinematics_node__rosidl_generator_c
[3.899s] [ 21%] [34m[1mGenerating C type support for eProsima Fast-RTPS[0m
[3.909s] [ 24%] [34m[1mGenerating C introspection for ROS interfaces[0m
[3.914s] [ 26%] [34m[1mGenerating C type support dispatch for ROS interfaces[0m
[4.164s] [ 29%] [32mBuilding CXX object CMakeFiles/inverse_kinematics_node__rosidl_typesupport_cpp.dir/rosidl_typesupport_cpp/inverse_kinematics_node/srv/get_xy__type_support.cpp.o[0m
[4.164s] [ 31%] [32mBuilding CXX object CMakeFiles/inverse_kinematics_node__rosidl_typesupport_cpp.dir/rosidl_typesupport_cpp/inverse_kinematics_node/msg/set_xy__type_support.cpp.o[0m
[4.276s] [ 34%] [32mBuilding CXX object CMakeFiles/inverse_kinematics_node__rosidl_typesupport_introspection_cpp.dir/rosidl_typesupport_introspection_cpp/inverse_kinematics_node/msg/detail/set_xy__type_support.cpp.o[0m
[4.276s] [ 36%] [32mBuilding CXX object CMakeFiles/inverse_kinematics_node__rosidl_typesupport_introspection_cpp.dir/rosidl_typesupport_introspection_cpp/inverse_kinematics_node/srv/detail/get_xy__type_support.cpp.o[0m
[4.376s] [ 39%] [32mBuilding CXX object CMakeFiles/inverse_kinematics_node__rosidl_typesupport_fastrtps_cpp.dir/rosidl_typesupport_fastrtps_cpp/inverse_kinematics_node/msg/detail/dds_fastrtps/set_xy__type_support.cpp.o[0m
[4.381s] [ 41%] [32mBuilding CXX object CMakeFiles/inverse_kinematics_node__rosidl_typesupport_fastrtps_cpp.dir/rosidl_typesupport_fastrtps_cpp/inverse_kinematics_node/srv/detail/dds_fastrtps/get_xy__type_support.cpp.o[0m
[4.686s] [ 43%] [32mBuilding CXX object CMakeFiles/inverse_kinematics_node__rosidl_typesupport_c.dir/rosidl_typesupport_c/inverse_kinematics_node/msg/set_xy__type_support.cpp.o[0m
[4.693s] [ 46%] [32mBuilding CXX object CMakeFiles/inverse_kinematics_node__rosidl_typesupport_c.dir/rosidl_typesupport_c/inverse_kinematics_node/srv/get_xy__type_support.cpp.o[0m
[4.796s] [ 48%] [32m[1mLinking CXX shared library libinverse_kinematics_node__rosidl_typesupport_c.so[0m
[4.804s] [ 51%] [32mBuilding C object CMakeFiles/inverse_kinematics_node__rosidl_typesupport_introspection_c.dir/rosidl_typesupport_introspection_c/inverse_kinematics_node/srv/detail/get_xy__type_support.c.o[0m
[4.805s] [ 53%] [32mBuilding C object CMakeFiles/inverse_kinematics_node__rosidl_typesupport_introspection_c.dir/rosidl_typesupport_introspection_c/inverse_kinematics_node/msg/detail/set_xy__type_support.c.o[0m
[4.916s] [ 56%] [32m[1mLinking C shared library libinverse_kinematics_node__rosidl_typesupport_introspection_c.so[0m
[4.928s] [ 56%] Built target inverse_kinematics_node__rosidl_typesupport_c
[4.981s] [ 58%] [32mBuilding CXX object CMakeFiles/inverse_kinematics_node__rosidl_typesupport_fastrtps_c.dir/rosidl_typesupport_fastrtps_c/inverse_kinematics_node/srv/detail/get_xy__type_support_c.cpp.o[0m
[4.981s] [ 60%] [32mBuilding CXX object CMakeFiles/inverse_kinematics_node__rosidl_typesupport_fastrtps_c.dir/rosidl_typesupport_fastrtps_c/inverse_kinematics_node/msg/detail/set_xy__type_support_c.cpp.o[0m
[5.009s] [ 60%] Built target inverse_kinematics_node__rosidl_typesupport_introspection_c
[5.334s] [ 63%] [32m[1mLinking CXX shared library libinverse_kinematics_node__rosidl_typesupport_cpp.so[0m
[5.485s] [ 63%] Built target inverse_kinematics_node__rosidl_typesupport_cpp
[6.103s] [ 65%] [32m[1mLinking CXX shared library libinverse_kinematics_node__rosidl_typesupport_introspection_cpp.so[0m
[6.124s] [ 68%] [32m[1mLinking CXX shared library libinverse_kinematics_node__rosidl_typesupport_fastrtps_cpp.so[0m
[6.216s] [ 68%] Built target inverse_kinematics_node__rosidl_typesupport_introspection_cpp
[6.327s] [ 68%] Built target inverse_kinematics_node__rosidl_typesupport_fastrtps_cpp
[6.340s] [ 70%] [32m[1mLinking CXX shared library libinverse_kinematics_node__rosidl_typesupport_fastrtps_c.so[0m
[6.489s] [ 70%] Built target inverse_kinematics_node__rosidl_typesupport_fastrtps_c
[6.510s] [ 70%] Built target inverse_kinematics_node
[6.538s] [ 75%] [34m[1mGenerating Python code for ROS interfaces[0m
[6.538s] [ 75%] [32mBuilding CXX object CMakeFiles/ik_driver.dir/src/inverse_kinematics_node.cpp.o[0m
[7.331s] [ 75%] Built target inverse_kinematics_node__py
[7.362s] [ 80%] [32mBuilding C object CMakeFiles/inverse_kinematics_node__rosidl_generator_py.dir/rosidl_generator_py/inverse_kinematics_node/msg/_set_xy_s.c.o[0m
[7.362s] [ 80%] [32mBuilding C object CMakeFiles/inverse_kinematics_node__rosidl_generator_py.dir/rosidl_generator_py/inverse_kinematics_node/srv/_get_xy_s.c.o[0m
[7.534s] [ 82%] [32m[1mLinking C shared library rosidl_generator_py/inverse_kinematics_node/libinverse_kinematics_node__rosidl_generator_py.so[0m
[7.596s] [ 82%] Built target inverse_kinematics_node__rosidl_generator_py
[7.623s] [ 85%] [32mBuilding C object CMakeFiles/inverse_kinematics_node__rosidl_typesupport_introspection_c__pyext.dir/rosidl_generator_py/inverse_kinematics_node/_inverse_kinematics_node_s.ep.rosidl_typesupport_introspection_c.c.o[0m
[7.623s] [ 87%] [32mBuilding C object CMakeFiles/inverse_kinematics_node__rosidl_typesupport_c__pyext.dir/rosidl_generator_py/inverse_kinematics_node/_inverse_kinematics_node_s.ep.rosidl_typesupport_c.c.o[0m
[7.636s] [ 90%] [32mBuilding C object CMakeFiles/inverse_kinematics_node__rosidl_typesupport_fastrtps_c__pyext.dir/rosidl_generator_py/inverse_kinematics_node/_inverse_kinematics_node_s.ep.rosidl_typesupport_fastrtps_c.c.o[0m
[7.799s] [ 92%] [32m[1mLinking C shared library rosidl_generator_py/inverse_kinematics_node/inverse_kinematics_node_s__rosidl_typesupport_introspection_c.cpython-310-x86_64-linux-gnu.so[0m
[7.821s] [ 95%] [32m[1mLinking C shared library rosidl_generator_py/inverse_kinematics_node/inverse_kinematics_node_s__rosidl_typesupport_c.cpython-310-x86_64-linux-gnu.so[0m
[7.822s] [ 97%] [32m[1mLinking C shared library rosidl_generator_py/inverse_kinematics_node/inverse_kinematics_node_s__rosidl_typesupport_fastrtps_c.cpython-310-x86_64-linux-gnu.so[0m
[7.880s] [ 97%] Built target inverse_kinematics_node__rosidl_typesupport_introspection_c__pyext
[7.894s] [ 97%] Built target inverse_kinematics_node__rosidl_typesupport_c__pyext
[7.894s] [ 97%] Built target inverse_kinematics_node__rosidl_typesupport_fastrtps_c__pyext
[15.513s] [100%] [32m[1mLinking CXX executable ik_driver[0m
[15.895s] [100%] Built target ik_driver
[15.907s] Invoked command in '/home/manuel/ros2_ws/build/inverse_kinematics_node' returned '0': CMAKE_PREFIX_PATH=/home/manuel/ros2_ws/install/dynamixel_sdk:/home/manuel/ros2_ws/install/synthetic_ball_publisher:/home/manuel/ros2_ws/install/pwm_position_node:/home/manuel/ros2_ws/install/my_cpp_pkg:/home/manuel/ros2_ws/install/joint_positions_node:/home/manuel/ros2_ws/install/ball_arm_tracker:/home/manuel/ros2_ws/install/inverse_kinematics_node:/home/manuel/ros2_ws/install/dynamixel_sdk_examples:/home/manuel/ros2_ws/install/dynamixel_sdk_custom_interfaces:/home/manuel/ros2_ws/install/dual_dynamixel_node:/home/manuel/ros2_ws/install/ball_centroid_detector:/home/manuel/ros2_ws/install/joint_plotter:/opt/ros/humble LD_LIBRARY_PATH=/home/manuel/ros2_ws/install/dynamixel_sdk/lib:/home/manuel/ros2_ws/install/joint_positions_node/lib:/home/manuel/ros2_ws/install/inverse_kinematics_node/lib:/home/manuel/ros2_ws/install/dynamixel_sdk_custom_interfaces/lib:/home/manuel/ros2_ws/install/dual_dynamixel_node/lib:/opt/ros/humble/opt/rviz_ogre_vendor/lib:/opt/ros/humble/lib/x86_64-linux-gnu:/opt/ros/humble/lib /usr/bin/cmake --build /home/manuel/ros2_ws/build/inverse_kinematics_node -- -j12 -l12
[15.908s] Invoking command in '/home/manuel/ros2_ws/build/inverse_kinematics_node': CMAKE_PREFIX_PATH=/home/manuel/ros2_ws/install/dynamixel_sdk:/home/manuel/ros2_ws/install/synthetic_ball_publisher:/home/manuel/ros2_ws/install/pwm_position_node:/home/manuel/ros2_ws/install/my_cpp_pkg:/home/manuel/ros2_ws/install/joint_positions_node:/home/manuel/ros2_ws/install/ball_arm_tracker:/home/manuel/ros2_ws/install/inverse_kinematics_node:/home/manuel/ros2_ws/install/dynamixel_sdk_examples:/home/manuel/ros2_ws/install/dynamixel_sdk_custom_interfaces:/home/manuel/ros2_ws/install/dual_dynamixel_node:/home/manuel/ros2_ws/install/ball_centroid_detector:/home/manuel/ros2_ws/install/joint_plotter:/opt/ros/humble LD_LIBRARY_PATH=/home/manuel/ros2_ws/install/dynamixel_sdk/lib:/home/manuel/ros2_ws/install/joint_positions_node/lib:/home/manuel/ros2_ws/install/inverse_kinematics_node/lib:/home/manuel/ros2_ws/install/dynamixel_sdk_custom_interfaces/lib:/home/manuel/ros2_ws/install/dual_dynamixel_node/lib:/opt/ros/humble/opt/rviz_ogre_vendor/lib:/opt/ros/humble/lib/x86_64-linux-gnu:/opt/ros/humble/lib /usr/bin/cmake --install /home/manuel/ros2_ws/build/inverse_kinematics_node
[15.917s] -- Install configuration: ""
[15.917s] -- Execute custom install script
[15.917s] -- Symlinking: /home/manuel/ros2_ws/install/inverse_kinematics_node/share/ament_index/resource_index/rosidl_interfaces/inverse_kinematics_node
[15.928s] -- Symlinking: /home/manuel/ros2_ws/install/inverse_kinematics_node/include/inverse_kinematics_node/inverse_kinematics_node/msg/detail/set_xy__functions.h
[15.937s] -- Symlinking: /home/manuel/ros2_ws/install/inverse_kinematics_node/include/inverse_kinematics_node/inverse_kinematics_node/msg/detail/set_xy__struct.h
[15.946s] -- Symlinking: /home/manuel/ros2_ws/install/inverse_kinematics_node/include/inverse_kinematics_node/inverse_kinematics_node/msg/detail/set_xy__type_support.h
[15.954s] -- Symlinking: /home/manuel/ros2_ws/install/inverse_kinematics_node/include/inverse_kinematics_node/inverse_kinematics_node/msg/rosidl_generator_c__visibility_control.h
[15.962s] -- Symlinking: /home/manuel/ros2_ws/install/inverse_kinematics_node/include/inverse_kinematics_node/inverse_kinematics_node/msg/set_xy.h
[15.969s] -- Symlinking: /home/manuel/ros2_ws/install/inverse_kinematics_node/include/inverse_kinematics_node/inverse_kinematics_node/srv/detail/get_xy__functions.h
[15.977s] -- Symlinking: /home/manuel/ros2_ws/install/inverse_kinematics_node/include/inverse_kinematics_node/inverse_kinematics_node/srv/detail/get_xy__struct.h
[15.986s] -- Symlinking: /home/manuel/ros2_ws/install/inverse_kinematics_node/include/inverse_kinematics_node/inverse_kinematics_node/srv/detail/get_xy__type_support.h
[15.993s] -- Symlinking: /home/manuel/ros2_ws/install/inverse_kinematics_node/include/inverse_kinematics_node/inverse_kinematics_node/srv/get_xy.h
[16.002s] -- Symlinking: /home/manuel/ros2_ws/install/inverse_kinematics_node/share/inverse_kinematics_node/environment/library_path.sh
[16.012s] -- Symlinking: /home/manuel/ros2_ws/install/inverse_kinematics_node/share/inverse_kinematics_node/environment/library_path.dsv
[16.020s] -- Symlinking: /home/manuel/ros2_ws/install/inverse_kinematics_node/include/inverse_kinematics_node/inverse_kinematics_node/msg/detail/set_xy__rosidl_typesupport_fastrtps_c.h
[16.030s] -- Symlinking: /home/manuel/ros2_ws/install/inverse_kinematics_node/include/inverse_kinematics_node/inverse_kinematics_node/msg/rosidl_typesupport_fastrtps_c__visibility_control.h
[16.038s] -- Symlinking: /home/manuel/ros2_ws/install/inverse_kinematics_node/include/inverse_kinematics_node/inverse_kinematics_node/srv/detail/get_xy__rosidl_typesupport_fastrtps_c.h
[16.047s] -- Symlinking: /home/manuel/ros2_ws/install/inverse_kinematics_node/include/inverse_kinematics_node/inverse_kinematics_node/msg/detail/set_xy__builder.hpp
[16.055s] -- Symlinking: /home/manuel/ros2_ws/install/inverse_kinematics_node/include/inverse_kinematics_node/inverse_kinematics_node/msg/detail/set_xy__struct.hpp
[16.064s] -- Symlinking: /home/manuel/ros2_ws/install/inverse_kinematics_node/include/inverse_kinematics_node/inverse_kinematics_node/msg/detail/set_xy__traits.hpp
[16.076s] -- Symlinking: /home/manuel/ros2_ws/install/inverse_kinematics_node/include/inverse_kinematics_node/inverse_kinematics_node/msg/detail/set_xy__type_support.hpp
[16.090s] -- Symlinking: /home/manuel/ros2_ws/install/inverse_kinematics_node/include/inverse_kinematics_node/inverse_kinematics_node/msg/rosidl_generator_cpp__visibility_control.hpp
[16.102s] -- Symlinking: /home/manuel/ros2_ws/install/inverse_kinematics_node/include/inverse_kinematics_node/inverse_kinematics_node/msg/set_xy.hpp
[16.118s] -- Symlinking: /home/manuel/ros2_ws/install/inverse_kinematics_node/include/inverse_kinematics_node/inverse_kinematics_node/srv/detail/get_xy__builder.hpp
[16.131s] -- Symlinking: /home/manuel/ros2_ws/install/inverse_kinematics_node/include/inverse_kinematics_node/inverse_kinematics_node/srv/detail/get_xy__struct.hpp
[16.146s] -- Symlinking: /home/manuel/ros2_ws/install/inverse_kinematics_node/include/inverse_kinematics_node/inverse_kinematics_node/srv/detail/get_xy__traits.hpp
[16.160s] -- Symlinking: /home/manuel/ros2_ws/install/inverse_kinematics_node/include/inverse_kinematics_node/inverse_kinematics_node/srv/detail/get_xy__type_support.hpp
[16.175s] -- Symlinking: /home/manuel/ros2_ws/install/inverse_kinematics_node/include/inverse_kinematics_node/inverse_kinematics_node/srv/get_xy.hpp
[16.188s] -- Symlinking: /home/manuel/ros2_ws/install/inverse_kinematics_node/include/inverse_kinematics_node/inverse_kinematics_node/msg/detail/set_xy__rosidl_typesupport_fastrtps_cpp.hpp
[16.201s] -- Symlinking: /home/manuel/ros2_ws/install/inverse_kinematics_node/include/inverse_kinematics_node/inverse_kinematics_node/msg/rosidl_typesupport_fastrtps_cpp__visibility_control.h
[16.219s] -- Symlinking: /home/manuel/ros2_ws/install/inverse_kinematics_node/include/inverse_kinematics_node/inverse_kinematics_node/srv/detail/get_xy__rosidl_typesupport_fastrtps_cpp.hpp
[16.233s] -- Symlinking: /home/manuel/ros2_ws/install/inverse_kinematics_node/include/inverse_kinematics_node/inverse_kinematics_node/msg/detail/set_xy__rosidl_typesupport_introspection_c.h
[16.249s] -- Symlinking: /home/manuel/ros2_ws/install/inverse_kinematics_node/include/inverse_kinematics_node/inverse_kinematics_node/msg/rosidl_typesupport_introspection_c__visibility_control.h
[16.265s] -- Symlinking: /home/manuel/ros2_ws/install/inverse_kinematics_node/include/inverse_kinematics_node/inverse_kinematics_node/srv/detail/get_xy__rosidl_typesupport_introspection_c.h
[16.279s] -- Symlinking: /home/manuel/ros2_ws/install/inverse_kinematics_node/include/inverse_kinematics_node/inverse_kinematics_node/msg/detail/set_xy__rosidl_typesupport_introspection_cpp.hpp
[16.291s] -- Symlinking: /home/manuel/ros2_ws/install/inverse_kinematics_node/include/inverse_kinematics_node/inverse_kinematics_node/srv/detail/get_xy__rosidl_typesupport_introspection_cpp.hpp
[16.303s] -- Symlinking: /home/manuel/ros2_ws/install/inverse_kinematics_node/share/inverse_kinematics_node/environment/pythonpath.sh
[16.318s] -- Symlinking: /home/manuel/ros2_ws/install/inverse_kinematics_node/share/inverse_kinematics_node/environment/pythonpath.dsv
[16.332s] -- Symlinking: /home/manuel/ros2_ws/install/inverse_kinematics_node/local/lib/python3.10/dist-packages/inverse_kinematics_node-0.0.0-py3.10.egg-info/PKG-INFO
[16.346s] -- Symlinking: /home/manuel/ros2_ws/install/inverse_kinematics_node/local/lib/python3.10/dist-packages/inverse_kinematics_node-0.0.0-py3.10.egg-info/SOURCES.txt
[16.359s] -- Symlinking: /home/manuel/ros2_ws/install/inverse_kinematics_node/local/lib/python3.10/dist-packages/inverse_kinematics_node-0.0.0-py3.10.egg-info/dependency_links.txt
[16.370s] -- Symlinking: /home/manuel/ros2_ws/install/inverse_kinematics_node/local/lib/python3.10/dist-packages/inverse_kinematics_node-0.0.0-py3.10.egg-info/top_level.txt
[16.383s] -- Symlinking: /home/manuel/ros2_ws/install/inverse_kinematics_node/local/lib/python3.10/dist-packages/inverse_kinematics_node/__init__.py
[16.394s] -- Symlinking: /home/manuel/ros2_ws/install/inverse_kinematics_node/local/lib/python3.10/dist-packages/inverse_kinematics_node/_inverse_kinematics_node_s.ep.rosidl_typesupport_c.c
[16.405s] -- Symlinking: /home/manuel/ros2_ws/install/inverse_kinematics_node/local/lib/python3.10/dist-packages/inverse_kinematics_node/_inverse_kinematics_node_s.ep.rosidl_typesupport_fastrtps_c.c
[16.418s] -- Symlinking: /home/manuel/ros2_ws/install/inverse_kinematics_node/local/lib/python3.10/dist-packages/inverse_kinematics_node/_inverse_kinematics_node_s.ep.rosidl_typesupport_introspection_c.c
[16.430s] -- Symlinking: /home/manuel/ros2_ws/install/inverse_kinematics_node/local/lib/python3.10/dist-packages/inverse_kinematics_node/inverse_kinematics_node_s__rosidl_typesupport_c.cpython-310-x86_64-linux-gnu.so
[16.443s] -- Symlinking: /home/manuel/ros2_ws/install/inverse_kinematics_node/local/lib/python3.10/dist-packages/inverse_kinematics_node/inverse_kinematics_node_s__rosidl_typesupport_fastrtps_c.cpython-310-x86_64-linux-gnu.so
[16.451s] -- Symlinking: /home/manuel/ros2_ws/install/inverse_kinematics_node/local/lib/python3.10/dist-packages/inverse_kinematics_node/inverse_kinematics_node_s__rosidl_typesupport_introspection_c.cpython-310-x86_64-linux-gnu.so
[16.463s] -- Symlinking: /home/manuel/ros2_ws/install/inverse_kinematics_node/local/lib/python3.10/dist-packages/inverse_kinematics_node/libinverse_kinematics_node__rosidl_generator_py.so
[16.473s] -- Symlinking: /home/manuel/ros2_ws/install/inverse_kinematics_node/local/lib/python3.10/dist-packages/inverse_kinematics_node/msg/__init__.py
[16.480s] -- Symlinking: /home/manuel/ros2_ws/install/inverse_kinematics_node/local/lib/python3.10/dist-packages/inverse_kinematics_node/msg/_set_xy.py
[16.487s] -- Symlinking: /home/manuel/ros2_ws/install/inverse_kinematics_node/local/lib/python3.10/dist-packages/inverse_kinematics_node/msg/_set_xy_s.c
[16.493s] -- Symlinking: /home/manuel/ros2_ws/install/inverse_kinematics_node/local/lib/python3.10/dist-packages/inverse_kinematics_node/srv/__init__.py
[16.500s] -- Symlinking: /home/manuel/ros2_ws/install/inverse_kinematics_node/local/lib/python3.10/dist-packages/inverse_kinematics_node/srv/_get_xy.py
[16.509s] -- Symlinking: /home/manuel/ros2_ws/install/inverse_kinematics_node/local/lib/python3.10/dist-packages/inverse_kinematics_node/srv/_get_xy_s.c
[16.517s] -- Up-to-date symlink: /home/manuel/ros2_ws/install/inverse_kinematics_node/local/lib/python3.10/dist-packages/inverse_kinematics_node/inverse_kinematics_node_s__rosidl_typesupport_fastrtps_c.cpython-310-x86_64-linux-gnu.so
[16.517s] -- Up-to-date symlink: /home/manuel/ros2_ws/install/inverse_kinematics_node/local/lib/python3.10/dist-packages/inverse_kinematics_node/inverse_kinematics_node_s__rosidl_typesupport_introspection_c.cpython-310-x86_64-linux-gnu.so
[16.517s] -- Up-to-date symlink: /home/manuel/ros2_ws/install/inverse_kinematics_node/local/lib/python3.10/dist-packages/inverse_kinematics_node/inverse_kinematics_node_s__rosidl_typesupport_c.cpython-310-x86_64-linux-gnu.so
[16.517s] -- Symlinking: /home/manuel/ros2_ws/install/inverse_kinematics_node/share/inverse_kinematics_node/msg/SetXY.idl
[16.523s] -- Symlinking: /home/manuel/ros2_ws/install/inverse_kinematics_node/share/inverse_kinematics_node/srv/GetXY.idl
[16.533s] -- Symlinking: /home/manuel/ros2_ws/install/inverse_kinematics_node/share/inverse_kinematics_node/msg/SetXY.msg
[16.540s] -- Symlinking: /home/manuel/ros2_ws/install/inverse_kinematics_node/share/inverse_kinematics_node/srv/GetXY.srv
[16.547s] -- Symlinking: /home/manuel/ros2_ws/install/inverse_kinematics_node/share/inverse_kinematics_node/srv/GetXY_Request.msg
[16.554s] -- Symlinking: /home/manuel/ros2_ws/install/inverse_kinematics_node/share/inverse_kinematics_node/srv/GetXY_Response.msg
[16.562s] -- Symlinking: /home/manuel/ros2_ws/install/inverse_kinematics_node/lib/inverse_kinematics_node/ik_driver
[16.570s] -- Symlinking: /home/manuel/ros2_ws/install/inverse_kinematics_node/share/ament_index/resource_index/package_run_dependencies/inverse_kinematics_node
[16.578s] -- Symlinking: /home/manuel/ros2_ws/install/inverse_kinematics_node/share/ament_index/resource_index/parent_prefix_path/inverse_kinematics_node
[16.585s] -- Symlinking: /home/manuel/ros2_ws/install/inverse_kinematics_node/share/inverse_kinematics_node/environment/ament_prefix_path.sh
[16.593s] -- Symlinking: /home/manuel/ros2_ws/install/inverse_kinematics_node/share/inverse_kinematics_node/environment/ament_prefix_path.dsv
[16.600s] -- Symlinking: /home/manuel/ros2_ws/install/inverse_kinematics_node/share/inverse_kinematics_node/environment/path.sh
[16.609s] -- Symlinking: /home/manuel/ros2_ws/install/inverse_kinematics_node/share/inverse_kinematics_node/environment/path.dsv
[16.616s] -- Symlinking: /home/manuel/ros2_ws/install/inverse_kinematics_node/share/inverse_kinematics_node/local_setup.bash
[16.624s] -- Symlinking: /home/manuel/ros2_ws/install/inverse_kinematics_node/share/inverse_kinematics_node/local_setup.sh
[16.633s] -- Symlinking: /home/manuel/ros2_ws/install/inverse_kinematics_node/share/inverse_kinematics_node/local_setup.zsh
[16.640s] -- Symlinking: /home/manuel/ros2_ws/install/inverse_kinematics_node/share/inverse_kinematics_node/local_setup.dsv
[16.646s] -- Symlinking: /home/manuel/ros2_ws/install/inverse_kinematics_node/share/inverse_kinematics_node/package.dsv
[16.653s] -- Symlinking: /home/manuel/ros2_ws/install/inverse_kinematics_node/share/ament_index/resource_index/packages/inverse_kinematics_node
[16.661s] -- Symlinking: /home/manuel/ros2_ws/install/inverse_kinematics_node/share/inverse_kinematics_node/cmake/rosidl_cmake-extras.cmake
[16.669s] -- Symlinking: /home/manuel/ros2_ws/install/inverse_kinematics_node/share/inverse_kinematics_node/cmake/ament_cmake_export_dependencies-extras.cmake
[16.678s] -- Symlinking: /home/manuel/ros2_ws/install/inverse_kinematics_node/share/inverse_kinematics_node/cmake/ament_cmake_export_include_directories-extras.cmake
[16.688s] -- Symlinking: /home/manuel/ros2_ws/install/inverse_kinematics_node/share/inverse_kinematics_node/cmake/ament_cmake_export_libraries-extras.cmake
[16.695s] -- Symlinking: /home/manuel/ros2_ws/install/inverse_kinematics_node/share/inverse_kinematics_node/cmake/ament_cmake_export_targets-extras.cmake
[16.703s] -- Symlinking: /home/manuel/ros2_ws/install/inverse_kinematics_node/share/inverse_kinematics_node/cmake/rosidl_cmake_export_typesupport_targets-extras.cmake
[16.711s] -- Symlinking: /home/manuel/ros2_ws/install/inverse_kinematics_node/share/inverse_kinematics_node/cmake/rosidl_cmake_export_typesupport_libraries-extras.cmake
[16.720s] -- Symlinking: /home/manuel/ros2_ws/install/inverse_kinematics_node/share/inverse_kinematics_node/cmake/inverse_kinematics_nodeConfig.cmake
[16.726s] -- Symlinking: /home/manuel/ros2_ws/install/inverse_kinematics_node/share/inverse_kinematics_node/cmake/inverse_kinematics_nodeConfig-version.cmake
[16.733s] -- Symlinking: /home/manuel/ros2_ws/install/inverse_kinematics_node/share/inverse_kinematics_node/package.xml
[16.740s] -- Installing: /home/manuel/ros2_ws/install/inverse_kinematics_node/lib/libinverse_kinematics_node__rosidl_generator_c.so
[16.740s] -- Set runtime path of "/home/manuel/ros2_ws/install/inverse_kinematics_node/lib/libinverse_kinematics_node__rosidl_generator_c.so" to ""
[16.740s] -- Installing: /home/manuel/ros2_ws/install/inverse_kinematics_node/lib/libinverse_kinematics_node__rosidl_typesupport_fastrtps_c.so
[16.740s] -- Set runtime path of "/home/manuel/ros2_ws/install/inverse_kinematics_node/lib/libinverse_kinematics_node__rosidl_typesupport_fastrtps_c.so" to ""
[16.740s] -- Installing: /home/manuel/ros2_ws/install/inverse_kinematics_node/lib/libinverse_kinematics_node__rosidl_typesupport_fastrtps_cpp.so
[16.740s] -- Set runtime path of "/home/manuel/ros2_ws/install/inverse_kinematics_node/lib/libinverse_kinematics_node__rosidl_typesupport_fastrtps_cpp.so" to ""
[16.740s] -- Installing: /home/manuel/ros2_ws/install/inverse_kinematics_node/lib/libinverse_kinematics_node__rosidl_typesupport_introspection_c.so
[16.741s] -- Set runtime path of "/home/manuel/ros2_ws/install/inverse_kinematics_node/lib/libinverse_kinematics_node__rosidl_typesupport_introspection_c.so" to ""
[16.741s] -- Installing: /home/manuel/ros2_ws/install/inverse_kinematics_node/lib/libinverse_kinematics_node__rosidl_typesupport_c.so
[16.741s] -- Set runtime path of "/home/manuel/ros2_ws/install/inverse_kinematics_node/lib/libinverse_kinematics_node__rosidl_typesupport_c.so" to ""
[16.741s] -- Installing: /home/manuel/ros2_ws/install/inverse_kinematics_node/lib/libinverse_kinematics_node__rosidl_typesupport_introspection_cpp.so
[16.742s] -- Set runtime path of "/home/manuel/ros2_ws/install/inverse_kinematics_node/lib/libinverse_kinematics_node__rosidl_typesupport_introspection_cpp.so" to ""
[16.742s] -- Installing: /home/manuel/ros2_ws/install/inverse_kinematics_node/lib/libinverse_kinematics_node__rosidl_typesupport_cpp.so
[16.742s] -- Set runtime path of "/home/manuel/ros2_ws/install/inverse_kinematics_node/lib/libinverse_kinematics_node__rosidl_typesupport_cpp.so" to ""
[16.774s] Listing '/home/manuel/ros2_ws/install/inverse_kinematics_node/local/lib/python3.10/dist-packages/inverse_kinematics_node'...
[16.774s] Compiling '/home/manuel/ros2_ws/install/inverse_kinematics_node/local/lib/python3.10/dist-packages/inverse_kinematics_node/__init__.py'...
[16.774s] Listing '/home/manuel/ros2_ws/install/inverse_kinematics_node/local/lib/python3.10/dist-packages/inverse_kinematics_node/msg'...
[16.774s] Compiling '/home/manuel/ros2_ws/install/inverse_kinematics_node/local/lib/python3.10/dist-packages/inverse_kinematics_node/msg/__init__.py'...
[16.775s] Compiling '/home/manuel/ros2_ws/install/inverse_kinematics_node/local/lib/python3.10/dist-packages/inverse_kinematics_node/msg/_set_xy.py'...
[16.775s] Listing '/home/manuel/ros2_ws/install/inverse_kinematics_node/local/lib/python3.10/dist-packages/inverse_kinematics_node/srv'...
[16.775s] Compiling '/home/manuel/ros2_ws/install/inverse_kinematics_node/local/lib/python3.10/dist-packages/inverse_kinematics_node/srv/__init__.py'...
[16.775s] Compiling '/home/manuel/ros2_ws/install/inverse_kinematics_node/local/lib/python3.10/dist-packages/inverse_kinematics_node/srv/_get_xy.py'...
[16.779s] -- Installing: /home/manuel/ros2_ws/install/inverse_kinematics_node/lib/libinverse_kinematics_node__rosidl_generator_py.so
[16.779s] -- Set runtime path of "/home/manuel/ros2_ws/install/inverse_kinematics_node/lib/libinverse_kinematics_node__rosidl_generator_py.so" to ""
[16.779s] -- Installing: /home/manuel/ros2_ws/install/inverse_kinematics_node/share/inverse_kinematics_node/cmake/export_inverse_kinematics_node__rosidl_generator_cExport.cmake
[16.779s] -- Installing: /home/manuel/ros2_ws/install/inverse_kinematics_node/share/inverse_kinematics_node/cmake/export_inverse_kinematics_node__rosidl_generator_cExport-noconfig.cmake
[16.779s] -- Installing: /home/manuel/ros2_ws/install/inverse_kinematics_node/share/inverse_kinematics_node/cmake/export_inverse_kinematics_node__rosidl_typesupport_fastrtps_cExport.cmake
[16.779s] -- Installing: /home/manuel/ros2_ws/install/inverse_kinematics_node/share/inverse_kinematics_node/cmake/export_inverse_kinematics_node__rosidl_typesupport_fastrtps_cExport-noconfig.cmake
[16.779s] -- Installing: /home/manuel/ros2_ws/install/inverse_kinematics_node/share/inverse_kinematics_node/cmake/export_inverse_kinematics_node__rosidl_generator_cppExport.cmake
[16.780s] -- Installing: /home/manuel/ros2_ws/install/inverse_kinematics_node/share/inverse_kinematics_node/cmake/export_inverse_kinematics_node__rosidl_typesupport_fastrtps_cppExport.cmake
[16.780s] -- Installing: /home/manuel/ros2_ws/install/inverse_kinematics_node/share/inverse_kinematics_node/cmake/export_inverse_kinematics_node__rosidl_typesupport_fastrtps_cppExport-noconfig.cmake
[16.780s] -- Installing: /home/manuel/ros2_ws/install/inverse_kinematics_node/share/inverse_kinematics_node/cmake/inverse_kinematics_node__rosidl_typesupport_introspection_cExport.cmake
[16.780s] -- Installing: /home/manuel/ros2_ws/install/inverse_kinematics_node/share/inverse_kinematics_node/cmake/inverse_kinematics_node__rosidl_typesupport_introspection_cExport-noconfig.cmake
[16.780s] -- Installing: /home/manuel/ros2_ws/install/inverse_kinematics_node/share/inverse_kinematics_node/cmake/inverse_kinematics_node__rosidl_typesupport_cExport.cmake
[16.780s] -- Installing: /home/manuel/ros2_ws/install/inverse_kinematics_node/share/inverse_kinematics_node/cmake/inverse_kinematics_node__rosidl_typesupport_cExport-noconfig.cmake
[16.780s] -- Installing: /home/manuel/ros2_ws/install/inverse_kinematics_node/share/inverse_kinematics_node/cmake/inverse_kinematics_node__rosidl_typesupport_introspection_cppExport.cmake
[16.780s] -- Installing: /home/manuel/ros2_ws/install/inverse_kinematics_node/share/inverse_kinematics_node/cmake/inverse_kinematics_node__rosidl_typesupport_introspection_cppExport-noconfig.cmake
[16.780s] -- Installing: /home/manuel/ros2_ws/install/inverse_kinematics_node/share/inverse_kinematics_node/cmake/inverse_kinematics_node__rosidl_typesupport_cppExport.cmake
[16.781s] -- Installing: /home/manuel/ros2_ws/install/inverse_kinematics_node/share/inverse_kinematics_node/cmake/inverse_kinematics_node__rosidl_typesupport_cppExport-noconfig.cmake
[16.781s] -- Installing: /home/manuel/ros2_ws/install/inverse_kinematics_node/share/inverse_kinematics_node/cmake/export_inverse_kinematics_node__rosidl_generator_pyExport.cmake
[16.781s] -- Installing: /home/manuel/ros2_ws/install/inverse_kinematics_node/share/inverse_kinematics_node/cmake/export_inverse_kinematics_node__rosidl_generator_pyExport-noconfig.cmake
[16.783s] Invoked command in '/home/manuel/ros2_ws/build/inverse_kinematics_node' returned '0': CMAKE_PREFIX_PATH=/home/manuel/ros2_ws/install/dynamixel_sdk:/home/manuel/ros2_ws/install/synthetic_ball_publisher:/home/manuel/ros2_ws/install/pwm_position_node:/home/manuel/ros2_ws/install/my_cpp_pkg:/home/manuel/ros2_ws/install/joint_positions_node:/home/manuel/ros2_ws/install/ball_arm_tracker:/home/manuel/ros2_ws/install/inverse_kinematics_node:/home/manuel/ros2_ws/install/dynamixel_sdk_examples:/home/manuel/ros2_ws/install/dynamixel_sdk_custom_interfaces:/home/manuel/ros2_ws/install/dual_dynamixel_node:/home/manuel/ros2_ws/install/ball_centroid_detector:/home/manuel/ros2_ws/install/joint_plotter:/opt/ros/humble LD_LIBRARY_PATH=/home/manuel/ros2_ws/install/dynamixel_sdk/lib:/home/manuel/ros2_ws/install/joint_positions_node/lib:/home/manuel/ros2_ws/install/inverse_kinematics_node/lib:/home/manuel/ros2_ws/install/dynamixel_sdk_custom_interfaces/lib:/home/manuel/ros2_ws/install/dual_dynamixel_node/lib:/opt/ros/humble/opt/rviz_ogre_vendor/lib:/opt/ros/humble/lib/x86_64-linux-gnu:/opt/ros/humble/lib /usr/bin/cmake --install /home/manuel/ros2_ws/build/inverse_kinematics_node
