[0.050s] Invoking command in '/home/manuel/ros2_ws/build/ball_arm_tracker': CMAKE_PREFIX_PATH=/home/manuel/ros2_ws/install/inverse_kinematics_node:/home/manuel/ros2_ws/install/dynamixel_sdk:/home/manuel/ros2_ws/install/synthetic_ball_publisher:/home/manuel/ros2_ws/install/pwm_position_node:/home/manuel/ros2_ws/install/my_cpp_pkg:/home/manuel/ros2_ws/install/joint_positions_node:/home/manuel/ros2_ws/install/ball_arm_tracker:/home/manuel/ros2_ws/install/dynamixel_sdk_examples:/home/manuel/ros2_ws/install/dynamixel_sdk_custom_interfaces:/home/manuel/ros2_ws/install/dual_dynamixel_node:/home/manuel/ros2_ws/install/ball_centroid_detector:/home/manuel/ros2_ws/install/joint_plotter:/opt/ros/humble LD_LIBRARY_PATH=/home/manuel/ros2_ws/install/inverse_kinematics_node/lib:/home/manuel/ros2_ws/install/dynamixel_sdk/lib:/home/manuel/ros2_ws/install/joint_positions_node/lib:/home/manuel/ros2_ws/install/dynamixel_sdk_custom_interfaces/lib:/home/manuel/ros2_ws/install/dual_dynamixel_node/lib:/opt/ros/humble/opt/rviz_ogre_vendor/lib:/opt/ros/humble/lib/x86_64-linux-gnu:/opt/ros/humble/lib /usr/bin/cmake --build /home/manuel/ros2_ws/build/ball_arm_tracker -- -j12 -l12
[0.274s] [100%] Built target pixel_to_xy_bridge
[0.275s] Invoked command in '/home/manuel/ros2_ws/build/ball_arm_tracker' returned '0': CMAKE_PREFIX_PATH=/home/manuel/ros2_ws/install/inverse_kinematics_node:/home/manuel/ros2_ws/install/dynamixel_sdk:/home/manuel/ros2_ws/install/synthetic_ball_publisher:/home/manuel/ros2_ws/install/pwm_position_node:/home/manuel/ros2_ws/install/my_cpp_pkg:/home/manuel/ros2_ws/install/joint_positions_node:/home/manuel/ros2_ws/install/ball_arm_tracker:/home/manuel/ros2_ws/install/dynamixel_sdk_examples:/home/manuel/ros2_ws/install/dynamixel_sdk_custom_interfaces:/home/manuel/ros2_ws/install/dual_dynamixel_node:/home/manuel/ros2_ws/install/ball_centroid_detector:/home/manuel/ros2_ws/install/joint_plotter:/opt/ros/humble LD_LIBRARY_PATH=/home/manuel/ros2_ws/install/inverse_kinematics_node/lib:/home/manuel/ros2_ws/install/dynamixel_sdk/lib:/home/manuel/ros2_ws/install/joint_positions_node/lib:/home/manuel/ros2_ws/install/dynamixel_sdk_custom_interfaces/lib:/home/manuel/ros2_ws/install/dual_dynamixel_node/lib:/opt/ros/humble/opt/rviz_ogre_vendor/lib:/opt/ros/humble/lib/x86_64-linux-gnu:/opt/ros/humble/lib /usr/bin/cmake --build /home/manuel/ros2_ws/build/ball_arm_tracker -- -j12 -l12
[0.275s] Invoking command in '/home/manuel/ros2_ws/build/ball_arm_tracker': CMAKE_PREFIX_PATH=/home/manuel/ros2_ws/install/inverse_kinematics_node:/home/manuel/ros2_ws/install/dynamixel_sdk:/home/manuel/ros2_ws/install/synthetic_ball_publisher:/home/manuel/ros2_ws/install/pwm_position_node:/home/manuel/ros2_ws/install/my_cpp_pkg:/home/manuel/ros2_ws/install/joint_positions_node:/home/manuel/ros2_ws/install/ball_arm_tracker:/home/manuel/ros2_ws/install/dynamixel_sdk_examples:/home/manuel/ros2_ws/install/dynamixel_sdk_custom_interfaces:/home/manuel/ros2_ws/install/dual_dynamixel_node:/home/manuel/ros2_ws/install/ball_centroid_detector:/home/manuel/ros2_ws/install/joint_plotter:/opt/ros/humble LD_LIBRARY_PATH=/home/manuel/ros2_ws/install/inverse_kinematics_node/lib:/home/manuel/ros2_ws/install/dynamixel_sdk/lib:/home/manuel/ros2_ws/install/joint_positions_node/lib:/home/manuel/ros2_ws/install/dynamixel_sdk_custom_interfaces/lib:/home/manuel/ros2_ws/install/dual_dynamixel_node/lib:/opt/ros/humble/opt/rviz_ogre_vendor/lib:/opt/ros/humble/lib/x86_64-linux-gnu:/opt/ros/humble/lib /usr/bin/cmake --install /home/manuel/ros2_ws/build/ball_arm_tracker
[0.282s] -- Install configuration: ""
[0.282s] -- Execute custom install script
[0.282s] -- Up-to-date symlink: /home/manuel/ros2_ws/install/ball_arm_tracker/lib/ball_arm_tracker/pixel_to_xy_bridge
[0.282s] -- Up-to-date symlink: /home/manuel/ros2_ws/install/ball_arm_tracker/share/ament_index/resource_index/package_run_dependencies/ball_arm_tracker
[0.282s] -- Up-to-date symlink: /home/manuel/ros2_ws/install/ball_arm_tracker/share/ament_index/resource_index/parent_prefix_path/ball_arm_tracker
[0.282s] -- Up-to-date symlink: /home/manuel/ros2_ws/install/ball_arm_tracker/share/ball_arm_tracker/environment/ament_prefix_path.sh
[0.283s] -- Up-to-date symlink: /home/manuel/ros2_ws/install/ball_arm_tracker/share/ball_arm_tracker/environment/ament_prefix_path.dsv
[0.283s] -- Up-to-date symlink: /home/manuel/ros2_ws/install/ball_arm_tracker/share/ball_arm_tracker/environment/path.sh
[0.283s] -- Up-to-date symlink: /home/manuel/ros2_ws/install/ball_arm_tracker/share/ball_arm_tracker/environment/path.dsv
[0.283s] -- Up-to-date symlink: /home/manuel/ros2_ws/install/ball_arm_tracker/share/ball_arm_tracker/local_setup.bash
[0.283s] -- Up-to-date symlink: /home/manuel/ros2_ws/install/ball_arm_tracker/share/ball_arm_tracker/local_setup.sh
[0.283s] -- Up-to-date symlink: /home/manuel/ros2_ws/install/ball_arm_tracker/share/ball_arm_tracker/local_setup.zsh
[0.283s] -- Up-to-date symlink: /home/manuel/ros2_ws/install/ball_arm_tracker/share/ball_arm_tracker/local_setup.dsv
[0.283s] -- Symlinking: /home/manuel/ros2_ws/install/ball_arm_tracker/share/ball_arm_tracker/package.dsv
[0.290s] -- Up-to-date symlink: /home/manuel/ros2_ws/install/ball_arm_tracker/share/ament_index/resource_index/packages/ball_arm_tracker
[0.290s] -- Up-to-date symlink: /home/manuel/ros2_ws/install/ball_arm_tracker/share/ball_arm_tracker/cmake/ball_arm_trackerConfig.cmake
[0.290s] -- Up-to-date symlink: /home/manuel/ros2_ws/install/ball_arm_tracker/share/ball_arm_tracker/cmake/ball_arm_trackerConfig-version.cmake
[0.291s] -- Up-to-date symlink: /home/manuel/ros2_ws/install/ball_arm_tracker/share/ball_arm_tracker/package.xml
[0.293s] Invoked command in '/home/manuel/ros2_ws/build/ball_arm_tracker' returned '0': CMAKE_PREFIX_PATH=/home/manuel/ros2_ws/install/inverse_kinematics_node:/home/manuel/ros2_ws/install/dynamixel_sdk:/home/manuel/ros2_ws/install/synthetic_ball_publisher:/home/manuel/ros2_ws/install/pwm_position_node:/home/manuel/ros2_ws/install/my_cpp_pkg:/home/manuel/ros2_ws/install/joint_positions_node:/home/manuel/ros2_ws/install/ball_arm_tracker:/home/manuel/ros2_ws/install/dynamixel_sdk_examples:/home/manuel/ros2_ws/install/dynamixel_sdk_custom_interfaces:/home/manuel/ros2_ws/install/dual_dynamixel_node:/home/manuel/ros2_ws/install/ball_centroid_detector:/home/manuel/ros2_ws/install/joint_plotter:/opt/ros/humble LD_LIBRARY_PATH=/home/manuel/ros2_ws/install/inverse_kinematics_node/lib:/home/manuel/ros2_ws/install/dynamixel_sdk/lib:/home/manuel/ros2_ws/install/joint_positions_node/lib:/home/manuel/ros2_ws/install/dynamixel_sdk_custom_interfaces/lib:/home/manuel/ros2_ws/install/dual_dynamixel_node/lib:/opt/ros/humble/opt/rviz_ogre_vendor/lib:/opt/ros/humble/lib/x86_64-linux-gnu:/opt/ros/humble/lib /usr/bin/cmake --install /home/manuel/ros2_ws/build/ball_arm_tracker
