[0.696s] Invoking command in '/home/manuel/ros2_ws/src/my_debug_pkg': PYTHONPATH=/home/manuel/ros2_ws/build/my_debug_pkg/prefix_override:/usr/lib/python3/dist-packages/colcon_core/task/python/colcon_distutils_commands:/home/manuel/ros2_ws/install/my_debug_pkg/lib/python3.10/site-packages:${PYTHONPATH} /usr/bin/python3 -W ignore:setup.py install is deprecated -W ignore:easy_install command is deprecated setup.py egg_info --egg-base ../../build/my_debug_pkg build --build-base /home/manuel/ros2_ws/build/my_debug_pkg/build install --record /home/manuel/ros2_ws/build/my_debug_pkg/install.log --single-version-externally-managed install_data
[0.948s] running egg_info
[0.948s] writing ../../build/my_debug_pkg/my_debug_pkg.egg-info/PKG-INFO
[0.948s] writing dependency_links to ../../build/my_debug_pkg/my_debug_pkg.egg-info/dependency_links.txt
[0.949s] writing entry points to ../../build/my_debug_pkg/my_debug_pkg.egg-info/entry_points.txt
[0.949s] writing requirements to ../../build/my_debug_pkg/my_debug_pkg.egg-info/requires.txt
[0.949s] writing top-level names to ../../build/my_debug_pkg/my_debug_pkg.egg-info/top_level.txt
[0.950s] reading manifest file '../../build/my_debug_pkg/my_debug_pkg.egg-info/SOURCES.txt'
[0.950s] writing manifest file '../../build/my_debug_pkg/my_debug_pkg.egg-info/SOURCES.txt'
[0.951s] running build
[0.951s] running build_py
[0.951s] running install
[0.951s] running install_lib
[0.952s] running install_data
[0.952s] running install_egg_info
[0.953s] removing '/home/manuel/ros2_ws/install/my_debug_pkg/lib/python3.10/site-packages/my_debug_pkg-0.0.0-py3.10.egg-info' (and everything under it)
[0.953s] Copying ../../build/my_debug_pkg/my_debug_pkg.egg-info to /home/manuel/ros2_ws/install/my_debug_pkg/lib/python3.10/site-packages/my_debug_pkg-0.0.0-py3.10.egg-info
[0.954s] running install_scripts
[0.976s] Installing env_checker script to /home/manuel/ros2_ws/install/my_debug_pkg/lib/my_debug_pkg
[0.976s] writing list of installed files to '/home/manuel/ros2_ws/build/my_debug_pkg/install.log'
[1.046s] Invoked command in '/home/manuel/ros2_ws/src/my_debug_pkg' returned '0': PYTHONPATH=/home/manuel/ros2_ws/build/my_debug_pkg/prefix_override:/usr/lib/python3/dist-packages/colcon_core/task/python/colcon_distutils_commands:/home/manuel/ros2_ws/install/my_debug_pkg/lib/python3.10/site-packages:${PYTHONPATH} /usr/bin/python3 -W ignore:setup.py install is deprecated -W ignore:easy_install command is deprecated setup.py egg_info --egg-base ../../build/my_debug_pkg build --build-base /home/manuel/ros2_ws/build/my_debug_pkg/build install --record /home/manuel/ros2_ws/build/my_debug_pkg/install.log --single-version-externally-managed install_data
