[0.222s] Invoking command in '/home/manuel/ros2_ws/build/pwm_position_node': AMENT_PREFIX_PATH=/home/manuel/ros2_ws/install/inverse_kinematics_node:/home/manuel/ros2_ws/install/dynamixel_sdk:${AMENT_PREFIX_PATH} CMAKE_PREFIX_PATH=/home/manuel/ros2_ws/install/inverse_kinematics_node:/home/manuel/ros2_ws/install/dynamixel_sdk:/opt/ros/humble LD_LIBRARY_PATH=/home/manuel/ros2_ws/install/inverse_kinematics_node/lib:/home/manuel/ros2_ws/install/dynamixel_sdk/lib:${LD_LIBRARY_PATH} PYTHONPATH=/home/manuel/ros2_ws/install/inverse_kinematics_node/local/lib/python3.10/dist-packages:/home/manuel/ros2_ws/install/dynamixel_sdk/local/lib/python3.10/dist-packages:${PYTHONPATH} /usr/bin/cmake --build /home/manuel/ros2_ws/build/pwm_position_node -- -j12 -l12
[0.265s] [100%] Built target pwm_position_node
[0.275s] Invoked command in '/home/manuel/ros2_ws/build/pwm_position_node' returned '0': AMENT_PREFIX_PATH=/home/manuel/ros2_ws/install/inverse_kinematics_node:/home/manuel/ros2_ws/install/dynamixel_sdk:${AMENT_PREFIX_PATH} CMAKE_PREFIX_PATH=/home/manuel/ros2_ws/install/inverse_kinematics_node:/home/manuel/ros2_ws/install/dynamixel_sdk:/opt/ros/humble LD_LIBRARY_PATH=/home/manuel/ros2_ws/install/inverse_kinematics_node/lib:/home/manuel/ros2_ws/install/dynamixel_sdk/lib:${LD_LIBRARY_PATH} PYTHONPATH=/home/manuel/ros2_ws/install/inverse_kinematics_node/local/lib/python3.10/dist-packages:/home/manuel/ros2_ws/install/dynamixel_sdk/local/lib/python3.10/dist-packages:${PYTHONPATH} /usr/bin/cmake --build /home/manuel/ros2_ws/build/pwm_position_node -- -j12 -l12
[0.276s] Invoking command in '/home/manuel/ros2_ws/build/pwm_position_node': AMENT_PREFIX_PATH=/home/manuel/ros2_ws/install/inverse_kinematics_node:/home/manuel/ros2_ws/install/dynamixel_sdk:${AMENT_PREFIX_PATH} CMAKE_PREFIX_PATH=/home/manuel/ros2_ws/install/inverse_kinematics_node:/home/manuel/ros2_ws/install/dynamixel_sdk:/opt/ros/humble LD_LIBRARY_PATH=/home/manuel/ros2_ws/install/inverse_kinematics_node/lib:/home/manuel/ros2_ws/install/dynamixel_sdk/lib:${LD_LIBRARY_PATH} PYTHONPATH=/home/manuel/ros2_ws/install/inverse_kinematics_node/local/lib/python3.10/dist-packages:/home/manuel/ros2_ws/install/dynamixel_sdk/local/lib/python3.10/dist-packages:${PYTHONPATH} /usr/bin/cmake --install /home/manuel/ros2_ws/build/pwm_position_node
[0.282s] -- Install configuration: ""
[0.282s] -- Execute custom install script
[0.282s] -- Up-to-date symlink: /home/manuel/ros2_ws/install/pwm_position_node/lib/pwm_position_node/pwm_position_node
[0.283s] -- Up-to-date symlink: /home/manuel/ros2_ws/install/pwm_position_node/share/ament_index/resource_index/package_run_dependencies/pwm_position_node
[0.283s] -- Up-to-date symlink: /home/manuel/ros2_ws/install/pwm_position_node/share/ament_index/resource_index/parent_prefix_path/pwm_position_node
[0.283s] -- Up-to-date symlink: /home/manuel/ros2_ws/install/pwm_position_node/share/pwm_position_node/environment/ament_prefix_path.sh
[0.283s] -- Up-to-date symlink: /home/manuel/ros2_ws/install/pwm_position_node/share/pwm_position_node/environment/ament_prefix_path.dsv
[0.283s] -- Up-to-date symlink: /home/manuel/ros2_ws/install/pwm_position_node/share/pwm_position_node/environment/path.sh
[0.283s] -- Up-to-date symlink: /home/manuel/ros2_ws/install/pwm_position_node/share/pwm_position_node/environment/path.dsv
[0.284s] -- Up-to-date symlink: /home/manuel/ros2_ws/install/pwm_position_node/share/pwm_position_node/local_setup.bash
[0.284s] -- Up-to-date symlink: /home/manuel/ros2_ws/install/pwm_position_node/share/pwm_position_node/local_setup.sh
[0.284s] -- Up-to-date symlink: /home/manuel/ros2_ws/install/pwm_position_node/share/pwm_position_node/local_setup.zsh
[0.284s] -- Up-to-date symlink: /home/manuel/ros2_ws/install/pwm_position_node/share/pwm_position_node/local_setup.dsv
[0.284s] -- Symlinking: /home/manuel/ros2_ws/install/pwm_position_node/share/pwm_position_node/package.dsv
[0.292s] -- Up-to-date symlink: /home/manuel/ros2_ws/install/pwm_position_node/share/ament_index/resource_index/packages/pwm_position_node
[0.292s] -- Up-to-date symlink: /home/manuel/ros2_ws/install/pwm_position_node/share/pwm_position_node/cmake/pwm_position_nodeConfig.cmake
[0.292s] -- Up-to-date symlink: /home/manuel/ros2_ws/install/pwm_position_node/share/pwm_position_node/cmake/pwm_position_nodeConfig-version.cmake
[0.293s] -- Up-to-date symlink: /home/manuel/ros2_ws/install/pwm_position_node/share/pwm_position_node/package.xml
[0.294s] Invoked command in '/home/manuel/ros2_ws/build/pwm_position_node' returned '0': AMENT_PREFIX_PATH=/home/manuel/ros2_ws/install/inverse_kinematics_node:/home/manuel/ros2_ws/install/dynamixel_sdk:${AMENT_PREFIX_PATH} CMAKE_PREFIX_PATH=/home/manuel/ros2_ws/install/inverse_kinematics_node:/home/manuel/ros2_ws/install/dynamixel_sdk:/opt/ros/humble LD_LIBRARY_PATH=/home/manuel/ros2_ws/install/inverse_kinematics_node/lib:/home/manuel/ros2_ws/install/dynamixel_sdk/lib:${LD_LIBRARY_PATH} PYTHONPATH=/home/manuel/ros2_ws/install/inverse_kinematics_node/local/lib/python3.10/dist-packages:/home/manuel/ros2_ws/install/dynamixel_sdk/local/lib/python3.10/dist-packages:${PYTHONPATH} /usr/bin/cmake --install /home/manuel/ros2_ws/build/pwm_position_node
