[0.016s] Invoking command in '/home/manuel/ros2_ws/src/build/synthetic_ball_publisher': CMAKE_PREFIX_PATH=/opt/ros/humble /usr/bin/cmake /home/manuel/ros2_ws/src/synthetic_ball_publisher -DCMAKE_INSTALL_PREFIX=/home/manuel/ros2_ws/src/install/synthetic_ball_publisher
[0.069s] -- The C compiler identification is GNU 11.4.0
[0.127s] -- The CXX compiler identification is GNU 11.4.0
[0.134s] -- Detecting C compiler ABI info
[0.197s] -- Detecting C compiler ABI info - done
[0.212s] -- Check for working C compiler: /usr/bin/cc - skipped
[0.212s] -- Detecting C compile features
[0.213s] -- Detecting C compile features - done
[0.218s] -- Detecting CXX compiler ABI info
[0.295s] -- Detecting CXX compiler ABI info - done
[0.303s] -- Check for working CXX compiler: /usr/bin/c++ - skipped
[0.304s] -- Detecting CXX compile features
[0.304s] -- Detecting CXX compile features - done
[0.306s] -- Found ament_cmake: 1.3.11 (/opt/ros/humble/share/ament_cmake/cmake)
[0.458s] -- Found Python3: /usr/bin/python3 (found version "3.10.12") found components: Interpreter 
[0.540s] -- Found rclcpp: 16.0.12 (/opt/ros/humble/share/rclcpp/cmake)
[0.574s] -- Found rosidl_generator_c: 3.1.6 (/opt/ros/humble/share/rosidl_generator_c/cmake)
[0.578s] -- Found rosidl_adapter: 3.1.6 (/opt/ros/humble/share/rosidl_adapter/cmake)
[0.585s] -- Found rosidl_generator_cpp: 3.1.6 (/opt/ros/humble/share/rosidl_generator_cpp/cmake)
[0.596s] -- Using all available rosidl_typesupport_c: rosidl_typesupport_fastrtps_c;rosidl_typesupport_introspection_c
[0.611s] -- Using all available rosidl_typesupport_cpp: rosidl_typesupport_fastrtps_cpp;rosidl_typesupport_introspection_cpp
[0.653s] -- Found rmw_implementation_cmake: 6.1.2 (/opt/ros/humble/share/rmw_implementation_cmake/cmake)
[0.655s] -- Found rmw_fastrtps_cpp: 6.2.7 (/opt/ros/humble/share/rmw_fastrtps_cpp/cmake)
[0.726s] -- Found OpenSSL: /usr/lib/x86_64-linux-gnu/libcrypto.so (found version "3.0.2")  
[0.748s] -- Found FastRTPS: /opt/ros/humble/include  
[0.782s] -- Using RMW implementation 'rmw_fastrtps_cpp' as default
[0.788s] -- Looking for pthread.h
[0.850s] -- Looking for pthread.h - found
[0.850s] -- Performing Test CMAKE_HAVE_LIBC_PTHREAD
[0.913s] -- Performing Test CMAKE_HAVE_LIBC_PTHREAD - Success
[0.914s] -- Found Threads: TRUE  
[0.964s] -- Found sensor_msgs: 4.8.0 (/opt/ros/humble/share/sensor_msgs/cmake)
[0.992s] -- Found cv_bridge: 3.2.1 (/opt/ros/humble/share/cv_bridge/cmake)
[1.002s] -- Found image_transport: 3.1.11 (/opt/ros/humble/share/image_transport/cmake)
[1.029s] -- Found OpenCV: /usr (found version "4.5.4") 
[1.031s] -- Found ament_lint_auto: 0.12.12 (/opt/ros/humble/share/ament_lint_auto/cmake)
[1.098s] -- Added test 'cppcheck' to perform static code analysis on C / C++ code
[1.099s] -- Configured cppcheck include dirs: 
[1.099s] -- Configured cppcheck exclude dirs and/or files: 
[1.099s] -- Added test 'lint_cmake' to check CMake code style
[1.100s] -- Added test 'uncrustify' to check C / C++ code style
[1.100s] -- Configured uncrustify additional arguments: 
[1.101s] -- Added test 'xmllint' to check XML markup files
[1.102s] -- Configuring done
[1.113s] -- Generating done
[1.118s] -- Build files have been written to: /home/manuel/ros2_ws/src/build/synthetic_ball_publisher
