[0.016s] Invoking command in '/home/manuel/ros2_ws/build/my_cpp_pkg': CMAKE_PREFIX_PATH=/opt/ros/humble /usr/bin/cmake --build /home/manuel/ros2_ws/build/my_cpp_pkg -- -j12 -l12
[0.247s] [100%] Built target minimal_subscriber
[0.256s] Invoked command in '/home/manuel/ros2_ws/build/my_cpp_pkg' returned '0': CMAKE_PREFIX_PATH=/opt/ros/humble /usr/bin/cmake --build /home/manuel/ros2_ws/build/my_cpp_pkg -- -j12 -l12
[0.258s] Invoking command in '/home/manuel/ros2_ws/build/my_cpp_pkg': CMAKE_PREFIX_PATH=/opt/ros/humble /usr/bin/cmake --install /home/manuel/ros2_ws/build/my_cpp_pkg
[0.263s] -- Install configuration: ""
[0.263s] -- Execute custom install script
[0.264s] -- Up-to-date symlink: /home/manuel/ros2_ws/install/my_cpp_pkg/lib/my_cpp_pkg/minimal_subscriber
[0.264s] -- Up-to-date symlink: /home/manuel/ros2_ws/install/my_cpp_pkg/share/ament_index/resource_index/package_run_dependencies/my_cpp_pkg
[0.264s] -- Up-to-date symlink: /home/manuel/ros2_ws/install/my_cpp_pkg/share/ament_index/resource_index/parent_prefix_path/my_cpp_pkg
[0.264s] -- Up-to-date symlink: /home/manuel/ros2_ws/install/my_cpp_pkg/share/my_cpp_pkg/environment/ament_prefix_path.sh
[0.264s] -- Up-to-date symlink: /home/manuel/ros2_ws/install/my_cpp_pkg/share/my_cpp_pkg/environment/ament_prefix_path.dsv
[0.264s] -- Up-to-date symlink: /home/manuel/ros2_ws/install/my_cpp_pkg/share/my_cpp_pkg/environment/path.sh
[0.265s] -- Up-to-date symlink: /home/manuel/ros2_ws/install/my_cpp_pkg/share/my_cpp_pkg/environment/path.dsv
[0.265s] -- Up-to-date symlink: /home/manuel/ros2_ws/install/my_cpp_pkg/share/my_cpp_pkg/local_setup.bash
[0.265s] -- Up-to-date symlink: /home/manuel/ros2_ws/install/my_cpp_pkg/share/my_cpp_pkg/local_setup.sh
[0.265s] -- Up-to-date symlink: /home/manuel/ros2_ws/install/my_cpp_pkg/share/my_cpp_pkg/local_setup.zsh
[0.265s] -- Up-to-date symlink: /home/manuel/ros2_ws/install/my_cpp_pkg/share/my_cpp_pkg/local_setup.dsv
[0.265s] -- Symlinking: /home/manuel/ros2_ws/install/my_cpp_pkg/share/my_cpp_pkg/package.dsv
[0.273s] -- Up-to-date symlink: /home/manuel/ros2_ws/install/my_cpp_pkg/share/ament_index/resource_index/packages/my_cpp_pkg
[0.273s] -- Up-to-date symlink: /home/manuel/ros2_ws/install/my_cpp_pkg/share/my_cpp_pkg/cmake/my_cpp_pkgConfig.cmake
[0.273s] -- Up-to-date symlink: /home/manuel/ros2_ws/install/my_cpp_pkg/share/my_cpp_pkg/cmake/my_cpp_pkgConfig-version.cmake
[0.273s] -- Up-to-date symlink: /home/manuel/ros2_ws/install/my_cpp_pkg/share/my_cpp_pkg/package.xml
[0.292s] Invoked command in '/home/manuel/ros2_ws/build/my_cpp_pkg' returned '0': CMAKE_PREFIX_PATH=/opt/ros/humble /usr/bin/cmake --install /home/manuel/ros2_ws/build/my_cpp_pkg
