[ 50%] [32mBuilding CXX object CMakeFiles/pixel_to_xy_bridge.dir/src/pixel_to_xy_bridge.cpp.o[0m
[100%] [32m[1mLinking CXX executable pixel_to_xy_bridge[0m
[100%] Built target pixel_to_xy_bridge
-- Install configuration: ""
-- Execute custom install script
-- Up-to-date symlink: /home/manuel/ros2_ws/install/ball_arm_tracker/lib/ball_arm_tracker/pixel_to_xy_bridge
-- Up-to-date symlink: /home/manuel/ros2_ws/install/ball_arm_tracker/share/ament_index/resource_index/package_run_dependencies/ball_arm_tracker
-- Up-to-date symlink: /home/manuel/ros2_ws/install/ball_arm_tracker/share/ament_index/resource_index/parent_prefix_path/ball_arm_tracker
-- Up-to-date symlink: /home/manuel/ros2_ws/install/ball_arm_tracker/share/ball_arm_tracker/environment/ament_prefix_path.sh
-- Up-to-date symlink: /home/manuel/ros2_ws/install/ball_arm_tracker/share/ball_arm_tracker/environment/ament_prefix_path.dsv
-- Up-to-date symlink: /home/manuel/ros2_ws/install/ball_arm_tracker/share/ball_arm_tracker/environment/path.sh
-- Up-to-date symlink: /home/manuel/ros2_ws/install/ball_arm_tracker/share/ball_arm_tracker/environment/path.dsv
-- Up-to-date symlink: /home/manuel/ros2_ws/install/ball_arm_tracker/share/ball_arm_tracker/local_setup.bash
-- Up-to-date symlink: /home/manuel/ros2_ws/install/ball_arm_tracker/share/ball_arm_tracker/local_setup.sh
-- Up-to-date symlink: /home/manuel/ros2_ws/install/ball_arm_tracker/share/ball_arm_tracker/local_setup.zsh
-- Up-to-date symlink: /home/manuel/ros2_ws/install/ball_arm_tracker/share/ball_arm_tracker/local_setup.dsv
-- Symlinking: /home/manuel/ros2_ws/install/ball_arm_tracker/share/ball_arm_tracker/package.dsv
-- Up-to-date symlink: /home/manuel/ros2_ws/install/ball_arm_tracker/share/ament_index/resource_index/packages/ball_arm_tracker
-- Up-to-date symlink: /home/manuel/ros2_ws/install/ball_arm_tracker/share/ball_arm_tracker/cmake/ball_arm_trackerConfig.cmake
-- Up-to-date symlink: /home/manuel/ros2_ws/install/ball_arm_tracker/share/ball_arm_tracker/cmake/ball_arm_trackerConfig-version.cmake
-- Up-to-date symlink: /home/manuel/ros2_ws/install/ball_arm_tracker/share/ball_arm_tracker/package.xml
