[0.849s] Invoking command in '/home/manuel/MAE263C_CatcherProject/ros2_ws/src/my_debug_pkg': PYTHONPATH=/home/manuel/MAE263C_CatcherProject/build/my_debug_pkg/prefix_override:/usr/lib/python3/dist-packages/colcon_core/task/python/colcon_distutils_commands:/home/manuel/MAE263C_CatcherProject/install/my_debug_pkg/lib/python3.10/site-packages:${PYTHONPATH} /usr/bin/python3 -W ignore:setup.py install is deprecated -W ignore:easy_install command is deprecated setup.py egg_info --egg-base ../../../build/my_debug_pkg build --build-base /home/manuel/MAE263C_CatcherProject/build/my_debug_pkg/build install --record /home/manuel/MAE263C_CatcherProject/build/my_debug_pkg/install.log --single-version-externally-managed install_data
[1.327s] running egg_info
[1.327s] creating ../../../build/my_debug_pkg/my_debug_pkg.egg-info
[1.327s] writing ../../../build/my_debug_pkg/my_debug_pkg.egg-info/PKG-INFO
[1.329s] writing dependency_links to ../../../build/my_debug_pkg/my_debug_pkg.egg-info/dependency_links.txt
[1.329s] writing entry points to ../../../build/my_debug_pkg/my_debug_pkg.egg-info/entry_points.txt
[1.329s] writing requirements to ../../../build/my_debug_pkg/my_debug_pkg.egg-info/requires.txt
[1.329s] writing top-level names to ../../../build/my_debug_pkg/my_debug_pkg.egg-info/top_level.txt
[1.329s] writing manifest file '../../../build/my_debug_pkg/my_debug_pkg.egg-info/SOURCES.txt'
[1.331s] reading manifest file '../../../build/my_debug_pkg/my_debug_pkg.egg-info/SOURCES.txt'
[1.333s] writing manifest file '../../../build/my_debug_pkg/my_debug_pkg.egg-info/SOURCES.txt'
[1.333s] running build
[1.333s] running build_py
[1.333s] creating /home/manuel/MAE263C_CatcherProject/build/my_debug_pkg/build
[1.334s] creating /home/manuel/MAE263C_CatcherProject/build/my_debug_pkg/build/lib
[1.334s] creating /home/manuel/MAE263C_CatcherProject/build/my_debug_pkg/build/lib/my_debug_pkg
[1.334s] copying my_debug_pkg/__init__.py -> /home/manuel/MAE263C_CatcherProject/build/my_debug_pkg/build/lib/my_debug_pkg
[1.334s] copying my_debug_pkg/env_check_node.py -> /home/manuel/MAE263C_CatcherProject/build/my_debug_pkg/build/lib/my_debug_pkg
[1.335s] running install
[1.335s] running install_lib
[1.342s] creating /home/manuel/MAE263C_CatcherProject/install/my_debug_pkg/lib/python3.10/site-packages/my_debug_pkg
[1.342s] copying /home/manuel/MAE263C_CatcherProject/build/my_debug_pkg/build/lib/my_debug_pkg/__init__.py -> /home/manuel/MAE263C_CatcherProject/install/my_debug_pkg/lib/python3.10/site-packages/my_debug_pkg
[1.342s] copying /home/manuel/MAE263C_CatcherProject/build/my_debug_pkg/build/lib/my_debug_pkg/env_check_node.py -> /home/manuel/MAE263C_CatcherProject/install/my_debug_pkg/lib/python3.10/site-packages/my_debug_pkg
[1.343s] byte-compiling /home/manuel/MAE263C_CatcherProject/install/my_debug_pkg/lib/python3.10/site-packages/my_debug_pkg/__init__.py to __init__.cpython-310.pyc
[1.343s] byte-compiling /home/manuel/MAE263C_CatcherProject/install/my_debug_pkg/lib/python3.10/site-packages/my_debug_pkg/env_check_node.py to env_check_node.cpython-310.pyc
[1.343s] running install_data
[1.343s] creating /home/manuel/MAE263C_CatcherProject/install/my_debug_pkg/share
[1.343s] creating /home/manuel/MAE263C_CatcherProject/install/my_debug_pkg/share/ament_index
[1.343s] creating /home/manuel/MAE263C_CatcherProject/install/my_debug_pkg/share/ament_index/resource_index
[1.343s] creating /home/manuel/MAE263C_CatcherProject/install/my_debug_pkg/share/ament_index/resource_index/packages
[1.343s] copying resource/my_debug_pkg -> /home/manuel/MAE263C_CatcherProject/install/my_debug_pkg/share/ament_index/resource_index/packages
[1.343s] creating /home/manuel/MAE263C_CatcherProject/install/my_debug_pkg/share/my_debug_pkg
[1.343s] copying package.xml -> /home/manuel/MAE263C_CatcherProject/install/my_debug_pkg/share/my_debug_pkg
[1.344s] running install_egg_info
[1.355s] Copying ../../../build/my_debug_pkg/my_debug_pkg.egg-info to /home/manuel/MAE263C_CatcherProject/install/my_debug_pkg/lib/python3.10/site-packages/my_debug_pkg-0.0.0-py3.10.egg-info
[1.355s] running install_scripts
[1.389s] Installing env_checker script to /home/manuel/MAE263C_CatcherProject/install/my_debug_pkg/lib/my_debug_pkg
[1.390s] writing list of installed files to '/home/manuel/MAE263C_CatcherProject/build/my_debug_pkg/install.log'
[1.460s] Invoked command in '/home/manuel/MAE263C_CatcherProject/ros2_ws/src/my_debug_pkg' returned '0': PYTHONPATH=/home/manuel/MAE263C_CatcherProject/build/my_debug_pkg/prefix_override:/usr/lib/python3/dist-packages/colcon_core/task/python/colcon_distutils_commands:/home/manuel/MAE263C_CatcherProject/install/my_debug_pkg/lib/python3.10/site-packages:${PYTHONPATH} /usr/bin/python3 -W ignore:setup.py install is deprecated -W ignore:easy_install command is deprecated setup.py egg_info --egg-base ../../../build/my_debug_pkg build --build-base /home/manuel/MAE263C_CatcherProject/build/my_debug_pkg/build install --record /home/manuel/MAE263C_CatcherProject/build/my_debug_pkg/install.log --single-version-externally-managed install_data
