[0.020s] Invoking command in '/home/manuel/ros2_ws/build/my_cpp_pkg': CMAKE_PREFIX_PATH=${CMAKE_PREFIX_PATH}:/home/manuel/ros2_ws/install/joint_plotter:/opt/ros/humble /usr/bin/cmake /home/manuel/ros2_ws/src/my_cpp_pkg -DAMENT_CMAKE_SYMLINK_INSTALL=1 -DCMAKE_INSTALL_PREFIX=/home/manuel/ros2_ws/install/my_cpp_pkg
[0.302s] -- The C compiler identification is GNU 11.4.0
[0.302s] -- The CXX compiler identification is GNU 11.4.0
[0.302s] -- Detecting C compiler ABI info
[0.302s] -- Detecting C compiler ABI info - done
[0.302s] -- Check for working C compiler: /usr/bin/cc - skipped
[0.302s] -- Detecting C compile features
[0.302s] -- Detecting C compile features - done
[0.302s] -- Detecting CXX compiler ABI info
[0.302s] -- Detecting CXX compiler ABI info - done
[0.302s] -- Check for working CXX compiler: /usr/bin/c++ - skipped
[0.302s] -- Detecting CXX compile features
[0.302s] -- Detecting CXX compile features - done
[0.302s] -- Found ament_cmake: 1.3.11 (/opt/ros/humble/share/ament_cmake/cmake)
[0.533s] -- Found Python3: /usr/bin/python3 (found version "3.10.12") found components: Interpreter 
[0.652s] -- Override CMake install command with custom implementation using symlinks instead of copying resources
[0.676s] -- Found rclcpp: 16.0.12 (/opt/ros/humble/share/rclcpp/cmake)
[0.720s] -- Found rosidl_generator_c: 3.1.6 (/opt/ros/humble/share/rosidl_generator_c/cmake)
[0.726s] -- Found rosidl_adapter: 3.1.6 (/opt/ros/humble/share/rosidl_adapter/cmake)
[0.735s] -- Found rosidl_generator_cpp: 3.1.6 (/opt/ros/humble/share/rosidl_generator_cpp/cmake)
[0.751s] -- Using all available rosidl_typesupport_c: rosidl_typesupport_fastrtps_c;rosidl_typesupport_introspection_c
[0.768s] -- Using all available rosidl_typesupport_cpp: rosidl_typesupport_fastrtps_cpp;rosidl_typesupport_introspection_cpp
[0.811s] -- Found rmw_implementation_cmake: 6.1.2 (/opt/ros/humble/share/rmw_implementation_cmake/cmake)
[0.813s] -- Found rmw_fastrtps_cpp: 6.2.7 (/opt/ros/humble/share/rmw_fastrtps_cpp/cmake)
[0.891s] -- Found OpenSSL: /usr/lib/x86_64-linux-gnu/libcrypto.so (found version "3.0.2")  
[0.937s] -- Found FastRTPS: /opt/ros/humble/include  
[1.003s] -- Using RMW implementation 'rmw_fastrtps_cpp' as default
[1.023s] -- Looking for pthread.h
[1.196s] -- Looking for pthread.h - found
[1.197s] -- Performing Test CMAKE_HAVE_LIBC_PTHREAD
[1.300s] -- Performing Test CMAKE_HAVE_LIBC_PTHREAD - Success
[1.302s] -- Found Threads: TRUE  
[1.389s] -- Found ament_lint_auto: 0.12.12 (/opt/ros/humble/share/ament_lint_auto/cmake)
[1.504s] -- Added test 'cppcheck' to perform static code analysis on C / C++ code
[1.504s] -- Configured cppcheck include dirs: 
[1.504s] -- Configured cppcheck exclude dirs and/or files: 
[1.505s] -- Added test 'lint_cmake' to check CMake code style
[1.506s] -- Added test 'uncrustify' to check C / C++ code style
[1.507s] -- Configured uncrustify additional arguments: 
[1.507s] -- Added test 'xmllint' to check XML markup files
[1.509s] -- Configuring done
[1.519s] -- Generating done
[1.524s] -- Build files have been written to: /home/manuel/ros2_ws/build/my_cpp_pkg
[1.536s] Invoked command in '/home/manuel/ros2_ws/build/my_cpp_pkg' returned '0': CMAKE_PREFIX_PATH=${CMAKE_PREFIX_PATH}:/home/manuel/ros2_ws/install/joint_plotter:/opt/ros/humble /usr/bin/cmake /home/manuel/ros2_ws/src/my_cpp_pkg -DAMENT_CMAKE_SYMLINK_INSTALL=1 -DCMAKE_INSTALL_PREFIX=/home/manuel/ros2_ws/install/my_cpp_pkg
[1.537s] Invoking command in '/home/manuel/ros2_ws/build/my_cpp_pkg': CMAKE_PREFIX_PATH=${CMAKE_PREFIX_PATH}:/home/manuel/ros2_ws/install/joint_plotter:/opt/ros/humble /usr/bin/cmake --build /home/manuel/ros2_ws/build/my_cpp_pkg -- -j12 -l12
[1.598s] [ 50%] [32mBuilding CXX object CMakeFiles/minimal_subscriber.dir/src/main.cpp.o[0m
[13.798s] [100%] [32m[1mLinking CXX executable minimal_subscriber[0m
[14.180s] [100%] Built target minimal_subscriber
[14.193s] Invoked command in '/home/manuel/ros2_ws/build/my_cpp_pkg' returned '0': CMAKE_PREFIX_PATH=${CMAKE_PREFIX_PATH}:/home/manuel/ros2_ws/install/joint_plotter:/opt/ros/humble /usr/bin/cmake --build /home/manuel/ros2_ws/build/my_cpp_pkg -- -j12 -l12
[14.194s] Invoking command in '/home/manuel/ros2_ws/build/my_cpp_pkg': CMAKE_PREFIX_PATH=${CMAKE_PREFIX_PATH}:/home/manuel/ros2_ws/install/joint_plotter:/opt/ros/humble /usr/bin/cmake --install /home/manuel/ros2_ws/build/my_cpp_pkg
[14.201s] -- Install configuration: ""
[14.201s] -- Execute custom install script
[14.202s] -- Symlinking: /home/manuel/ros2_ws/install/my_cpp_pkg/lib/my_cpp_pkg/minimal_subscriber
[14.210s] -- Symlinking: /home/manuel/ros2_ws/install/my_cpp_pkg/share/ament_index/resource_index/package_run_dependencies/my_cpp_pkg
[14.218s] -- Symlinking: /home/manuel/ros2_ws/install/my_cpp_pkg/share/ament_index/resource_index/parent_prefix_path/my_cpp_pkg
[14.227s] -- Symlinking: /home/manuel/ros2_ws/install/my_cpp_pkg/share/my_cpp_pkg/environment/ament_prefix_path.sh
[14.235s] -- Symlinking: /home/manuel/ros2_ws/install/my_cpp_pkg/share/my_cpp_pkg/environment/ament_prefix_path.dsv
[14.243s] -- Symlinking: /home/manuel/ros2_ws/install/my_cpp_pkg/share/my_cpp_pkg/environment/path.sh
[14.251s] -- Symlinking: /home/manuel/ros2_ws/install/my_cpp_pkg/share/my_cpp_pkg/environment/path.dsv
[14.259s] -- Symlinking: /home/manuel/ros2_ws/install/my_cpp_pkg/share/my_cpp_pkg/local_setup.bash
[14.267s] -- Symlinking: /home/manuel/ros2_ws/install/my_cpp_pkg/share/my_cpp_pkg/local_setup.sh
[14.275s] -- Symlinking: /home/manuel/ros2_ws/install/my_cpp_pkg/share/my_cpp_pkg/local_setup.zsh
[14.283s] -- Symlinking: /home/manuel/ros2_ws/install/my_cpp_pkg/share/my_cpp_pkg/local_setup.dsv
[14.292s] -- Symlinking: /home/manuel/ros2_ws/install/my_cpp_pkg/share/my_cpp_pkg/package.dsv
[14.301s] -- Symlinking: /home/manuel/ros2_ws/install/my_cpp_pkg/share/ament_index/resource_index/packages/my_cpp_pkg
[14.309s] -- Symlinking: /home/manuel/ros2_ws/install/my_cpp_pkg/share/my_cpp_pkg/cmake/my_cpp_pkgConfig.cmake
[14.317s] -- Symlinking: /home/manuel/ros2_ws/install/my_cpp_pkg/share/my_cpp_pkg/cmake/my_cpp_pkgConfig-version.cmake
[14.326s] -- Symlinking: /home/manuel/ros2_ws/install/my_cpp_pkg/share/my_cpp_pkg/package.xml
[14.337s] Invoked command in '/home/manuel/ros2_ws/build/my_cpp_pkg' returned '0': CMAKE_PREFIX_PATH=${CMAKE_PREFIX_PATH}:/home/manuel/ros2_ws/install/joint_plotter:/opt/ros/humble /usr/bin/cmake --install /home/manuel/ros2_ws/build/my_cpp_pkg
