-- The C compiler identification is GNU 11.4.0
-- The CXX compiler identification is GNU 11.4.0
-- Detecting C compiler ABI info
-- Detecting C compiler ABI info - done
-- Check for working C compiler: /usr/bin/cc - skipped
-- Detecting C compile features
-- Detecting C compile features - done
-- Detecting CXX compiler ABI info
-- Detecting CXX compiler ABI info - done
-- Check for working CXX compiler: /usr/bin/c++ - skipped
-- Detecting CXX compile features
-- Detecting CXX compile features - done
-- Found ament_cmake: 1.3.11 (/opt/ros/humble/share/ament_cmake/cmake)
-- Found Python3: /usr/bin/python3 (found version "3.10.12") found components: Interpreter 
-- Override CMake install command with custom implementation using symlinks instead of copying resources
-- Found rclcpp: 16.0.12 (/opt/ros/humble/share/rclcpp/cmake)
-- Found rosidl_generator_c: 3.1.6 (/opt/ros/humble/share/rosidl_generator_c/cmake)
-- Found rosidl_adapter: 3.1.6 (/opt/ros/humble/share/rosidl_adapter/cmake)
-- Found rosidl_generator_cpp: 3.1.6 (/opt/ros/humble/share/rosidl_generator_cpp/cmake)
-- Using all available rosidl_typesupport_c: rosidl_typesupport_fastrtps_c;rosidl_typesupport_introspection_c
-- Using all available rosidl_typesupport_cpp: rosidl_typesupport_fastrtps_cpp;rosidl_typesupport_introspection_cpp
-- Found rmw_implementation_cmake: 6.1.2 (/opt/ros/humble/share/rmw_implementation_cmake/cmake)
-- Found rmw_fastrtps_cpp: 6.2.7 (/opt/ros/humble/share/rmw_fastrtps_cpp/cmake)
-- Found OpenSSL: /usr/lib/x86_64-linux-gnu/libcrypto.so (found version "3.0.2")  
-- Found FastRTPS: /opt/ros/humble/include  
-- Using RMW implementation 'rmw_fastrtps_cpp' as default
-- Looking for pthread.h
-- Looking for pthread.h - found
-- Performing Test CMAKE_HAVE_LIBC_PTHREAD
-- Performing Test CMAKE_HAVE_LIBC_PTHREAD - Success
-- Found Threads: TRUE  
-- Found geometry_msgs: 4.8.0 (/opt/ros/humble/share/geometry_msgs/cmake)
-- Found inverse_kinematics_node: 0.0.0 (/home/manuel/ros2_ws/install/inverse_kinematics_node/share/inverse_kinematics_node/cmake)
-- Found ament_lint_auto: 0.12.12 (/opt/ros/humble/share/ament_lint_auto/cmake)
-- Added test 'cppcheck' to perform static code analysis on C / C++ code
-- Configured cppcheck include dirs: 
-- Configured cppcheck exclude dirs and/or files: 
-- Added test 'lint_cmake' to check CMake code style
-- Added test 'uncrustify' to check C / C++ code style
-- Configured uncrustify additional arguments: 
-- Added test 'xmllint' to check XML markup files
-- Configuring done
-- Generating done
-- Build files have been written to: /home/manuel/ros2_ws/build/ball_arm_tracker
[ 50%] [32mBuilding CXX object CMakeFiles/pixel_to_xy_bridge.dir/src/pixel_to_xy_bridge.cpp.o[0m
[100%] [32m[1mLinking CXX executable pixel_to_xy_bridge[0m
[100%] Built target pixel_to_xy_bridge
-- Install configuration: ""
-- Execute custom install script
-- Symlinking: /home/manuel/ros2_ws/install/ball_arm_tracker/lib/ball_arm_tracker/pixel_to_xy_bridge
-- Symlinking: /home/manuel/ros2_ws/install/ball_arm_tracker/share/ament_index/resource_index/package_run_dependencies/ball_arm_tracker
-- Symlinking: /home/manuel/ros2_ws/install/ball_arm_tracker/share/ament_index/resource_index/parent_prefix_path/ball_arm_tracker
-- Symlinking: /home/manuel/ros2_ws/install/ball_arm_tracker/share/ball_arm_tracker/environment/ament_prefix_path.sh
-- Symlinking: /home/manuel/ros2_ws/install/ball_arm_tracker/share/ball_arm_tracker/environment/ament_prefix_path.dsv
-- Symlinking: /home/manuel/ros2_ws/install/ball_arm_tracker/share/ball_arm_tracker/environment/path.sh
-- Symlinking: /home/manuel/ros2_ws/install/ball_arm_tracker/share/ball_arm_tracker/environment/path.dsv
-- Symlinking: /home/manuel/ros2_ws/install/ball_arm_tracker/share/ball_arm_tracker/local_setup.bash
-- Symlinking: /home/manuel/ros2_ws/install/ball_arm_tracker/share/ball_arm_tracker/local_setup.sh
-- Symlinking: /home/manuel/ros2_ws/install/ball_arm_tracker/share/ball_arm_tracker/local_setup.zsh
-- Symlinking: /home/manuel/ros2_ws/install/ball_arm_tracker/share/ball_arm_tracker/local_setup.dsv
-- Symlinking: /home/manuel/ros2_ws/install/ball_arm_tracker/share/ball_arm_tracker/package.dsv
-- Symlinking: /home/manuel/ros2_ws/install/ball_arm_tracker/share/ament_index/resource_index/packages/ball_arm_tracker
-- Symlinking: /home/manuel/ros2_ws/install/ball_arm_tracker/share/ball_arm_tracker/cmake/ball_arm_trackerConfig.cmake
-- Symlinking: /home/manuel/ros2_ws/install/ball_arm_tracker/share/ball_arm_tracker/cmake/ball_arm_trackerConfig-version.cmake
-- Symlinking: /home/manuel/ros2_ws/install/ball_arm_tracker/share/ball_arm_tracker/package.xml
