[0.012s] Invoking command in '/home/manuel/ros2_ws/build/pwm_position_node': CMAKE_PREFIX_PATH=/home/manuel/ros2_ws/install/inverse_kinematics_node:/home/manuel/ros2_ws/install/dynamixel_sdk:/home/manuel/ros2_ws/install/synthetic_ball_publisher:/home/manuel/ros2_ws/install/pwm_position_node:/home/manuel/ros2_ws/install/my_cpp_pkg:/home/manuel/ros2_ws/install/joint_positions_node:/home/manuel/ros2_ws/install/ball_arm_tracker:/home/manuel/ros2_ws/install/dynamixel_sdk_examples:/home/manuel/ros2_ws/install/dynamixel_sdk_custom_interfaces:/home/manuel/ros2_ws/install/dual_dynamixel_node:/home/manuel/ros2_ws/install/ball_centroid_detector:/home/manuel/ros2_ws/install/joint_plotter:/opt/ros/humble LD_LIBRARY_PATH=/home/manuel/ros2_ws/install/inverse_kinematics_node/lib:/home/manuel/ros2_ws/install/dynamixel_sdk/lib:/home/manuel/ros2_ws/install/joint_positions_node/lib:/home/manuel/ros2_ws/install/dynamixel_sdk_custom_interfaces/lib:/home/manuel/ros2_ws/install/dual_dynamixel_node/lib:/opt/ros/humble/opt/rviz_ogre_vendor/lib:/opt/ros/humble/lib/x86_64-linux-gnu:/opt/ros/humble/lib /usr/bin/cmake --build /home/manuel/ros2_ws/build/pwm_position_node -- -j12 -l12
[0.044s] [35m[1mConsolidate compiler generated dependencies of target pwm_position_node[0m
[0.057s] [ 50%] [32mBuilding CXX object CMakeFiles/pwm_position_node.dir/src/pwm_position_node.cpp.o[0m
[6.974s] [100%] [32m[1mLinking CXX executable pwm_position_node[0m
[7.303s] [100%] Built target pwm_position_node
[7.312s] Invoked command in '/home/manuel/ros2_ws/build/pwm_position_node' returned '0': CMAKE_PREFIX_PATH=/home/manuel/ros2_ws/install/inverse_kinematics_node:/home/manuel/ros2_ws/install/dynamixel_sdk:/home/manuel/ros2_ws/install/synthetic_ball_publisher:/home/manuel/ros2_ws/install/pwm_position_node:/home/manuel/ros2_ws/install/my_cpp_pkg:/home/manuel/ros2_ws/install/joint_positions_node:/home/manuel/ros2_ws/install/ball_arm_tracker:/home/manuel/ros2_ws/install/dynamixel_sdk_examples:/home/manuel/ros2_ws/install/dynamixel_sdk_custom_interfaces:/home/manuel/ros2_ws/install/dual_dynamixel_node:/home/manuel/ros2_ws/install/ball_centroid_detector:/home/manuel/ros2_ws/install/joint_plotter:/opt/ros/humble LD_LIBRARY_PATH=/home/manuel/ros2_ws/install/inverse_kinematics_node/lib:/home/manuel/ros2_ws/install/dynamixel_sdk/lib:/home/manuel/ros2_ws/install/joint_positions_node/lib:/home/manuel/ros2_ws/install/dynamixel_sdk_custom_interfaces/lib:/home/manuel/ros2_ws/install/dual_dynamixel_node/lib:/opt/ros/humble/opt/rviz_ogre_vendor/lib:/opt/ros/humble/lib/x86_64-linux-gnu:/opt/ros/humble/lib /usr/bin/cmake --build /home/manuel/ros2_ws/build/pwm_position_node -- -j12 -l12
[7.319s] Invoking command in '/home/manuel/ros2_ws/build/pwm_position_node': CMAKE_PREFIX_PATH=/home/manuel/ros2_ws/install/inverse_kinematics_node:/home/manuel/ros2_ws/install/dynamixel_sdk:/home/manuel/ros2_ws/install/synthetic_ball_publisher:/home/manuel/ros2_ws/install/pwm_position_node:/home/manuel/ros2_ws/install/my_cpp_pkg:/home/manuel/ros2_ws/install/joint_positions_node:/home/manuel/ros2_ws/install/ball_arm_tracker:/home/manuel/ros2_ws/install/dynamixel_sdk_examples:/home/manuel/ros2_ws/install/dynamixel_sdk_custom_interfaces:/home/manuel/ros2_ws/install/dual_dynamixel_node:/home/manuel/ros2_ws/install/ball_centroid_detector:/home/manuel/ros2_ws/install/joint_plotter:/opt/ros/humble LD_LIBRARY_PATH=/home/manuel/ros2_ws/install/inverse_kinematics_node/lib:/home/manuel/ros2_ws/install/dynamixel_sdk/lib:/home/manuel/ros2_ws/install/joint_positions_node/lib:/home/manuel/ros2_ws/install/dynamixel_sdk_custom_interfaces/lib:/home/manuel/ros2_ws/install/dual_dynamixel_node/lib:/opt/ros/humble/opt/rviz_ogre_vendor/lib:/opt/ros/humble/lib/x86_64-linux-gnu:/opt/ros/humble/lib /usr/bin/cmake --install /home/manuel/ros2_ws/build/pwm_position_node
[7.325s] -- Install configuration: ""
[7.325s] -- Execute custom install script
[7.325s] -- Up-to-date symlink: /home/manuel/ros2_ws/install/pwm_position_node/lib/pwm_position_node/pwm_position_node
[7.325s] -- Up-to-date symlink: /home/manuel/ros2_ws/install/pwm_position_node/share/ament_index/resource_index/package_run_dependencies/pwm_position_node
[7.326s] -- Up-to-date symlink: /home/manuel/ros2_ws/install/pwm_position_node/share/ament_index/resource_index/parent_prefix_path/pwm_position_node
[7.326s] -- Up-to-date symlink: /home/manuel/ros2_ws/install/pwm_position_node/share/pwm_position_node/environment/ament_prefix_path.sh
[7.326s] -- Up-to-date symlink: /home/manuel/ros2_ws/install/pwm_position_node/share/pwm_position_node/environment/ament_prefix_path.dsv
[7.326s] -- Up-to-date symlink: /home/manuel/ros2_ws/install/pwm_position_node/share/pwm_position_node/environment/path.sh
[7.326s] -- Up-to-date symlink: /home/manuel/ros2_ws/install/pwm_position_node/share/pwm_position_node/environment/path.dsv
[7.326s] -- Up-to-date symlink: /home/manuel/ros2_ws/install/pwm_position_node/share/pwm_position_node/local_setup.bash
[7.326s] -- Up-to-date symlink: /home/manuel/ros2_ws/install/pwm_position_node/share/pwm_position_node/local_setup.sh
[7.326s] -- Up-to-date symlink: /home/manuel/ros2_ws/install/pwm_position_node/share/pwm_position_node/local_setup.zsh
[7.326s] -- Up-to-date symlink: /home/manuel/ros2_ws/install/pwm_position_node/share/pwm_position_node/local_setup.dsv
[7.326s] -- Symlinking: /home/manuel/ros2_ws/install/pwm_position_node/share/pwm_position_node/package.dsv
[7.334s] -- Up-to-date symlink: /home/manuel/ros2_ws/install/pwm_position_node/share/ament_index/resource_index/packages/pwm_position_node
[7.334s] -- Up-to-date symlink: /home/manuel/ros2_ws/install/pwm_position_node/share/pwm_position_node/cmake/pwm_position_nodeConfig.cmake
[7.334s] -- Up-to-date symlink: /home/manuel/ros2_ws/install/pwm_position_node/share/pwm_position_node/cmake/pwm_position_nodeConfig-version.cmake
[7.334s] -- Up-to-date symlink: /home/manuel/ros2_ws/install/pwm_position_node/share/pwm_position_node/package.xml
[7.336s] Invoked command in '/home/manuel/ros2_ws/build/pwm_position_node' returned '0': CMAKE_PREFIX_PATH=/home/manuel/ros2_ws/install/inverse_kinematics_node:/home/manuel/ros2_ws/install/dynamixel_sdk:/home/manuel/ros2_ws/install/synthetic_ball_publisher:/home/manuel/ros2_ws/install/pwm_position_node:/home/manuel/ros2_ws/install/my_cpp_pkg:/home/manuel/ros2_ws/install/joint_positions_node:/home/manuel/ros2_ws/install/ball_arm_tracker:/home/manuel/ros2_ws/install/dynamixel_sdk_examples:/home/manuel/ros2_ws/install/dynamixel_sdk_custom_interfaces:/home/manuel/ros2_ws/install/dual_dynamixel_node:/home/manuel/ros2_ws/install/ball_centroid_detector:/home/manuel/ros2_ws/install/joint_plotter:/opt/ros/humble LD_LIBRARY_PATH=/home/manuel/ros2_ws/install/inverse_kinematics_node/lib:/home/manuel/ros2_ws/install/dynamixel_sdk/lib:/home/manuel/ros2_ws/install/joint_positions_node/lib:/home/manuel/ros2_ws/install/dynamixel_sdk_custom_interfaces/lib:/home/manuel/ros2_ws/install/dual_dynamixel_node/lib:/opt/ros/humble/opt/rviz_ogre_vendor/lib:/opt/ros/humble/lib/x86_64-linux-gnu:/opt/ros/humble/lib /usr/bin/cmake --install /home/manuel/ros2_ws/build/pwm_position_node
