[0.322s] Invoking command in '/home/manuel/MAE263C_CatcherProject/build/synthetic_ball_publisher': CMAKE_PREFIX_PATH=${CMAKE_PREFIX_PATH}:/home/manuel/ros2_ws/install/joint_plotter:/opt/ros/humble /usr/bin/cmake /home/manuel/MAE263C_CatcherProject/ros2_ws/src/synthetic_ball_publisher -DCMAKE_INSTALL_PREFIX=/home/manuel/MAE263C_CatcherProject/install/synthetic_ball_publisher
[0.408s] -- The C compiler identification is GNU 11.4.0
[0.498s] -- The CXX compiler identification is GNU 11.4.0
[0.509s] -- Detecting C compiler ABI info
[0.622s] -- Detecting C compiler ABI info - done
[0.637s] -- Check for working C compiler: /usr/bin/cc - skipped
[0.638s] -- Detecting C compile features
[0.638s] -- Detecting C compile features - done
[0.646s] -- Detecting CXX compiler ABI info
[0.755s] -- Detecting CXX compiler ABI info - done
[0.767s] -- Check for working CXX compiler: /usr/bin/c++ - skipped
[0.767s] -- Detecting CXX compile features
[0.768s] -- Detecting CXX compile features - done
[0.770s] -- Found ament_cmake: 1.3.11 (/opt/ros/humble/share/ament_cmake/cmake)
[1.029s] -- Found Python3: /usr/bin/python3 (found version "3.10.12") found components: Interpreter 
[1.313s] -- Found rclcpp: 16.0.12 (/opt/ros/humble/share/rclcpp/cmake)
[1.502s] -- Found rosidl_generator_c: 3.1.6 (/opt/ros/humble/share/rosidl_generator_c/cmake)
[1.524s] -- Found rosidl_adapter: 3.1.6 (/opt/ros/humble/share/rosidl_adapter/cmake)
[1.558s] -- Found rosidl_generator_cpp: 3.1.6 (/opt/ros/humble/share/rosidl_generator_cpp/cmake)
[1.626s] -- Using all available rosidl_typesupport_c: rosidl_typesupport_fastrtps_c;rosidl_typesupport_introspection_c
[1.699s] -- Using all available rosidl_typesupport_cpp: rosidl_typesupport_fastrtps_cpp;rosidl_typesupport_introspection_cpp
[1.806s] -- Found rmw_implementation_cmake: 6.1.2 (/opt/ros/humble/share/rmw_implementation_cmake/cmake)
[1.812s] -- Found rmw_fastrtps_cpp: 6.2.7 (/opt/ros/humble/share/rmw_fastrtps_cpp/cmake)
[1.969s] -- Found OpenSSL: /usr/lib/x86_64-linux-gnu/libcrypto.so (found version "3.0.2")  
[2.007s] -- Found FastRTPS: /opt/ros/humble/include  
[2.071s] -- Using RMW implementation 'rmw_fastrtps_cpp' as default
[2.083s] -- Looking for pthread.h
[2.175s] -- Looking for pthread.h - found
[2.175s] -- Performing Test CMAKE_HAVE_LIBC_PTHREAD
[2.253s] -- Performing Test CMAKE_HAVE_LIBC_PTHREAD - Success
[2.254s] -- Found Threads: TRUE  
[2.314s] -- Found sensor_msgs: 4.8.0 (/opt/ros/humble/share/sensor_msgs/cmake)
[2.348s] -- Found cv_bridge: 3.2.1 (/opt/ros/humble/share/cv_bridge/cmake)
[2.361s] -- Found image_transport: 3.1.11 (/opt/ros/humble/share/image_transport/cmake)
[2.397s] -- Found OpenCV: /usr (found version "4.5.4") 
[2.401s] -- Found ament_lint_auto: 0.12.12 (/opt/ros/humble/share/ament_lint_auto/cmake)
[2.480s] -- Added test 'cppcheck' to perform static code analysis on C / C++ code
[2.481s] -- Configured cppcheck include dirs: 
[2.481s] -- Configured cppcheck exclude dirs and/or files: 
[2.481s] -- Added test 'lint_cmake' to check CMake code style
[2.482s] -- Added test 'uncrustify' to check C / C++ code style
[2.482s] -- Configured uncrustify additional arguments: 
[2.483s] -- Added test 'xmllint' to check XML markup files
[2.484s] -- Configuring done
[2.496s] -- Generating done
[2.500s] -- Build files have been written to: /home/manuel/MAE263C_CatcherProject/build/synthetic_ball_publisher
