[0.436s] DEBUG:colcon:Command line arguments: ['/usr/bin/colcon', 'build', '--symlink-install']
[0.436s] DEBUG:colcon:Parsed command line arguments: Namespace(log_base=None, log_level=None, verb_name='build', build_base='build', install_base='install', merge_install=False, symlink_install=True, test_result_base=None, continue_on_error=False, executor='parallel', parallel_workers=4, event_handlers=None, ignore_user_meta=False, metas=['./colcon.meta'], base_paths=['.'], packages_ignore=None, packages_ignore_regex=None, paths=None, packages_up_to=None, packages_up_to_regex=None, packages_above=None, packages_above_and_dependencies=None, packages_above_depth=None, packages_select_by_dep=None, packages_skip_by_dep=None, packages_skip_up_to=None, packages_select_build_failed=False, packages_skip_build_finished=False, packages_select_test_failures=False, packages_skip_test_passed=False, packages_select=None, packages_skip=None, packages_select_regex=None, packages_skip_regex=None, packages_start=None, packages_end=None, allow_overriding=[], cmake_args=None, cmake_target=None, cmake_target_skip_unavailable=False, cmake_clean_cache=False, cmake_clean_first=False, cmake_force_configure=False, ament_cmake_args=None, catkin_cmake_args=None, catkin_skip_building_tests=False, verb_parser=<colcon_defaults.argument_parser.defaults.DefaultArgumentsDecorator object at 0xffff9d996e30>, verb_extension=<colcon_core.verb.build.BuildVerb object at 0xffff9dad02e0>, main=<bound method BuildVerb.main of <colcon_core.verb.build.BuildVerb object at 0xffff9dad02e0>>)
[1.183s] Level 1:colcon.colcon_core.package_discovery:discover_packages(colcon_meta) check parameters
[1.183s] Level 1:colcon.colcon_core.package_discovery:discover_packages(recursive) check parameters
[1.183s] Level 1:colcon.colcon_core.package_discovery:discover_packages(ignore) check parameters
[1.183s] Level 1:colcon.colcon_core.package_discovery:discover_packages(path) check parameters
[1.184s] Level 1:colcon.colcon_core.package_discovery:discover_packages(colcon_meta) discover
[1.184s] Level 1:colcon.colcon_core.package_discovery:discover_packages(recursive) discover
[1.184s] INFO:colcon.colcon_core.package_discovery:Crawling recursively for packages in '/home/manuel/ros2_ws/src'
[1.184s] Level 1:colcon.colcon_core.package_identification:_identify(.) by extensions ['ignore', 'ignore_ament_install']
[1.185s] Level 1:colcon.colcon_core.package_identification:_identify(.) by extension 'ignore'
[1.185s] Level 1:colcon.colcon_core.package_identification:_identify(.) by extension 'ignore_ament_install'
[1.185s] Level 1:colcon.colcon_core.package_identification:_identify(.) by extensions ['colcon_pkg']
[1.185s] Level 1:colcon.colcon_core.package_identification:_identify(.) by extension 'colcon_pkg'
[1.185s] Level 1:colcon.colcon_core.package_identification:_identify(.) by extensions ['colcon_meta']
[1.186s] Level 1:colcon.colcon_core.package_identification:_identify(.) by extension 'colcon_meta'
[1.186s] Level 1:colcon.colcon_core.package_identification:_identify(.) by extensions ['ros']
[1.186s] Level 1:colcon.colcon_core.package_identification:_identify(.) by extension 'ros'
[1.234s] Level 1:colcon.colcon_core.package_identification:_identify(.) by extensions ['cmake', 'python']
[1.234s] Level 1:colcon.colcon_core.package_identification:_identify(.) by extension 'cmake'
[1.235s] Level 1:colcon.colcon_core.package_identification:_identify(.) by extension 'python'
[1.235s] Level 1:colcon.colcon_core.package_identification:_identify(.) by extensions ['python_setup_py']
[1.235s] Level 1:colcon.colcon_core.package_identification:_identify(.) by extension 'python_setup_py'
[1.235s] Level 1:colcon.colcon_core.package_identification:_identify(build) by extensions ['ignore', 'ignore_ament_install']
[1.236s] Level 1:colcon.colcon_core.package_identification:_identify(build) by extension 'ignore'
[1.236s] Level 1:colcon.colcon_core.package_identification:_identify(build) ignored
[1.237s] Level 1:colcon.colcon_core.package_identification:_identify(install) by extensions ['ignore', 'ignore_ament_install']
[1.237s] Level 1:colcon.colcon_core.package_identification:_identify(install) by extension 'ignore'
[1.237s] Level 1:colcon.colcon_core.package_identification:_identify(install) ignored
[1.238s] Level 1:colcon.colcon_core.package_identification:_identify(log) by extensions ['ignore', 'ignore_ament_install']
[1.238s] Level 1:colcon.colcon_core.package_identification:_identify(log) by extension 'ignore'
[1.238s] Level 1:colcon.colcon_core.package_identification:_identify(log) ignored
[1.238s] Level 1:colcon.colcon_core.package_identification:_identify(my_cpp_pkg) by extensions ['ignore', 'ignore_ament_install']
[1.239s] Level 1:colcon.colcon_core.package_identification:_identify(my_cpp_pkg) by extension 'ignore'
[1.239s] Level 1:colcon.colcon_core.package_identification:_identify(my_cpp_pkg) by extension 'ignore_ament_install'
[1.239s] Level 1:colcon.colcon_core.package_identification:_identify(my_cpp_pkg) by extensions ['colcon_pkg']
[1.239s] Level 1:colcon.colcon_core.package_identification:_identify(my_cpp_pkg) by extension 'colcon_pkg'
[1.239s] Level 1:colcon.colcon_core.package_identification:_identify(my_cpp_pkg) by extensions ['colcon_meta']
[1.239s] Level 1:colcon.colcon_core.package_identification:_identify(my_cpp_pkg) by extension 'colcon_meta'
[1.240s] Level 1:colcon.colcon_core.package_identification:_identify(my_cpp_pkg) by extensions ['ros']
[1.240s] Level 1:colcon.colcon_core.package_identification:_identify(my_cpp_pkg) by extension 'ros'
[1.249s] DEBUG:colcon.colcon_core.package_identification:Package 'my_cpp_pkg' with type 'ros.ament_cmake' and name 'my_cpp_pkg'
[1.249s] Level 1:colcon.colcon_core.package_discovery:discover_packages(recursive) using defaults
[1.249s] Level 1:colcon.colcon_core.package_discovery:discover_packages(ignore) discover
[1.249s] Level 1:colcon.colcon_core.package_discovery:discover_packages(ignore) using defaults
[1.249s] Level 1:colcon.colcon_core.package_discovery:discover_packages(path) discover
[1.249s] Level 1:colcon.colcon_core.package_discovery:discover_packages(path) using defaults
[1.325s] Level 1:colcon.colcon_core.package_discovery:discover_packages(prefix_path) check parameters
[1.325s] Level 1:colcon.colcon_core.package_discovery:discover_packages(prefix_path) discover
[1.333s] DEBUG:colcon.colcon_installed_package_information.package_discovery:Found 1 installed packages in /home/manuel/ros2_ws/src/install
[1.341s] DEBUG:colcon.colcon_installed_package_information.package_discovery:Found 271 installed packages in /opt/ros/humble
[1.348s] Level 1:colcon.colcon_core.package_discovery:discover_packages(prefix_path) using defaults
[1.557s] Level 5:colcon.colcon_core.verb:set package 'my_cpp_pkg' build argument 'cmake_args' from command line to 'None'
[1.557s] Level 5:colcon.colcon_core.verb:set package 'my_cpp_pkg' build argument 'cmake_target' from command line to 'None'
[1.557s] Level 5:colcon.colcon_core.verb:set package 'my_cpp_pkg' build argument 'cmake_target_skip_unavailable' from command line to 'False'
[1.557s] Level 5:colcon.colcon_core.verb:set package 'my_cpp_pkg' build argument 'cmake_clean_cache' from command line to 'False'
[1.557s] Level 5:colcon.colcon_core.verb:set package 'my_cpp_pkg' build argument 'cmake_clean_first' from command line to 'False'
[1.557s] Level 5:colcon.colcon_core.verb:set package 'my_cpp_pkg' build argument 'cmake_force_configure' from command line to 'False'
[1.557s] Level 5:colcon.colcon_core.verb:set package 'my_cpp_pkg' build argument 'ament_cmake_args' from command line to 'None'
[1.557s] Level 5:colcon.colcon_core.verb:set package 'my_cpp_pkg' build argument 'catkin_cmake_args' from command line to 'None'
[1.558s] Level 5:colcon.colcon_core.verb:set package 'my_cpp_pkg' build argument 'catkin_skip_building_tests' from command line to 'False'
[1.558s] DEBUG:colcon.colcon_core.verb:Building package 'my_cpp_pkg' with the following arguments: {'ament_cmake_args': None, 'build_base': '/home/manuel/ros2_ws/src/build/my_cpp_pkg', 'catkin_cmake_args': None, 'catkin_skip_building_tests': False, 'cmake_args': None, 'cmake_clean_cache': False, 'cmake_clean_first': False, 'cmake_force_configure': False, 'cmake_target': None, 'cmake_target_skip_unavailable': False, 'install_base': '/home/manuel/ros2_ws/src/install/my_cpp_pkg', 'merge_install': False, 'path': '/home/manuel/ros2_ws/src/my_cpp_pkg', 'symlink_install': True, 'test_result_base': None}
[1.558s] INFO:colcon.colcon_core.executor:Executing jobs using 'parallel' executor
[1.562s] DEBUG:colcon.colcon_parallel_executor.executor.parallel:run_until_complete
[1.563s] INFO:colcon.colcon_ros.task.ament_cmake.build:Building ROS package in '/home/manuel/ros2_ws/src/my_cpp_pkg' with build type 'ament_cmake'
[1.563s] INFO:colcon.colcon_cmake.task.cmake.build:Building CMake package in '/home/manuel/ros2_ws/src/my_cpp_pkg'
[1.571s] INFO:colcon.colcon_core.plugin_system:Skipping extension 'colcon_core.shell.bat': Not used on non-Windows systems
[1.572s] INFO:colcon.colcon_core.shell:Skip shell extension 'powershell' for command environment: Not usable outside of PowerShell
[1.572s] DEBUG:colcon.colcon_core.shell:Skip shell extension 'dsv' for command environment
[1.630s] DEBUG:colcon.colcon_core.event_handler.log_command:Invoking command in '/home/manuel/ros2_ws/src/build/my_cpp_pkg': CMAKE_PREFIX_PATH=${CMAKE_PREFIX_PATH}:/opt/ros/humble /usr/bin/cmake /home/manuel/ros2_ws/src/my_cpp_pkg -DAMENT_CMAKE_SYMLINK_INSTALL=1 -DCMAKE_INSTALL_PREFIX=/home/manuel/ros2_ws/src/install/my_cpp_pkg
[6.371s] DEBUG:colcon.colcon_core.event_handler.log_command:Invoked command in '/home/manuel/ros2_ws/src/build/my_cpp_pkg' returned '0': CMAKE_PREFIX_PATH=${CMAKE_PREFIX_PATH}:/opt/ros/humble /usr/bin/cmake /home/manuel/ros2_ws/src/my_cpp_pkg -DAMENT_CMAKE_SYMLINK_INSTALL=1 -DCMAKE_INSTALL_PREFIX=/home/manuel/ros2_ws/src/install/my_cpp_pkg
[6.380s] DEBUG:colcon.colcon_core.event_handler.log_command:Invoking command in '/home/manuel/ros2_ws/src/build/my_cpp_pkg': CMAKE_PREFIX_PATH=${CMAKE_PREFIX_PATH}:/opt/ros/humble /usr/bin/cmake --build /home/manuel/ros2_ws/src/build/my_cpp_pkg -- -j4 -l4
[19.700s] DEBUG:colcon.colcon_core.event_handler.log_command:Invoked command in '/home/manuel/ros2_ws/src/build/my_cpp_pkg' returned '2': CMAKE_PREFIX_PATH=${CMAKE_PREFIX_PATH}:/opt/ros/humble /usr/bin/cmake --build /home/manuel/ros2_ws/src/build/my_cpp_pkg -- -j4 -l4
[19.705s] Level 1:colcon.colcon_core.environment:create_environment_scripts_only(my_cpp_pkg)
[19.728s] Level 1:colcon.colcon_core.environment:checking '/home/manuel/ros2_ws/src/install/my_cpp_pkg' for CMake module files
[19.731s] Level 1:colcon.colcon_core.environment:checking '/home/manuel/ros2_ws/src/install/my_cpp_pkg' for CMake config files
[19.734s] Level 1:colcon.colcon_core.shell:create_environment_hook('my_cpp_pkg', 'cmake_prefix_path')
[19.735s] INFO:colcon.colcon_core.shell:Creating environment hook '/home/manuel/ros2_ws/src/install/my_cpp_pkg/share/my_cpp_pkg/hook/cmake_prefix_path.ps1'
[19.740s] INFO:colcon.colcon_core.shell:Creating environment descriptor '/home/manuel/ros2_ws/src/install/my_cpp_pkg/share/my_cpp_pkg/hook/cmake_prefix_path.dsv'
[19.744s] INFO:colcon.colcon_core.shell:Creating environment hook '/home/manuel/ros2_ws/src/install/my_cpp_pkg/share/my_cpp_pkg/hook/cmake_prefix_path.sh'
[19.750s] Level 1:colcon.colcon_core.environment:checking '/home/manuel/ros2_ws/src/install/my_cpp_pkg/bin'
[19.750s] Level 1:colcon.colcon_core.environment:checking '/home/manuel/ros2_ws/src/install/my_cpp_pkg/lib/pkgconfig/my_cpp_pkg.pc'
[19.751s] Level 1:colcon.colcon_core.environment:checking '/home/manuel/ros2_ws/src/install/my_cpp_pkg/lib/python3.10/site-packages'
[19.752s] Level 1:colcon.colcon_core.environment:checking '/home/manuel/ros2_ws/src/install/my_cpp_pkg/bin'
[19.754s] INFO:colcon.colcon_core.shell:Creating package script '/home/manuel/ros2_ws/src/install/my_cpp_pkg/share/my_cpp_pkg/package.ps1'
[19.758s] INFO:colcon.colcon_core.shell:Creating package descriptor '/home/manuel/ros2_ws/src/install/my_cpp_pkg/share/my_cpp_pkg/package.dsv'
[19.762s] INFO:colcon.colcon_core.shell:Creating package script '/home/manuel/ros2_ws/src/install/my_cpp_pkg/share/my_cpp_pkg/package.sh'
[19.765s] INFO:colcon.colcon_core.shell:Creating package script '/home/manuel/ros2_ws/src/install/my_cpp_pkg/share/my_cpp_pkg/package.bash'
[19.770s] INFO:colcon.colcon_core.shell:Creating package script '/home/manuel/ros2_ws/src/install/my_cpp_pkg/share/my_cpp_pkg/package.zsh'
[19.775s] Level 1:colcon.colcon_core.environment:create_file_with_runtime_dependencies(/home/manuel/ros2_ws/src/install/my_cpp_pkg/share/colcon-core/packages/my_cpp_pkg)
[19.786s] DEBUG:colcon.colcon_parallel_executor.executor.parallel:closing loop
[19.787s] DEBUG:colcon.colcon_parallel_executor.executor.parallel:loop closed
[19.788s] DEBUG:colcon.colcon_parallel_executor.executor.parallel:run_until_complete finished with '2'
[19.788s] DEBUG:colcon.colcon_core.event_reactor:joining thread
[19.853s] INFO:colcon.colcon_core.plugin_system:Skipping extension 'colcon_notification.desktop_notification.terminal_notifier': Not used on non-Darwin systems
[19.854s] INFO:colcon.colcon_core.plugin_system:Skipping extension 'colcon_notification.desktop_notification.win32': Not used on non-Windows systems
[19.854s] INFO:colcon.colcon_notification.desktop_notification:Sending desktop notification using 'notify2'
[19.922s] DEBUG:colcon.colcon_core.event_reactor:joined thread
[19.924s] INFO:colcon.colcon_core.shell:Creating prefix script '/home/manuel/ros2_ws/src/install/local_setup.ps1'
[19.931s] INFO:colcon.colcon_core.shell:Creating prefix util module '/home/manuel/ros2_ws/src/install/_local_setup_util_ps1.py'
[19.939s] INFO:colcon.colcon_core.shell:Creating prefix chain script '/home/manuel/ros2_ws/src/install/setup.ps1'
[19.947s] INFO:colcon.colcon_core.shell:Creating prefix script '/home/manuel/ros2_ws/src/install/local_setup.sh'
[19.952s] INFO:colcon.colcon_core.shell:Creating prefix util module '/home/manuel/ros2_ws/src/install/_local_setup_util_sh.py'
[19.955s] INFO:colcon.colcon_core.shell:Creating prefix chain script '/home/manuel/ros2_ws/src/install/setup.sh'
[19.962s] INFO:colcon.colcon_core.shell:Creating prefix script '/home/manuel/ros2_ws/src/install/local_setup.bash'
[19.966s] INFO:colcon.colcon_core.shell:Creating prefix chain script '/home/manuel/ros2_ws/src/install/setup.bash'
[19.972s] INFO:colcon.colcon_core.shell:Creating prefix script '/home/manuel/ros2_ws/src/install/local_setup.zsh'
[19.977s] INFO:colcon.colcon_core.shell:Creating prefix chain script '/home/manuel/ros2_ws/src/install/setup.zsh'
