[0.017s] Invoking command in '/home/manuel/ros2_ws/build/ball_arm_tracker': AMENT_PREFIX_PATH=/home/manuel/ros2_ws/install/inverse_kinematics_node:/home/manuel/ros2_ws/install/dynamixel_sdk:${AMENT_PREFIX_PATH} CMAKE_PREFIX_PATH=/home/manuel/ros2_ws/install/inverse_kinematics_node:/home/manuel/ros2_ws/install/dynamixel_sdk:/opt/ros/humble LD_LIBRARY_PATH=/home/manuel/ros2_ws/install/inverse_kinematics_node/lib:/home/manuel/ros2_ws/install/dynamixel_sdk/lib:${LD_LIBRARY_PATH} PYTHONPATH=/home/manuel/ros2_ws/install/inverse_kinematics_node/local/lib/python3.10/dist-packages:/home/manuel/ros2_ws/install/dynamixel_sdk/local/lib/python3.10/dist-packages:${PYTHONPATH} /usr/bin/cmake --build /home/manuel/ros2_ws/build/ball_arm_tracker -- -j12 -l12
[0.227s] [100%] Built target pixel_to_xy_bridge
[0.228s] Invoked command in '/home/manuel/ros2_ws/build/ball_arm_tracker' returned '0': AMENT_PREFIX_PATH=/home/manuel/ros2_ws/install/inverse_kinematics_node:/home/manuel/ros2_ws/install/dynamixel_sdk:${AMENT_PREFIX_PATH} CMAKE_PREFIX_PATH=/home/manuel/ros2_ws/install/inverse_kinematics_node:/home/manuel/ros2_ws/install/dynamixel_sdk:/opt/ros/humble LD_LIBRARY_PATH=/home/manuel/ros2_ws/install/inverse_kinematics_node/lib:/home/manuel/ros2_ws/install/dynamixel_sdk/lib:${LD_LIBRARY_PATH} PYTHONPATH=/home/manuel/ros2_ws/install/inverse_kinematics_node/local/lib/python3.10/dist-packages:/home/manuel/ros2_ws/install/dynamixel_sdk/local/lib/python3.10/dist-packages:${PYTHONPATH} /usr/bin/cmake --build /home/manuel/ros2_ws/build/ball_arm_tracker -- -j12 -l12
[0.229s] Invoking command in '/home/manuel/ros2_ws/build/ball_arm_tracker': AMENT_PREFIX_PATH=/home/manuel/ros2_ws/install/inverse_kinematics_node:/home/manuel/ros2_ws/install/dynamixel_sdk:${AMENT_PREFIX_PATH} CMAKE_PREFIX_PATH=/home/manuel/ros2_ws/install/inverse_kinematics_node:/home/manuel/ros2_ws/install/dynamixel_sdk:/opt/ros/humble LD_LIBRARY_PATH=/home/manuel/ros2_ws/install/inverse_kinematics_node/lib:/home/manuel/ros2_ws/install/dynamixel_sdk/lib:${LD_LIBRARY_PATH} PYTHONPATH=/home/manuel/ros2_ws/install/inverse_kinematics_node/local/lib/python3.10/dist-packages:/home/manuel/ros2_ws/install/dynamixel_sdk/local/lib/python3.10/dist-packages:${PYTHONPATH} /usr/bin/cmake --install /home/manuel/ros2_ws/build/ball_arm_tracker
[0.234s] -- Install configuration: ""
[0.235s] -- Execute custom install script
[0.235s] -- Up-to-date symlink: /home/manuel/ros2_ws/install/ball_arm_tracker/lib/ball_arm_tracker/pixel_to_xy_bridge
[0.235s] -- Up-to-date symlink: /home/manuel/ros2_ws/install/ball_arm_tracker/share/ament_index/resource_index/package_run_dependencies/ball_arm_tracker
[0.235s] -- Up-to-date symlink: /home/manuel/ros2_ws/install/ball_arm_tracker/share/ament_index/resource_index/parent_prefix_path/ball_arm_tracker
[0.235s] -- Up-to-date symlink: /home/manuel/ros2_ws/install/ball_arm_tracker/share/ball_arm_tracker/environment/ament_prefix_path.sh
[0.235s] -- Up-to-date symlink: /home/manuel/ros2_ws/install/ball_arm_tracker/share/ball_arm_tracker/environment/ament_prefix_path.dsv
[0.236s] -- Up-to-date symlink: /home/manuel/ros2_ws/install/ball_arm_tracker/share/ball_arm_tracker/environment/path.sh
[0.236s] -- Up-to-date symlink: /home/manuel/ros2_ws/install/ball_arm_tracker/share/ball_arm_tracker/environment/path.dsv
[0.236s] -- Up-to-date symlink: /home/manuel/ros2_ws/install/ball_arm_tracker/share/ball_arm_tracker/local_setup.bash
[0.236s] -- Up-to-date symlink: /home/manuel/ros2_ws/install/ball_arm_tracker/share/ball_arm_tracker/local_setup.sh
[0.236s] -- Up-to-date symlink: /home/manuel/ros2_ws/install/ball_arm_tracker/share/ball_arm_tracker/local_setup.zsh
[0.236s] -- Up-to-date symlink: /home/manuel/ros2_ws/install/ball_arm_tracker/share/ball_arm_tracker/local_setup.dsv
[0.236s] -- Symlinking: /home/manuel/ros2_ws/install/ball_arm_tracker/share/ball_arm_tracker/package.dsv
[0.243s] -- Up-to-date symlink: /home/manuel/ros2_ws/install/ball_arm_tracker/share/ament_index/resource_index/packages/ball_arm_tracker
[0.243s] -- Up-to-date symlink: /home/manuel/ros2_ws/install/ball_arm_tracker/share/ball_arm_tracker/cmake/ball_arm_trackerConfig.cmake
[0.243s] -- Up-to-date symlink: /home/manuel/ros2_ws/install/ball_arm_tracker/share/ball_arm_tracker/cmake/ball_arm_trackerConfig-version.cmake
[0.243s] -- Up-to-date symlink: /home/manuel/ros2_ws/install/ball_arm_tracker/share/ball_arm_tracker/package.xml
[0.245s] Invoked command in '/home/manuel/ros2_ws/build/ball_arm_tracker' returned '0': AMENT_PREFIX_PATH=/home/manuel/ros2_ws/install/inverse_kinematics_node:/home/manuel/ros2_ws/install/dynamixel_sdk:${AMENT_PREFIX_PATH} CMAKE_PREFIX_PATH=/home/manuel/ros2_ws/install/inverse_kinematics_node:/home/manuel/ros2_ws/install/dynamixel_sdk:/opt/ros/humble LD_LIBRARY_PATH=/home/manuel/ros2_ws/install/inverse_kinematics_node/lib:/home/manuel/ros2_ws/install/dynamixel_sdk/lib:${LD_LIBRARY_PATH} PYTHONPATH=/home/manuel/ros2_ws/install/inverse_kinematics_node/local/lib/python3.10/dist-packages:/home/manuel/ros2_ws/install/dynamixel_sdk/local/lib/python3.10/dist-packages:${PYTHONPATH} /usr/bin/cmake --install /home/manuel/ros2_ws/build/ball_arm_tracker
