[0.029s] Invoking command in '/home/manuel/ros2_ws/build/inverse_kinematics_node': CMAKE_PREFIX_PATH=/home/manuel/ros2_ws/install/dynamixel_sdk:/home/manuel/ros2_ws/install/synthetic_ball_publisher:/home/manuel/ros2_ws/install/pwm_position_node:/home/manuel/ros2_ws/install/my_cpp_pkg:/home/manuel/ros2_ws/install/joint_positions_node:/home/manuel/ros2_ws/install/ball_arm_tracker:/home/manuel/ros2_ws/install/inverse_kinematics_node:/home/manuel/ros2_ws/install/dynamixel_sdk_examples:/home/manuel/ros2_ws/install/dynamixel_sdk_custom_interfaces:/home/manuel/ros2_ws/install/dual_dynamixel_node:/home/manuel/ros2_ws/install/ball_centroid_detector:/home/manuel/ros2_ws/install/joint_plotter:/opt/ros/humble LD_LIBRARY_PATH=/home/manuel/ros2_ws/install/dynamixel_sdk/lib:/home/manuel/ros2_ws/install/joint_positions_node/lib:/home/manuel/ros2_ws/install/inverse_kinematics_node/lib:/home/manuel/ros2_ws/install/dynamixel_sdk_custom_interfaces/lib:/home/manuel/ros2_ws/install/dual_dynamixel_node/lib:/opt/ros/humble/opt/rviz_ogre_vendor/lib:/opt/ros/humble/lib/x86_64-linux-gnu:/opt/ros/humble/lib /usr/bin/cmake --build /home/manuel/ros2_ws/build/inverse_kinematics_node -- -j12 -l12
[0.090s] [  2%] Built target inverse_kinematics_node__cpp
[0.090s] [ 12%] Built target inverse_kinematics_node__rosidl_generator_c
[0.105s] [ 12%] Built target ament_cmake_python_symlink_inverse_kinematics_node
[0.136s] [ 21%] Built target inverse_kinematics_node__rosidl_typesupport_cpp
[0.138s] [ 31%] Built target inverse_kinematics_node__rosidl_typesupport_c
[0.139s] [ 41%] Built target inverse_kinematics_node__rosidl_typesupport_fastrtps_c
[0.149s] [ 51%] Built target inverse_kinematics_node__rosidl_typesupport_introspection_cpp
[0.151s] [ 60%] Built target inverse_kinematics_node__rosidl_typesupport_fastrtps_cpp
[0.153s] [ 70%] Built target inverse_kinematics_node__rosidl_typesupport_introspection_c
[0.179s] [ 70%] Built target inverse_kinematics_node
[0.216s] [ 73%] Built target inverse_kinematics_node__py
[0.222s] [ 78%] Built target ik_driver
[0.248s] [ 85%] Built target inverse_kinematics_node__rosidl_generator_py
[0.276s] [ 90%] Built target inverse_kinematics_node__rosidl_typesupport_introspection_c__pyext
[0.281s] [ 95%] Built target inverse_kinematics_node__rosidl_typesupport_fastrtps_c__pyext
[0.281s] [100%] Built target inverse_kinematics_node__rosidl_typesupport_c__pyext
[0.487s] running egg_info
[0.488s] writing inverse_kinematics_node.egg-info/PKG-INFO
[0.488s] writing dependency_links to inverse_kinematics_node.egg-info/dependency_links.txt
[0.488s] writing top-level names to inverse_kinematics_node.egg-info/top_level.txt
[0.490s] reading manifest file 'inverse_kinematics_node.egg-info/SOURCES.txt'
[0.491s] writing manifest file 'inverse_kinematics_node.egg-info/SOURCES.txt'
[0.522s] [100%] Built target ament_cmake_python_build_inverse_kinematics_node_egg
[0.535s] Invoked command in '/home/manuel/ros2_ws/build/inverse_kinematics_node' returned '0': CMAKE_PREFIX_PATH=/home/manuel/ros2_ws/install/dynamixel_sdk:/home/manuel/ros2_ws/install/synthetic_ball_publisher:/home/manuel/ros2_ws/install/pwm_position_node:/home/manuel/ros2_ws/install/my_cpp_pkg:/home/manuel/ros2_ws/install/joint_positions_node:/home/manuel/ros2_ws/install/ball_arm_tracker:/home/manuel/ros2_ws/install/inverse_kinematics_node:/home/manuel/ros2_ws/install/dynamixel_sdk_examples:/home/manuel/ros2_ws/install/dynamixel_sdk_custom_interfaces:/home/manuel/ros2_ws/install/dual_dynamixel_node:/home/manuel/ros2_ws/install/ball_centroid_detector:/home/manuel/ros2_ws/install/joint_plotter:/opt/ros/humble LD_LIBRARY_PATH=/home/manuel/ros2_ws/install/dynamixel_sdk/lib:/home/manuel/ros2_ws/install/joint_positions_node/lib:/home/manuel/ros2_ws/install/inverse_kinematics_node/lib:/home/manuel/ros2_ws/install/dynamixel_sdk_custom_interfaces/lib:/home/manuel/ros2_ws/install/dual_dynamixel_node/lib:/opt/ros/humble/opt/rviz_ogre_vendor/lib:/opt/ros/humble/lib/x86_64-linux-gnu:/opt/ros/humble/lib /usr/bin/cmake --build /home/manuel/ros2_ws/build/inverse_kinematics_node -- -j12 -l12
[0.540s] Invoking command in '/home/manuel/ros2_ws/build/inverse_kinematics_node': CMAKE_PREFIX_PATH=/home/manuel/ros2_ws/install/dynamixel_sdk:/home/manuel/ros2_ws/install/synthetic_ball_publisher:/home/manuel/ros2_ws/install/pwm_position_node:/home/manuel/ros2_ws/install/my_cpp_pkg:/home/manuel/ros2_ws/install/joint_positions_node:/home/manuel/ros2_ws/install/ball_arm_tracker:/home/manuel/ros2_ws/install/inverse_kinematics_node:/home/manuel/ros2_ws/install/dynamixel_sdk_examples:/home/manuel/ros2_ws/install/dynamixel_sdk_custom_interfaces:/home/manuel/ros2_ws/install/dual_dynamixel_node:/home/manuel/ros2_ws/install/ball_centroid_detector:/home/manuel/ros2_ws/install/joint_plotter:/opt/ros/humble LD_LIBRARY_PATH=/home/manuel/ros2_ws/install/dynamixel_sdk/lib:/home/manuel/ros2_ws/install/joint_positions_node/lib:/home/manuel/ros2_ws/install/inverse_kinematics_node/lib:/home/manuel/ros2_ws/install/dynamixel_sdk_custom_interfaces/lib:/home/manuel/ros2_ws/install/dual_dynamixel_node/lib:/opt/ros/humble/opt/rviz_ogre_vendor/lib:/opt/ros/humble/lib/x86_64-linux-gnu:/opt/ros/humble/lib /usr/bin/cmake --install /home/manuel/ros2_ws/build/inverse_kinematics_node
[0.551s] -- Install configuration: ""
[0.552s] -- Execute custom install script
[0.552s] -- Up-to-date symlink: /home/manuel/ros2_ws/install/inverse_kinematics_node/share/ament_index/resource_index/rosidl_interfaces/inverse_kinematics_node
[0.553s] -- Up-to-date symlink: /home/manuel/ros2_ws/install/inverse_kinematics_node/include/inverse_kinematics_node/inverse_kinematics_node/msg/detail/set_xy__functions.h
[0.553s] -- Up-to-date symlink: /home/manuel/ros2_ws/install/inverse_kinematics_node/include/inverse_kinematics_node/inverse_kinematics_node/msg/detail/set_xy__struct.h
[0.553s] -- Up-to-date symlink: /home/manuel/ros2_ws/install/inverse_kinematics_node/include/inverse_kinematics_node/inverse_kinematics_node/msg/detail/set_xy__type_support.h
[0.553s] -- Up-to-date symlink: /home/manuel/ros2_ws/install/inverse_kinematics_node/include/inverse_kinematics_node/inverse_kinematics_node/msg/rosidl_generator_c__visibility_control.h
[0.553s] -- Up-to-date symlink: /home/manuel/ros2_ws/install/inverse_kinematics_node/include/inverse_kinematics_node/inverse_kinematics_node/msg/set_xy.h
[0.554s] -- Up-to-date symlink: /home/manuel/ros2_ws/install/inverse_kinematics_node/include/inverse_kinematics_node/inverse_kinematics_node/srv/detail/get_xy__functions.h
[0.554s] -- Up-to-date symlink: /home/manuel/ros2_ws/install/inverse_kinematics_node/include/inverse_kinematics_node/inverse_kinematics_node/srv/detail/get_xy__struct.h
[0.554s] -- Up-to-date symlink: /home/manuel/ros2_ws/install/inverse_kinematics_node/include/inverse_kinematics_node/inverse_kinematics_node/srv/detail/get_xy__type_support.h
[0.554s] -- Up-to-date symlink: /home/manuel/ros2_ws/install/inverse_kinematics_node/include/inverse_kinematics_node/inverse_kinematics_node/srv/get_xy.h
[0.554s] -- Up-to-date symlink: /home/manuel/ros2_ws/install/inverse_kinematics_node/share/inverse_kinematics_node/environment/library_path.sh
[0.555s] -- Up-to-date symlink: /home/manuel/ros2_ws/install/inverse_kinematics_node/share/inverse_kinematics_node/environment/library_path.dsv
[0.555s] -- Up-to-date symlink: /home/manuel/ros2_ws/install/inverse_kinematics_node/include/inverse_kinematics_node/inverse_kinematics_node/msg/detail/set_xy__rosidl_typesupport_fastrtps_c.h
[0.555s] -- Up-to-date symlink: /home/manuel/ros2_ws/install/inverse_kinematics_node/include/inverse_kinematics_node/inverse_kinematics_node/msg/rosidl_typesupport_fastrtps_c__visibility_control.h
[0.556s] -- Up-to-date symlink: /home/manuel/ros2_ws/install/inverse_kinematics_node/include/inverse_kinematics_node/inverse_kinematics_node/srv/detail/get_xy__rosidl_typesupport_fastrtps_c.h
[0.556s] -- Up-to-date symlink: /home/manuel/ros2_ws/install/inverse_kinematics_node/include/inverse_kinematics_node/inverse_kinematics_node/msg/detail/set_xy__builder.hpp
[0.557s] -- Up-to-date symlink: /home/manuel/ros2_ws/install/inverse_kinematics_node/include/inverse_kinematics_node/inverse_kinematics_node/msg/detail/set_xy__struct.hpp
[0.557s] -- Up-to-date symlink: /home/manuel/ros2_ws/install/inverse_kinematics_node/include/inverse_kinematics_node/inverse_kinematics_node/msg/detail/set_xy__traits.hpp
[0.557s] -- Up-to-date symlink: /home/manuel/ros2_ws/install/inverse_kinematics_node/include/inverse_kinematics_node/inverse_kinematics_node/msg/detail/set_xy__type_support.hpp
[0.557s] -- Up-to-date symlink: /home/manuel/ros2_ws/install/inverse_kinematics_node/include/inverse_kinematics_node/inverse_kinematics_node/msg/rosidl_generator_cpp__visibility_control.hpp
[0.557s] -- Up-to-date symlink: /home/manuel/ros2_ws/install/inverse_kinematics_node/include/inverse_kinematics_node/inverse_kinematics_node/msg/set_xy.hpp
[0.558s] -- Up-to-date symlink: /home/manuel/ros2_ws/install/inverse_kinematics_node/include/inverse_kinematics_node/inverse_kinematics_node/srv/detail/get_xy__builder.hpp
[0.558s] -- Up-to-date symlink: /home/manuel/ros2_ws/install/inverse_kinematics_node/include/inverse_kinematics_node/inverse_kinematics_node/srv/detail/get_xy__struct.hpp
[0.558s] -- Up-to-date symlink: /home/manuel/ros2_ws/install/inverse_kinematics_node/include/inverse_kinematics_node/inverse_kinematics_node/srv/detail/get_xy__traits.hpp
[0.558s] -- Up-to-date symlink: /home/manuel/ros2_ws/install/inverse_kinematics_node/include/inverse_kinematics_node/inverse_kinematics_node/srv/detail/get_xy__type_support.hpp
[0.558s] -- Up-to-date symlink: /home/manuel/ros2_ws/install/inverse_kinematics_node/include/inverse_kinematics_node/inverse_kinematics_node/srv/get_xy.hpp
[0.559s] -- Up-to-date symlink: /home/manuel/ros2_ws/install/inverse_kinematics_node/include/inverse_kinematics_node/inverse_kinematics_node/msg/detail/set_xy__rosidl_typesupport_fastrtps_cpp.hpp
[0.559s] -- Up-to-date symlink: /home/manuel/ros2_ws/install/inverse_kinematics_node/include/inverse_kinematics_node/inverse_kinematics_node/msg/rosidl_typesupport_fastrtps_cpp__visibility_control.h
[0.560s] -- Up-to-date symlink: /home/manuel/ros2_ws/install/inverse_kinematics_node/include/inverse_kinematics_node/inverse_kinematics_node/srv/detail/get_xy__rosidl_typesupport_fastrtps_cpp.hpp
[0.561s] -- Up-to-date symlink: /home/manuel/ros2_ws/install/inverse_kinematics_node/include/inverse_kinematics_node/inverse_kinematics_node/msg/detail/set_xy__rosidl_typesupport_introspection_c.h
[0.562s] -- Up-to-date symlink: /home/manuel/ros2_ws/install/inverse_kinematics_node/include/inverse_kinematics_node/inverse_kinematics_node/msg/rosidl_typesupport_introspection_c__visibility_control.h
[0.562s] -- Up-to-date symlink: /home/manuel/ros2_ws/install/inverse_kinematics_node/include/inverse_kinematics_node/inverse_kinematics_node/srv/detail/get_xy__rosidl_typesupport_introspection_c.h
[0.563s] -- Up-to-date symlink: /home/manuel/ros2_ws/install/inverse_kinematics_node/include/inverse_kinematics_node/inverse_kinematics_node/msg/detail/set_xy__rosidl_typesupport_introspection_cpp.hpp
[0.563s] -- Up-to-date symlink: /home/manuel/ros2_ws/install/inverse_kinematics_node/include/inverse_kinematics_node/inverse_kinematics_node/srv/detail/get_xy__rosidl_typesupport_introspection_cpp.hpp
[0.563s] -- Up-to-date symlink: /home/manuel/ros2_ws/install/inverse_kinematics_node/share/inverse_kinematics_node/environment/pythonpath.sh
[0.563s] -- Up-to-date symlink: /home/manuel/ros2_ws/install/inverse_kinematics_node/share/inverse_kinematics_node/environment/pythonpath.dsv
[0.564s] -- Up-to-date symlink: /home/manuel/ros2_ws/install/inverse_kinematics_node/local/lib/python3.10/dist-packages/inverse_kinematics_node-0.0.0-py3.10.egg-info/PKG-INFO
[0.564s] -- Up-to-date symlink: /home/manuel/ros2_ws/install/inverse_kinematics_node/local/lib/python3.10/dist-packages/inverse_kinematics_node-0.0.0-py3.10.egg-info/SOURCES.txt
[0.564s] -- Up-to-date symlink: /home/manuel/ros2_ws/install/inverse_kinematics_node/local/lib/python3.10/dist-packages/inverse_kinematics_node-0.0.0-py3.10.egg-info/dependency_links.txt
[0.564s] -- Up-to-date symlink: /home/manuel/ros2_ws/install/inverse_kinematics_node/local/lib/python3.10/dist-packages/inverse_kinematics_node-0.0.0-py3.10.egg-info/top_level.txt
[0.564s] -- Up-to-date symlink: /home/manuel/ros2_ws/install/inverse_kinematics_node/local/lib/python3.10/dist-packages/inverse_kinematics_node/__init__.py
[0.564s] -- Up-to-date symlink: /home/manuel/ros2_ws/install/inverse_kinematics_node/local/lib/python3.10/dist-packages/inverse_kinematics_node/_inverse_kinematics_node_s.ep.rosidl_typesupport_c.c
[0.565s] -- Up-to-date symlink: /home/manuel/ros2_ws/install/inverse_kinematics_node/local/lib/python3.10/dist-packages/inverse_kinematics_node/_inverse_kinematics_node_s.ep.rosidl_typesupport_fastrtps_c.c
[0.565s] -- Up-to-date symlink: /home/manuel/ros2_ws/install/inverse_kinematics_node/local/lib/python3.10/dist-packages/inverse_kinematics_node/_inverse_kinematics_node_s.ep.rosidl_typesupport_introspection_c.c
[0.565s] -- Up-to-date symlink: /home/manuel/ros2_ws/install/inverse_kinematics_node/local/lib/python3.10/dist-packages/inverse_kinematics_node/inverse_kinematics_node_s__rosidl_typesupport_c.cpython-310-x86_64-linux-gnu.so
[0.565s] -- Up-to-date symlink: /home/manuel/ros2_ws/install/inverse_kinematics_node/local/lib/python3.10/dist-packages/inverse_kinematics_node/inverse_kinematics_node_s__rosidl_typesupport_fastrtps_c.cpython-310-x86_64-linux-gnu.so
[0.565s] -- Up-to-date symlink: /home/manuel/ros2_ws/install/inverse_kinematics_node/local/lib/python3.10/dist-packages/inverse_kinematics_node/inverse_kinematics_node_s__rosidl_typesupport_introspection_c.cpython-310-x86_64-linux-gnu.so
[0.565s] -- Up-to-date symlink: /home/manuel/ros2_ws/install/inverse_kinematics_node/local/lib/python3.10/dist-packages/inverse_kinematics_node/libinverse_kinematics_node__rosidl_generator_py.so
[0.566s] -- Up-to-date symlink: /home/manuel/ros2_ws/install/inverse_kinematics_node/local/lib/python3.10/dist-packages/inverse_kinematics_node/msg/__init__.py
[0.566s] -- Up-to-date symlink: /home/manuel/ros2_ws/install/inverse_kinematics_node/local/lib/python3.10/dist-packages/inverse_kinematics_node/msg/_set_xy.py
[0.566s] -- Up-to-date symlink: /home/manuel/ros2_ws/install/inverse_kinematics_node/local/lib/python3.10/dist-packages/inverse_kinematics_node/msg/_set_xy_s.c
[0.566s] -- Up-to-date symlink: /home/manuel/ros2_ws/install/inverse_kinematics_node/local/lib/python3.10/dist-packages/inverse_kinematics_node/srv/__init__.py
[0.566s] -- Up-to-date symlink: /home/manuel/ros2_ws/install/inverse_kinematics_node/local/lib/python3.10/dist-packages/inverse_kinematics_node/srv/_get_xy.py
[0.567s] -- Up-to-date symlink: /home/manuel/ros2_ws/install/inverse_kinematics_node/local/lib/python3.10/dist-packages/inverse_kinematics_node/srv/_get_xy_s.c
[0.567s] -- Up-to-date symlink: /home/manuel/ros2_ws/install/inverse_kinematics_node/local/lib/python3.10/dist-packages/inverse_kinematics_node/inverse_kinematics_node_s__rosidl_typesupport_fastrtps_c.cpython-310-x86_64-linux-gnu.so
[0.567s] -- Up-to-date symlink: /home/manuel/ros2_ws/install/inverse_kinematics_node/local/lib/python3.10/dist-packages/inverse_kinematics_node/inverse_kinematics_node_s__rosidl_typesupport_introspection_c.cpython-310-x86_64-linux-gnu.so
[0.568s] -- Up-to-date symlink: /home/manuel/ros2_ws/install/inverse_kinematics_node/local/lib/python3.10/dist-packages/inverse_kinematics_node/inverse_kinematics_node_s__rosidl_typesupport_c.cpython-310-x86_64-linux-gnu.so
[0.568s] -- Up-to-date symlink: /home/manuel/ros2_ws/install/inverse_kinematics_node/share/inverse_kinematics_node/msg/SetXY.idl
[0.568s] -- Up-to-date symlink: /home/manuel/ros2_ws/install/inverse_kinematics_node/share/inverse_kinematics_node/srv/GetXY.idl
[0.568s] -- Up-to-date symlink: /home/manuel/ros2_ws/install/inverse_kinematics_node/share/inverse_kinematics_node/msg/SetXY.msg
[0.569s] -- Up-to-date symlink: /home/manuel/ros2_ws/install/inverse_kinematics_node/share/inverse_kinematics_node/srv/GetXY.srv
[0.569s] -- Up-to-date symlink: /home/manuel/ros2_ws/install/inverse_kinematics_node/share/inverse_kinematics_node/srv/GetXY_Request.msg
[0.569s] -- Up-to-date symlink: /home/manuel/ros2_ws/install/inverse_kinematics_node/share/inverse_kinematics_node/srv/GetXY_Response.msg
[0.569s] -- Up-to-date symlink: /home/manuel/ros2_ws/install/inverse_kinematics_node/lib/inverse_kinematics_node/ik_driver
[0.570s] -- Up-to-date symlink: /home/manuel/ros2_ws/install/inverse_kinematics_node/share/ament_index/resource_index/package_run_dependencies/inverse_kinematics_node
[0.570s] -- Up-to-date symlink: /home/manuel/ros2_ws/install/inverse_kinematics_node/share/ament_index/resource_index/parent_prefix_path/inverse_kinematics_node
[0.570s] -- Up-to-date symlink: /home/manuel/ros2_ws/install/inverse_kinematics_node/share/inverse_kinematics_node/environment/ament_prefix_path.sh
[0.570s] -- Up-to-date symlink: /home/manuel/ros2_ws/install/inverse_kinematics_node/share/inverse_kinematics_node/environment/ament_prefix_path.dsv
[0.571s] -- Up-to-date symlink: /home/manuel/ros2_ws/install/inverse_kinematics_node/share/inverse_kinematics_node/environment/path.sh
[0.571s] -- Up-to-date symlink: /home/manuel/ros2_ws/install/inverse_kinematics_node/share/inverse_kinematics_node/environment/path.dsv
[0.571s] -- Up-to-date symlink: /home/manuel/ros2_ws/install/inverse_kinematics_node/share/inverse_kinematics_node/local_setup.bash
[0.571s] -- Up-to-date symlink: /home/manuel/ros2_ws/install/inverse_kinematics_node/share/inverse_kinematics_node/local_setup.sh
[0.572s] -- Up-to-date symlink: /home/manuel/ros2_ws/install/inverse_kinematics_node/share/inverse_kinematics_node/local_setup.zsh
[0.572s] -- Up-to-date symlink: /home/manuel/ros2_ws/install/inverse_kinematics_node/share/inverse_kinematics_node/local_setup.dsv
[0.572s] -- Symlinking: /home/manuel/ros2_ws/install/inverse_kinematics_node/share/inverse_kinematics_node/package.dsv
[0.581s] -- Up-to-date symlink: /home/manuel/ros2_ws/install/inverse_kinematics_node/share/ament_index/resource_index/packages/inverse_kinematics_node
[0.582s] -- Up-to-date symlink: /home/manuel/ros2_ws/install/inverse_kinematics_node/share/inverse_kinematics_node/cmake/rosidl_cmake-extras.cmake
[0.582s] -- Up-to-date symlink: /home/manuel/ros2_ws/install/inverse_kinematics_node/share/inverse_kinematics_node/cmake/ament_cmake_export_dependencies-extras.cmake
[0.582s] -- Up-to-date symlink: /home/manuel/ros2_ws/install/inverse_kinematics_node/share/inverse_kinematics_node/cmake/ament_cmake_export_include_directories-extras.cmake
[0.582s] -- Up-to-date symlink: /home/manuel/ros2_ws/install/inverse_kinematics_node/share/inverse_kinematics_node/cmake/ament_cmake_export_libraries-extras.cmake
[0.582s] -- Up-to-date symlink: /home/manuel/ros2_ws/install/inverse_kinematics_node/share/inverse_kinematics_node/cmake/ament_cmake_export_targets-extras.cmake
[0.582s] -- Up-to-date symlink: /home/manuel/ros2_ws/install/inverse_kinematics_node/share/inverse_kinematics_node/cmake/rosidl_cmake_export_typesupport_targets-extras.cmake
[0.582s] -- Up-to-date symlink: /home/manuel/ros2_ws/install/inverse_kinematics_node/share/inverse_kinematics_node/cmake/rosidl_cmake_export_typesupport_libraries-extras.cmake
[0.583s] -- Up-to-date symlink: /home/manuel/ros2_ws/install/inverse_kinematics_node/share/inverse_kinematics_node/cmake/inverse_kinematics_nodeConfig.cmake
[0.583s] -- Up-to-date symlink: /home/manuel/ros2_ws/install/inverse_kinematics_node/share/inverse_kinematics_node/cmake/inverse_kinematics_nodeConfig-version.cmake
[0.583s] -- Up-to-date symlink: /home/manuel/ros2_ws/install/inverse_kinematics_node/share/inverse_kinematics_node/package.xml
[0.583s] -- Up-to-date: /home/manuel/ros2_ws/install/inverse_kinematics_node/lib/libinverse_kinematics_node__rosidl_generator_c.so
[0.583s] -- Up-to-date: /home/manuel/ros2_ws/install/inverse_kinematics_node/lib/libinverse_kinematics_node__rosidl_typesupport_fastrtps_c.so
[0.584s] -- Up-to-date: /home/manuel/ros2_ws/install/inverse_kinematics_node/lib/libinverse_kinematics_node__rosidl_typesupport_fastrtps_cpp.so
[0.584s] -- Up-to-date: /home/manuel/ros2_ws/install/inverse_kinematics_node/lib/libinverse_kinematics_node__rosidl_typesupport_introspection_c.so
[0.584s] -- Up-to-date: /home/manuel/ros2_ws/install/inverse_kinematics_node/lib/libinverse_kinematics_node__rosidl_typesupport_c.so
[0.585s] -- Up-to-date: /home/manuel/ros2_ws/install/inverse_kinematics_node/lib/libinverse_kinematics_node__rosidl_typesupport_introspection_cpp.so
[0.585s] -- Up-to-date: /home/manuel/ros2_ws/install/inverse_kinematics_node/lib/libinverse_kinematics_node__rosidl_typesupport_cpp.so
[0.625s] Listing '/home/manuel/ros2_ws/install/inverse_kinematics_node/local/lib/python3.10/dist-packages/inverse_kinematics_node'...
[0.626s] Listing '/home/manuel/ros2_ws/install/inverse_kinematics_node/local/lib/python3.10/dist-packages/inverse_kinematics_node/msg'...
[0.626s] Listing '/home/manuel/ros2_ws/install/inverse_kinematics_node/local/lib/python3.10/dist-packages/inverse_kinematics_node/srv'...
[0.633s] -- Up-to-date: /home/manuel/ros2_ws/install/inverse_kinematics_node/lib/libinverse_kinematics_node__rosidl_generator_py.so
[0.633s] -- Up-to-date: /home/manuel/ros2_ws/install/inverse_kinematics_node/share/inverse_kinematics_node/cmake/export_inverse_kinematics_node__rosidl_generator_cExport.cmake
[0.634s] -- Up-to-date: /home/manuel/ros2_ws/install/inverse_kinematics_node/share/inverse_kinematics_node/cmake/export_inverse_kinematics_node__rosidl_generator_cExport-noconfig.cmake
[0.634s] -- Up-to-date: /home/manuel/ros2_ws/install/inverse_kinematics_node/share/inverse_kinematics_node/cmake/export_inverse_kinematics_node__rosidl_typesupport_fastrtps_cExport.cmake
[0.634s] -- Up-to-date: /home/manuel/ros2_ws/install/inverse_kinematics_node/share/inverse_kinematics_node/cmake/export_inverse_kinematics_node__rosidl_typesupport_fastrtps_cExport-noconfig.cmake
[0.634s] -- Up-to-date: /home/manuel/ros2_ws/install/inverse_kinematics_node/share/inverse_kinematics_node/cmake/export_inverse_kinematics_node__rosidl_generator_cppExport.cmake
[0.634s] -- Up-to-date: /home/manuel/ros2_ws/install/inverse_kinematics_node/share/inverse_kinematics_node/cmake/export_inverse_kinematics_node__rosidl_typesupport_fastrtps_cppExport.cmake
[0.634s] -- Up-to-date: /home/manuel/ros2_ws/install/inverse_kinematics_node/share/inverse_kinematics_node/cmake/export_inverse_kinematics_node__rosidl_typesupport_fastrtps_cppExport-noconfig.cmake
[0.634s] -- Up-to-date: /home/manuel/ros2_ws/install/inverse_kinematics_node/share/inverse_kinematics_node/cmake/inverse_kinematics_node__rosidl_typesupport_introspection_cExport.cmake
[0.634s] -- Up-to-date: /home/manuel/ros2_ws/install/inverse_kinematics_node/share/inverse_kinematics_node/cmake/inverse_kinematics_node__rosidl_typesupport_introspection_cExport-noconfig.cmake
[0.634s] -- Up-to-date: /home/manuel/ros2_ws/install/inverse_kinematics_node/share/inverse_kinematics_node/cmake/inverse_kinematics_node__rosidl_typesupport_cExport.cmake
[0.635s] -- Up-to-date: /home/manuel/ros2_ws/install/inverse_kinematics_node/share/inverse_kinematics_node/cmake/inverse_kinematics_node__rosidl_typesupport_cExport-noconfig.cmake
[0.635s] -- Up-to-date: /home/manuel/ros2_ws/install/inverse_kinematics_node/share/inverse_kinematics_node/cmake/inverse_kinematics_node__rosidl_typesupport_introspection_cppExport.cmake
[0.635s] -- Up-to-date: /home/manuel/ros2_ws/install/inverse_kinematics_node/share/inverse_kinematics_node/cmake/inverse_kinematics_node__rosidl_typesupport_introspection_cppExport-noconfig.cmake
[0.635s] -- Up-to-date: /home/manuel/ros2_ws/install/inverse_kinematics_node/share/inverse_kinematics_node/cmake/inverse_kinematics_node__rosidl_typesupport_cppExport.cmake
[0.635s] -- Up-to-date: /home/manuel/ros2_ws/install/inverse_kinematics_node/share/inverse_kinematics_node/cmake/inverse_kinematics_node__rosidl_typesupport_cppExport-noconfig.cmake
[0.635s] -- Up-to-date: /home/manuel/ros2_ws/install/inverse_kinematics_node/share/inverse_kinematics_node/cmake/export_inverse_kinematics_node__rosidl_generator_pyExport.cmake
[0.635s] -- Up-to-date: /home/manuel/ros2_ws/install/inverse_kinematics_node/share/inverse_kinematics_node/cmake/export_inverse_kinematics_node__rosidl_generator_pyExport-noconfig.cmake
[0.641s] Invoked command in '/home/manuel/ros2_ws/build/inverse_kinematics_node' returned '0': CMAKE_PREFIX_PATH=/home/manuel/ros2_ws/install/dynamixel_sdk:/home/manuel/ros2_ws/install/synthetic_ball_publisher:/home/manuel/ros2_ws/install/pwm_position_node:/home/manuel/ros2_ws/install/my_cpp_pkg:/home/manuel/ros2_ws/install/joint_positions_node:/home/manuel/ros2_ws/install/ball_arm_tracker:/home/manuel/ros2_ws/install/inverse_kinematics_node:/home/manuel/ros2_ws/install/dynamixel_sdk_examples:/home/manuel/ros2_ws/install/dynamixel_sdk_custom_interfaces:/home/manuel/ros2_ws/install/dual_dynamixel_node:/home/manuel/ros2_ws/install/ball_centroid_detector:/home/manuel/ros2_ws/install/joint_plotter:/opt/ros/humble LD_LIBRARY_PATH=/home/manuel/ros2_ws/install/dynamixel_sdk/lib:/home/manuel/ros2_ws/install/joint_positions_node/lib:/home/manuel/ros2_ws/install/inverse_kinematics_node/lib:/home/manuel/ros2_ws/install/dynamixel_sdk_custom_interfaces/lib:/home/manuel/ros2_ws/install/dual_dynamixel_node/lib:/opt/ros/humble/opt/rviz_ogre_vendor/lib:/opt/ros/humble/lib/x86_64-linux-gnu:/opt/ros/humble/lib /usr/bin/cmake --install /home/manuel/ros2_ws/build/inverse_kinematics_node
