[0.010s] Invoking command in '/home/manuel/ros2_ws/build/ball_centroid_detector': CMAKE_PREFIX_PATH=${CMAKE_PREFIX_PATH}:/home/manuel/ros2_ws/install/joint_plotter:/opt/ros/humble /usr/bin/cmake --build /home/manuel/ros2_ws/build/ball_centroid_detector -- -j12 -l12
[0.053s] [35m[1mConsolidate compiler generated dependencies of target ball_detector[0m
[0.069s] [ 50%] [32mBuilding CXX object CMakeFiles/ball_detector.dir/src/detector.cpp.o[0m
[7.744s] [100%] [32m[1mLinking CXX executable ball_detector[0m
[8.262s] [100%] Built target ball_detector
[8.271s] Invoked command in '/home/manuel/ros2_ws/build/ball_centroid_detector' returned '0': CMAKE_PREFIX_PATH=${CMAKE_PREFIX_PATH}:/home/manuel/ros2_ws/install/joint_plotter:/opt/ros/humble /usr/bin/cmake --build /home/manuel/ros2_ws/build/ball_centroid_detector -- -j12 -l12
[8.280s] Invoking command in '/home/manuel/ros2_ws/build/ball_centroid_detector': CMAKE_PREFIX_PATH=${CMAKE_PREFIX_PATH}:/home/manuel/ros2_ws/install/joint_plotter:/opt/ros/humble /usr/bin/cmake --install /home/manuel/ros2_ws/build/ball_centroid_detector
[8.285s] -- Install configuration: ""
[8.286s] -- Execute custom install script
[8.286s] -- Up-to-date symlink: /home/manuel/ros2_ws/install/ball_centroid_detector/lib/ball_centroid_detector/ball_detector
[8.286s] -- Up-to-date symlink: /home/manuel/ros2_ws/install/ball_centroid_detector/share/ament_index/resource_index/package_run_dependencies/ball_centroid_detector
[8.287s] -- Up-to-date symlink: /home/manuel/ros2_ws/install/ball_centroid_detector/share/ament_index/resource_index/parent_prefix_path/ball_centroid_detector
[8.287s] -- Up-to-date symlink: /home/manuel/ros2_ws/install/ball_centroid_detector/share/ball_centroid_detector/environment/ament_prefix_path.sh
[8.287s] -- Up-to-date symlink: /home/manuel/ros2_ws/install/ball_centroid_detector/share/ball_centroid_detector/environment/ament_prefix_path.dsv
[8.287s] -- Up-to-date symlink: /home/manuel/ros2_ws/install/ball_centroid_detector/share/ball_centroid_detector/environment/path.sh
[8.287s] -- Up-to-date symlink: /home/manuel/ros2_ws/install/ball_centroid_detector/share/ball_centroid_detector/environment/path.dsv
[8.288s] -- Up-to-date symlink: /home/manuel/ros2_ws/install/ball_centroid_detector/share/ball_centroid_detector/local_setup.bash
[8.288s] -- Up-to-date symlink: /home/manuel/ros2_ws/install/ball_centroid_detector/share/ball_centroid_detector/local_setup.sh
[8.288s] -- Up-to-date symlink: /home/manuel/ros2_ws/install/ball_centroid_detector/share/ball_centroid_detector/local_setup.zsh
[8.288s] -- Up-to-date symlink: /home/manuel/ros2_ws/install/ball_centroid_detector/share/ball_centroid_detector/local_setup.dsv
[8.288s] -- Symlinking: /home/manuel/ros2_ws/install/ball_centroid_detector/share/ball_centroid_detector/package.dsv
[8.296s] -- Up-to-date symlink: /home/manuel/ros2_ws/install/ball_centroid_detector/share/ament_index/resource_index/packages/ball_centroid_detector
[8.296s] -- Up-to-date symlink: /home/manuel/ros2_ws/install/ball_centroid_detector/share/ball_centroid_detector/cmake/ball_centroid_detectorConfig.cmake
[8.296s] -- Up-to-date symlink: /home/manuel/ros2_ws/install/ball_centroid_detector/share/ball_centroid_detector/cmake/ball_centroid_detectorConfig-version.cmake
[8.296s] -- Up-to-date symlink: /home/manuel/ros2_ws/install/ball_centroid_detector/share/ball_centroid_detector/package.xml
[8.298s] Invoked command in '/home/manuel/ros2_ws/build/ball_centroid_detector' returned '0': CMAKE_PREFIX_PATH=${CMAKE_PREFIX_PATH}:/home/manuel/ros2_ws/install/joint_plotter:/opt/ros/humble /usr/bin/cmake --install /home/manuel/ros2_ws/build/ball_centroid_detector
