[0.011s] Invoking command in '/home/manuel/ros2_ws/build/joint_positions_node': AMENT_PREFIX_PATH=/home/manuel/ros2_ws/install/dynamixel_sdk:${AMENT_PREFIX_PATH} CMAKE_PREFIX_PATH=/home/manuel/ros2_ws/install/dynamixel_sdk:/opt/ros/humble LD_LIBRARY_PATH=/home/manuel/ros2_ws/install/dynamixel_sdk/lib:${LD_LIBRARY_PATH} PYTHONPATH=/home/manuel/ros2_ws/install/dynamixel_sdk/local/lib/python3.10/dist-packages:${PYTHONPATH} /usr/bin/cmake /home/manuel/ros2_ws/src/joint_positions_node -DCMAKE_INSTALL_PREFIX=/home/manuel/ros2_ws/install/joint_positions_node
[0.026s] -- Found ament_cmake: 1.3.11 (/opt/ros/humble/share/ament_cmake/cmake)
[0.152s] -- Override CMake install command with custom implementation using symlinks instead of copying resources
[0.158s] -- Found rclcpp: 16.0.12 (/opt/ros/humble/share/rclcpp/cmake)
[0.183s] -- Found rosidl_generator_c: 3.1.6 (/opt/ros/humble/share/rosidl_generator_c/cmake)
[0.185s] -- Found rosidl_adapter: 3.1.6 (/opt/ros/humble/share/rosidl_adapter/cmake)
[0.190s] -- Found rosidl_generator_cpp: 3.1.6 (/opt/ros/humble/share/rosidl_generator_cpp/cmake)
[0.200s] -- Using all available rosidl_typesupport_c: rosidl_typesupport_fastrtps_c;rosidl_typesupport_introspection_c
[0.212s] -- Using all available rosidl_typesupport_cpp: rosidl_typesupport_fastrtps_cpp;rosidl_typesupport_introspection_cpp
[0.243s] -- Found rmw_implementation_cmake: 6.1.2 (/opt/ros/humble/share/rmw_implementation_cmake/cmake)
[0.244s] -- Found rmw_fastrtps_cpp: 6.2.7 (/opt/ros/humble/share/rmw_fastrtps_cpp/cmake)
[0.327s] -- Using RMW implementation 'rmw_fastrtps_cpp' as default
[0.398s] -- Found dynamixel_sdk: 3.8.3 (/home/manuel/ros2_ws/install/dynamixel_sdk/share/dynamixel_sdk/cmake)
[0.402s] -- Found rosidl_default_generators: 1.2.0 (/opt/ros/humble/share/rosidl_default_generators/cmake)
[0.697s] -- Found ament_cmake_ros: 0.10.0 (/opt/ros/humble/share/ament_cmake_ros/cmake)
[1.047s] -- Using all available rosidl_typesupport_c: rosidl_typesupport_fastrtps_c;rosidl_typesupport_introspection_c
[1.172s] -- Using all available rosidl_typesupport_cpp: rosidl_typesupport_fastrtps_cpp;rosidl_typesupport_introspection_cpp
[1.192s] -- Found python_cmake_module: 0.10.0 (/opt/ros/humble/share/python_cmake_module/cmake)
[1.211s] -- Using PYTHON_EXECUTABLE: /usr/bin/python3
[1.211s] -- Using PYTHON_INCLUDE_DIRS: /usr/include/python3.10
[1.211s] -- Using PYTHON_LIBRARIES: /usr/lib/x86_64-linux-gnu/libpython3.10.so
[1.237s] [0mCMake Deprecation Warning at /opt/ros/humble/share/rosidl_cmake/cmake/rosidl_target_interfaces.cmake:32 (message):
[1.237s]   Use rosidl_get_typesupport_target() and target_link_libraries() instead of
[1.238s]   rosidl_target_interfaces()
[1.238s] Call Stack (most recent call first):
[1.238s]   CMakeLists.txt:31 (rosidl_target_interfaces)
[1.238s] 
[1.238s] [0m
[1.238s] -- Found ament_lint_auto: 0.12.12 (/opt/ros/humble/share/ament_lint_auto/cmake)
[1.247s] -- Added test 'cppcheck' to perform static code analysis on C / C++ code
[1.247s] -- Configured cppcheck include dirs: 
[1.247s] -- Configured cppcheck exclude dirs and/or files: 
[1.248s] -- Added test 'lint_cmake' to check CMake code style
[1.249s] -- Added test 'uncrustify' to check C / C++ code style
[1.249s] -- Configured uncrustify additional arguments: 
[1.249s] -- Added test 'xmllint' to check XML markup files
[1.251s] -- Configuring done
[1.284s] -- Generating done
[1.296s] -- Build files have been written to: /home/manuel/ros2_ws/build/joint_positions_node
[1.305s] Invoked command in '/home/manuel/ros2_ws/build/joint_positions_node' returned '0': AMENT_PREFIX_PATH=/home/manuel/ros2_ws/install/dynamixel_sdk:${AMENT_PREFIX_PATH} CMAKE_PREFIX_PATH=/home/manuel/ros2_ws/install/dynamixel_sdk:/opt/ros/humble LD_LIBRARY_PATH=/home/manuel/ros2_ws/install/dynamixel_sdk/lib:${LD_LIBRARY_PATH} PYTHONPATH=/home/manuel/ros2_ws/install/dynamixel_sdk/local/lib/python3.10/dist-packages:${PYTHONPATH} /usr/bin/cmake /home/manuel/ros2_ws/src/joint_positions_node -DCMAKE_INSTALL_PREFIX=/home/manuel/ros2_ws/install/joint_positions_node
[1.307s] Invoking command in '/home/manuel/ros2_ws/build/joint_positions_node': AMENT_PREFIX_PATH=/home/manuel/ros2_ws/install/dynamixel_sdk:${AMENT_PREFIX_PATH} CMAKE_PREFIX_PATH=/home/manuel/ros2_ws/install/dynamixel_sdk:/opt/ros/humble LD_LIBRARY_PATH=/home/manuel/ros2_ws/install/dynamixel_sdk/lib:${LD_LIBRARY_PATH} PYTHONPATH=/home/manuel/ros2_ws/install/dynamixel_sdk/local/lib/python3.10/dist-packages:${PYTHONPATH} /usr/bin/cmake --build /home/manuel/ros2_ws/build/joint_positions_node -- -j12 -l12
[1.359s] [35m[1mConsolidate compiler generated dependencies of target joint_positions_node__rosidl_generator_c[0m
[1.368s] [  7%] Built target joint_positions_node__cpp
[1.368s] [ 12%] Built target joint_positions_node__rosidl_generator_c
[1.377s] [ 12%] Built target ament_cmake_python_symlink_joint_positions_node
[1.380s] [35m[1mConsolidate compiler generated dependencies of target joint_positions_node__rosidl_typesupport_introspection_c[0m
[1.380s] [35m[1mConsolidate compiler generated dependencies of target joint_positions_node__rosidl_typesupport_c[0m
[1.381s] [35m[1mConsolidate compiler generated dependencies of target joint_positions_node__rosidl_typesupport_cpp[0m
[1.381s] [35m[1mConsolidate compiler generated dependencies of target joint_positions_node__rosidl_typesupport_introspection_cpp[0m
[1.381s] [35m[1mConsolidate compiler generated dependencies of target joint_positions_node__rosidl_typesupport_fastrtps_cpp[0m
[1.381s] [35m[1mConsolidate compiler generated dependencies of target joint_positions_node__rosidl_typesupport_fastrtps_c[0m
[1.392s] [ 21%] Built target joint_positions_node__rosidl_typesupport_c
[1.396s] [ 31%] Built target joint_positions_node__rosidl_typesupport_introspection_c
[1.399s] [ 51%] Built target joint_positions_node__rosidl_typesupport_fastrtps_cpp
[1.399s] [ 51%] Built target joint_positions_node__rosidl_typesupport_introspection_cpp
[1.399s] [ 60%] Built target joint_positions_node__rosidl_typesupport_fastrtps_c
[1.399s] [ 70%] Built target joint_positions_node__rosidl_typesupport_cpp
[1.416s] [ 70%] Built target joint_positions_node
[1.425s] [35m[1mConsolidate compiler generated dependencies of target joint_positions_driver[0m
[1.437s] [ 73%] Built target joint_positions_node__py
[1.443s] [ 78%] Built target joint_positions_driver
[1.447s] [35m[1mConsolidate compiler generated dependencies of target joint_positions_node__rosidl_generator_py[0m
[1.459s] [ 85%] Built target joint_positions_node__rosidl_generator_py
[1.468s] [35m[1mConsolidate compiler generated dependencies of target joint_positions_node__rosidl_typesupport_fastrtps_c__pyext[0m
[1.468s] [35m[1mConsolidate compiler generated dependencies of target joint_positions_node__rosidl_typesupport_introspection_c__pyext[0m
[1.468s] [35m[1mConsolidate compiler generated dependencies of target joint_positions_node__rosidl_typesupport_c__pyext[0m
[1.478s] [100%] Built target joint_positions_node__rosidl_typesupport_c__pyext
[1.478s] [100%] Built target joint_positions_node__rosidl_typesupport_fastrtps_c__pyext
[1.478s] [100%] Built target joint_positions_node__rosidl_typesupport_introspection_c__pyext
[1.615s] running egg_info
[1.617s] writing joint_positions_node.egg-info/PKG-INFO
[1.617s] writing dependency_links to joint_positions_node.egg-info/dependency_links.txt
[1.617s] writing top-level names to joint_positions_node.egg-info/top_level.txt
[1.618s] reading manifest file 'joint_positions_node.egg-info/SOURCES.txt'
[1.619s] writing manifest file 'joint_positions_node.egg-info/SOURCES.txt'
[1.649s] [100%] Built target ament_cmake_python_build_joint_positions_node_egg
[1.659s] Invoked command in '/home/manuel/ros2_ws/build/joint_positions_node' returned '0': AMENT_PREFIX_PATH=/home/manuel/ros2_ws/install/dynamixel_sdk:${AMENT_PREFIX_PATH} CMAKE_PREFIX_PATH=/home/manuel/ros2_ws/install/dynamixel_sdk:/opt/ros/humble LD_LIBRARY_PATH=/home/manuel/ros2_ws/install/dynamixel_sdk/lib:${LD_LIBRARY_PATH} PYTHONPATH=/home/manuel/ros2_ws/install/dynamixel_sdk/local/lib/python3.10/dist-packages:${PYTHONPATH} /usr/bin/cmake --build /home/manuel/ros2_ws/build/joint_positions_node -- -j12 -l12
[1.660s] Invoking command in '/home/manuel/ros2_ws/build/joint_positions_node': AMENT_PREFIX_PATH=/home/manuel/ros2_ws/install/dynamixel_sdk:${AMENT_PREFIX_PATH} CMAKE_PREFIX_PATH=/home/manuel/ros2_ws/install/dynamixel_sdk:/opt/ros/humble LD_LIBRARY_PATH=/home/manuel/ros2_ws/install/dynamixel_sdk/lib:${LD_LIBRARY_PATH} PYTHONPATH=/home/manuel/ros2_ws/install/dynamixel_sdk/local/lib/python3.10/dist-packages:${PYTHONPATH} /usr/bin/cmake --install /home/manuel/ros2_ws/build/joint_positions_node
[1.666s] -- Install configuration: ""
[1.666s] -- Execute custom install script
[1.666s] -- Up-to-date symlink: /home/manuel/ros2_ws/install/joint_positions_node/share/ament_index/resource_index/rosidl_interfaces/joint_positions_node
[1.667s] -- Up-to-date symlink: /home/manuel/ros2_ws/install/joint_positions_node/include/joint_positions_node/joint_positions_node/msg/detail/set_joint_degrees__functions.h
[1.667s] -- Up-to-date symlink: /home/manuel/ros2_ws/install/joint_positions_node/include/joint_positions_node/joint_positions_node/msg/detail/set_joint_degrees__struct.h
[1.667s] -- Up-to-date symlink: /home/manuel/ros2_ws/install/joint_positions_node/include/joint_positions_node/joint_positions_node/msg/detail/set_joint_degrees__type_support.h
[1.667s] -- Up-to-date symlink: /home/manuel/ros2_ws/install/joint_positions_node/include/joint_positions_node/joint_positions_node/msg/rosidl_generator_c__visibility_control.h
[1.667s] -- Up-to-date symlink: /home/manuel/ros2_ws/install/joint_positions_node/include/joint_positions_node/joint_positions_node/msg/set_joint_degrees.h
[1.667s] -- Up-to-date symlink: /home/manuel/ros2_ws/install/joint_positions_node/include/joint_positions_node/joint_positions_node/srv/detail/get_joint_degrees__functions.h
[1.667s] -- Up-to-date symlink: /home/manuel/ros2_ws/install/joint_positions_node/include/joint_positions_node/joint_positions_node/srv/detail/get_joint_degrees__struct.h
[1.667s] -- Up-to-date symlink: /home/manuel/ros2_ws/install/joint_positions_node/include/joint_positions_node/joint_positions_node/srv/detail/get_joint_degrees__type_support.h
[1.668s] -- Up-to-date symlink: /home/manuel/ros2_ws/install/joint_positions_node/include/joint_positions_node/joint_positions_node/srv/get_joint_degrees.h
[1.668s] -- Up-to-date symlink: /home/manuel/ros2_ws/install/joint_positions_node/share/joint_positions_node/environment/library_path.sh
[1.668s] -- Up-to-date symlink: /home/manuel/ros2_ws/install/joint_positions_node/share/joint_positions_node/environment/library_path.dsv
[1.668s] -- Up-to-date symlink: /home/manuel/ros2_ws/install/joint_positions_node/include/joint_positions_node/joint_positions_node/msg/detail/set_joint_degrees__rosidl_typesupport_fastrtps_c.h
[1.669s] -- Up-to-date symlink: /home/manuel/ros2_ws/install/joint_positions_node/include/joint_positions_node/joint_positions_node/msg/rosidl_typesupport_fastrtps_c__visibility_control.h
[1.669s] -- Up-to-date symlink: /home/manuel/ros2_ws/install/joint_positions_node/include/joint_positions_node/joint_positions_node/srv/detail/get_joint_degrees__rosidl_typesupport_fastrtps_c.h
[1.669s] -- Up-to-date symlink: /home/manuel/ros2_ws/install/joint_positions_node/include/joint_positions_node/joint_positions_node/msg/detail/set_joint_degrees__builder.hpp
[1.669s] -- Up-to-date symlink: /home/manuel/ros2_ws/install/joint_positions_node/include/joint_positions_node/joint_positions_node/msg/detail/set_joint_degrees__struct.hpp
[1.669s] -- Up-to-date symlink: /home/manuel/ros2_ws/install/joint_positions_node/include/joint_positions_node/joint_positions_node/msg/detail/set_joint_degrees__traits.hpp
[1.669s] -- Up-to-date symlink: /home/manuel/ros2_ws/install/joint_positions_node/include/joint_positions_node/joint_positions_node/msg/detail/set_joint_degrees__type_support.hpp
[1.669s] -- Up-to-date symlink: /home/manuel/ros2_ws/install/joint_positions_node/include/joint_positions_node/joint_positions_node/msg/rosidl_generator_cpp__visibility_control.hpp
[1.669s] -- Up-to-date symlink: /home/manuel/ros2_ws/install/joint_positions_node/include/joint_positions_node/joint_positions_node/msg/set_joint_degrees.hpp
[1.670s] -- Up-to-date symlink: /home/manuel/ros2_ws/install/joint_positions_node/include/joint_positions_node/joint_positions_node/srv/detail/get_joint_degrees__builder.hpp
[1.670s] -- Up-to-date symlink: /home/manuel/ros2_ws/install/joint_positions_node/include/joint_positions_node/joint_positions_node/srv/detail/get_joint_degrees__struct.hpp
[1.670s] -- Up-to-date symlink: /home/manuel/ros2_ws/install/joint_positions_node/include/joint_positions_node/joint_positions_node/srv/detail/get_joint_degrees__traits.hpp
[1.670s] -- Up-to-date symlink: /home/manuel/ros2_ws/install/joint_positions_node/include/joint_positions_node/joint_positions_node/srv/detail/get_joint_degrees__type_support.hpp
[1.670s] -- Up-to-date symlink: /home/manuel/ros2_ws/install/joint_positions_node/include/joint_positions_node/joint_positions_node/srv/get_joint_degrees.hpp
[1.671s] -- Up-to-date symlink: /home/manuel/ros2_ws/install/joint_positions_node/include/joint_positions_node/joint_positions_node/msg/detail/set_joint_degrees__rosidl_typesupport_fastrtps_cpp.hpp
[1.671s] -- Up-to-date symlink: /home/manuel/ros2_ws/install/joint_positions_node/include/joint_positions_node/joint_positions_node/msg/rosidl_typesupport_fastrtps_cpp__visibility_control.h
[1.671s] -- Up-to-date symlink: /home/manuel/ros2_ws/install/joint_positions_node/include/joint_positions_node/joint_positions_node/srv/detail/get_joint_degrees__rosidl_typesupport_fastrtps_cpp.hpp
[1.672s] -- Up-to-date symlink: /home/manuel/ros2_ws/install/joint_positions_node/include/joint_positions_node/joint_positions_node/msg/detail/set_joint_degrees__rosidl_typesupport_introspection_c.h
[1.672s] -- Up-to-date symlink: /home/manuel/ros2_ws/install/joint_positions_node/include/joint_positions_node/joint_positions_node/msg/rosidl_typesupport_introspection_c__visibility_control.h
[1.672s] -- Up-to-date symlink: /home/manuel/ros2_ws/install/joint_positions_node/include/joint_positions_node/joint_positions_node/srv/detail/get_joint_degrees__rosidl_typesupport_introspection_c.h
[1.672s] -- Up-to-date symlink: /home/manuel/ros2_ws/install/joint_positions_node/include/joint_positions_node/joint_positions_node/msg/detail/set_joint_degrees__rosidl_typesupport_introspection_cpp.hpp
[1.673s] -- Up-to-date symlink: /home/manuel/ros2_ws/install/joint_positions_node/include/joint_positions_node/joint_positions_node/srv/detail/get_joint_degrees__rosidl_typesupport_introspection_cpp.hpp
[1.673s] -- Up-to-date symlink: /home/manuel/ros2_ws/install/joint_positions_node/share/joint_positions_node/environment/pythonpath.sh
[1.673s] -- Up-to-date symlink: /home/manuel/ros2_ws/install/joint_positions_node/share/joint_positions_node/environment/pythonpath.dsv
[1.673s] -- Up-to-date symlink: /home/manuel/ros2_ws/install/joint_positions_node/local/lib/python3.10/dist-packages/joint_positions_node-0.0.0-py3.10.egg-info/PKG-INFO
[1.673s] -- Up-to-date symlink: /home/manuel/ros2_ws/install/joint_positions_node/local/lib/python3.10/dist-packages/joint_positions_node-0.0.0-py3.10.egg-info/SOURCES.txt
[1.674s] -- Up-to-date symlink: /home/manuel/ros2_ws/install/joint_positions_node/local/lib/python3.10/dist-packages/joint_positions_node-0.0.0-py3.10.egg-info/dependency_links.txt
[1.674s] -- Up-to-date symlink: /home/manuel/ros2_ws/install/joint_positions_node/local/lib/python3.10/dist-packages/joint_positions_node-0.0.0-py3.10.egg-info/top_level.txt
[1.675s] -- Up-to-date symlink: /home/manuel/ros2_ws/install/joint_positions_node/local/lib/python3.10/dist-packages/joint_positions_node/__init__.py
[1.675s] -- Up-to-date symlink: /home/manuel/ros2_ws/install/joint_positions_node/local/lib/python3.10/dist-packages/joint_positions_node/_joint_positions_node_s.ep.rosidl_typesupport_c.c
[1.675s] -- Up-to-date symlink: /home/manuel/ros2_ws/install/joint_positions_node/local/lib/python3.10/dist-packages/joint_positions_node/_joint_positions_node_s.ep.rosidl_typesupport_fastrtps_c.c
[1.675s] -- Up-to-date symlink: /home/manuel/ros2_ws/install/joint_positions_node/local/lib/python3.10/dist-packages/joint_positions_node/_joint_positions_node_s.ep.rosidl_typesupport_introspection_c.c
[1.675s] -- Up-to-date symlink: /home/manuel/ros2_ws/install/joint_positions_node/local/lib/python3.10/dist-packages/joint_positions_node/joint_positions_node_s__rosidl_typesupport_c.cpython-310-x86_64-linux-gnu.so
[1.675s] -- Up-to-date symlink: /home/manuel/ros2_ws/install/joint_positions_node/local/lib/python3.10/dist-packages/joint_positions_node/joint_positions_node_s__rosidl_typesupport_fastrtps_c.cpython-310-x86_64-linux-gnu.so
[1.675s] -- Up-to-date symlink: /home/manuel/ros2_ws/install/joint_positions_node/local/lib/python3.10/dist-packages/joint_positions_node/joint_positions_node_s__rosidl_typesupport_introspection_c.cpython-310-x86_64-linux-gnu.so
[1.676s] -- Up-to-date symlink: /home/manuel/ros2_ws/install/joint_positions_node/local/lib/python3.10/dist-packages/joint_positions_node/libjoint_positions_node__rosidl_generator_py.so
[1.676s] -- Up-to-date symlink: /home/manuel/ros2_ws/install/joint_positions_node/local/lib/python3.10/dist-packages/joint_positions_node/msg/__init__.py
[1.676s] -- Up-to-date symlink: /home/manuel/ros2_ws/install/joint_positions_node/local/lib/python3.10/dist-packages/joint_positions_node/msg/_set_joint_degrees.py
[1.676s] -- Up-to-date symlink: /home/manuel/ros2_ws/install/joint_positions_node/local/lib/python3.10/dist-packages/joint_positions_node/msg/_set_joint_degrees_s.c
[1.676s] -- Up-to-date symlink: /home/manuel/ros2_ws/install/joint_positions_node/local/lib/python3.10/dist-packages/joint_positions_node/srv/__init__.py
[1.676s] -- Up-to-date symlink: /home/manuel/ros2_ws/install/joint_positions_node/local/lib/python3.10/dist-packages/joint_positions_node/srv/_get_joint_degrees.py
[1.676s] -- Up-to-date symlink: /home/manuel/ros2_ws/install/joint_positions_node/local/lib/python3.10/dist-packages/joint_positions_node/srv/_get_joint_degrees_s.c
[1.676s] -- Up-to-date symlink: /home/manuel/ros2_ws/install/joint_positions_node/local/lib/python3.10/dist-packages/joint_positions_node/joint_positions_node_s__rosidl_typesupport_fastrtps_c.cpython-310-x86_64-linux-gnu.so
[1.676s] -- Up-to-date symlink: /home/manuel/ros2_ws/install/joint_positions_node/local/lib/python3.10/dist-packages/joint_positions_node/joint_positions_node_s__rosidl_typesupport_introspection_c.cpython-310-x86_64-linux-gnu.so
[1.676s] -- Up-to-date symlink: /home/manuel/ros2_ws/install/joint_positions_node/local/lib/python3.10/dist-packages/joint_positions_node/joint_positions_node_s__rosidl_typesupport_c.cpython-310-x86_64-linux-gnu.so
[1.676s] -- Up-to-date symlink: /home/manuel/ros2_ws/install/joint_positions_node/share/joint_positions_node/msg/SetJointDegrees.idl
[1.676s] -- Up-to-date symlink: /home/manuel/ros2_ws/install/joint_positions_node/share/joint_positions_node/srv/GetJointDegrees.idl
[1.676s] -- Up-to-date symlink: /home/manuel/ros2_ws/install/joint_positions_node/share/joint_positions_node/msg/SetJointDegrees.msg
[1.677s] -- Up-to-date symlink: /home/manuel/ros2_ws/install/joint_positions_node/share/joint_positions_node/srv/GetJointDegrees.srv
[1.677s] -- Up-to-date symlink: /home/manuel/ros2_ws/install/joint_positions_node/share/joint_positions_node/srv/GetJointDegrees_Request.msg
[1.677s] -- Up-to-date symlink: /home/manuel/ros2_ws/install/joint_positions_node/share/joint_positions_node/srv/GetJointDegrees_Response.msg
[1.677s] -- Up-to-date symlink: /home/manuel/ros2_ws/install/joint_positions_node/lib/joint_positions_node/joint_positions_driver
[1.677s] -- Up-to-date symlink: /home/manuel/ros2_ws/install/joint_positions_node/share/ament_index/resource_index/package_run_dependencies/joint_positions_node
[1.678s] -- Up-to-date symlink: /home/manuel/ros2_ws/install/joint_positions_node/share/ament_index/resource_index/parent_prefix_path/joint_positions_node
[1.678s] -- Up-to-date symlink: /home/manuel/ros2_ws/install/joint_positions_node/share/joint_positions_node/environment/ament_prefix_path.sh
[1.678s] -- Up-to-date symlink: /home/manuel/ros2_ws/install/joint_positions_node/share/joint_positions_node/environment/ament_prefix_path.dsv
[1.678s] -- Up-to-date symlink: /home/manuel/ros2_ws/install/joint_positions_node/share/joint_positions_node/environment/path.sh
[1.678s] -- Up-to-date symlink: /home/manuel/ros2_ws/install/joint_positions_node/share/joint_positions_node/environment/path.dsv
[1.678s] -- Up-to-date symlink: /home/manuel/ros2_ws/install/joint_positions_node/share/joint_positions_node/local_setup.bash
[1.678s] -- Up-to-date symlink: /home/manuel/ros2_ws/install/joint_positions_node/share/joint_positions_node/local_setup.sh
[1.678s] -- Up-to-date symlink: /home/manuel/ros2_ws/install/joint_positions_node/share/joint_positions_node/local_setup.zsh
[1.679s] -- Up-to-date symlink: /home/manuel/ros2_ws/install/joint_positions_node/share/joint_positions_node/local_setup.dsv
[1.679s] -- Symlinking: /home/manuel/ros2_ws/install/joint_positions_node/share/joint_positions_node/package.dsv
[1.685s] -- Up-to-date symlink: /home/manuel/ros2_ws/install/joint_positions_node/share/ament_index/resource_index/packages/joint_positions_node
[1.686s] -- Up-to-date symlink: /home/manuel/ros2_ws/install/joint_positions_node/share/joint_positions_node/cmake/rosidl_cmake-extras.cmake
[1.686s] -- Up-to-date symlink: /home/manuel/ros2_ws/install/joint_positions_node/share/joint_positions_node/cmake/ament_cmake_export_dependencies-extras.cmake
[1.686s] -- Up-to-date symlink: /home/manuel/ros2_ws/install/joint_positions_node/share/joint_positions_node/cmake/ament_cmake_export_include_directories-extras.cmake
[1.686s] -- Up-to-date symlink: /home/manuel/ros2_ws/install/joint_positions_node/share/joint_positions_node/cmake/ament_cmake_export_libraries-extras.cmake
[1.686s] -- Up-to-date symlink: /home/manuel/ros2_ws/install/joint_positions_node/share/joint_positions_node/cmake/ament_cmake_export_targets-extras.cmake
[1.686s] -- Up-to-date symlink: /home/manuel/ros2_ws/install/joint_positions_node/share/joint_positions_node/cmake/rosidl_cmake_export_typesupport_targets-extras.cmake
[1.686s] -- Up-to-date symlink: /home/manuel/ros2_ws/install/joint_positions_node/share/joint_positions_node/cmake/rosidl_cmake_export_typesupport_libraries-extras.cmake
[1.686s] -- Up-to-date symlink: /home/manuel/ros2_ws/install/joint_positions_node/share/joint_positions_node/cmake/joint_positions_nodeConfig.cmake
[1.687s] -- Up-to-date symlink: /home/manuel/ros2_ws/install/joint_positions_node/share/joint_positions_node/cmake/joint_positions_nodeConfig-version.cmake
[1.687s] -- Up-to-date symlink: /home/manuel/ros2_ws/install/joint_positions_node/share/joint_positions_node/package.xml
[1.687s] -- Up-to-date: /home/manuel/ros2_ws/install/joint_positions_node/lib/libjoint_positions_node__rosidl_generator_c.so
[1.687s] -- Up-to-date: /home/manuel/ros2_ws/install/joint_positions_node/lib/libjoint_positions_node__rosidl_typesupport_fastrtps_c.so
[1.687s] -- Up-to-date: /home/manuel/ros2_ws/install/joint_positions_node/lib/libjoint_positions_node__rosidl_typesupport_fastrtps_cpp.so
[1.687s] -- Up-to-date: /home/manuel/ros2_ws/install/joint_positions_node/lib/libjoint_positions_node__rosidl_typesupport_introspection_c.so
[1.688s] -- Up-to-date: /home/manuel/ros2_ws/install/joint_positions_node/lib/libjoint_positions_node__rosidl_typesupport_c.so
[1.688s] -- Up-to-date: /home/manuel/ros2_ws/install/joint_positions_node/lib/libjoint_positions_node__rosidl_typesupport_introspection_cpp.so
[1.688s] -- Up-to-date: /home/manuel/ros2_ws/install/joint_positions_node/lib/libjoint_positions_node__rosidl_typesupport_cpp.so
[1.715s] Listing '/home/manuel/ros2_ws/install/joint_positions_node/local/lib/python3.10/dist-packages/joint_positions_node'...
[1.716s] Compiling '/home/manuel/ros2_ws/install/joint_positions_node/local/lib/python3.10/dist-packages/joint_positions_node/__init__.py'...
[1.716s] Listing '/home/manuel/ros2_ws/install/joint_positions_node/local/lib/python3.10/dist-packages/joint_positions_node/msg'...
[1.716s] Listing '/home/manuel/ros2_ws/install/joint_positions_node/local/lib/python3.10/dist-packages/joint_positions_node/srv'...
[1.719s] -- Up-to-date: /home/manuel/ros2_ws/install/joint_positions_node/lib/libjoint_positions_node__rosidl_generator_py.so
[1.719s] -- Up-to-date: /home/manuel/ros2_ws/install/joint_positions_node/share/joint_positions_node/cmake/export_joint_positions_node__rosidl_generator_cExport.cmake
[1.719s] -- Up-to-date: /home/manuel/ros2_ws/install/joint_positions_node/share/joint_positions_node/cmake/export_joint_positions_node__rosidl_generator_cExport-noconfig.cmake
[1.720s] -- Up-to-date: /home/manuel/ros2_ws/install/joint_positions_node/share/joint_positions_node/cmake/export_joint_positions_node__rosidl_typesupport_fastrtps_cExport.cmake
[1.720s] -- Up-to-date: /home/manuel/ros2_ws/install/joint_positions_node/share/joint_positions_node/cmake/export_joint_positions_node__rosidl_typesupport_fastrtps_cExport-noconfig.cmake
[1.720s] -- Up-to-date: /home/manuel/ros2_ws/install/joint_positions_node/share/joint_positions_node/cmake/export_joint_positions_node__rosidl_generator_cppExport.cmake
[1.720s] -- Up-to-date: /home/manuel/ros2_ws/install/joint_positions_node/share/joint_positions_node/cmake/export_joint_positions_node__rosidl_typesupport_fastrtps_cppExport.cmake
[1.720s] -- Up-to-date: /home/manuel/ros2_ws/install/joint_positions_node/share/joint_positions_node/cmake/export_joint_positions_node__rosidl_typesupport_fastrtps_cppExport-noconfig.cmake
[1.720s] -- Up-to-date: /home/manuel/ros2_ws/install/joint_positions_node/share/joint_positions_node/cmake/joint_positions_node__rosidl_typesupport_introspection_cExport.cmake
[1.720s] -- Up-to-date: /home/manuel/ros2_ws/install/joint_positions_node/share/joint_positions_node/cmake/joint_positions_node__rosidl_typesupport_introspection_cExport-noconfig.cmake
[1.720s] -- Up-to-date: /home/manuel/ros2_ws/install/joint_positions_node/share/joint_positions_node/cmake/joint_positions_node__rosidl_typesupport_cExport.cmake
[1.720s] -- Up-to-date: /home/manuel/ros2_ws/install/joint_positions_node/share/joint_positions_node/cmake/joint_positions_node__rosidl_typesupport_cExport-noconfig.cmake
[1.720s] -- Up-to-date: /home/manuel/ros2_ws/install/joint_positions_node/share/joint_positions_node/cmake/joint_positions_node__rosidl_typesupport_introspection_cppExport.cmake
[1.721s] -- Up-to-date: /home/manuel/ros2_ws/install/joint_positions_node/share/joint_positions_node/cmake/joint_positions_node__rosidl_typesupport_introspection_cppExport-noconfig.cmake
[1.721s] -- Up-to-date: /home/manuel/ros2_ws/install/joint_positions_node/share/joint_positions_node/cmake/joint_positions_node__rosidl_typesupport_cppExport.cmake
[1.721s] -- Up-to-date: /home/manuel/ros2_ws/install/joint_positions_node/share/joint_positions_node/cmake/joint_positions_node__rosidl_typesupport_cppExport-noconfig.cmake
[1.721s] -- Up-to-date: /home/manuel/ros2_ws/install/joint_positions_node/share/joint_positions_node/cmake/export_joint_positions_node__rosidl_generator_pyExport.cmake
[1.721s] -- Up-to-date: /home/manuel/ros2_ws/install/joint_positions_node/share/joint_positions_node/cmake/export_joint_positions_node__rosidl_generator_pyExport-noconfig.cmake
[1.925s] Invoked command in '/home/manuel/ros2_ws/build/joint_positions_node' returned '0': AMENT_PREFIX_PATH=/home/manuel/ros2_ws/install/dynamixel_sdk:${AMENT_PREFIX_PATH} CMAKE_PREFIX_PATH=/home/manuel/ros2_ws/install/dynamixel_sdk:/opt/ros/humble LD_LIBRARY_PATH=/home/manuel/ros2_ws/install/dynamixel_sdk/lib:${LD_LIBRARY_PATH} PYTHONPATH=/home/manuel/ros2_ws/install/dynamixel_sdk/local/lib/python3.10/dist-packages:${PYTHONPATH} /usr/bin/cmake --install /home/manuel/ros2_ws/build/joint_positions_node
