[0.013s] Invoking command in '/home/manuel/ros2_ws/build/inverse_kinematics_node': CMAKE_PREFIX_PATH=/home/manuel/ros2_ws/install/dynamixel_sdk:/home/manuel/ros2_ws/install/synthetic_ball_publisher:/home/manuel/ros2_ws/install/pwm_position_node:/home/manuel/ros2_ws/install/my_cpp_pkg:/home/manuel/ros2_ws/install/joint_positions_node:/home/manuel/ros2_ws/install/ball_arm_tracker:/home/manuel/ros2_ws/install/inverse_kinematics_node:/home/manuel/ros2_ws/install/dynamixel_sdk_examples:/home/manuel/ros2_ws/install/dynamixel_sdk_custom_interfaces:/home/manuel/ros2_ws/install/dual_dynamixel_node:/home/manuel/ros2_ws/install/ball_centroid_detector:/home/manuel/ros2_ws/install/joint_plotter:/opt/ros/humble LD_LIBRARY_PATH=/home/manuel/ros2_ws/install/dynamixel_sdk/lib:/home/manuel/ros2_ws/install/joint_positions_node/lib:/home/manuel/ros2_ws/install/inverse_kinematics_node/lib:/home/manuel/ros2_ws/install/dynamixel_sdk_custom_interfaces/lib:/home/manuel/ros2_ws/install/dual_dynamixel_node/lib:/opt/ros/humble/opt/rviz_ogre_vendor/lib:/opt/ros/humble/lib/x86_64-linux-gnu:/opt/ros/humble/lib /usr/bin/cmake --build /home/manuel/ros2_ws/build/inverse_kinematics_node -- -j12 -l12
[0.059s] [  2%] Built target inverse_kinematics_node__cpp
[0.060s] [ 12%] Built target inverse_kinematics_node__rosidl_generator_c
[0.067s] [ 12%] Built target ament_cmake_python_symlink_inverse_kinematics_node
[0.081s] [ 21%] Built target inverse_kinematics_node__rosidl_typesupport_introspection_cpp
[0.083s] [ 31%] Built target inverse_kinematics_node__rosidl_typesupport_cpp
[0.084s] [ 41%] Built target inverse_kinematics_node__rosidl_typesupport_fastrtps_cpp
[0.089s] [ 70%] Built target inverse_kinematics_node__rosidl_typesupport_introspection_c
[0.089s] [ 70%] Built target inverse_kinematics_node__rosidl_typesupport_c
[0.089s] [ 70%] Built target inverse_kinematics_node__rosidl_typesupport_fastrtps_c
[0.107s] [ 70%] Built target inverse_kinematics_node
[0.126s] [ 73%] Built target inverse_kinematics_node__py
[0.130s] [ 75%] [32mBuilding CXX object CMakeFiles/ik_driver.dir/src/inverse_kinematics_node.cpp.o[0m
[0.148s] [ 82%] Built target inverse_kinematics_node__rosidl_generator_py
[0.170s] [ 97%] Built target inverse_kinematics_node__rosidl_typesupport_fastrtps_c__pyext
[0.170s] [ 97%] Built target inverse_kinematics_node__rosidl_typesupport_c__pyext
[0.170s] [ 97%] Built target inverse_kinematics_node__rosidl_typesupport_introspection_c__pyext
[0.311s] running egg_info
[0.312s] writing inverse_kinematics_node.egg-info/PKG-INFO
[0.312s] writing dependency_links to inverse_kinematics_node.egg-info/dependency_links.txt
[0.312s] writing top-level names to inverse_kinematics_node.egg-info/top_level.txt
[0.314s] reading manifest file 'inverse_kinematics_node.egg-info/SOURCES.txt'
[0.315s] writing manifest file 'inverse_kinematics_node.egg-info/SOURCES.txt'
[0.339s] [ 97%] Built target ament_cmake_python_build_inverse_kinematics_node_egg
[7.956s] [100%] [32m[1mLinking CXX executable ik_driver[0m
[8.302s] [100%] Built target ik_driver
[8.311s] Invoked command in '/home/manuel/ros2_ws/build/inverse_kinematics_node' returned '0': CMAKE_PREFIX_PATH=/home/manuel/ros2_ws/install/dynamixel_sdk:/home/manuel/ros2_ws/install/synthetic_ball_publisher:/home/manuel/ros2_ws/install/pwm_position_node:/home/manuel/ros2_ws/install/my_cpp_pkg:/home/manuel/ros2_ws/install/joint_positions_node:/home/manuel/ros2_ws/install/ball_arm_tracker:/home/manuel/ros2_ws/install/inverse_kinematics_node:/home/manuel/ros2_ws/install/dynamixel_sdk_examples:/home/manuel/ros2_ws/install/dynamixel_sdk_custom_interfaces:/home/manuel/ros2_ws/install/dual_dynamixel_node:/home/manuel/ros2_ws/install/ball_centroid_detector:/home/manuel/ros2_ws/install/joint_plotter:/opt/ros/humble LD_LIBRARY_PATH=/home/manuel/ros2_ws/install/dynamixel_sdk/lib:/home/manuel/ros2_ws/install/joint_positions_node/lib:/home/manuel/ros2_ws/install/inverse_kinematics_node/lib:/home/manuel/ros2_ws/install/dynamixel_sdk_custom_interfaces/lib:/home/manuel/ros2_ws/install/dual_dynamixel_node/lib:/opt/ros/humble/opt/rviz_ogre_vendor/lib:/opt/ros/humble/lib/x86_64-linux-gnu:/opt/ros/humble/lib /usr/bin/cmake --build /home/manuel/ros2_ws/build/inverse_kinematics_node -- -j12 -l12
[8.320s] Invoking command in '/home/manuel/ros2_ws/build/inverse_kinematics_node': CMAKE_PREFIX_PATH=/home/manuel/ros2_ws/install/dynamixel_sdk:/home/manuel/ros2_ws/install/synthetic_ball_publisher:/home/manuel/ros2_ws/install/pwm_position_node:/home/manuel/ros2_ws/install/my_cpp_pkg:/home/manuel/ros2_ws/install/joint_positions_node:/home/manuel/ros2_ws/install/ball_arm_tracker:/home/manuel/ros2_ws/install/inverse_kinematics_node:/home/manuel/ros2_ws/install/dynamixel_sdk_examples:/home/manuel/ros2_ws/install/dynamixel_sdk_custom_interfaces:/home/manuel/ros2_ws/install/dual_dynamixel_node:/home/manuel/ros2_ws/install/ball_centroid_detector:/home/manuel/ros2_ws/install/joint_plotter:/opt/ros/humble LD_LIBRARY_PATH=/home/manuel/ros2_ws/install/dynamixel_sdk/lib:/home/manuel/ros2_ws/install/joint_positions_node/lib:/home/manuel/ros2_ws/install/inverse_kinematics_node/lib:/home/manuel/ros2_ws/install/dynamixel_sdk_custom_interfaces/lib:/home/manuel/ros2_ws/install/dual_dynamixel_node/lib:/opt/ros/humble/opt/rviz_ogre_vendor/lib:/opt/ros/humble/lib/x86_64-linux-gnu:/opt/ros/humble/lib /usr/bin/cmake --install /home/manuel/ros2_ws/build/inverse_kinematics_node
[8.326s] -- Install configuration: ""
[8.327s] -- Execute custom install script
[8.327s] -- Up-to-date symlink: /home/manuel/ros2_ws/install/inverse_kinematics_node/share/ament_index/resource_index/rosidl_interfaces/inverse_kinematics_node
[8.327s] -- Up-to-date symlink: /home/manuel/ros2_ws/install/inverse_kinematics_node/include/inverse_kinematics_node/inverse_kinematics_node/msg/detail/set_xy__functions.h
[8.327s] -- Up-to-date symlink: /home/manuel/ros2_ws/install/inverse_kinematics_node/include/inverse_kinematics_node/inverse_kinematics_node/msg/detail/set_xy__struct.h
[8.328s] -- Up-to-date symlink: /home/manuel/ros2_ws/install/inverse_kinematics_node/include/inverse_kinematics_node/inverse_kinematics_node/msg/detail/set_xy__type_support.h
[8.328s] -- Up-to-date symlink: /home/manuel/ros2_ws/install/inverse_kinematics_node/include/inverse_kinematics_node/inverse_kinematics_node/msg/rosidl_generator_c__visibility_control.h
[8.328s] -- Up-to-date symlink: /home/manuel/ros2_ws/install/inverse_kinematics_node/include/inverse_kinematics_node/inverse_kinematics_node/msg/set_xy.h
[8.328s] -- Up-to-date symlink: /home/manuel/ros2_ws/install/inverse_kinematics_node/include/inverse_kinematics_node/inverse_kinematics_node/srv/detail/get_xy__functions.h
[8.328s] -- Up-to-date symlink: /home/manuel/ros2_ws/install/inverse_kinematics_node/include/inverse_kinematics_node/inverse_kinematics_node/srv/detail/get_xy__struct.h
[8.328s] -- Up-to-date symlink: /home/manuel/ros2_ws/install/inverse_kinematics_node/include/inverse_kinematics_node/inverse_kinematics_node/srv/detail/get_xy__type_support.h
[8.328s] -- Up-to-date symlink: /home/manuel/ros2_ws/install/inverse_kinematics_node/include/inverse_kinematics_node/inverse_kinematics_node/srv/get_xy.h
[8.329s] -- Up-to-date symlink: /home/manuel/ros2_ws/install/inverse_kinematics_node/share/inverse_kinematics_node/environment/library_path.sh
[8.329s] -- Up-to-date symlink: /home/manuel/ros2_ws/install/inverse_kinematics_node/share/inverse_kinematics_node/environment/library_path.dsv
[8.329s] -- Up-to-date symlink: /home/manuel/ros2_ws/install/inverse_kinematics_node/include/inverse_kinematics_node/inverse_kinematics_node/msg/detail/set_xy__rosidl_typesupport_fastrtps_c.h
[8.329s] -- Up-to-date symlink: /home/manuel/ros2_ws/install/inverse_kinematics_node/include/inverse_kinematics_node/inverse_kinematics_node/msg/rosidl_typesupport_fastrtps_c__visibility_control.h
[8.329s] -- Up-to-date symlink: /home/manuel/ros2_ws/install/inverse_kinematics_node/include/inverse_kinematics_node/inverse_kinematics_node/srv/detail/get_xy__rosidl_typesupport_fastrtps_c.h
[8.330s] -- Up-to-date symlink: /home/manuel/ros2_ws/install/inverse_kinematics_node/include/inverse_kinematics_node/inverse_kinematics_node/msg/detail/set_xy__builder.hpp
[8.330s] -- Up-to-date symlink: /home/manuel/ros2_ws/install/inverse_kinematics_node/include/inverse_kinematics_node/inverse_kinematics_node/msg/detail/set_xy__struct.hpp
[8.330s] -- Up-to-date symlink: /home/manuel/ros2_ws/install/inverse_kinematics_node/include/inverse_kinematics_node/inverse_kinematics_node/msg/detail/set_xy__traits.hpp
[8.330s] -- Up-to-date symlink: /home/manuel/ros2_ws/install/inverse_kinematics_node/include/inverse_kinematics_node/inverse_kinematics_node/msg/detail/set_xy__type_support.hpp
[8.331s] -- Up-to-date symlink: /home/manuel/ros2_ws/install/inverse_kinematics_node/include/inverse_kinematics_node/inverse_kinematics_node/msg/rosidl_generator_cpp__visibility_control.hpp
[8.331s] -- Up-to-date symlink: /home/manuel/ros2_ws/install/inverse_kinematics_node/include/inverse_kinematics_node/inverse_kinematics_node/msg/set_xy.hpp
[8.331s] -- Up-to-date symlink: /home/manuel/ros2_ws/install/inverse_kinematics_node/include/inverse_kinematics_node/inverse_kinematics_node/srv/detail/get_xy__builder.hpp
[8.331s] -- Up-to-date symlink: /home/manuel/ros2_ws/install/inverse_kinematics_node/include/inverse_kinematics_node/inverse_kinematics_node/srv/detail/get_xy__struct.hpp
[8.331s] -- Up-to-date symlink: /home/manuel/ros2_ws/install/inverse_kinematics_node/include/inverse_kinematics_node/inverse_kinematics_node/srv/detail/get_xy__traits.hpp
[8.331s] -- Up-to-date symlink: /home/manuel/ros2_ws/install/inverse_kinematics_node/include/inverse_kinematics_node/inverse_kinematics_node/srv/detail/get_xy__type_support.hpp
[8.331s] -- Up-to-date symlink: /home/manuel/ros2_ws/install/inverse_kinematics_node/include/inverse_kinematics_node/inverse_kinematics_node/srv/get_xy.hpp
[8.331s] -- Up-to-date symlink: /home/manuel/ros2_ws/install/inverse_kinematics_node/include/inverse_kinematics_node/inverse_kinematics_node/msg/detail/set_xy__rosidl_typesupport_fastrtps_cpp.hpp
[8.331s] -- Up-to-date symlink: /home/manuel/ros2_ws/install/inverse_kinematics_node/include/inverse_kinematics_node/inverse_kinematics_node/msg/rosidl_typesupport_fastrtps_cpp__visibility_control.h
[8.332s] -- Up-to-date symlink: /home/manuel/ros2_ws/install/inverse_kinematics_node/include/inverse_kinematics_node/inverse_kinematics_node/srv/detail/get_xy__rosidl_typesupport_fastrtps_cpp.hpp
[8.332s] -- Up-to-date symlink: /home/manuel/ros2_ws/install/inverse_kinematics_node/include/inverse_kinematics_node/inverse_kinematics_node/msg/detail/set_xy__rosidl_typesupport_introspection_c.h
[8.332s] -- Up-to-date symlink: /home/manuel/ros2_ws/install/inverse_kinematics_node/include/inverse_kinematics_node/inverse_kinematics_node/msg/rosidl_typesupport_introspection_c__visibility_control.h
[8.332s] -- Up-to-date symlink: /home/manuel/ros2_ws/install/inverse_kinematics_node/include/inverse_kinematics_node/inverse_kinematics_node/srv/detail/get_xy__rosidl_typesupport_introspection_c.h
[8.333s] -- Up-to-date symlink: /home/manuel/ros2_ws/install/inverse_kinematics_node/include/inverse_kinematics_node/inverse_kinematics_node/msg/detail/set_xy__rosidl_typesupport_introspection_cpp.hpp
[8.333s] -- Up-to-date symlink: /home/manuel/ros2_ws/install/inverse_kinematics_node/include/inverse_kinematics_node/inverse_kinematics_node/srv/detail/get_xy__rosidl_typesupport_introspection_cpp.hpp
[8.333s] -- Up-to-date symlink: /home/manuel/ros2_ws/install/inverse_kinematics_node/share/inverse_kinematics_node/environment/pythonpath.sh
[8.333s] -- Up-to-date symlink: /home/manuel/ros2_ws/install/inverse_kinematics_node/share/inverse_kinematics_node/environment/pythonpath.dsv
[8.333s] -- Up-to-date symlink: /home/manuel/ros2_ws/install/inverse_kinematics_node/local/lib/python3.10/dist-packages/inverse_kinematics_node-0.0.0-py3.10.egg-info/PKG-INFO
[8.333s] -- Up-to-date symlink: /home/manuel/ros2_ws/install/inverse_kinematics_node/local/lib/python3.10/dist-packages/inverse_kinematics_node-0.0.0-py3.10.egg-info/SOURCES.txt
[8.334s] -- Up-to-date symlink: /home/manuel/ros2_ws/install/inverse_kinematics_node/local/lib/python3.10/dist-packages/inverse_kinematics_node-0.0.0-py3.10.egg-info/dependency_links.txt
[8.334s] -- Up-to-date symlink: /home/manuel/ros2_ws/install/inverse_kinematics_node/local/lib/python3.10/dist-packages/inverse_kinematics_node-0.0.0-py3.10.egg-info/top_level.txt
[8.334s] -- Up-to-date symlink: /home/manuel/ros2_ws/install/inverse_kinematics_node/local/lib/python3.10/dist-packages/inverse_kinematics_node/__init__.py
[8.334s] -- Up-to-date symlink: /home/manuel/ros2_ws/install/inverse_kinematics_node/local/lib/python3.10/dist-packages/inverse_kinematics_node/_inverse_kinematics_node_s.ep.rosidl_typesupport_c.c
[8.335s] -- Up-to-date symlink: /home/manuel/ros2_ws/install/inverse_kinematics_node/local/lib/python3.10/dist-packages/inverse_kinematics_node/_inverse_kinematics_node_s.ep.rosidl_typesupport_fastrtps_c.c
[8.335s] -- Up-to-date symlink: /home/manuel/ros2_ws/install/inverse_kinematics_node/local/lib/python3.10/dist-packages/inverse_kinematics_node/_inverse_kinematics_node_s.ep.rosidl_typesupport_introspection_c.c
[8.335s] -- Up-to-date symlink: /home/manuel/ros2_ws/install/inverse_kinematics_node/local/lib/python3.10/dist-packages/inverse_kinematics_node/inverse_kinematics_node_s__rosidl_typesupport_c.cpython-310-x86_64-linux-gnu.so
[8.335s] -- Up-to-date symlink: /home/manuel/ros2_ws/install/inverse_kinematics_node/local/lib/python3.10/dist-packages/inverse_kinematics_node/inverse_kinematics_node_s__rosidl_typesupport_fastrtps_c.cpython-310-x86_64-linux-gnu.so
[8.335s] -- Up-to-date symlink: /home/manuel/ros2_ws/install/inverse_kinematics_node/local/lib/python3.10/dist-packages/inverse_kinematics_node/inverse_kinematics_node_s__rosidl_typesupport_introspection_c.cpython-310-x86_64-linux-gnu.so
[8.335s] -- Up-to-date symlink: /home/manuel/ros2_ws/install/inverse_kinematics_node/local/lib/python3.10/dist-packages/inverse_kinematics_node/libinverse_kinematics_node__rosidl_generator_py.so
[8.335s] -- Up-to-date symlink: /home/manuel/ros2_ws/install/inverse_kinematics_node/local/lib/python3.10/dist-packages/inverse_kinematics_node/msg/__init__.py
[8.336s] -- Up-to-date symlink: /home/manuel/ros2_ws/install/inverse_kinematics_node/local/lib/python3.10/dist-packages/inverse_kinematics_node/msg/_set_xy.py
[8.336s] -- Up-to-date symlink: /home/manuel/ros2_ws/install/inverse_kinematics_node/local/lib/python3.10/dist-packages/inverse_kinematics_node/msg/_set_xy_s.c
[8.336s] -- Up-to-date symlink: /home/manuel/ros2_ws/install/inverse_kinematics_node/local/lib/python3.10/dist-packages/inverse_kinematics_node/srv/__init__.py
[8.336s] -- Up-to-date symlink: /home/manuel/ros2_ws/install/inverse_kinematics_node/local/lib/python3.10/dist-packages/inverse_kinematics_node/srv/_get_xy.py
[8.336s] -- Up-to-date symlink: /home/manuel/ros2_ws/install/inverse_kinematics_node/local/lib/python3.10/dist-packages/inverse_kinematics_node/srv/_get_xy_s.c
[8.336s] -- Up-to-date symlink: /home/manuel/ros2_ws/install/inverse_kinematics_node/local/lib/python3.10/dist-packages/inverse_kinematics_node/inverse_kinematics_node_s__rosidl_typesupport_fastrtps_c.cpython-310-x86_64-linux-gnu.so
[8.337s] -- Up-to-date symlink: /home/manuel/ros2_ws/install/inverse_kinematics_node/local/lib/python3.10/dist-packages/inverse_kinematics_node/inverse_kinematics_node_s__rosidl_typesupport_introspection_c.cpython-310-x86_64-linux-gnu.so
[8.337s] -- Up-to-date symlink: /home/manuel/ros2_ws/install/inverse_kinematics_node/local/lib/python3.10/dist-packages/inverse_kinematics_node/inverse_kinematics_node_s__rosidl_typesupport_c.cpython-310-x86_64-linux-gnu.so
[8.337s] -- Up-to-date symlink: /home/manuel/ros2_ws/install/inverse_kinematics_node/share/inverse_kinematics_node/msg/SetXY.idl
[8.337s] -- Up-to-date symlink: /home/manuel/ros2_ws/install/inverse_kinematics_node/share/inverse_kinematics_node/srv/GetXY.idl
[8.337s] -- Up-to-date symlink: /home/manuel/ros2_ws/install/inverse_kinematics_node/share/inverse_kinematics_node/msg/SetXY.msg
[8.337s] -- Up-to-date symlink: /home/manuel/ros2_ws/install/inverse_kinematics_node/share/inverse_kinematics_node/srv/GetXY.srv
[8.337s] -- Up-to-date symlink: /home/manuel/ros2_ws/install/inverse_kinematics_node/share/inverse_kinematics_node/srv/GetXY_Request.msg
[8.338s] -- Up-to-date symlink: /home/manuel/ros2_ws/install/inverse_kinematics_node/share/inverse_kinematics_node/srv/GetXY_Response.msg
[8.338s] -- Up-to-date symlink: /home/manuel/ros2_ws/install/inverse_kinematics_node/lib/inverse_kinematics_node/ik_driver
[8.338s] -- Up-to-date symlink: /home/manuel/ros2_ws/install/inverse_kinematics_node/share/ament_index/resource_index/package_run_dependencies/inverse_kinematics_node
[8.338s] -- Up-to-date symlink: /home/manuel/ros2_ws/install/inverse_kinematics_node/share/ament_index/resource_index/parent_prefix_path/inverse_kinematics_node
[8.338s] -- Up-to-date symlink: /home/manuel/ros2_ws/install/inverse_kinematics_node/share/inverse_kinematics_node/environment/ament_prefix_path.sh
[8.338s] -- Up-to-date symlink: /home/manuel/ros2_ws/install/inverse_kinematics_node/share/inverse_kinematics_node/environment/ament_prefix_path.dsv
[8.339s] -- Up-to-date symlink: /home/manuel/ros2_ws/install/inverse_kinematics_node/share/inverse_kinematics_node/environment/path.sh
[8.339s] -- Up-to-date symlink: /home/manuel/ros2_ws/install/inverse_kinematics_node/share/inverse_kinematics_node/environment/path.dsv
[8.339s] -- Up-to-date symlink: /home/manuel/ros2_ws/install/inverse_kinematics_node/share/inverse_kinematics_node/local_setup.bash
[8.339s] -- Up-to-date symlink: /home/manuel/ros2_ws/install/inverse_kinematics_node/share/inverse_kinematics_node/local_setup.sh
[8.339s] -- Up-to-date symlink: /home/manuel/ros2_ws/install/inverse_kinematics_node/share/inverse_kinematics_node/local_setup.zsh
[8.339s] -- Up-to-date symlink: /home/manuel/ros2_ws/install/inverse_kinematics_node/share/inverse_kinematics_node/local_setup.dsv
[8.339s] -- Symlinking: /home/manuel/ros2_ws/install/inverse_kinematics_node/share/inverse_kinematics_node/package.dsv
[8.348s] -- Up-to-date symlink: /home/manuel/ros2_ws/install/inverse_kinematics_node/share/ament_index/resource_index/packages/inverse_kinematics_node
[8.348s] -- Up-to-date symlink: /home/manuel/ros2_ws/install/inverse_kinematics_node/share/inverse_kinematics_node/cmake/rosidl_cmake-extras.cmake
[8.348s] -- Up-to-date symlink: /home/manuel/ros2_ws/install/inverse_kinematics_node/share/inverse_kinematics_node/cmake/ament_cmake_export_dependencies-extras.cmake
[8.348s] -- Up-to-date symlink: /home/manuel/ros2_ws/install/inverse_kinematics_node/share/inverse_kinematics_node/cmake/ament_cmake_export_include_directories-extras.cmake
[8.348s] -- Up-to-date symlink: /home/manuel/ros2_ws/install/inverse_kinematics_node/share/inverse_kinematics_node/cmake/ament_cmake_export_libraries-extras.cmake
[8.348s] -- Up-to-date symlink: /home/manuel/ros2_ws/install/inverse_kinematics_node/share/inverse_kinematics_node/cmake/ament_cmake_export_targets-extras.cmake
[8.348s] -- Up-to-date symlink: /home/manuel/ros2_ws/install/inverse_kinematics_node/share/inverse_kinematics_node/cmake/rosidl_cmake_export_typesupport_targets-extras.cmake
[8.348s] -- Up-to-date symlink: /home/manuel/ros2_ws/install/inverse_kinematics_node/share/inverse_kinematics_node/cmake/rosidl_cmake_export_typesupport_libraries-extras.cmake
[8.349s] -- Up-to-date symlink: /home/manuel/ros2_ws/install/inverse_kinematics_node/share/inverse_kinematics_node/cmake/inverse_kinematics_nodeConfig.cmake
[8.349s] -- Up-to-date symlink: /home/manuel/ros2_ws/install/inverse_kinematics_node/share/inverse_kinematics_node/cmake/inverse_kinematics_nodeConfig-version.cmake
[8.349s] -- Up-to-date symlink: /home/manuel/ros2_ws/install/inverse_kinematics_node/share/inverse_kinematics_node/package.xml
[8.349s] -- Up-to-date: /home/manuel/ros2_ws/install/inverse_kinematics_node/lib/libinverse_kinematics_node__rosidl_generator_c.so
[8.349s] -- Up-to-date: /home/manuel/ros2_ws/install/inverse_kinematics_node/lib/libinverse_kinematics_node__rosidl_typesupport_fastrtps_c.so
[8.349s] -- Up-to-date: /home/manuel/ros2_ws/install/inverse_kinematics_node/lib/libinverse_kinematics_node__rosidl_typesupport_fastrtps_cpp.so
[8.350s] -- Up-to-date: /home/manuel/ros2_ws/install/inverse_kinematics_node/lib/libinverse_kinematics_node__rosidl_typesupport_introspection_c.so
[8.350s] -- Up-to-date: /home/manuel/ros2_ws/install/inverse_kinematics_node/lib/libinverse_kinematics_node__rosidl_typesupport_c.so
[8.350s] -- Up-to-date: /home/manuel/ros2_ws/install/inverse_kinematics_node/lib/libinverse_kinematics_node__rosidl_typesupport_introspection_cpp.so
[8.350s] -- Up-to-date: /home/manuel/ros2_ws/install/inverse_kinematics_node/lib/libinverse_kinematics_node__rosidl_typesupport_cpp.so
[8.382s] Listing '/home/manuel/ros2_ws/install/inverse_kinematics_node/local/lib/python3.10/dist-packages/inverse_kinematics_node'...
[8.382s] Listing '/home/manuel/ros2_ws/install/inverse_kinematics_node/local/lib/python3.10/dist-packages/inverse_kinematics_node/msg'...
[8.382s] Listing '/home/manuel/ros2_ws/install/inverse_kinematics_node/local/lib/python3.10/dist-packages/inverse_kinematics_node/srv'...
[8.386s] -- Up-to-date: /home/manuel/ros2_ws/install/inverse_kinematics_node/lib/libinverse_kinematics_node__rosidl_generator_py.so
[8.386s] -- Up-to-date: /home/manuel/ros2_ws/install/inverse_kinematics_node/share/inverse_kinematics_node/cmake/export_inverse_kinematics_node__rosidl_generator_cExport.cmake
[8.386s] -- Up-to-date: /home/manuel/ros2_ws/install/inverse_kinematics_node/share/inverse_kinematics_node/cmake/export_inverse_kinematics_node__rosidl_generator_cExport-noconfig.cmake
[8.386s] -- Up-to-date: /home/manuel/ros2_ws/install/inverse_kinematics_node/share/inverse_kinematics_node/cmake/export_inverse_kinematics_node__rosidl_typesupport_fastrtps_cExport.cmake
[8.386s] -- Up-to-date: /home/manuel/ros2_ws/install/inverse_kinematics_node/share/inverse_kinematics_node/cmake/export_inverse_kinematics_node__rosidl_typesupport_fastrtps_cExport-noconfig.cmake
[8.386s] -- Up-to-date: /home/manuel/ros2_ws/install/inverse_kinematics_node/share/inverse_kinematics_node/cmake/export_inverse_kinematics_node__rosidl_generator_cppExport.cmake
[8.387s] -- Up-to-date: /home/manuel/ros2_ws/install/inverse_kinematics_node/share/inverse_kinematics_node/cmake/export_inverse_kinematics_node__rosidl_typesupport_fastrtps_cppExport.cmake
[8.387s] -- Up-to-date: /home/manuel/ros2_ws/install/inverse_kinematics_node/share/inverse_kinematics_node/cmake/export_inverse_kinematics_node__rosidl_typesupport_fastrtps_cppExport-noconfig.cmake
[8.387s] -- Up-to-date: /home/manuel/ros2_ws/install/inverse_kinematics_node/share/inverse_kinematics_node/cmake/inverse_kinematics_node__rosidl_typesupport_introspection_cExport.cmake
[8.387s] -- Up-to-date: /home/manuel/ros2_ws/install/inverse_kinematics_node/share/inverse_kinematics_node/cmake/inverse_kinematics_node__rosidl_typesupport_introspection_cExport-noconfig.cmake
[8.387s] -- Up-to-date: /home/manuel/ros2_ws/install/inverse_kinematics_node/share/inverse_kinematics_node/cmake/inverse_kinematics_node__rosidl_typesupport_cExport.cmake
[8.387s] -- Up-to-date: /home/manuel/ros2_ws/install/inverse_kinematics_node/share/inverse_kinematics_node/cmake/inverse_kinematics_node__rosidl_typesupport_cExport-noconfig.cmake
[8.387s] -- Up-to-date: /home/manuel/ros2_ws/install/inverse_kinematics_node/share/inverse_kinematics_node/cmake/inverse_kinematics_node__rosidl_typesupport_introspection_cppExport.cmake
[8.387s] -- Up-to-date: /home/manuel/ros2_ws/install/inverse_kinematics_node/share/inverse_kinematics_node/cmake/inverse_kinematics_node__rosidl_typesupport_introspection_cppExport-noconfig.cmake
[8.387s] -- Up-to-date: /home/manuel/ros2_ws/install/inverse_kinematics_node/share/inverse_kinematics_node/cmake/inverse_kinematics_node__rosidl_typesupport_cppExport.cmake
[8.387s] -- Up-to-date: /home/manuel/ros2_ws/install/inverse_kinematics_node/share/inverse_kinematics_node/cmake/inverse_kinematics_node__rosidl_typesupport_cppExport-noconfig.cmake
[8.387s] -- Up-to-date: /home/manuel/ros2_ws/install/inverse_kinematics_node/share/inverse_kinematics_node/cmake/export_inverse_kinematics_node__rosidl_generator_pyExport.cmake
[8.387s] -- Up-to-date: /home/manuel/ros2_ws/install/inverse_kinematics_node/share/inverse_kinematics_node/cmake/export_inverse_kinematics_node__rosidl_generator_pyExport-noconfig.cmake
[8.389s] Invoked command in '/home/manuel/ros2_ws/build/inverse_kinematics_node' returned '0': CMAKE_PREFIX_PATH=/home/manuel/ros2_ws/install/dynamixel_sdk:/home/manuel/ros2_ws/install/synthetic_ball_publisher:/home/manuel/ros2_ws/install/pwm_position_node:/home/manuel/ros2_ws/install/my_cpp_pkg:/home/manuel/ros2_ws/install/joint_positions_node:/home/manuel/ros2_ws/install/ball_arm_tracker:/home/manuel/ros2_ws/install/inverse_kinematics_node:/home/manuel/ros2_ws/install/dynamixel_sdk_examples:/home/manuel/ros2_ws/install/dynamixel_sdk_custom_interfaces:/home/manuel/ros2_ws/install/dual_dynamixel_node:/home/manuel/ros2_ws/install/ball_centroid_detector:/home/manuel/ros2_ws/install/joint_plotter:/opt/ros/humble LD_LIBRARY_PATH=/home/manuel/ros2_ws/install/dynamixel_sdk/lib:/home/manuel/ros2_ws/install/joint_positions_node/lib:/home/manuel/ros2_ws/install/inverse_kinematics_node/lib:/home/manuel/ros2_ws/install/dynamixel_sdk_custom_interfaces/lib:/home/manuel/ros2_ws/install/dual_dynamixel_node/lib:/opt/ros/humble/opt/rviz_ogre_vendor/lib:/opt/ros/humble/lib/x86_64-linux-gnu:/opt/ros/humble/lib /usr/bin/cmake --install /home/manuel/ros2_ws/build/inverse_kinematics_node
