[0.321s] Invoking command in '/home/manuel/MAE263C_CatcherProject/build/pub_sim_tf': CMAKE_PREFIX_PATH=${CMAKE_PREFIX_PATH}:/home/manuel/ros2_ws/install/joint_plotter:/opt/ros/humble /usr/bin/cmake /home/manuel/MAE263C_CatcherProject/DockerROS/SimulationFiles/src/pub_sim_tf -DCMAKE_INSTALL_PREFIX=/home/manuel/MAE263C_CatcherProject/install/pub_sim_tf
[0.414s] -- The C compiler identification is GNU 11.4.0
[0.495s] -- The CXX compiler identification is GNU 11.4.0
[0.505s] -- Detecting C compiler ABI info
[0.606s] -- Detecting C compiler ABI info - done
[0.621s] -- Check for working C compiler: /usr/bin/cc - skipped
[0.621s] -- Detecting C compile features
[0.621s] -- Detecting C compile features - done
[0.626s] -- Detecting CXX compiler ABI info
[0.759s] -- Detecting CXX compiler ABI info - done
[0.767s] -- Check for working CXX compiler: /usr/bin/c++ - skipped
[0.767s] -- Detecting CXX compile features
[0.771s] -- Detecting CXX compile features - done
[0.772s] -- Found ament_cmake: 1.3.11 (/opt/ros/humble/share/ament_cmake/cmake)
[0.999s] -- Found Python3: /usr/bin/python3 (found version "3.10.12") found components: Interpreter 
[1.195s] -- Found rclcpp: 16.0.12 (/opt/ros/humble/share/rclcpp/cmake)
[1.352s] -- Found rosidl_generator_c: 3.1.6 (/opt/ros/humble/share/rosidl_generator_c/cmake)
[1.386s] -- Found rosidl_adapter: 3.1.6 (/opt/ros/humble/share/rosidl_adapter/cmake)
[1.427s] -- Found rosidl_generator_cpp: 3.1.6 (/opt/ros/humble/share/rosidl_generator_cpp/cmake)
[1.479s] -- Using all available rosidl_typesupport_c: rosidl_typesupport_fastrtps_c;rosidl_typesupport_introspection_c
[1.533s] -- Using all available rosidl_typesupport_cpp: rosidl_typesupport_fastrtps_cpp;rosidl_typesupport_introspection_cpp
[1.657s] -- Found rmw_implementation_cmake: 6.1.2 (/opt/ros/humble/share/rmw_implementation_cmake/cmake)
[1.664s] -- Found rmw_fastrtps_cpp: 6.2.7 (/opt/ros/humble/share/rmw_fastrtps_cpp/cmake)
[1.853s] -- Found OpenSSL: /usr/lib/x86_64-linux-gnu/libcrypto.so (found version "3.0.2")  
[1.897s] -- Found FastRTPS: /opt/ros/humble/include  
[1.962s] -- Using RMW implementation 'rmw_fastrtps_cpp' as default
[1.976s] -- Looking for pthread.h
[2.098s] -- Looking for pthread.h - found
[2.098s] -- Performing Test CMAKE_HAVE_LIBC_PTHREAD
[2.186s] -- Performing Test CMAKE_HAVE_LIBC_PTHREAD - Success
[2.188s] -- Found Threads: TRUE  
[2.248s] -- Found tf2_ros: 0.25.12 (/opt/ros/humble/share/tf2_ros/cmake)
[2.389s] -- Found sensor_msgs: 4.8.0 (/opt/ros/humble/share/sensor_msgs/cmake)
[2.409s] -- Configuring done
[2.419s] -- Generating done
[2.424s] -- Build files have been written to: /home/manuel/MAE263C_CatcherProject/build/pub_sim_tf
