[0.328s] Invoking command in '/home/manuel/ros2_ws/build/synthetic_ball_publisher': CMAKE_PREFIX_PATH=${CMAKE_PREFIX_PATH}:/home/manuel/ros2_ws/install/joint_plotter:/opt/ros/humble /usr/bin/cmake --build /home/manuel/ros2_ws/build/synthetic_ball_publisher -- -j12 -l12
[0.385s] [100%] Built target ball_pub
[0.400s] Invoked command in '/home/manuel/ros2_ws/build/synthetic_ball_publisher' returned '0': CMAKE_PREFIX_PATH=${CMAKE_PREFIX_PATH}:/home/manuel/ros2_ws/install/joint_plotter:/opt/ros/humble /usr/bin/cmake --build /home/manuel/ros2_ws/build/synthetic_ball_publisher -- -j12 -l12
[0.402s] Invoking command in '/home/manuel/ros2_ws/build/synthetic_ball_publisher': CMAKE_PREFIX_PATH=${CMAKE_PREFIX_PATH}:/home/manuel/ros2_ws/install/joint_plotter:/opt/ros/humble /usr/bin/cmake --install /home/manuel/ros2_ws/build/synthetic_ball_publisher
[0.409s] -- Install configuration: ""
[0.413s] -- Execute custom install script
[0.413s] -- Up-to-date symlink: /home/manuel/ros2_ws/install/synthetic_ball_publisher/lib/synthetic_ball_publisher/ball_pub
[0.413s] -- Up-to-date symlink: /home/manuel/ros2_ws/install/synthetic_ball_publisher/share/ament_index/resource_index/package_run_dependencies/synthetic_ball_publisher
[0.413s] -- Up-to-date symlink: /home/manuel/ros2_ws/install/synthetic_ball_publisher/share/ament_index/resource_index/parent_prefix_path/synthetic_ball_publisher
[0.414s] -- Up-to-date symlink: /home/manuel/ros2_ws/install/synthetic_ball_publisher/share/synthetic_ball_publisher/environment/ament_prefix_path.sh
[0.414s] -- Up-to-date symlink: /home/manuel/ros2_ws/install/synthetic_ball_publisher/share/synthetic_ball_publisher/environment/ament_prefix_path.dsv
[0.415s] -- Up-to-date symlink: /home/manuel/ros2_ws/install/synthetic_ball_publisher/share/synthetic_ball_publisher/environment/path.sh
[0.416s] -- Up-to-date symlink: /home/manuel/ros2_ws/install/synthetic_ball_publisher/share/synthetic_ball_publisher/environment/path.dsv
[0.416s] -- Up-to-date symlink: /home/manuel/ros2_ws/install/synthetic_ball_publisher/share/synthetic_ball_publisher/local_setup.bash
[0.416s] -- Up-to-date symlink: /home/manuel/ros2_ws/install/synthetic_ball_publisher/share/synthetic_ball_publisher/local_setup.sh
[0.416s] -- Up-to-date symlink: /home/manuel/ros2_ws/install/synthetic_ball_publisher/share/synthetic_ball_publisher/local_setup.zsh
[0.417s] -- Up-to-date symlink: /home/manuel/ros2_ws/install/synthetic_ball_publisher/share/synthetic_ball_publisher/local_setup.dsv
[0.417s] -- Symlinking: /home/manuel/ros2_ws/install/synthetic_ball_publisher/share/synthetic_ball_publisher/package.dsv
[0.428s] -- Up-to-date symlink: /home/manuel/ros2_ws/install/synthetic_ball_publisher/share/ament_index/resource_index/packages/synthetic_ball_publisher
[0.428s] -- Up-to-date symlink: /home/manuel/ros2_ws/install/synthetic_ball_publisher/share/synthetic_ball_publisher/cmake/synthetic_ball_publisherConfig.cmake
[0.428s] -- Up-to-date symlink: /home/manuel/ros2_ws/install/synthetic_ball_publisher/share/synthetic_ball_publisher/cmake/synthetic_ball_publisherConfig-version.cmake
[0.429s] -- Up-to-date symlink: /home/manuel/ros2_ws/install/synthetic_ball_publisher/share/synthetic_ball_publisher/package.xml
[0.430s] Invoked command in '/home/manuel/ros2_ws/build/synthetic_ball_publisher' returned '0': CMAKE_PREFIX_PATH=${CMAKE_PREFIX_PATH}:/home/manuel/ros2_ws/install/joint_plotter:/opt/ros/humble /usr/bin/cmake --install /home/manuel/ros2_ws/build/synthetic_ball_publisher
