[  2%] Built target dual_dynamixel_node__cpp
[ 12%] Built target dual_dynamixel_node__rosidl_generator_c
[ 12%] Built target ament_cmake_python_symlink_dual_dynamixel_node
[ 21%] Built target dual_dynamixel_node__rosidl_typesupport_fastrtps_cpp
[ 31%] Built target dual_dynamixel_node__rosidl_typesupport_c
[ 41%] Built target dual_dynamixel_node__rosidl_typesupport_introspection_c
[ 51%] Built target dual_dynamixel_node__rosidl_typesupport_fastrtps_c
[ 60%] Built target dual_dynamixel_node__rosidl_typesupport_cpp
[ 70%] Built target dual_dynamixel_node__rosidl_typesupport_introspection_cpp
[ 70%] Built target dual_dynamixel_node
[ 73%] Built target dual_dynamixel_node__py
[ 78%] Built target dual_read_write_node
[ 85%] Built target dual_dynamixel_node__rosidl_generator_py
[ 95%] Built target dual_dynamixel_node__rosidl_typesupport_c__pyext
[ 95%] Built target dual_dynamixel_node__rosidl_typesupport_fastrtps_c__pyext
[100%] Built target dual_dynamixel_node__rosidl_typesupport_introspection_c__pyext
running egg_info
writing dual_dynamixel_node.egg-info/PKG-INFO
writing dependency_links to dual_dynamixel_node.egg-info/dependency_links.txt
writing top-level names to dual_dynamixel_node.egg-info/top_level.txt
reading manifest file 'dual_dynamixel_node.egg-info/SOURCES.txt'
writing manifest file 'dual_dynamixel_node.egg-info/SOURCES.txt'
[100%] Built target ament_cmake_python_build_dual_dynamixel_node_egg
-- Install configuration: ""
-- Execute custom install script
-- Up-to-date symlink: /home/manuel/ros2_ws/install/dual_dynamixel_node/share/ament_index/resource_index/rosidl_interfaces/dual_dynamixel_node
-- Up-to-date symlink: /home/manuel/ros2_ws/install/dual_dynamixel_node/include/dual_dynamixel_node/dual_dynamixel_node/msg/detail/set_positions__functions.h
-- Up-to-date symlink: /home/manuel/ros2_ws/install/dual_dynamixel_node/include/dual_dynamixel_node/dual_dynamixel_node/msg/detail/set_positions__struct.h
-- Up-to-date symlink: /home/manuel/ros2_ws/install/dual_dynamixel_node/include/dual_dynamixel_node/dual_dynamixel_node/msg/detail/set_positions__type_support.h
-- Up-to-date symlink: /home/manuel/ros2_ws/install/dual_dynamixel_node/include/dual_dynamixel_node/dual_dynamixel_node/msg/rosidl_generator_c__visibility_control.h
-- Up-to-date symlink: /home/manuel/ros2_ws/install/dual_dynamixel_node/include/dual_dynamixel_node/dual_dynamixel_node/msg/set_positions.h
-- Up-to-date symlink: /home/manuel/ros2_ws/install/dual_dynamixel_node/include/dual_dynamixel_node/dual_dynamixel_node/srv/detail/get_positions__functions.h
-- Up-to-date symlink: /home/manuel/ros2_ws/install/dual_dynamixel_node/include/dual_dynamixel_node/dual_dynamixel_node/srv/detail/get_positions__struct.h
-- Up-to-date symlink: /home/manuel/ros2_ws/install/dual_dynamixel_node/include/dual_dynamixel_node/dual_dynamixel_node/srv/detail/get_positions__type_support.h
-- Up-to-date symlink: /home/manuel/ros2_ws/install/dual_dynamixel_node/include/dual_dynamixel_node/dual_dynamixel_node/srv/get_positions.h
-- Up-to-date symlink: /home/manuel/ros2_ws/install/dual_dynamixel_node/share/dual_dynamixel_node/environment/library_path.sh
-- Up-to-date symlink: /home/manuel/ros2_ws/install/dual_dynamixel_node/share/dual_dynamixel_node/environment/library_path.dsv
-- Up-to-date symlink: /home/manuel/ros2_ws/install/dual_dynamixel_node/include/dual_dynamixel_node/dual_dynamixel_node/msg/detail/set_positions__rosidl_typesupport_fastrtps_c.h
-- Up-to-date symlink: /home/manuel/ros2_ws/install/dual_dynamixel_node/include/dual_dynamixel_node/dual_dynamixel_node/msg/rosidl_typesupport_fastrtps_c__visibility_control.h
-- Up-to-date symlink: /home/manuel/ros2_ws/install/dual_dynamixel_node/include/dual_dynamixel_node/dual_dynamixel_node/srv/detail/get_positions__rosidl_typesupport_fastrtps_c.h
-- Up-to-date symlink: /home/manuel/ros2_ws/install/dual_dynamixel_node/include/dual_dynamixel_node/dual_dynamixel_node/msg/detail/set_positions__builder.hpp
-- Up-to-date symlink: /home/manuel/ros2_ws/install/dual_dynamixel_node/include/dual_dynamixel_node/dual_dynamixel_node/msg/detail/set_positions__struct.hpp
-- Up-to-date symlink: /home/manuel/ros2_ws/install/dual_dynamixel_node/include/dual_dynamixel_node/dual_dynamixel_node/msg/detail/set_positions__traits.hpp
-- Up-to-date symlink: /home/manuel/ros2_ws/install/dual_dynamixel_node/include/dual_dynamixel_node/dual_dynamixel_node/msg/detail/set_positions__type_support.hpp
-- Up-to-date symlink: /home/manuel/ros2_ws/install/dual_dynamixel_node/include/dual_dynamixel_node/dual_dynamixel_node/msg/rosidl_generator_cpp__visibility_control.hpp
-- Up-to-date symlink: /home/manuel/ros2_ws/install/dual_dynamixel_node/include/dual_dynamixel_node/dual_dynamixel_node/msg/set_positions.hpp
-- Up-to-date symlink: /home/manuel/ros2_ws/install/dual_dynamixel_node/include/dual_dynamixel_node/dual_dynamixel_node/srv/detail/get_positions__builder.hpp
-- Up-to-date symlink: /home/manuel/ros2_ws/install/dual_dynamixel_node/include/dual_dynamixel_node/dual_dynamixel_node/srv/detail/get_positions__struct.hpp
-- Up-to-date symlink: /home/manuel/ros2_ws/install/dual_dynamixel_node/include/dual_dynamixel_node/dual_dynamixel_node/srv/detail/get_positions__traits.hpp
-- Up-to-date symlink: /home/manuel/ros2_ws/install/dual_dynamixel_node/include/dual_dynamixel_node/dual_dynamixel_node/srv/detail/get_positions__type_support.hpp
-- Up-to-date symlink: /home/manuel/ros2_ws/install/dual_dynamixel_node/include/dual_dynamixel_node/dual_dynamixel_node/srv/get_positions.hpp
-- Up-to-date symlink: /home/manuel/ros2_ws/install/dual_dynamixel_node/include/dual_dynamixel_node/dual_dynamixel_node/msg/detail/set_positions__rosidl_typesupport_fastrtps_cpp.hpp
-- Up-to-date symlink: /home/manuel/ros2_ws/install/dual_dynamixel_node/include/dual_dynamixel_node/dual_dynamixel_node/msg/rosidl_typesupport_fastrtps_cpp__visibility_control.h
-- Up-to-date symlink: /home/manuel/ros2_ws/install/dual_dynamixel_node/include/dual_dynamixel_node/dual_dynamixel_node/srv/detail/get_positions__rosidl_typesupport_fastrtps_cpp.hpp
-- Up-to-date symlink: /home/manuel/ros2_ws/install/dual_dynamixel_node/include/dual_dynamixel_node/dual_dynamixel_node/msg/detail/set_positions__rosidl_typesupport_introspection_c.h
-- Up-to-date symlink: /home/manuel/ros2_ws/install/dual_dynamixel_node/include/dual_dynamixel_node/dual_dynamixel_node/msg/rosidl_typesupport_introspection_c__visibility_control.h
-- Up-to-date symlink: /home/manuel/ros2_ws/install/dual_dynamixel_node/include/dual_dynamixel_node/dual_dynamixel_node/srv/detail/get_positions__rosidl_typesupport_introspection_c.h
-- Up-to-date symlink: /home/manuel/ros2_ws/install/dual_dynamixel_node/include/dual_dynamixel_node/dual_dynamixel_node/msg/detail/set_positions__rosidl_typesupport_introspection_cpp.hpp
-- Up-to-date symlink: /home/manuel/ros2_ws/install/dual_dynamixel_node/include/dual_dynamixel_node/dual_dynamixel_node/srv/detail/get_positions__rosidl_typesupport_introspection_cpp.hpp
-- Up-to-date symlink: /home/manuel/ros2_ws/install/dual_dynamixel_node/share/dual_dynamixel_node/environment/pythonpath.sh
-- Up-to-date symlink: /home/manuel/ros2_ws/install/dual_dynamixel_node/share/dual_dynamixel_node/environment/pythonpath.dsv
-- Up-to-date symlink: /home/manuel/ros2_ws/install/dual_dynamixel_node/local/lib/python3.10/dist-packages/dual_dynamixel_node-0.0.0-py3.10.egg-info/PKG-INFO
-- Up-to-date symlink: /home/manuel/ros2_ws/install/dual_dynamixel_node/local/lib/python3.10/dist-packages/dual_dynamixel_node-0.0.0-py3.10.egg-info/SOURCES.txt
-- Up-to-date symlink: /home/manuel/ros2_ws/install/dual_dynamixel_node/local/lib/python3.10/dist-packages/dual_dynamixel_node-0.0.0-py3.10.egg-info/dependency_links.txt
-- Up-to-date symlink: /home/manuel/ros2_ws/install/dual_dynamixel_node/local/lib/python3.10/dist-packages/dual_dynamixel_node-0.0.0-py3.10.egg-info/top_level.txt
-- Up-to-date symlink: /home/manuel/ros2_ws/install/dual_dynamixel_node/local/lib/python3.10/dist-packages/dual_dynamixel_node/__init__.py
-- Up-to-date symlink: /home/manuel/ros2_ws/install/dual_dynamixel_node/local/lib/python3.10/dist-packages/dual_dynamixel_node/_dual_dynamixel_node_s.ep.rosidl_typesupport_c.c
-- Up-to-date symlink: /home/manuel/ros2_ws/install/dual_dynamixel_node/local/lib/python3.10/dist-packages/dual_dynamixel_node/_dual_dynamixel_node_s.ep.rosidl_typesupport_fastrtps_c.c
-- Up-to-date symlink: /home/manuel/ros2_ws/install/dual_dynamixel_node/local/lib/python3.10/dist-packages/dual_dynamixel_node/_dual_dynamixel_node_s.ep.rosidl_typesupport_introspection_c.c
-- Up-to-date symlink: /home/manuel/ros2_ws/install/dual_dynamixel_node/local/lib/python3.10/dist-packages/dual_dynamixel_node/dual_dynamixel_node_s__rosidl_typesupport_c.cpython-310-x86_64-linux-gnu.so
-- Up-to-date symlink: /home/manuel/ros2_ws/install/dual_dynamixel_node/local/lib/python3.10/dist-packages/dual_dynamixel_node/dual_dynamixel_node_s__rosidl_typesupport_fastrtps_c.cpython-310-x86_64-linux-gnu.so
-- Up-to-date symlink: /home/manuel/ros2_ws/install/dual_dynamixel_node/local/lib/python3.10/dist-packages/dual_dynamixel_node/dual_dynamixel_node_s__rosidl_typesupport_introspection_c.cpython-310-x86_64-linux-gnu.so
-- Up-to-date symlink: /home/manuel/ros2_ws/install/dual_dynamixel_node/local/lib/python3.10/dist-packages/dual_dynamixel_node/libdual_dynamixel_node__rosidl_generator_py.so
-- Up-to-date symlink: /home/manuel/ros2_ws/install/dual_dynamixel_node/local/lib/python3.10/dist-packages/dual_dynamixel_node/msg/__init__.py
-- Up-to-date symlink: /home/manuel/ros2_ws/install/dual_dynamixel_node/local/lib/python3.10/dist-packages/dual_dynamixel_node/msg/_set_positions.py
-- Up-to-date symlink: /home/manuel/ros2_ws/install/dual_dynamixel_node/local/lib/python3.10/dist-packages/dual_dynamixel_node/msg/_set_positions_s.c
-- Up-to-date symlink: /home/manuel/ros2_ws/install/dual_dynamixel_node/local/lib/python3.10/dist-packages/dual_dynamixel_node/srv/__init__.py
-- Up-to-date symlink: /home/manuel/ros2_ws/install/dual_dynamixel_node/local/lib/python3.10/dist-packages/dual_dynamixel_node/srv/_get_positions.py
-- Up-to-date symlink: /home/manuel/ros2_ws/install/dual_dynamixel_node/local/lib/python3.10/dist-packages/dual_dynamixel_node/srv/_get_positions_s.c
-- Up-to-date symlink: /home/manuel/ros2_ws/install/dual_dynamixel_node/local/lib/python3.10/dist-packages/dual_dynamixel_node/dual_dynamixel_node_s__rosidl_typesupport_fastrtps_c.cpython-310-x86_64-linux-gnu.so
-- Up-to-date symlink: /home/manuel/ros2_ws/install/dual_dynamixel_node/local/lib/python3.10/dist-packages/dual_dynamixel_node/dual_dynamixel_node_s__rosidl_typesupport_introspection_c.cpython-310-x86_64-linux-gnu.so
-- Up-to-date symlink: /home/manuel/ros2_ws/install/dual_dynamixel_node/local/lib/python3.10/dist-packages/dual_dynamixel_node/dual_dynamixel_node_s__rosidl_typesupport_c.cpython-310-x86_64-linux-gnu.so
-- Up-to-date symlink: /home/manuel/ros2_ws/install/dual_dynamixel_node/share/dual_dynamixel_node/msg/SetPositions.idl
-- Up-to-date symlink: /home/manuel/ros2_ws/install/dual_dynamixel_node/share/dual_dynamixel_node/srv/GetPositions.idl
-- Up-to-date symlink: /home/manuel/ros2_ws/install/dual_dynamixel_node/share/dual_dynamixel_node/msg/SetPositions.msg
-- Up-to-date symlink: /home/manuel/ros2_ws/install/dual_dynamixel_node/share/dual_dynamixel_node/srv/GetPositions.srv
-- Up-to-date symlink: /home/manuel/ros2_ws/install/dual_dynamixel_node/share/dual_dynamixel_node/srv/GetPositions_Request.msg
-- Up-to-date symlink: /home/manuel/ros2_ws/install/dual_dynamixel_node/share/dual_dynamixel_node/srv/GetPositions_Response.msg
-- Up-to-date symlink: /home/manuel/ros2_ws/install/dual_dynamixel_node/lib/dual_dynamixel_node/dual_read_write_node
-- Up-to-date symlink: /home/manuel/ros2_ws/install/dual_dynamixel_node/share/ament_index/resource_index/package_run_dependencies/dual_dynamixel_node
-- Up-to-date symlink: /home/manuel/ros2_ws/install/dual_dynamixel_node/share/ament_index/resource_index/parent_prefix_path/dual_dynamixel_node
-- Up-to-date symlink: /home/manuel/ros2_ws/install/dual_dynamixel_node/share/dual_dynamixel_node/environment/ament_prefix_path.sh
-- Up-to-date symlink: /home/manuel/ros2_ws/install/dual_dynamixel_node/share/dual_dynamixel_node/environment/ament_prefix_path.dsv
-- Up-to-date symlink: /home/manuel/ros2_ws/install/dual_dynamixel_node/share/dual_dynamixel_node/environment/path.sh
-- Up-to-date symlink: /home/manuel/ros2_ws/install/dual_dynamixel_node/share/dual_dynamixel_node/environment/path.dsv
-- Up-to-date symlink: /home/manuel/ros2_ws/install/dual_dynamixel_node/share/dual_dynamixel_node/local_setup.bash
-- Up-to-date symlink: /home/manuel/ros2_ws/install/dual_dynamixel_node/share/dual_dynamixel_node/local_setup.sh
-- Up-to-date symlink: /home/manuel/ros2_ws/install/dual_dynamixel_node/share/dual_dynamixel_node/local_setup.zsh
-- Up-to-date symlink: /home/manuel/ros2_ws/install/dual_dynamixel_node/share/dual_dynamixel_node/local_setup.dsv
-- Symlinking: /home/manuel/ros2_ws/install/dual_dynamixel_node/share/dual_dynamixel_node/package.dsv
-- Up-to-date symlink: /home/manuel/ros2_ws/install/dual_dynamixel_node/share/ament_index/resource_index/packages/dual_dynamixel_node
-- Up-to-date symlink: /home/manuel/ros2_ws/install/dual_dynamixel_node/share/dual_dynamixel_node/cmake/rosidl_cmake-extras.cmake
-- Up-to-date symlink: /home/manuel/ros2_ws/install/dual_dynamixel_node/share/dual_dynamixel_node/cmake/ament_cmake_export_dependencies-extras.cmake
-- Up-to-date symlink: /home/manuel/ros2_ws/install/dual_dynamixel_node/share/dual_dynamixel_node/cmake/ament_cmake_export_include_directories-extras.cmake
-- Up-to-date symlink: /home/manuel/ros2_ws/install/dual_dynamixel_node/share/dual_dynamixel_node/cmake/ament_cmake_export_libraries-extras.cmake
-- Up-to-date symlink: /home/manuel/ros2_ws/install/dual_dynamixel_node/share/dual_dynamixel_node/cmake/ament_cmake_export_targets-extras.cmake
-- Up-to-date symlink: /home/manuel/ros2_ws/install/dual_dynamixel_node/share/dual_dynamixel_node/cmake/rosidl_cmake_export_typesupport_targets-extras.cmake
-- Up-to-date symlink: /home/manuel/ros2_ws/install/dual_dynamixel_node/share/dual_dynamixel_node/cmake/rosidl_cmake_export_typesupport_libraries-extras.cmake
-- Up-to-date symlink: /home/manuel/ros2_ws/install/dual_dynamixel_node/share/dual_dynamixel_node/cmake/dual_dynamixel_nodeConfig.cmake
-- Up-to-date symlink: /home/manuel/ros2_ws/install/dual_dynamixel_node/share/dual_dynamixel_node/cmake/dual_dynamixel_nodeConfig-version.cmake
-- Up-to-date symlink: /home/manuel/ros2_ws/install/dual_dynamixel_node/share/dual_dynamixel_node/package.xml
-- Up-to-date: /home/manuel/ros2_ws/install/dual_dynamixel_node/lib/libdual_dynamixel_node__rosidl_generator_c.so
-- Up-to-date: /home/manuel/ros2_ws/install/dual_dynamixel_node/lib/libdual_dynamixel_node__rosidl_typesupport_fastrtps_c.so
-- Up-to-date: /home/manuel/ros2_ws/install/dual_dynamixel_node/lib/libdual_dynamixel_node__rosidl_typesupport_fastrtps_cpp.so
-- Up-to-date: /home/manuel/ros2_ws/install/dual_dynamixel_node/lib/libdual_dynamixel_node__rosidl_typesupport_introspection_c.so
-- Up-to-date: /home/manuel/ros2_ws/install/dual_dynamixel_node/lib/libdual_dynamixel_node__rosidl_typesupport_c.so
-- Up-to-date: /home/manuel/ros2_ws/install/dual_dynamixel_node/lib/libdual_dynamixel_node__rosidl_typesupport_introspection_cpp.so
-- Up-to-date: /home/manuel/ros2_ws/install/dual_dynamixel_node/lib/libdual_dynamixel_node__rosidl_typesupport_cpp.so
Listing '/home/manuel/ros2_ws/install/dual_dynamixel_node/local/lib/python3.10/dist-packages/dual_dynamixel_node'...
Listing '/home/manuel/ros2_ws/install/dual_dynamixel_node/local/lib/python3.10/dist-packages/dual_dynamixel_node/msg'...
Listing '/home/manuel/ros2_ws/install/dual_dynamixel_node/local/lib/python3.10/dist-packages/dual_dynamixel_node/srv'...
-- Up-to-date: /home/manuel/ros2_ws/install/dual_dynamixel_node/lib/libdual_dynamixel_node__rosidl_generator_py.so
-- Up-to-date: /home/manuel/ros2_ws/install/dual_dynamixel_node/share/dual_dynamixel_node/cmake/export_dual_dynamixel_node__rosidl_generator_cExport.cmake
-- Up-to-date: /home/manuel/ros2_ws/install/dual_dynamixel_node/share/dual_dynamixel_node/cmake/export_dual_dynamixel_node__rosidl_generator_cExport-noconfig.cmake
-- Up-to-date: /home/manuel/ros2_ws/install/dual_dynamixel_node/share/dual_dynamixel_node/cmake/export_dual_dynamixel_node__rosidl_typesupport_fastrtps_cExport.cmake
-- Up-to-date: /home/manuel/ros2_ws/install/dual_dynamixel_node/share/dual_dynamixel_node/cmake/export_dual_dynamixel_node__rosidl_typesupport_fastrtps_cExport-noconfig.cmake
-- Up-to-date: /home/manuel/ros2_ws/install/dual_dynamixel_node/share/dual_dynamixel_node/cmake/export_dual_dynamixel_node__rosidl_generator_cppExport.cmake
-- Up-to-date: /home/manuel/ros2_ws/install/dual_dynamixel_node/share/dual_dynamixel_node/cmake/export_dual_dynamixel_node__rosidl_typesupport_fastrtps_cppExport.cmake
-- Up-to-date: /home/manuel/ros2_ws/install/dual_dynamixel_node/share/dual_dynamixel_node/cmake/export_dual_dynamixel_node__rosidl_typesupport_fastrtps_cppExport-noconfig.cmake
-- Up-to-date: /home/manuel/ros2_ws/install/dual_dynamixel_node/share/dual_dynamixel_node/cmake/dual_dynamixel_node__rosidl_typesupport_introspection_cExport.cmake
-- Up-to-date: /home/manuel/ros2_ws/install/dual_dynamixel_node/share/dual_dynamixel_node/cmake/dual_dynamixel_node__rosidl_typesupport_introspection_cExport-noconfig.cmake
-- Up-to-date: /home/manuel/ros2_ws/install/dual_dynamixel_node/share/dual_dynamixel_node/cmake/dual_dynamixel_node__rosidl_typesupport_cExport.cmake
-- Up-to-date: /home/manuel/ros2_ws/install/dual_dynamixel_node/share/dual_dynamixel_node/cmake/dual_dynamixel_node__rosidl_typesupport_cExport-noconfig.cmake
-- Up-to-date: /home/manuel/ros2_ws/install/dual_dynamixel_node/share/dual_dynamixel_node/cmake/dual_dynamixel_node__rosidl_typesupport_introspection_cppExport.cmake
-- Up-to-date: /home/manuel/ros2_ws/install/dual_dynamixel_node/share/dual_dynamixel_node/cmake/dual_dynamixel_node__rosidl_typesupport_introspection_cppExport-noconfig.cmake
-- Up-to-date: /home/manuel/ros2_ws/install/dual_dynamixel_node/share/dual_dynamixel_node/cmake/dual_dynamixel_node__rosidl_typesupport_cppExport.cmake
-- Up-to-date: /home/manuel/ros2_ws/install/dual_dynamixel_node/share/dual_dynamixel_node/cmake/dual_dynamixel_node__rosidl_typesupport_cppExport-noconfig.cmake
-- Up-to-date: /home/manuel/ros2_ws/install/dual_dynamixel_node/share/dual_dynamixel_node/cmake/export_dual_dynamixel_node__rosidl_generator_pyExport.cmake
-- Up-to-date: /home/manuel/ros2_ws/install/dual_dynamixel_node/share/dual_dynamixel_node/cmake/export_dual_dynamixel_node__rosidl_generator_pyExport-noconfig.cmake
